     1 00000000                                 [FORMAT "WCOFF"]
     2 00000000                                 [INSTRSET "i486p"]
     3 00000000                                 [OPTIMIZE 1]
     4 00000000                                 [OPTION 1]
     5 00000000                                 [BITS 32]
     6 00000000                                 	EXTERN	_io_hlt
     7 00000000                                 	EXTERN	_font_A
     8 00000000                                 	EXTERN	_io_load_eflags
     9 00000000                                 	EXTERN	_io_cli
    10 00000000                                 	EXTERN	_io_out8
    11 00000000                                 	EXTERN	_io_store_eflags
    12 00000000                                 [FILE "bootpack.c"]
    13                                          [SECTION .data]
    14 00000000                                 _font_A:
    15 00000000 00                              	DB	0
    16 00000001 18                              	DB	24
    17 00000002 18                              	DB	24
    18 00000003 18                              	DB	24
    19 00000004 24                              	DB	36
    20 00000005 24                              	DB	36
    21 00000006 24                              	DB	36
    22 00000007 24                              	DB	36
    23 00000008 7E                              	DB	126
    24 00000009 42                              	DB	66
    25 0000000A 42                              	DB	66
    26 0000000B E7                              	DB	-25
    27 0000000C 00                              	DB	0
    28 0000000D 00                              	DB	0
    29 0000000E 00 00                           	RESB	2
    30                                          [SECTION .text]
    31 00000000                                 	GLOBAL	_HariMain
    32 00000000                                 _HariMain:
    33 00000000 55                              	PUSH	EBP
    34 00000001 89 E5                           	MOV	EBP,ESP
    35 00000003 E8 00000286                     	CALL	_init_palette
    36 00000008 0F BF 05 00000FF6               	MOVSX	EAX,WORD [4086]
    37 0000000F 0F BF 15 00000FF4               	MOVSX	EDX,WORD [4084]
    38 00000016 50                              	PUSH	EAX
    39 00000017 52                              	PUSH	EDX
    40 00000018 FF 35 00000FF8                  	PUSH	DWORD [4088]
    41 0000001E E8 0000000A                     	CALL	_init_screen
    42 00000023 83 C4 0C                        	ADD	ESP,12
    43 00000026                                 L2:
    44 00000026 E8 [00000000]                   	CALL	_io_hlt
    45 0000002B EB F9                           	JMP	L2
    46 0000002D                                 	GLOBAL	_init_screen
    47 0000002D                                 _init_screen:
    48 0000002D 55                              	PUSH	EBP
    49 0000002E 89 E5                           	MOV	EBP,ESP
    50 00000030 57                              	PUSH	EDI
    51 00000031 56                              	PUSH	ESI
    52 00000032 53                              	PUSH	EBX
    53 00000033 50                              	PUSH	EAX
    54 00000034 50                              	PUSH	EAX
    55 00000035 8B 45 10                        	MOV	EAX,DWORD [16+EBP]
    56 00000038 83 E8 1D                        	SUB	EAX,29
    57 0000003B 50                              	PUSH	EAX
    58 0000003C 8B 45 0C                        	MOV	EAX,DWORD [12+EBP]
    59 0000003F 48                              	DEC	EAX
    60 00000040 50                              	PUSH	EAX
    61 00000041 6A 00                           	PUSH	0
    62 00000043 6A 00                           	PUSH	0
    63 00000045 6A 04                           	PUSH	4
    64 00000047 FF 75 0C                        	PUSH	DWORD [12+EBP]
    65 0000004A FF 75 08                        	PUSH	DWORD [8+EBP]
    66 0000004D E8 000001EB                     	CALL	_boxfill8
    67 00000052 8B 75 10                        	MOV	ESI,DWORD [16+EBP]
    68 00000055 83 EE 18                        	SUB	ESI,24
    69 00000058 56                              	PUSH	ESI
    70 00000059 6A 3B                           	PUSH	59
    71 0000005B 56                              	PUSH	ESI
    72 0000005C 6A 03                           	PUSH	3
    73 0000005E 6A 07                           	PUSH	7
    74 00000060 FF 75 0C                        	PUSH	DWORD [12+EBP]
    75 00000063 FF 75 08                        	PUSH	DWORD [8+EBP]
    76 00000066 E8 000001D2                     	CALL	_boxfill8
    77 0000006B 8B 5D 10                        	MOV	EBX,DWORD [16+EBP]
    78 0000006E 83 C4 38                        	ADD	ESP,56
    79 00000071 83 EB 04                        	SUB	EBX,4
    80 00000074 53                              	PUSH	EBX
    81 00000075 6A 02                           	PUSH	2
    82 00000077 56                              	PUSH	ESI
    83 00000078 6A 02                           	PUSH	2
    84 0000007A 6A 07                           	PUSH	7
    85 0000007C FF 75 0C                        	PUSH	DWORD [12+EBP]
    86 0000007F FF 75 08                        	PUSH	DWORD [8+EBP]
    87 00000082 E8 000001B6                     	CALL	_boxfill8
    88 00000087 53                              	PUSH	EBX
    89 00000088 6A 3B                           	PUSH	59
    90 0000008A 53                              	PUSH	EBX
    91 0000008B 6A 03                           	PUSH	3
    92 0000008D 6A 0F                           	PUSH	15
    93 0000008F FF 75 0C                        	PUSH	DWORD [12+EBP]
    94 00000092 FF 75 08                        	PUSH	DWORD [8+EBP]
    95 00000095 E8 000001A3                     	CALL	_boxfill8
    96 0000009A 8B 45 10                        	MOV	EAX,DWORD [16+EBP]
    97 0000009D 83 C4 38                        	ADD	ESP,56
    98 000000A0 83 E8 05                        	SUB	EAX,5
    99 000000A3 50                              	PUSH	EAX
   100 000000A4 8B 45 10                        	MOV	EAX,DWORD [16+EBP]
   101 000000A7 6A 3B                           	PUSH	59
   102 000000A9 83 E8 17                        	SUB	EAX,23
   103 000000AC 50                              	PUSH	EAX
   104 000000AD 89 45 F0                        	MOV	DWORD [-16+EBP],EAX
   105 000000B0 6A 3B                           	PUSH	59
   106 000000B2 6A 0F                           	PUSH	15
   107 000000B4 FF 75 0C                        	PUSH	DWORD [12+EBP]
   108 000000B7 FF 75 08                        	PUSH	DWORD [8+EBP]
   109 000000BA E8 0000017E                     	CALL	_boxfill8
   110 000000BF 8B 7D 10                        	MOV	EDI,DWORD [16+EBP]
   111 000000C2 83 EF 03                        	SUB	EDI,3
   112 000000C5 57                              	PUSH	EDI
   113 000000C6 6A 3B                           	PUSH	59
   114 000000C8 57                              	PUSH	EDI
   115 000000C9 6A 02                           	PUSH	2
   116 000000CB 6A 00                           	PUSH	0
   117 000000CD FF 75 0C                        	PUSH	DWORD [12+EBP]
   118 000000D0 FF 75 08                        	PUSH	DWORD [8+EBP]
   119 000000D3 E8 00000165                     	CALL	_boxfill8
   120 000000D8 83 C4 38                        	ADD	ESP,56
   121 000000DB 57                              	PUSH	EDI
   122 000000DC 6A 3C                           	PUSH	60
   123 000000DE 56                              	PUSH	ESI
   124 000000DF 6A 3C                           	PUSH	60
   125 000000E1 6A 00                           	PUSH	0
   126 000000E3 FF 75 0C                        	PUSH	DWORD [12+EBP]
   127 000000E6 FF 75 08                        	PUSH	DWORD [8+EBP]
   128 000000E9 E8 0000014F                     	CALL	_boxfill8
   129 000000EE 8B 5D 0C                        	MOV	EBX,DWORD [12+EBP]
   130 000000F1 8B 45 0C                        	MOV	EAX,DWORD [12+EBP]
   131 000000F4 56                              	PUSH	ESI
   132 000000F5 83 E8 04                        	SUB	EAX,4
   133 000000F8 83 EB 2F                        	SUB	EBX,47
   134 000000FB 50                              	PUSH	EAX
   135 000000FC 89 45 EC                        	MOV	DWORD [-20+EBP],EAX
   136 000000FF 56                              	PUSH	ESI
   137 00000100 53                              	PUSH	EBX
   138 00000101 6A 0F                           	PUSH	15
   139 00000103 FF 75 0C                        	PUSH	DWORD [12+EBP]
   140 00000106 FF 75 08                        	PUSH	DWORD [8+EBP]
   141 00000109 E8 0000012F                     	CALL	_boxfill8
   142 0000010E 83 C4 38                        	ADD	ESP,56
   143 00000111 57                              	PUSH	EDI
   144 00000112 53                              	PUSH	EBX
   145 00000113 FF 75 F0                        	PUSH	DWORD [-16+EBP]
   146 00000116 53                              	PUSH	EBX
   147 00000117 6A 0F                           	PUSH	15
   148 00000119 FF 75 0C                        	PUSH	DWORD [12+EBP]
   149 0000011C FF 75 08                        	PUSH	DWORD [8+EBP]
   150 0000011F E8 00000119                     	CALL	_boxfill8
   151 00000124 57                              	PUSH	EDI
   152 00000125 FF 75 EC                        	PUSH	DWORD [-20+EBP]
   153 00000128 57                              	PUSH	EDI
   154 00000129 53                              	PUSH	EBX
   155 0000012A 6A 07                           	PUSH	7
   156 0000012C FF 75 0C                        	PUSH	DWORD [12+EBP]
   157 0000012F FF 75 08                        	PUSH	DWORD [8+EBP]
   158 00000132 E8 00000106                     	CALL	_boxfill8
   159 00000137 8B 45 0C                        	MOV	EAX,DWORD [12+EBP]
   160 0000013A 83 C4 38                        	ADD	ESP,56
   161 0000013D 83 E8 03                        	SUB	EAX,3
   162 00000140 57                              	PUSH	EDI
   163 00000141 50                              	PUSH	EAX
   164 00000142 56                              	PUSH	ESI
   165 00000143 50                              	PUSH	EAX
   166 00000144 6A 07                           	PUSH	7
   167 00000146 FF 75 0C                        	PUSH	DWORD [12+EBP]
   168 00000149 FF 75 08                        	PUSH	DWORD [8+EBP]
   169 0000014C E8 000000EC                     	CALL	_boxfill8
   170 00000151 68 [00000000]                   	PUSH	_font_A
   171 00000156 6A 02                           	PUSH	2
   172 00000158 6A 02                           	PUSH	2
   173 0000015A 6A 06                           	PUSH	6
   174 0000015C FF 75 0C                        	PUSH	DWORD [12+EBP]
   175 0000015F FF 75 08                        	PUSH	DWORD [8+EBP]
   176 00000162 E8 00000050                     	CALL	_putfont8
   177 00000167 83 C4 34                        	ADD	ESP,52
   178 0000016A 68 [00000000]                   	PUSH	_font_A
   179 0000016F 6A 0C                           	PUSH	12
   180 00000171 6A 0C                           	PUSH	12
   181 00000173 6A 06                           	PUSH	6
   182 00000175 FF 75 0C                        	PUSH	DWORD [12+EBP]
   183 00000178 FF 75 08                        	PUSH	DWORD [8+EBP]
   184 0000017B E8 00000037                     	CALL	_putfont8
   185 00000180 68 [00000000]                   	PUSH	_font_A
   186 00000185 6A 16                           	PUSH	22
   187 00000187 6A 16                           	PUSH	22
   188 00000189 6A 06                           	PUSH	6
   189 0000018B FF 75 0C                        	PUSH	DWORD [12+EBP]
   190 0000018E FF 75 08                        	PUSH	DWORD [8+EBP]
   191 00000191 E8 00000021                     	CALL	_putfont8
   192 00000196 83 C4 30                        	ADD	ESP,48
   193 00000199 68 [00000000]                   	PUSH	_font_A
   194 0000019E 6A 20                           	PUSH	32
   195 000001A0 6A 20                           	PUSH	32
   196 000001A2 6A 06                           	PUSH	6
   197 000001A4 FF 75 0C                        	PUSH	DWORD [12+EBP]
   198 000001A7 FF 75 08                        	PUSH	DWORD [8+EBP]
   199 000001AA E8 00000008                     	CALL	_putfont8
   200 000001AF 8D 65 F4                        	LEA	ESP,DWORD [-12+EBP]
   201 000001B2 5B                              	POP	EBX
   202 000001B3 5E                              	POP	ESI
   203 000001B4 5F                              	POP	EDI
   204 000001B5 5D                              	POP	EBP
   205 000001B6 C3                              	RET
   206 000001B7                                 	GLOBAL	_putfont8
   207 000001B7                                 _putfont8:
   208 000001B7 55                              	PUSH	EBP
   209 000001B8 89 E5                           	MOV	EBP,ESP
   210 000001BA 57                              	PUSH	EDI
   211 000001BB 56                              	PUSH	ESI
   212 000001BC 31 F6                           	XOR	ESI,ESI
   213 000001BE 53                              	PUSH	EBX
   214 000001BF 8B 7D 1C                        	MOV	EDI,DWORD [28+EBP]
   215 000001C2 8A 5D 10                        	MOV	BL,BYTE [16+EBP]
   216 000001C5                                 L19:
   217 000001C5 8B 45 18                        	MOV	EAX,DWORD [24+EBP]
   218 000001C8 8B 55 14                        	MOV	EDX,DWORD [20+EBP]
   219 000001CB 01 F0                           	ADD	EAX,ESI
   220 000001CD 0F AF 45 0C                     	IMUL	EAX,DWORD [12+EBP]
   221 000001D1 03 45 08                        	ADD	EAX,DWORD [8+EBP]
   222 000001D4 8D 0C 02                        	LEA	ECX,DWORD [EDX+EAX*1]
   223 000001D7 8A 14 3E                        	MOV	DL,BYTE [ESI+EDI*1]
   224 000001DA 84 D2                           	TEST	DL,DL
   225 000001DC 79 02                           	JNS	L11
   226 000001DE 88 19                           	MOV	BYTE [ECX],BL
   227 000001E0                                 L11:
   228 000001E0 88 D0                           	MOV	AL,DL
   229 000001E2 83 E0 40                        	AND	EAX,64
   230 000001E5 84 C0                           	TEST	AL,AL
   231 000001E7 74 03                           	JE	L12
   232 000001E9 88 59 01                        	MOV	BYTE [1+ECX],BL
   233 000001EC                                 L12:
   234 000001EC 88 D0                           	MOV	AL,DL
   235 000001EE 83 E0 20                        	AND	EAX,32
   236 000001F1 84 C0                           	TEST	AL,AL
   237 000001F3 74 03                           	JE	L13
   238 000001F5 88 59 02                        	MOV	BYTE [2+ECX],BL
   239 000001F8                                 L13:
   240 000001F8 88 D0                           	MOV	AL,DL
   241 000001FA 83 E0 10                        	AND	EAX,16
   242 000001FD 84 C0                           	TEST	AL,AL
   243 000001FF 74 03                           	JE	L14
   244 00000201 88 59 03                        	MOV	BYTE [3+ECX],BL
   245 00000204                                 L14:
   246 00000204 88 D0                           	MOV	AL,DL
   247 00000206 83 E0 08                        	AND	EAX,8
   248 00000209 84 C0                           	TEST	AL,AL
   249 0000020B 74 03                           	JE	L15
   250 0000020D 88 59 04                        	MOV	BYTE [4+ECX],BL
   251 00000210                                 L15:
   252 00000210 88 D0                           	MOV	AL,DL
   253 00000212 83 E0 04                        	AND	EAX,4
   254 00000215 84 C0                           	TEST	AL,AL
   255 00000217 74 03                           	JE	L16
   256 00000219 88 59 05                        	MOV	BYTE [5+ECX],BL
   257 0000021C                                 L16:
   258 0000021C 88 D0                           	MOV	AL,DL
   259 0000021E 83 E0 02                        	AND	EAX,2
   260 00000221 84 C0                           	TEST	AL,AL
   261 00000223 74 03                           	JE	L17
   262 00000225 88 59 06                        	MOV	BYTE [6+ECX],BL
   263 00000228                                 L17:
   264 00000228 83 E2 01                        	AND	EDX,1
   265 0000022B 84 D2                           	TEST	DL,DL
   266 0000022D 74 03                           	JE	L9
   267 0000022F 88 59 07                        	MOV	BYTE [7+ECX],BL
   268 00000232                                 L9:
   269 00000232 46                              	INC	ESI
   270 00000233 83 FE 0F                        	CMP	ESI,15
   271 00000236 7E 8D                           	JLE	L19
   272 00000238 5B                              	POP	EBX
   273 00000239 5E                              	POP	ESI
   274 0000023A 5F                              	POP	EDI
   275 0000023B 5D                              	POP	EBP
   276 0000023C C3                              	RET
   277 0000023D                                 	GLOBAL	_boxfill8
   278 0000023D                                 _boxfill8:
   279 0000023D 55                              	PUSH	EBP
   280 0000023E 89 E5                           	MOV	EBP,ESP
   281 00000240 57                              	PUSH	EDI
   282 00000241 56                              	PUSH	ESI
   283 00000242 53                              	PUSH	EBX
   284 00000243 53                              	PUSH	EBX
   285 00000244 53                              	PUSH	EBX
   286 00000245 8A 45 10                        	MOV	AL,BYTE [16+EBP]
   287 00000248 8B 4D 18                        	MOV	ECX,DWORD [24+EBP]
   288 0000024B 8B 7D 1C                        	MOV	EDI,DWORD [28+EBP]
   289 0000024E 88 45 F3                        	MOV	BYTE [-13+EBP],AL
   290 00000251 3B 4D 20                        	CMP	ECX,DWORD [32+EBP]
   291 00000254 7F 31                           	JG	L34
   292 00000256 8B 5D 0C                        	MOV	EBX,DWORD [12+EBP]
   293 00000259 0F AF D9                        	IMUL	EBX,ECX
   294 0000025C                                 L32:
   295 0000025C 8B 55 14                        	MOV	EDX,DWORD [20+EBP]
   296 0000025F 39 FA                           	CMP	EDX,EDI
   297 00000261 7F 1B                           	JG	L36
   298 00000263 8B 75 08                        	MOV	ESI,DWORD [8+EBP]
   299 00000266 01 DE                           	ADD	ESI,EBX
   300 00000268 01 D6                           	ADD	ESI,EDX
   301 0000026A 89 75 EC                        	MOV	DWORD [-20+EBP],ESI
   302 0000026D                                 L31:
   303 0000026D 8B 75 EC                        	MOV	ESI,DWORD [-20+EBP]
   304 00000270 8A 45 F3                        	MOV	AL,BYTE [-13+EBP]
   305 00000273 42                              	INC	EDX
   306 00000274 88 06                           	MOV	BYTE [ESI],AL
   307 00000276 46                              	INC	ESI
   308 00000277 89 75 EC                        	MOV	DWORD [-20+EBP],ESI
   309 0000027A 39 FA                           	CMP	EDX,EDI
   310 0000027C 7E EF                           	JLE	L31
   311 0000027E                                 L36:
   312 0000027E 41                              	INC	ECX
   313 0000027F 03 5D 0C                        	ADD	EBX,DWORD [12+EBP]
   314 00000282 3B 4D 20                        	CMP	ECX,DWORD [32+EBP]
   315 00000285 7E D5                           	JLE	L32
   316 00000287                                 L34:
   317 00000287 5A                              	POP	EDX
   318 00000288 59                              	POP	ECX
   319 00000289 5B                              	POP	EBX
   320 0000028A 5E                              	POP	ESI
   321 0000028B 5F                              	POP	EDI
   322 0000028C 5D                              	POP	EBP
   323 0000028D C3                              	RET
   324                                          [SECTION .data]
   325 00000010                                 _table_rgb.0:
   326 00000010 00                              	DB	0
   327 00000011 00                              	DB	0
   328 00000012 00                              	DB	0
   329 00000013 FF                              	DB	-1
   330 00000014 00                              	DB	0
   331 00000015 00                              	DB	0
   332 00000016 00                              	DB	0
   333 00000017 FF                              	DB	-1
   334 00000018 00                              	DB	0
   335 00000019 FF                              	DB	-1
   336 0000001A FF                              	DB	-1
   337 0000001B 00                              	DB	0
   338 0000001C 00                              	DB	0
   339 0000001D 00                              	DB	0
   340 0000001E FF                              	DB	-1
   341 0000001F FF                              	DB	-1
   342 00000020 00                              	DB	0
   343 00000021 FF                              	DB	-1
   344 00000022 00                              	DB	0
   345 00000023 FF                              	DB	-1
   346 00000024 FF                              	DB	-1
   347 00000025 FF                              	DB	-1
   348 00000026 FF                              	DB	-1
   349 00000027 FF                              	DB	-1
   350 00000028 C6                              	DB	-58
   351 00000029 C6                              	DB	-58
   352 0000002A C6                              	DB	-58
   353 0000002B 84                              	DB	-124
   354 0000002C 00                              	DB	0
   355 0000002D 00                              	DB	0
   356 0000002E 00                              	DB	0
   357 0000002F 84                              	DB	-124
   358 00000030 00                              	DB	0
   359 00000031 84                              	DB	-124
   360 00000032 84                              	DB	-124
   361 00000033 00                              	DB	0
   362 00000034 00                              	DB	0
   363 00000035 00                              	DB	0
   364 00000036 84                              	DB	-124
   365 00000037 84                              	DB	-124
   366 00000038 00                              	DB	0
   367 00000039 84                              	DB	-124
   368 0000003A 00                              	DB	0
   369 0000003B 84                              	DB	-124
   370 0000003C 84                              	DB	-124
   371 0000003D 84                              	DB	-124
   372 0000003E 84                              	DB	-124
   373 0000003F 84                              	DB	-124
   374                                          [SECTION .text]
   375 0000028E                                 	GLOBAL	_init_palette
   376 0000028E                                 _init_palette:
   377 0000028E 55                              	PUSH	EBP
   378 0000028F 89 E5                           	MOV	EBP,ESP
   379 00000291 68 [00000010]                   	PUSH	_table_rgb.0
   380 00000296 6A 0F                           	PUSH	15
   381 00000298 6A 00                           	PUSH	0
   382 0000029A E8 00000002                     	CALL	_set_palette
   383 0000029F C9                              	LEAVE
   384 000002A0 C3                              	RET
   385 000002A1                                 	GLOBAL	_set_palette
   386 000002A1                                 _set_palette:
   387 000002A1 55                              	PUSH	EBP
   388 000002A2 89 E5                           	MOV	EBP,ESP
   389 000002A4 57                              	PUSH	EDI
   390 000002A5 56                              	PUSH	ESI
   391 000002A6 53                              	PUSH	EBX
   392 000002A7 51                              	PUSH	ECX
   393 000002A8 8B 5D 08                        	MOV	EBX,DWORD [8+EBP]
   394 000002AB 8B 7D 0C                        	MOV	EDI,DWORD [12+EBP]
   395 000002AE 8B 75 10                        	MOV	ESI,DWORD [16+EBP]
   396 000002B1 E8 [00000000]                   	CALL	_io_load_eflags
   397 000002B6 89 45 F0                        	MOV	DWORD [-16+EBP],EAX
   398 000002B9 E8 [00000000]                   	CALL	_io_cli
   399 000002BE 53                              	PUSH	EBX
   400 000002BF 68 000003C8                     	PUSH	968
   401 000002C4 E8 [00000000]                   	CALL	_io_out8
   402 000002C9 39 FB                           	CMP	EBX,EDI
   403 000002CB 58                              	POP	EAX
   404 000002CC 5A                              	POP	EDX
   405 000002CD 7E 12                           	JLE	L43
   406 000002CF                                 L45:
   407 000002CF 8B 45 F0                        	MOV	EAX,DWORD [-16+EBP]
   408 000002D2 89 45 08                        	MOV	DWORD [8+EBP],EAX
   409 000002D5 8D 65 F4                        	LEA	ESP,DWORD [-12+EBP]
   410 000002D8 5B                              	POP	EBX
   411 000002D9 5E                              	POP	ESI
   412 000002DA 5F                              	POP	EDI
   413 000002DB 5D                              	POP	EBP
   414 000002DC E9 [00000000]                   	JMP	_io_store_eflags
   415 000002E1                                 L43:
   416 000002E1 8A 06                           	MOV	AL,BYTE [ESI]
   417 000002E3 43                              	INC	EBX
   418 000002E4 C0 E8 02                        	SHR	AL,2
   419 000002E7 0F B6 C0                        	MOVZX	EAX,AL
   420 000002EA 50                              	PUSH	EAX
   421 000002EB 68 000003C9                     	PUSH	969
   422 000002F0 E8 [00000000]                   	CALL	_io_out8
   423 000002F5 8A 46 01                        	MOV	AL,BYTE [1+ESI]
   424 000002F8 C0 E8 02                        	SHR	AL,2
   425 000002FB 0F B6 C0                        	MOVZX	EAX,AL
   426 000002FE 50                              	PUSH	EAX
   427 000002FF 68 000003C9                     	PUSH	969
   428 00000304 E8 [00000000]                   	CALL	_io_out8
   429 00000309 8A 46 02                        	MOV	AL,BYTE [2+ESI]
   430 0000030C C0 E8 02                        	SHR	AL,2
   431 0000030F 83 C6 03                        	ADD	ESI,3
   432 00000312 0F B6 C0                        	MOVZX	EAX,AL
   433 00000315 50                              	PUSH	EAX
   434 00000316 68 000003C9                     	PUSH	969
   435 0000031B E8 [00000000]                   	CALL	_io_out8
   436 00000320 83 C4 18                        	ADD	ESP,24
   437 00000323 39 FB                           	CMP	EBX,EDI
   438 00000325 7E BA                           	JLE	L43
   439 00000327 EB A6                           	JMP	L45
