     1 00000000                                 [FORMAT "WCOFF"]
     2 00000000                                 [INSTRSET "i486p"]
     3 00000000                                 [OPTIMIZE 1]
     4 00000000                                 [OPTION 1]
     5 00000000                                 [BITS 32]
     6 00000000                                 	EXTERN	_init_gdtidt
     7 00000000                                 	EXTERN	_init_pic
     8 00000000                                 	EXTERN	_io_sti
     9 00000000                                 	EXTERN	_keyfifo
    10 00000000                                 	EXTERN	_fifo8_init
    11 00000000                                 	EXTERN	_mousefifo
    12 00000000                                 	EXTERN	_init_pit
    13 00000000                                 	EXTERN	_io_out8
    14 00000000                                 	EXTERN	_timerfifo
    15 00000000                                 	EXTERN	_timer_alloc
    16 00000000                                 	EXTERN	_timer_init
    17 00000000                                 	EXTERN	_timer_settime
    18 00000000                                 	EXTERN	_timerfifo2
    19 00000000                                 	EXTERN	_timerfifo3
    20 00000000                                 	EXTERN	_init_keyboard
    21 00000000                                 	EXTERN	_enable_mouse
    22 00000000                                 	EXTERN	_memtest
    23 00000000                                 	EXTERN	_memman_init
    24 00000000                                 	EXTERN	_memman_free
    25 00000000                                 	EXTERN	_init_palette
    26 00000000                                 	EXTERN	_shtctl_init
    27 00000000                                 	EXTERN	_sheet_alloc
    28 00000000                                 	EXTERN	_memman_alloc_4k
    29 00000000                                 	EXTERN	_sheet_setbuf
    30 00000000                                 	EXTERN	_init_screen
    31 00000000                                 	EXTERN	_init_mouse_cursor8
    32 00000000                                 	EXTERN	_putfonts8_asc
    33 00000000                                 	EXTERN	_sheet_slide
    34 00000000                                 	EXTERN	_sheet_updown
    35 00000000                                 	EXTERN	_sprintf
    36 00000000                                 	EXTERN	_memman_total
    37 00000000                                 	EXTERN	_sheet_refresh
    38 00000000                                 	EXTERN	_timerctl
    39 00000000                                 	EXTERN	_boxfill8
    40 00000000                                 	EXTERN	_io_cli
    41 00000000                                 	EXTERN	_fifo8_status
    42 00000000                                 	EXTERN	_fifo8_get
    43 00000000                                 	EXTERN	_mouse_decode
    44 00000000                                 [FILE "bootpack.c"]
    45                                          [SECTION .data]
    46 00000000                                 LC0:
    47 00000000 77 69 6E 64 6F 77 00            	DB	"window",0x00
    48 00000007                                 LC1:
    49 00000007 57 65 6C 63 6F 6D 65 20 74 6F   	DB	"Welcome to",0x00
       00000011 00 
    50 00000012                                 LC2:
    51 00000012 54 68 69 73 20 4F 53 21 00      	DB	"This OS!",0x00
    52 0000001B                                 LC3:
    53 0000001B 28 25 33 64 2C 20 25 33 64 29   	DB	"(%3d, %3d)",0x00
       00000025 00 
    54 00000026                                 LC4:
    55 00000026 6D 65 6D 6F 72 79 20 25 64 4D   	DB	"memory %dMB free : %dKB",0x00
       00000030 42 20 66 72 65 65 20 3A 20 25 
       0000003A 64 4B 42 00 
    56 0000003E                                 LC5:
    57 0000003E 25 30 31 30 64 00               	DB	"%010d",0x00
    58 00000044                                 LC10:
    59 00000044 33 5B 73 65 63 00               	DB	"3[sec",0x00
    60 0000004A                                 LC9:
    61 0000004A 31 30 5B 73 65 63 00            	DB	"10[sec",0x00
    62 00000051                                 LC7:
    63 00000051 5B 6C 63 72 20 25 34 64 20 25   	DB	"[lcr %4d %4d]",0x00
       0000005B 34 64 5D 00 
    64 0000005F                                 LC8:
    65 0000005F 28 25 33 64 2C 25 33 64 29 00   	DB	"(%3d,%3d)",0x00
    66 00000069                                 LC6:
    67 00000069 25 30 32 78 00                  	DB	"%02x",0x00
    68                                          [SECTION .text]
    69 00000000                                 	GLOBAL	_HariMain
    70 00000000                                 _HariMain:
    71 00000000 55                              	PUSH	EBP
    72 00000001 89 E5                           	MOV	EBP,ESP
    73 00000003 57                              	PUSH	EDI
    74 00000004 56                              	PUSH	ESI
    75 00000005 53                              	PUSH	EBX
    76 00000006 81 EC 00000224                  	SUB	ESP,548
    77 0000000C 0F BF 15 00000FF6               	MOVSX	EDX,WORD [4086]
    78 00000013 0F BF 05 00000FF4               	MOVSX	EAX,WORD [4084]
    79 0000001A 89 95 FFFFFDF4                  	MOV	DWORD [-524+EBP],EDX
    80 00000020 89 85 FFFFFDF8                  	MOV	DWORD [-520+EBP],EAX
    81 00000026 8B 3D 00000FF8                  	MOV	EDI,DWORD [4088]
    82 0000002C E8 [00000000]                   	CALL	_init_gdtidt
    83 00000031 E8 [00000000]                   	CALL	_init_pic
    84 00000036 E8 [00000000]                   	CALL	_io_sti
    85 0000003B 8D 45 A4                        	LEA	EAX,DWORD [-92+EBP]
    86 0000003E 50                              	PUSH	EAX
    87 0000003F 6A 20                           	PUSH	32
    88 00000041 68 [00000000]                   	PUSH	_keyfifo
    89 00000046 E8 [00000000]                   	CALL	_fifo8_init
    90 0000004B 8D 85 FFFFFF24                  	LEA	EAX,DWORD [-220+EBP]
    91 00000051 50                              	PUSH	EAX
    92 00000052 68 00000080                     	PUSH	128
    93 00000057 68 [00000000]                   	PUSH	_mousefifo
    94 0000005C E8 [00000000]                   	CALL	_fifo8_init
    95 00000061 E8 [00000000]                   	CALL	_init_pit
    96 00000066 68 000000F8                     	PUSH	248
    97 0000006B 6A 21                           	PUSH	33
    98 0000006D E8 [00000000]                   	CALL	_io_out8
    99 00000072 83 C4 20                        	ADD	ESP,32
   100 00000075 68 000000EF                     	PUSH	239
   101 0000007A 68 000000A1                     	PUSH	161
   102 0000007F E8 [00000000]                   	CALL	_io_out8
   103 00000084 8D 85 FFFFFE0C                  	LEA	EAX,DWORD [-500+EBP]
   104 0000008A 50                              	PUSH	EAX
   105 0000008B 6A 08                           	PUSH	8
   106 0000008D 68 [00000000]                   	PUSH	_timerfifo
   107 00000092 E8 [00000000]                   	CALL	_fifo8_init
   108 00000097 E8 [00000000]                   	CALL	_timer_alloc
   109 0000009C 6A 01                           	PUSH	1
   110 0000009E 68 [00000000]                   	PUSH	_timerfifo
   111 000000A3 89 C3                           	MOV	EBX,EAX
   112 000000A5 50                              	PUSH	EAX
   113 000000A6 E8 [00000000]                   	CALL	_timer_init
   114 000000AB 83 C4 20                        	ADD	ESP,32
   115 000000AE 68 000003E8                     	PUSH	1000
   116 000000B3 53                              	PUSH	EBX
   117 000000B4 E8 [00000000]                   	CALL	_timer_settime
   118 000000B9 8D 85 FFFFFE04                  	LEA	EAX,DWORD [-508+EBP]
   119 000000BF 50                              	PUSH	EAX
   120 000000C0 6A 08                           	PUSH	8
   121 000000C2 68 [00000000]                   	PUSH	_timerfifo2
   122 000000C7 E8 [00000000]                   	CALL	_fifo8_init
   123 000000CC E8 [00000000]                   	CALL	_timer_alloc
   124 000000D1 6A 01                           	PUSH	1
   125 000000D3 68 [00000000]                   	PUSH	_timerfifo2
   126 000000D8 89 C3                           	MOV	EBX,EAX
   127 000000DA 50                              	PUSH	EAX
   128 000000DB E8 [00000000]                   	CALL	_timer_init
   129 000000E0 83 C4 20                        	ADD	ESP,32
   130 000000E3 68 0000012C                     	PUSH	300
   131 000000E8 53                              	PUSH	EBX
   132 000000E9 E8 [00000000]                   	CALL	_timer_settime
   133 000000EE 8D 85 FFFFFDFC                  	LEA	EAX,DWORD [-516+EBP]
   134 000000F4 50                              	PUSH	EAX
   135 000000F5 6A 08                           	PUSH	8
   136 000000F7 68 [00000000]                   	PUSH	_timerfifo3
   137 000000FC E8 [00000000]                   	CALL	_fifo8_init
   138 00000101 E8 [00000000]                   	CALL	_timer_alloc
   139 00000106 6A 01                           	PUSH	1
   140 00000108 68 [00000000]                   	PUSH	_timerfifo3
   141 0000010D 50                              	PUSH	EAX
   142 0000010E 89 85 FFFFFDF0                  	MOV	DWORD [-528+EBP],EAX
   143 00000114 E8 [00000000]                   	CALL	_timer_init
   144 00000119 83 C4 20                        	ADD	ESP,32
   145 0000011C 6A 32                           	PUSH	50
   146 0000011E FF B5 FFFFFDF0                  	PUSH	DWORD [-528+EBP]
   147 00000124 E8 [00000000]                   	CALL	_timer_settime
   148 00000129 E8 [00000000]                   	CALL	_init_keyboard
   149 0000012E 8D 85 FFFFFF14                  	LEA	EAX,DWORD [-236+EBP]
   150 00000134 50                              	PUSH	EAX
   151 00000135 E8 [00000000]                   	CALL	_enable_mouse
   152 0000013A 68 BFFFFFFF                     	PUSH	-1073741825
   153 0000013F 68 00400000                     	PUSH	4194304
   154 00000144 E8 [00000000]                   	CALL	_memtest
   155 00000149 68 003C0000                     	PUSH	3932160
   156 0000014E 89 85 FFFFFDE8                  	MOV	DWORD [-536+EBP],EAX
   157 00000154 E8 [00000000]                   	CALL	_memman_init
   158 00000159 68 0009E000                     	PUSH	647168
   159 0000015E 68 00001000                     	PUSH	4096
   160 00000163 68 003C0000                     	PUSH	3932160
   161 00000168 E8 [00000000]                   	CALL	_memman_free
   162 0000016D 8B 85 FFFFFDE8                  	MOV	EAX,DWORD [-536+EBP]
   163 00000173 83 C4 24                        	ADD	ESP,36
   164 00000176 2D 00400000                     	SUB	EAX,4194304
   165 0000017B 50                              	PUSH	EAX
   166 0000017C 68 00400000                     	PUSH	4194304
   167 00000181 68 003C0000                     	PUSH	3932160
   168 00000186 E8 [00000000]                   	CALL	_memman_free
   169 0000018B E8 [00000000]                   	CALL	_init_palette
   170 00000190 0F BF 05 00000FF6               	MOVSX	EAX,WORD [4086]
   171 00000197 50                              	PUSH	EAX
   172 00000198 0F BF 05 00000FF4               	MOVSX	EAX,WORD [4084]
   173 0000019F 50                              	PUSH	EAX
   174 000001A0 57                              	PUSH	EDI
   175 000001A1 68 003C0000                     	PUSH	3932160
   176 000001A6 E8 [00000000]                   	CALL	_shtctl_init
   177 000001AB 89 C3                           	MOV	EBX,EAX
   178 000001AD 50                              	PUSH	EAX
   179 000001AE E8 [00000000]                   	CALL	_sheet_alloc
   180 000001B3 83 C4 20                        	ADD	ESP,32
   181 000001B6 53                              	PUSH	EBX
   182 000001B7 89 85 FFFFFDE4                  	MOV	DWORD [-540+EBP],EAX
   183 000001BD E8 [00000000]                   	CALL	_sheet_alloc
   184 000001C2 53                              	PUSH	EBX
   185 000001C3 89 85 FFFFFDE0                  	MOV	DWORD [-544+EBP],EAX
   186 000001C9 E8 [00000000]                   	CALL	_sheet_alloc
   187 000001CE 0F BF 1D 00000FF6               	MOVSX	EBX,WORD [4086]
   188 000001D5 89 85 FFFFFDDC                  	MOV	DWORD [-548+EBP],EAX
   189 000001DB 0F BF 05 00000FF4               	MOVSX	EAX,WORD [4084]
   190 000001E2 0F AF C3                        	IMUL	EAX,EBX
   191 000001E5 50                              	PUSH	EAX
   192 000001E6 8D 9D FFFFFE14                  	LEA	EBX,DWORD [-492+EBP]
   193 000001EC 68 003C0000                     	PUSH	3932160
   194 000001F1 E8 [00000000]                   	CALL	_memman_alloc_4k
   195 000001F6 68 00002A80                     	PUSH	10880
   196 000001FB 68 003C0000                     	PUSH	3932160
   197 00000200 89 C7                           	MOV	EDI,EAX
   198 00000202 E8 [00000000]                   	CALL	_memman_alloc_4k
   199 00000207 6A FF                           	PUSH	-1
   200 00000209 89 85 FFFFFDD8                  	MOV	DWORD [-552+EBP],EAX
   201 0000020F 0F BF 05 00000FF6               	MOVSX	EAX,WORD [4086]
   202 00000216 50                              	PUSH	EAX
   203 00000217 0F BF 05 00000FF4               	MOVSX	EAX,WORD [4084]
   204 0000021E 50                              	PUSH	EAX
   205 0000021F 57                              	PUSH	EDI
   206 00000220 FF B5 FFFFFDE4                  	PUSH	DWORD [-540+EBP]
   207 00000226 E8 [00000000]                   	CALL	_sheet_setbuf
   208 0000022B 83 C4 2C                        	ADD	ESP,44
   209 0000022E 6A 63                           	PUSH	99
   210 00000230 6A 10                           	PUSH	16
   211 00000232 6A 10                           	PUSH	16
   212 00000234 53                              	PUSH	EBX
   213 00000235 FF B5 FFFFFDE0                  	PUSH	DWORD [-544+EBP]
   214 0000023B E8 [00000000]                   	CALL	_sheet_setbuf
   215 00000240 6A FF                           	PUSH	-1
   216 00000242 6A 44                           	PUSH	68
   217 00000244 68 000000A0                     	PUSH	160
   218 00000249 FF B5 FFFFFDD8                  	PUSH	DWORD [-552+EBP]
   219 0000024F FF B5 FFFFFDDC                  	PUSH	DWORD [-548+EBP]
   220 00000255 E8 [00000000]                   	CALL	_sheet_setbuf
   221 0000025A 83 C4 28                        	ADD	ESP,40
   222 0000025D 0F BF 05 00000FF6               	MOVSX	EAX,WORD [4086]
   223 00000264 50                              	PUSH	EAX
   224 00000265 0F BF 05 00000FF4               	MOVSX	EAX,WORD [4084]
   225 0000026C 50                              	PUSH	EAX
   226 0000026D 57                              	PUSH	EDI
   227 0000026E E8 [00000000]                   	CALL	_init_screen
   228 00000273 6A 63                           	PUSH	99
   229 00000275 53                              	PUSH	EBX
   230 00000276 BB 00000002                     	MOV	EBX,2
   231 0000027B E8 [00000000]                   	CALL	_init_mouse_cursor8
   232 00000280 68 [00000000]                   	PUSH	LC0
   233 00000285 6A 44                           	PUSH	68
   234 00000287 68 000000A0                     	PUSH	160
   235 0000028C FF B5 FFFFFDD8                  	PUSH	DWORD [-552+EBP]
   236 00000292 E8 00000523                     	CALL	_make_window
   237 00000297 83 C4 24                        	ADD	ESP,36
   238 0000029A 68 [00000007]                   	PUSH	LC1
   239 0000029F 6A 1C                           	PUSH	28
   240 000002A1 6A 18                           	PUSH	24
   241 000002A3 6A 00                           	PUSH	0
   242 000002A5 68 000000A0                     	PUSH	160
   243 000002AA FF B5 FFFFFDD8                  	PUSH	DWORD [-552+EBP]
   244 000002B0 E8 [00000000]                   	CALL	_putfonts8_asc
   245 000002B5 68 [00000012]                   	PUSH	LC2
   246 000002BA 6A 2C                           	PUSH	44
   247 000002BC 6A 18                           	PUSH	24
   248 000002BE 6A 00                           	PUSH	0
   249 000002C0 68 000000A0                     	PUSH	160
   250 000002C5 FF B5 FFFFFDD8                  	PUSH	DWORD [-552+EBP]
   251 000002CB E8 [00000000]                   	CALL	_putfonts8_asc
   252 000002D0 83 C4 30                        	ADD	ESP,48
   253 000002D3 6A 00                           	PUSH	0
   254 000002D5 6A 00                           	PUSH	0
   255 000002D7 FF B5 FFFFFDE4                  	PUSH	DWORD [-540+EBP]
   256 000002DD E8 [00000000]                   	CALL	_sheet_slide
   257 000002E2 0F BF 05 00000FF4               	MOVSX	EAX,WORD [4084]
   258 000002E9 8D 48 F0                        	LEA	ECX,DWORD [-16+EAX]
   259 000002EC 89 C8                           	MOV	EAX,ECX
   260 000002EE 99                              	CDQ
   261 000002EF F7 FB                           	IDIV	EBX
   262 000002F1 89 85 FFFFFDEC                  	MOV	DWORD [-532+EBP],EAX
   263 000002F7 0F BF 05 00000FF6               	MOVSX	EAX,WORD [4086]
   264 000002FE 8D 48 D4                        	LEA	ECX,DWORD [-44+EAX]
   265 00000301 89 C8                           	MOV	EAX,ECX
   266 00000303 99                              	CDQ
   267 00000304 F7 FB                           	IDIV	EBX
   268 00000306 50                              	PUSH	EAX
   269 00000307 89 C6                           	MOV	ESI,EAX
   270 00000309 FF B5 FFFFFDEC                  	PUSH	DWORD [-532+EBP]
   271 0000030F FF B5 FFFFFDE0                  	PUSH	DWORD [-544+EBP]
   272 00000315 8D 5D C4                        	LEA	EBX,DWORD [-60+EBP]
   273 00000318 E8 [00000000]                   	CALL	_sheet_slide
   274 0000031D 6A 48                           	PUSH	72
   275 0000031F 6A 50                           	PUSH	80
   276 00000321 FF B5 FFFFFDDC                  	PUSH	DWORD [-548+EBP]
   277 00000327 E8 [00000000]                   	CALL	_sheet_slide
   278 0000032C 83 C4 24                        	ADD	ESP,36
   279 0000032F 6A 00                           	PUSH	0
   280 00000331 FF B5 FFFFFDE4                  	PUSH	DWORD [-540+EBP]
   281 00000337 E8 [00000000]                   	CALL	_sheet_updown
   282 0000033C 6A 01                           	PUSH	1
   283 0000033E FF B5 FFFFFDDC                  	PUSH	DWORD [-548+EBP]
   284 00000344 E8 [00000000]                   	CALL	_sheet_updown
   285 00000349 6A 02                           	PUSH	2
   286 0000034B FF B5 FFFFFDE0                  	PUSH	DWORD [-544+EBP]
   287 00000351 E8 [00000000]                   	CALL	_sheet_updown
   288 00000356 56                              	PUSH	ESI
   289 00000357 FF B5 FFFFFDEC                  	PUSH	DWORD [-532+EBP]
   290 0000035D 68 [0000001B]                   	PUSH	LC3
   291 00000362 53                              	PUSH	EBX
   292 00000363 E8 [00000000]                   	CALL	_sprintf
   293 00000368 83 C4 28                        	ADD	ESP,40
   294 0000036B 53                              	PUSH	EBX
   295 0000036C 6A 00                           	PUSH	0
   296 0000036E 6A 00                           	PUSH	0
   297 00000370 6A 07                           	PUSH	7
   298 00000372 0F BF 05 00000FF4               	MOVSX	EAX,WORD [4084]
   299 00000379 50                              	PUSH	EAX
   300 0000037A 57                              	PUSH	EDI
   301 0000037B E8 [00000000]                   	CALL	_putfonts8_asc
   302 00000380 68 003C0000                     	PUSH	3932160
   303 00000385 E8 [00000000]                   	CALL	_memman_total
   304 0000038A C1 AD FFFFFDE8 14               	SHR	DWORD [-536+EBP],20
   305 00000391 C1 E8 0A                        	SHR	EAX,10
   306 00000394 89 04 24                        	MOV	DWORD [ESP],EAX
   307 00000397 FF B5 FFFFFDE8                  	PUSH	DWORD [-536+EBP]
   308 0000039D 68 [00000026]                   	PUSH	LC4
   309 000003A2 53                              	PUSH	EBX
   310 000003A3 E8 [00000000]                   	CALL	_sprintf
   311 000003A8 83 C4 28                        	ADD	ESP,40
   312 000003AB 53                              	PUSH	EBX
   313 000003AC 6A 20                           	PUSH	32
   314 000003AE 6A 00                           	PUSH	0
   315 000003B0 6A 07                           	PUSH	7
   316 000003B2 0F BF 05 00000FF4               	MOVSX	EAX,WORD [4084]
   317 000003B9 50                              	PUSH	EAX
   318 000003BA                                 L27:
   319 000003BA 57                              	PUSH	EDI
   320 000003BB E8 [00000000]                   	CALL	_putfonts8_asc
   321 000003C0 6A 30                           	PUSH	48
   322 000003C2 FF B5 FFFFFDF8                  	PUSH	DWORD [-520+EBP]
   323 000003C8 6A 00                           	PUSH	0
   324 000003CA 6A 00                           	PUSH	0
   325 000003CC FF B5 FFFFFDE4                  	PUSH	DWORD [-540+EBP]
   326 000003D2 E8 [00000000]                   	CALL	_sheet_refresh
   327 000003D7 83 C4 2C                        	ADD	ESP,44
   328 000003DA                                 L2:
   329 000003DA FF 35 [00000000]                	PUSH	DWORD [_timerctl]
   330 000003E0 68 [0000003E]                   	PUSH	LC5
   331 000003E5 8D 5D C4                        	LEA	EBX,DWORD [-60+EBP]
   332 000003E8 53                              	PUSH	EBX
   333 000003E9 E8 [00000000]                   	CALL	_sprintf
   334 000003EE 6A 2B                           	PUSH	43
   335 000003F0 6A 77                           	PUSH	119
   336 000003F2 6A 1C                           	PUSH	28
   337 000003F4 6A 28                           	PUSH	40
   338 000003F6 6A 00                           	PUSH	0
   339 000003F8 68 000000A0                     	PUSH	160
   340 000003FD FF B5 FFFFFDD8                  	PUSH	DWORD [-552+EBP]
   341 00000403 E8 [00000000]                   	CALL	_boxfill8
   342 00000408 83 C4 28                        	ADD	ESP,40
   343 0000040B 53                              	PUSH	EBX
   344 0000040C 6A 1C                           	PUSH	28
   345 0000040E 6A 28                           	PUSH	40
   346 00000410 6A 08                           	PUSH	8
   347 00000412 68 000000A0                     	PUSH	160
   348 00000417 FF B5 FFFFFDD8                  	PUSH	DWORD [-552+EBP]
   349 0000041D E8 [00000000]                   	CALL	_putfonts8_asc
   350 00000422 6A 2C                           	PUSH	44
   351 00000424 6A 78                           	PUSH	120
   352 00000426 6A 1C                           	PUSH	28
   353 00000428 6A 28                           	PUSH	40
   354 0000042A FF B5 FFFFFDDC                  	PUSH	DWORD [-548+EBP]
   355 00000430 E8 [00000000]                   	CALL	_sheet_refresh
   356 00000435 83 C4 2C                        	ADD	ESP,44
   357 00000438 E8 [00000000]                   	CALL	_io_cli
   358 0000043D 68 [00000000]                   	PUSH	_keyfifo
   359 00000442 E8 [00000000]                   	CALL	_fifo8_status
   360 00000447 68 [00000000]                   	PUSH	_mousefifo
   361 0000044C 89 C3                           	MOV	EBX,EAX
   362 0000044E E8 [00000000]                   	CALL	_fifo8_status
   363 00000453 68 [00000000]                   	PUSH	_timerfifo
   364 00000458 01 C3                           	ADD	EBX,EAX
   365 0000045A E8 [00000000]                   	CALL	_fifo8_status
   366 0000045F 68 [00000000]                   	PUSH	_timerfifo2
   367 00000464 01 C3                           	ADD	EBX,EAX
   368 00000466 E8 [00000000]                   	CALL	_fifo8_status
   369 0000046B 68 [00000000]                   	PUSH	_timerfifo3
   370 00000470 01 C3                           	ADD	EBX,EAX
   371 00000472 E8 [00000000]                   	CALL	_fifo8_status
   372 00000477 83 C4 14                        	ADD	ESP,20
   373 0000047A 8D 04 18                        	LEA	EAX,DWORD [EAX+EBX*1]
   374 0000047D 85 C0                           	TEST	EAX,EAX
   375 0000047F 0F 84 0000032B                  	JE	L29
   376 00000485 68 [00000000]                   	PUSH	_keyfifo
   377 0000048A E8 [00000000]                   	CALL	_fifo8_status
   378 0000048F 59                              	POP	ECX
   379 00000490 85 C0                           	TEST	EAX,EAX
   380 00000492 0F 85 000002C7                  	JNE	L30
   381 00000498 68 [00000000]                   	PUSH	_mousefifo
   382 0000049D E8 [00000000]                   	CALL	_fifo8_status
   383 000004A2 5A                              	POP	EDX
   384 000004A3 85 C0                           	TEST	EAX,EAX
   385 000004A5 0F 85 0000012F                  	JNE	L31
   386 000004AB 68 [00000000]                   	PUSH	_timerfifo
   387 000004B0 E8 [00000000]                   	CALL	_fifo8_status
   388 000004B5 5B                              	POP	EBX
   389 000004B6 85 C0                           	TEST	EAX,EAX
   390 000004B8 0F 85 000000EE                  	JNE	L32
   391 000004BE 68 [00000000]                   	PUSH	_timerfifo2
   392 000004C3 E8 [00000000]                   	CALL	_fifo8_status
   393 000004C8 59                              	POP	ECX
   394 000004C9 85 C0                           	TEST	EAX,EAX
   395 000004CB 0F 85 0000009A                  	JNE	L33
   396 000004D1 68 [00000000]                   	PUSH	_timerfifo3
   397 000004D6 E8 [00000000]                   	CALL	_fifo8_status
   398 000004DB 5A                              	POP	EDX
   399 000004DC 85 C0                           	TEST	EAX,EAX
   400 000004DE 0F 84 FFFFFEF6                  	JE	L2
   401 000004E4 68 [00000000]                   	PUSH	_timerfifo3
   402 000004E9 E8 [00000000]                   	CALL	_fifo8_get
   403 000004EE 88 C3                           	MOV	BL,AL
   404 000004F0 E8 [00000000]                   	CALL	_io_sti
   405 000004F5 58                              	POP	EAX
   406 000004F6 84 DB                           	TEST	BL,BL
   407 000004F8 74 53                           	JE	L24
   408 000004FA 6A 00                           	PUSH	0
   409 000004FC 68 [00000000]                   	PUSH	_timerfifo3
   410 00000501 FF B5 FFFFFDF0                  	PUSH	DWORD [-528+EBP]
   411 00000507 E8 [00000000]                   	CALL	_timer_init
   412 0000050C 6A 6F                           	PUSH	111
   413 0000050E 6A 0F                           	PUSH	15
   414 00000510 6A 60                           	PUSH	96
   415 00000512 6A 08                           	PUSH	8
   416 00000514 6A 07                           	PUSH	7
   417 00000516                                 L28:
   418 00000516 FF B5 FFFFFDF8                  	PUSH	DWORD [-520+EBP]
   419 0000051C 57                              	PUSH	EDI
   420 0000051D E8 [00000000]                   	CALL	_boxfill8
   421 00000522 83 C4 28                        	ADD	ESP,40
   422 00000525 6A 32                           	PUSH	50
   423 00000527 FF B5 FFFFFDF0                  	PUSH	DWORD [-528+EBP]
   424 0000052D E8 [00000000]                   	CALL	_timer_settime
   425 00000532 6A 70                           	PUSH	112
   426 00000534 6A 10                           	PUSH	16
   427 00000536 6A 60                           	PUSH	96
   428 00000538 6A 08                           	PUSH	8
   429 0000053A FF B5 FFFFFDE4                  	PUSH	DWORD [-540+EBP]
   430 00000540 E8 [00000000]                   	CALL	_sheet_refresh
   431 00000545 83 C4 1C                        	ADD	ESP,28
   432 00000548 E9 FFFFFE8D                     	JMP	L2
   433 0000054D                                 L24:
   434 0000054D 6A 01                           	PUSH	1
   435 0000054F 68 [00000000]                   	PUSH	_timerfifo3
   436 00000554 FF B5 FFFFFDF0                  	PUSH	DWORD [-528+EBP]
   437 0000055A E8 [00000000]                   	CALL	_timer_init
   438 0000055F 6A 6F                           	PUSH	111
   439 00000561 6A 0F                           	PUSH	15
   440 00000563 6A 60                           	PUSH	96
   441 00000565 6A 08                           	PUSH	8
   442 00000567 6A 0E                           	PUSH	14
   443 00000569 EB AB                           	JMP	L28
   444 0000056B                                 L33:
   445 0000056B 68 [00000000]                   	PUSH	_timerfifo2
   446 00000570 E8 [00000000]                   	CALL	_fifo8_get
   447 00000575 E8 [00000000]                   	CALL	_io_sti
   448 0000057A 68 [00000044]                   	PUSH	LC10
   449 0000057F 6A 50                           	PUSH	80
   450 00000581 6A 00                           	PUSH	0
   451 00000583 6A 07                           	PUSH	7
   452 00000585 FF B5 FFFFFDF8                  	PUSH	DWORD [-520+EBP]
   453 0000058B 57                              	PUSH	EDI
   454 0000058C E8 [00000000]                   	CALL	_putfonts8_asc
   455 00000591 6A 60                           	PUSH	96
   456 00000593 6A 30                           	PUSH	48
   457 00000595 6A 50                           	PUSH	80
   458 00000597                                 L26:
   459 00000597 6A 00                           	PUSH	0
   460 00000599 FF B5 FFFFFDE4                  	PUSH	DWORD [-540+EBP]
   461 0000059F E8 [00000000]                   	CALL	_sheet_refresh
   462 000005A4 83 C4 30                        	ADD	ESP,48
   463 000005A7 E9 FFFFFE2E                     	JMP	L2
   464 000005AC                                 L32:
   465 000005AC 68 [00000000]                   	PUSH	_timerfifo
   466 000005B1 E8 [00000000]                   	CALL	_fifo8_get
   467 000005B6 E8 [00000000]                   	CALL	_io_sti
   468 000005BB 68 [0000004A]                   	PUSH	LC9
   469 000005C0 6A 40                           	PUSH	64
   470 000005C2 6A 00                           	PUSH	0
   471 000005C4 6A 07                           	PUSH	7
   472 000005C6 FF B5 FFFFFDF8                  	PUSH	DWORD [-520+EBP]
   473 000005CC 57                              	PUSH	EDI
   474 000005CD E8 [00000000]                   	CALL	_putfonts8_asc
   475 000005D2 6A 50                           	PUSH	80
   476 000005D4 6A 38                           	PUSH	56
   477 000005D6 6A 40                           	PUSH	64
   478 000005D8 EB BD                           	JMP	L26
   479 000005DA                                 L31:
   480 000005DA 68 [00000000]                   	PUSH	_mousefifo
   481 000005DF E8 [00000000]                   	CALL	_fifo8_get
   482 000005E4 88 C3                           	MOV	BL,AL
   483 000005E6 E8 [00000000]                   	CALL	_io_sti
   484 000005EB 0F B6 C3                        	MOVZX	EAX,BL
   485 000005EE 50                              	PUSH	EAX
   486 000005EF 8D 85 FFFFFF14                  	LEA	EAX,DWORD [-236+EBP]
   487 000005F5 50                              	PUSH	EAX
   488 000005F6 E8 [00000000]                   	CALL	_mouse_decode
   489 000005FB 83 C4 0C                        	ADD	ESP,12
   490 000005FE 85 C0                           	TEST	EAX,EAX
   491 00000600 0F 84 FFFFFDD4                  	JE	L2
   492 00000606 FF B5 FFFFFF1C                  	PUSH	DWORD [-228+EBP]
   493 0000060C FF B5 FFFFFF18                  	PUSH	DWORD [-232+EBP]
   494 00000612 68 [00000051]                   	PUSH	LC7
   495 00000617 8D 45 C4                        	LEA	EAX,DWORD [-60+EBP]
   496 0000061A 50                              	PUSH	EAX
   497 0000061B E8 [00000000]                   	CALL	_sprintf
   498 00000620 83 C4 10                        	ADD	ESP,16
   499 00000623 8B 85 FFFFFF20                  	MOV	EAX,DWORD [-224+EBP]
   500 00000629 A9 00000001                     	TEST	EAX,1
   501 0000062E 74 04                           	JE	L11
   502 00000630 C6 45 C5 4C                     	MOV	BYTE [-59+EBP],76
   503 00000634                                 L11:
   504 00000634 A9 00000002                     	TEST	EAX,2
   505 00000639 74 04                           	JE	L12
   506 0000063B C6 45 C7 52                     	MOV	BYTE [-57+EBP],82
   507 0000063F                                 L12:
   508 0000063F 83 E0 04                        	AND	EAX,4
   509 00000642 74 04                           	JE	L13
   510 00000644 C6 45 C6 43                     	MOV	BYTE [-58+EBP],67
   511 00000648                                 L13:
   512 00000648 6A 1F                           	PUSH	31
   513 0000064A 68 00000097                     	PUSH	151
   514 0000064F 6A 10                           	PUSH	16
   515 00000651 6A 20                           	PUSH	32
   516 00000653 6A 0E                           	PUSH	14
   517 00000655 FF B5 FFFFFDF8                  	PUSH	DWORD [-520+EBP]
   518 0000065B 57                              	PUSH	EDI
   519 0000065C E8 [00000000]                   	CALL	_boxfill8
   520 00000661 8D 55 C4                        	LEA	EDX,DWORD [-60+EBP]
   521 00000664 52                              	PUSH	EDX
   522 00000665 6A 10                           	PUSH	16
   523 00000667 6A 20                           	PUSH	32
   524 00000669 6A 07                           	PUSH	7
   525 0000066B FF B5 FFFFFDF8                  	PUSH	DWORD [-520+EBP]
   526 00000671 57                              	PUSH	EDI
   527 00000672 E8 [00000000]                   	CALL	_putfonts8_asc
   528 00000677 83 C4 34                        	ADD	ESP,52
   529 0000067A 6A 20                           	PUSH	32
   530 0000067C 68 00000098                     	PUSH	152
   531 00000681 6A 10                           	PUSH	16
   532 00000683 6A 20                           	PUSH	32
   533 00000685 FF B5 FFFFFDE4                  	PUSH	DWORD [-540+EBP]
   534 0000068B E8 [00000000]                   	CALL	_sheet_refresh
   535 00000690 8B 9D FFFFFF18                  	MOV	EBX,DWORD [-232+EBP]
   536 00000696 03 B5 FFFFFF1C                  	ADD	ESI,DWORD [-228+EBP]
   537 0000069C 83 C4 14                        	ADD	ESP,20
   538 0000069F 01 9D FFFFFDEC                  	ADD	DWORD [-532+EBP],EBX
   539 000006A5 0F 88 000000A5                  	JS	L34
   540 000006AB                                 L14:
   541 000006AB 85 F6                           	TEST	ESI,ESI
   542 000006AD 0F 88 00000096                  	JS	L35
   543 000006B3                                 L15:
   544 000006B3 8B 85 FFFFFDF8                  	MOV	EAX,DWORD [-520+EBP]
   545 000006B9 48                              	DEC	EAX
   546 000006BA 39 85 FFFFFDEC                  	CMP	DWORD [-532+EBP],EAX
   547 000006C0 7E 06                           	JLE	L16
   548 000006C2 89 85 FFFFFDEC                  	MOV	DWORD [-532+EBP],EAX
   549 000006C8                                 L16:
   550 000006C8 8B 85 FFFFFDF4                  	MOV	EAX,DWORD [-524+EBP]
   551 000006CE 48                              	DEC	EAX
   552 000006CF 39 C6                           	CMP	ESI,EAX
   553 000006D1 7E 02                           	JLE	L17
   554 000006D3 89 C6                           	MOV	ESI,EAX
   555 000006D5                                 L17:
   556 000006D5 56                              	PUSH	ESI
   557 000006D6 8D 45 C4                        	LEA	EAX,DWORD [-60+EBP]
   558 000006D9 FF B5 FFFFFDEC                  	PUSH	DWORD [-532+EBP]
   559 000006DF 68 [0000005F]                   	PUSH	LC8
   560 000006E4 50                              	PUSH	EAX
   561 000006E5 E8 [00000000]                   	CALL	_sprintf
   562 000006EA 6A 0F                           	PUSH	15
   563 000006EC 6A 4F                           	PUSH	79
   564 000006EE 6A 00                           	PUSH	0
   565 000006F0 6A 00                           	PUSH	0
   566 000006F2 6A 0E                           	PUSH	14
   567 000006F4 FF B5 FFFFFDF8                  	PUSH	DWORD [-520+EBP]
   568 000006FA 57                              	PUSH	EDI
   569 000006FB E8 [00000000]                   	CALL	_boxfill8
   570 00000700 8D 55 C4                        	LEA	EDX,DWORD [-60+EBP]
   571 00000703 83 C4 2C                        	ADD	ESP,44
   572 00000706 52                              	PUSH	EDX
   573 00000707 6A 00                           	PUSH	0
   574 00000709 6A 00                           	PUSH	0
   575 0000070B 6A 07                           	PUSH	7
   576 0000070D FF B5 FFFFFDF8                  	PUSH	DWORD [-520+EBP]
   577 00000713 57                              	PUSH	EDI
   578 00000714 E8 [00000000]                   	CALL	_putfonts8_asc
   579 00000719 6A 10                           	PUSH	16
   580 0000071B 6A 50                           	PUSH	80
   581 0000071D 6A 00                           	PUSH	0
   582 0000071F 6A 00                           	PUSH	0
   583 00000721 FF B5 FFFFFDE4                  	PUSH	DWORD [-540+EBP]
   584 00000727 E8 [00000000]                   	CALL	_sheet_refresh
   585 0000072C 83 C4 2C                        	ADD	ESP,44
   586 0000072F 56                              	PUSH	ESI
   587 00000730 FF B5 FFFFFDEC                  	PUSH	DWORD [-532+EBP]
   588 00000736 FF B5 FFFFFDE0                  	PUSH	DWORD [-544+EBP]
   589 0000073C E8 [00000000]                   	CALL	_sheet_slide
   590 00000741 83 C4 0C                        	ADD	ESP,12
   591 00000744 E9 FFFFFC91                     	JMP	L2
   592 00000749                                 L35:
   593 00000749 31 F6                           	XOR	ESI,ESI
   594 0000074B E9 FFFFFF63                     	JMP	L15
   595 00000750                                 L34:
   596 00000750 C7 85 FFFFFDEC 00000000         	MOV	DWORD [-532+EBP],0
   597 0000075A E9 FFFFFF4C                     	JMP	L14
   598 0000075F                                 L30:
   599 0000075F 68 [00000000]                   	PUSH	_keyfifo
   600 00000764 E8 [00000000]                   	CALL	_fifo8_get
   601 00000769 88 C3                           	MOV	BL,AL
   602 0000076B E8 [00000000]                   	CALL	_io_sti
   603 00000770 0F B6 C3                        	MOVZX	EAX,BL
   604 00000773 50                              	PUSH	EAX
   605 00000774 8D 55 C4                        	LEA	EDX,DWORD [-60+EBP]
   606 00000777 68 [00000069]                   	PUSH	LC6
   607 0000077C 8D 5D C4                        	LEA	EBX,DWORD [-60+EBP]
   608 0000077F 52                              	PUSH	EDX
   609 00000780 E8 [00000000]                   	CALL	_sprintf
   610 00000785 6A 1F                           	PUSH	31
   611 00000787 6A 0F                           	PUSH	15
   612 00000789 6A 10                           	PUSH	16
   613 0000078B 6A 00                           	PUSH	0
   614 0000078D 6A 0E                           	PUSH	14
   615 0000078F FF B5 FFFFFDF8                  	PUSH	DWORD [-520+EBP]
   616 00000795 57                              	PUSH	EDI
   617 00000796 E8 [00000000]                   	CALL	_boxfill8
   618 0000079B 83 C4 2C                        	ADD	ESP,44
   619 0000079E 53                              	PUSH	EBX
   620 0000079F 6A 10                           	PUSH	16
   621 000007A1 6A 00                           	PUSH	0
   622 000007A3 6A 07                           	PUSH	7
   623 000007A5 FF B5 FFFFFDF8                  	PUSH	DWORD [-520+EBP]
   624 000007AB E9 FFFFFC0A                     	JMP	L27
   625 000007B0                                 L29:
   626 000007B0 E8 [00000000]                   	CALL	_io_sti
   627 000007B5 E9 FFFFFC20                     	JMP	L2
   628                                          [SECTION .data]
   629 0000006E                                 _closebtn.0:
   630 0000006E 4F 4F 4F 4F 4F 4F 4F 4F 4F 4F   	DB	"OOOOOOOOOOOOOOO@"
       00000078 4F 4F 4F 4F 4F 40 
   631 0000007E 4F 51 51 51 51 51 51 51 51 51   	DB	"OQQQQQQQQQQQQQ$@"
       00000088 51 51 51 51 24 40 
   632 0000008E 4F 51 51 51 51 51 51 51 51 51   	DB	"OQQQQQQQQQQQQQ$@"
       00000098 51 51 51 51 24 40 
   633 0000009E 4F 51 51 51 40 40 51 51 51 51   	DB	"OQQQ@@QQQQ@@QQ$@"
       000000A8 40 40 51 51 24 40 
   634 000000AE 4F 51 51 51 51 40 40 51 51 40   	DB	"OQQQQ@@QQ@@QQQ$@"
       000000B8 40 51 51 51 24 40 
   635 000000BE 4F 51 51 51 51 51 40 40 40 40   	DB	"OQQQQQ@@@@QQQQ$@"
       000000C8 51 51 51 51 24 40 
   636 000000CE 4F 51 51 51 51 51 51 40 40 51   	DB	"OQQQQQQ@@QQQQQ$@"
       000000D8 51 51 51 51 24 40 
   637 000000DE 4F 51 51 51 51 51 40 40 40 40   	DB	"OQQQQQ@@@@QQQQ$@"
       000000E8 51 51 51 51 24 40 
   638 000000EE 4F 51 51 51 51 40 40 51 51 40   	DB	"OQQQQ@@QQ@@QQQ$@"
       000000F8 40 51 51 51 24 40 
   639 000000FE 4F 51 51 51 40 40 51 51 51 51   	DB	"OQQQ@@QQQQ@@QQ$@"
       00000108 40 40 51 51 24 40 
   640 0000010E 4F 51 51 51 51 51 51 51 51 51   	DB	"OQQQQQQQQQQQQQ$@"
       00000118 51 51 51 51 24 40 
   641 0000011E 4F 51 51 51 51 51 51 51 51 51   	DB	"OQQQQQQQQQQQQQ$@"
       00000128 51 51 51 51 24 40 
   642 0000012E 4F 24 24 24 24 24 24 24 24 24   	DB	"O$$$$$$$$$$$$$$@"
       00000138 24 24 24 24 24 40 
   643 0000013E 40 40 40 40 40 40 40 40 40 40   	DB	"@@@@@@@@@@@@@@@@"
       00000148 40 40 40 40 40 40 
   644                                          [SECTION .text]
   645 000007BA                                 	GLOBAL	_make_window
   646 000007BA                                 _make_window:
   647 000007BA 55                              	PUSH	EBP
   648 000007BB 89 E5                           	MOV	EBP,ESP
   649 000007BD 57                              	PUSH	EDI
   650 000007BE 56                              	PUSH	ESI
   651 000007BF 53                              	PUSH	EBX
   652 000007C0 83 EC 14                        	SUB	ESP,20
   653 000007C3 8B 5D 0C                        	MOV	EBX,DWORD [12+EBP]
   654 000007C6 6A 00                           	PUSH	0
   655 000007C8 8D 43 FF                        	LEA	EAX,DWORD [-1+EBX]
   656 000007CB 8D 7B FE                        	LEA	EDI,DWORD [-2+EBX]
   657 000007CE 50                              	PUSH	EAX
   658 000007CF 89 45 EC                        	MOV	DWORD [-20+EBP],EAX
   659 000007D2 6A 00                           	PUSH	0
   660 000007D4 6A 00                           	PUSH	0
   661 000007D6 6A 08                           	PUSH	8
   662 000007D8 53                              	PUSH	EBX
   663 000007D9 FF 75 08                        	PUSH	DWORD [8+EBP]
   664 000007DC E8 [00000000]                   	CALL	_boxfill8
   665 000007E1 6A 01                           	PUSH	1
   666 000007E3 57                              	PUSH	EDI
   667 000007E4 6A 01                           	PUSH	1
   668 000007E6 6A 01                           	PUSH	1
   669 000007E8 6A 07                           	PUSH	7
   670 000007EA 53                              	PUSH	EBX
   671 000007EB FF 75 08                        	PUSH	DWORD [8+EBP]
   672 000007EE E8 [00000000]                   	CALL	_boxfill8
   673 000007F3 8B 55 10                        	MOV	EDX,DWORD [16+EBP]
   674 000007F6 83 C4 38                        	ADD	ESP,56
   675 000007F9 4A                              	DEC	EDX
   676 000007FA 89 55 E8                        	MOV	DWORD [-24+EBP],EDX
   677 000007FD 52                              	PUSH	EDX
   678 000007FE 6A 00                           	PUSH	0
   679 00000800 6A 00                           	PUSH	0
   680 00000802 6A 00                           	PUSH	0
   681 00000804 6A 08                           	PUSH	8
   682 00000806 53                              	PUSH	EBX
   683 00000807 FF 75 08                        	PUSH	DWORD [8+EBP]
   684 0000080A E8 [00000000]                   	CALL	_boxfill8
   685 0000080F 8B 75 10                        	MOV	ESI,DWORD [16+EBP]
   686 00000812 83 EE 02                        	SUB	ESI,2
   687 00000815 56                              	PUSH	ESI
   688 00000816 6A 01                           	PUSH	1
   689 00000818 6A 01                           	PUSH	1
   690 0000081A 6A 01                           	PUSH	1
   691 0000081C 6A 07                           	PUSH	7
   692 0000081E 53                              	PUSH	EBX
   693 0000081F FF 75 08                        	PUSH	DWORD [8+EBP]
   694 00000822 E8 [00000000]                   	CALL	_boxfill8
   695 00000827 83 C4 38                        	ADD	ESP,56
   696 0000082A 56                              	PUSH	ESI
   697 0000082B 57                              	PUSH	EDI
   698 0000082C 6A 01                           	PUSH	1
   699 0000082E 57                              	PUSH	EDI
   700 0000082F 6A 0F                           	PUSH	15
   701 00000831 53                              	PUSH	EBX
   702 00000832 FF 75 08                        	PUSH	DWORD [8+EBP]
   703 00000835 E8 [00000000]                   	CALL	_boxfill8
   704 0000083A FF 75 E8                        	PUSH	DWORD [-24+EBP]
   705 0000083D FF 75 EC                        	PUSH	DWORD [-20+EBP]
   706 00000840 6A 00                           	PUSH	0
   707 00000842 FF 75 EC                        	PUSH	DWORD [-20+EBP]
   708 00000845 6A 00                           	PUSH	0
   709 00000847 53                              	PUSH	EBX
   710 00000848 FF 75 08                        	PUSH	DWORD [8+EBP]
   711 0000084B E8 [00000000]                   	CALL	_boxfill8
   712 00000850 8B 45 10                        	MOV	EAX,DWORD [16+EBP]
   713 00000853 83 C4 38                        	ADD	ESP,56
   714 00000856 83 E8 03                        	SUB	EAX,3
   715 00000859 50                              	PUSH	EAX
   716 0000085A 8D 43 FD                        	LEA	EAX,DWORD [-3+EBX]
   717 0000085D 50                              	PUSH	EAX
   718 0000085E 6A 02                           	PUSH	2
   719 00000860 6A 02                           	PUSH	2
   720 00000862 6A 08                           	PUSH	8
   721 00000864 53                              	PUSH	EBX
   722 00000865 FF 75 08                        	PUSH	DWORD [8+EBP]
   723 00000868 E8 [00000000]                   	CALL	_boxfill8
   724 0000086D 8D 43 FC                        	LEA	EAX,DWORD [-4+EBX]
   725 00000870 6A 14                           	PUSH	20
   726 00000872 50                              	PUSH	EAX
   727 00000873 6A 03                           	PUSH	3
   728 00000875 6A 03                           	PUSH	3
   729 00000877 6A 0C                           	PUSH	12
   730 00000879 53                              	PUSH	EBX
   731 0000087A FF 75 08                        	PUSH	DWORD [8+EBP]
   732 0000087D E8 [00000000]                   	CALL	_boxfill8
   733 00000882 83 C4 38                        	ADD	ESP,56
   734 00000885 56                              	PUSH	ESI
   735 00000886 57                              	PUSH	EDI
   736 00000887 56                              	PUSH	ESI
   737 00000888 6A 01                           	PUSH	1
   738 0000088A 6A 0F                           	PUSH	15
   739 0000088C 53                              	PUSH	EBX
   740 0000088D FF 75 08                        	PUSH	DWORD [8+EBP]
   741 00000890 E8 [00000000]                   	CALL	_boxfill8
   742 00000895 FF 75 E8                        	PUSH	DWORD [-24+EBP]
   743 00000898 FF 75 EC                        	PUSH	DWORD [-20+EBP]
   744 0000089B FF 75 E8                        	PUSH	DWORD [-24+EBP]
   745 0000089E 6A 00                           	PUSH	0
   746 000008A0 6A 00                           	PUSH	0
   747 000008A2 6B F3 05                        	IMUL	ESI,EBX,5
   748 000008A5 53                              	PUSH	EBX
   749 000008A6 FF 75 08                        	PUSH	DWORD [8+EBP]
   750 000008A9 E8 [00000000]                   	CALL	_boxfill8
   751 000008AE 83 C4 38                        	ADD	ESP,56
   752 000008B1 FF 75 14                        	PUSH	DWORD [20+EBP]
   753 000008B4 6A 04                           	PUSH	4
   754 000008B6 6A 18                           	PUSH	24
   755 000008B8 6A 07                           	PUSH	7
   756 000008BA 53                              	PUSH	EBX
   757 000008BB FF 75 08                        	PUSH	DWORD [8+EBP]
   758 000008BE E8 [00000000]                   	CALL	_putfonts8_asc
   759 000008C3 83 C4 18                        	ADD	ESP,24
   760 000008C6 C7 45 F0 00000000               	MOV	DWORD [-16+EBP],0
   761 000008CD C7 45 E0 00000000               	MOV	DWORD [-32+EBP],0
   762 000008D4                                 L52:
   763 000008D4 8D 04 1E                        	LEA	EAX,DWORD [ESI+EBX*1]
   764 000008D7 8B 55 08                        	MOV	EDX,DWORD [8+EBP]
   765 000008DA 31 FF                           	XOR	EDI,EDI
   766 000008DC 8D 4C 02 EB                     	LEA	ECX,DWORD [-21+EDX+EAX*1]
   767 000008E0                                 L51:
   768 000008E0 8B 45 E0                        	MOV	EAX,DWORD [-32+EBP]
   769 000008E3 8A 94 07 [0000006E]             	MOV	DL,BYTE [_closebtn.0+EDI+EAX*1]
   770 000008EA 80 FA 40                        	CMP	DL,64
   771 000008ED 74 33                           	JE	L57
   772 000008EF 80 FA 24                        	CMP	DL,36
   773 000008F2 74 2A                           	JE	L58
   774 000008F4 80 FA 51                        	CMP	DL,81
   775 000008F7 B2 08                           	MOV	DL,8
   776 000008F9 0F 95 C0                        	SETNE	AL
   777 000008FC 28 C2                           	SUB	DL,AL
   778 000008FE                                 L46:
   779 000008FE 47                              	INC	EDI
   780 000008FF 88 11                           	MOV	BYTE [ECX],DL
   781 00000901 41                              	INC	ECX
   782 00000902 83 FF 0F                        	CMP	EDI,15
   783 00000905 7E D9                           	JLE	L51
   784 00000907 FF 45 F0                        	INC	DWORD [-16+EBP]
   785 0000090A 01 DE                           	ADD	ESI,EBX
   786 0000090C 83 45 E0 10                     	ADD	DWORD [-32+EBP],16
   787 00000910 83 7D F0 0D                     	CMP	DWORD [-16+EBP],13
   788 00000914 7E BE                           	JLE	L52
   789 00000916 8D 65 F4                        	LEA	ESP,DWORD [-12+EBP]
   790 00000919 5B                              	POP	EBX
   791 0000091A 5E                              	POP	ESI
   792 0000091B 5F                              	POP	EDI
   793 0000091C 5D                              	POP	EBP
   794 0000091D C3                              	RET
   795 0000091E                                 L58:
   796 0000091E B2 0F                           	MOV	DL,15
   797 00000920 EB DC                           	JMP	L46
   798 00000922                                 L57:
   799 00000922 31 D2                           	XOR	EDX,EDX
   800 00000924 EB D8                           	JMP	L46
