     1 00000000                                 [FORMAT "WCOFF"]
     2 00000000                                 [INSTRSET "i486p"]
     3 00000000                                 [OPTIMIZE 1]
     4 00000000                                 [OPTION 1]
     5 00000000                                 [BITS 32]
     6 00000000                                 	EXTERN	_table_rgb.0
     7 00000000                                 	EXTERN	_io_load_eflags
     8 00000000                                 	EXTERN	_io_cli
     9 00000000                                 	EXTERN	_io_out8
    10 00000000                                 	EXTERN	_io_store_eflags
    11 00000000                                 	EXTERN	_hankaku
    12 00000000                                 [FILE "graphic.c"]
    13                                          [SECTION .data]
    14 00000000                                 _table_rgb.0:
    15 00000000 00                              	DB	0
    16 00000001 00                              	DB	0
    17 00000002 00                              	DB	0
    18 00000003 FF                              	DB	-1
    19 00000004 00                              	DB	0
    20 00000005 00                              	DB	0
    21 00000006 00                              	DB	0
    22 00000007 FF                              	DB	-1
    23 00000008 00                              	DB	0
    24 00000009 FF                              	DB	-1
    25 0000000A FF                              	DB	-1
    26 0000000B 00                              	DB	0
    27 0000000C 00                              	DB	0
    28 0000000D 00                              	DB	0
    29 0000000E FF                              	DB	-1
    30 0000000F FF                              	DB	-1
    31 00000010 00                              	DB	0
    32 00000011 FF                              	DB	-1
    33 00000012 00                              	DB	0
    34 00000013 FF                              	DB	-1
    35 00000014 FF                              	DB	-1
    36 00000015 FF                              	DB	-1
    37 00000016 FF                              	DB	-1
    38 00000017 FF                              	DB	-1
    39 00000018 C6                              	DB	-58
    40 00000019 C6                              	DB	-58
    41 0000001A C6                              	DB	-58
    42 0000001B 84                              	DB	-124
    43 0000001C 00                              	DB	0
    44 0000001D 00                              	DB	0
    45 0000001E 00                              	DB	0
    46 0000001F 84                              	DB	-124
    47 00000020 00                              	DB	0
    48 00000021 84                              	DB	-124
    49 00000022 84                              	DB	-124
    50 00000023 00                              	DB	0
    51 00000024 00                              	DB	0
    52 00000025 00                              	DB	0
    53 00000026 84                              	DB	-124
    54 00000027 84                              	DB	-124
    55 00000028 00                              	DB	0
    56 00000029 84                              	DB	-124
    57 0000002A 00                              	DB	0
    58 0000002B 84                              	DB	-124
    59 0000002C 84                              	DB	-124
    60 0000002D 84                              	DB	-124
    61 0000002E 84                              	DB	-124
    62 0000002F 84                              	DB	-124
    63                                          [SECTION .text]
    64 00000000                                 	GLOBAL	_init_palette
    65 00000000                                 _init_palette:
    66 00000000 55                              	PUSH	EBP
    67 00000001 89 E5                           	MOV	EBP,ESP
    68 00000003 68 [00000000]                   	PUSH	_table_rgb.0
    69 00000008 6A 0F                           	PUSH	15
    70 0000000A 6A 00                           	PUSH	0
    71 0000000C E8 00000002                     	CALL	_set_palette
    72 00000011 C9                              	LEAVE
    73 00000012 C3                              	RET
    74 00000013                                 	GLOBAL	_set_palette
    75 00000013                                 _set_palette:
    76 00000013 55                              	PUSH	EBP
    77 00000014 89 E5                           	MOV	EBP,ESP
    78 00000016 57                              	PUSH	EDI
    79 00000017 56                              	PUSH	ESI
    80 00000018 53                              	PUSH	EBX
    81 00000019 51                              	PUSH	ECX
    82 0000001A 8B 5D 08                        	MOV	EBX,DWORD [8+EBP]
    83 0000001D 8B 7D 0C                        	MOV	EDI,DWORD [12+EBP]
    84 00000020 8B 75 10                        	MOV	ESI,DWORD [16+EBP]
    85 00000023 E8 [00000000]                   	CALL	_io_load_eflags
    86 00000028 89 45 F0                        	MOV	DWORD [-16+EBP],EAX
    87 0000002B E8 [00000000]                   	CALL	_io_cli
    88 00000030 53                              	PUSH	EBX
    89 00000031 68 000003C8                     	PUSH	968
    90 00000036 E8 [00000000]                   	CALL	_io_out8
    91 0000003B 39 FB                           	CMP	EBX,EDI
    92 0000003D 58                              	POP	EAX
    93 0000003E 5A                              	POP	EDX
    94 0000003F 7E 12                           	JLE	L7
    95 00000041                                 L9:
    96 00000041 8B 45 F0                        	MOV	EAX,DWORD [-16+EBP]
    97 00000044 89 45 08                        	MOV	DWORD [8+EBP],EAX
    98 00000047 8D 65 F4                        	LEA	ESP,DWORD [-12+EBP]
    99 0000004A 5B                              	POP	EBX
   100 0000004B 5E                              	POP	ESI
   101 0000004C 5F                              	POP	EDI
   102 0000004D 5D                              	POP	EBP
   103 0000004E E9 [00000000]                   	JMP	_io_store_eflags
   104 00000053                                 L7:
   105 00000053 8A 06                           	MOV	AL,BYTE [ESI]
   106 00000055 43                              	INC	EBX
   107 00000056 C0 E8 02                        	SHR	AL,2
   108 00000059 0F B6 C0                        	MOVZX	EAX,AL
   109 0000005C 50                              	PUSH	EAX
   110 0000005D 68 000003C9                     	PUSH	969
   111 00000062 E8 [00000000]                   	CALL	_io_out8
   112 00000067 8A 46 01                        	MOV	AL,BYTE [1+ESI]
   113 0000006A C0 E8 02                        	SHR	AL,2
   114 0000006D 0F B6 C0                        	MOVZX	EAX,AL
   115 00000070 50                              	PUSH	EAX
   116 00000071 68 000003C9                     	PUSH	969
   117 00000076 E8 [00000000]                   	CALL	_io_out8
   118 0000007B 8A 46 02                        	MOV	AL,BYTE [2+ESI]
   119 0000007E C0 E8 02                        	SHR	AL,2
   120 00000081 83 C6 03                        	ADD	ESI,3
   121 00000084 0F B6 C0                        	MOVZX	EAX,AL
   122 00000087 50                              	PUSH	EAX
   123 00000088 68 000003C9                     	PUSH	969
   124 0000008D E8 [00000000]                   	CALL	_io_out8
   125 00000092 83 C4 18                        	ADD	ESP,24
   126 00000095 39 FB                           	CMP	EBX,EDI
   127 00000097 7E BA                           	JLE	L7
   128 00000099 EB A6                           	JMP	L9
   129 0000009B                                 	GLOBAL	_init_screen
   130 0000009B                                 _init_screen:
   131 0000009B 55                              	PUSH	EBP
   132 0000009C 89 E5                           	MOV	EBP,ESP
   133 0000009E 57                              	PUSH	EDI
   134 0000009F 56                              	PUSH	ESI
   135 000000A0 53                              	PUSH	EBX
   136 000000A1 53                              	PUSH	EBX
   137 000000A2 53                              	PUSH	EBX
   138 000000A3 8B 45 10                        	MOV	EAX,DWORD [16+EBP]
   139 000000A6 8B 5D 0C                        	MOV	EBX,DWORD [12+EBP]
   140 000000A9 83 E8 1D                        	SUB	EAX,29
   141 000000AC 4B                              	DEC	EBX
   142 000000AD 50                              	PUSH	EAX
   143 000000AE 53                              	PUSH	EBX
   144 000000AF 6A 00                           	PUSH	0
   145 000000B1 6A 00                           	PUSH	0
   146 000000B3 6A 0E                           	PUSH	14
   147 000000B5 FF 75 0C                        	PUSH	DWORD [12+EBP]
   148 000000B8 FF 75 08                        	PUSH	DWORD [8+EBP]
   149 000000BB E8 00000233                     	CALL	_boxfill8
   150 000000C0 8B 45 10                        	MOV	EAX,DWORD [16+EBP]
   151 000000C3 83 E8 1C                        	SUB	EAX,28
   152 000000C6 50                              	PUSH	EAX
   153 000000C7 53                              	PUSH	EBX
   154 000000C8 50                              	PUSH	EAX
   155 000000C9 6A 00                           	PUSH	0
   156 000000CB 6A 08                           	PUSH	8
   157 000000CD FF 75 0C                        	PUSH	DWORD [12+EBP]
   158 000000D0 FF 75 08                        	PUSH	DWORD [8+EBP]
   159 000000D3 E8 0000021B                     	CALL	_boxfill8
   160 000000D8 8B 45 10                        	MOV	EAX,DWORD [16+EBP]
   161 000000DB 83 C4 38                        	ADD	ESP,56
   162 000000DE 83 E8 1B                        	SUB	EAX,27
   163 000000E1 50                              	PUSH	EAX
   164 000000E2 53                              	PUSH	EBX
   165 000000E3 50                              	PUSH	EAX
   166 000000E4 6A 00                           	PUSH	0
   167 000000E6 6A 07                           	PUSH	7
   168 000000E8 FF 75 0C                        	PUSH	DWORD [12+EBP]
   169 000000EB FF 75 08                        	PUSH	DWORD [8+EBP]
   170 000000EE E8 00000200                     	CALL	_boxfill8
   171 000000F3 8B 45 10                        	MOV	EAX,DWORD [16+EBP]
   172 000000F6 48                              	DEC	EAX
   173 000000F7 50                              	PUSH	EAX
   174 000000F8 8B 45 10                        	MOV	EAX,DWORD [16+EBP]
   175 000000FB 53                              	PUSH	EBX
   176 000000FC 83 E8 1A                        	SUB	EAX,26
   177 000000FF 50                              	PUSH	EAX
   178 00000100 6A 00                           	PUSH	0
   179 00000102 6A 08                           	PUSH	8
   180 00000104 FF 75 0C                        	PUSH	DWORD [12+EBP]
   181 00000107 FF 75 08                        	PUSH	DWORD [8+EBP]
   182 0000010A E8 000001E4                     	CALL	_boxfill8
   183 0000010F 8B 7D 10                        	MOV	EDI,DWORD [16+EBP]
   184 00000112 83 C4 38                        	ADD	ESP,56
   185 00000115 83 EF 18                        	SUB	EDI,24
   186 00000118 57                              	PUSH	EDI
   187 00000119 6A 3B                           	PUSH	59
   188 0000011B 57                              	PUSH	EDI
   189 0000011C 6A 03                           	PUSH	3
   190 0000011E 6A 07                           	PUSH	7
   191 00000120 FF 75 0C                        	PUSH	DWORD [12+EBP]
   192 00000123 FF 75 08                        	PUSH	DWORD [8+EBP]
   193 00000126 E8 000001C8                     	CALL	_boxfill8
   194 0000012B 8B 5D 10                        	MOV	EBX,DWORD [16+EBP]
   195 0000012E 83 EB 04                        	SUB	EBX,4
   196 00000131 53                              	PUSH	EBX
   197 00000132 6A 02                           	PUSH	2
   198 00000134 57                              	PUSH	EDI
   199 00000135 6A 02                           	PUSH	2
   200 00000137 6A 07                           	PUSH	7
   201 00000139 FF 75 0C                        	PUSH	DWORD [12+EBP]
   202 0000013C FF 75 08                        	PUSH	DWORD [8+EBP]
   203 0000013F E8 000001AF                     	CALL	_boxfill8
   204 00000144 83 C4 38                        	ADD	ESP,56
   205 00000147 53                              	PUSH	EBX
   206 00000148 6A 3B                           	PUSH	59
   207 0000014A 53                              	PUSH	EBX
   208 0000014B 6A 03                           	PUSH	3
   209 0000014D 6A 0F                           	PUSH	15
   210 0000014F FF 75 0C                        	PUSH	DWORD [12+EBP]
   211 00000152 FF 75 08                        	PUSH	DWORD [8+EBP]
   212 00000155 E8 00000199                     	CALL	_boxfill8
   213 0000015A 8B 45 10                        	MOV	EAX,DWORD [16+EBP]
   214 0000015D 83 E8 05                        	SUB	EAX,5
   215 00000160 50                              	PUSH	EAX
   216 00000161 8B 45 10                        	MOV	EAX,DWORD [16+EBP]
   217 00000164 6A 3B                           	PUSH	59
   218 00000166 83 E8 17                        	SUB	EAX,23
   219 00000169 50                              	PUSH	EAX
   220 0000016A 89 45 F0                        	MOV	DWORD [-16+EBP],EAX
   221 0000016D 6A 3B                           	PUSH	59
   222 0000016F 6A 0F                           	PUSH	15
   223 00000171 FF 75 0C                        	PUSH	DWORD [12+EBP]
   224 00000174 FF 75 08                        	PUSH	DWORD [8+EBP]
   225 00000177 E8 00000177                     	CALL	_boxfill8
   226 0000017C 8B 45 10                        	MOV	EAX,DWORD [16+EBP]
   227 0000017F 83 C4 38                        	ADD	ESP,56
   228 00000182 83 E8 03                        	SUB	EAX,3
   229 00000185 89 45 EC                        	MOV	DWORD [-20+EBP],EAX
   230 00000188 50                              	PUSH	EAX
   231 00000189 6A 3B                           	PUSH	59
   232 0000018B 50                              	PUSH	EAX
   233 0000018C 6A 02                           	PUSH	2
   234 0000018E 6A 00                           	PUSH	0
   235 00000190 FF 75 0C                        	PUSH	DWORD [12+EBP]
   236 00000193 FF 75 08                        	PUSH	DWORD [8+EBP]
   237 00000196 E8 00000158                     	CALL	_boxfill8
   238 0000019B FF 75 EC                        	PUSH	DWORD [-20+EBP]
   239 0000019E 6A 3C                           	PUSH	60
   240 000001A0 57                              	PUSH	EDI
   241 000001A1 6A 3C                           	PUSH	60
   242 000001A3 6A 00                           	PUSH	0
   243 000001A5 FF 75 0C                        	PUSH	DWORD [12+EBP]
   244 000001A8 FF 75 08                        	PUSH	DWORD [8+EBP]
   245 000001AB E8 00000143                     	CALL	_boxfill8
   246 000001B0 8B 5D 0C                        	MOV	EBX,DWORD [12+EBP]
   247 000001B3 83 C4 38                        	ADD	ESP,56
   248 000001B6 8B 75 0C                        	MOV	ESI,DWORD [12+EBP]
   249 000001B9 83 EE 04                        	SUB	ESI,4
   250 000001BC 83 EB 2F                        	SUB	EBX,47
   251 000001BF 57                              	PUSH	EDI
   252 000001C0 56                              	PUSH	ESI
   253 000001C1 57                              	PUSH	EDI
   254 000001C2 53                              	PUSH	EBX
   255 000001C3 6A 0F                           	PUSH	15
   256 000001C5 FF 75 0C                        	PUSH	DWORD [12+EBP]
   257 000001C8 FF 75 08                        	PUSH	DWORD [8+EBP]
   258 000001CB E8 00000123                     	CALL	_boxfill8
   259 000001D0 FF 75 EC                        	PUSH	DWORD [-20+EBP]
   260 000001D3 53                              	PUSH	EBX
   261 000001D4 FF 75 F0                        	PUSH	DWORD [-16+EBP]
   262 000001D7 53                              	PUSH	EBX
   263 000001D8 6A 0F                           	PUSH	15
   264 000001DA FF 75 0C                        	PUSH	DWORD [12+EBP]
   265 000001DD FF 75 08                        	PUSH	DWORD [8+EBP]
   266 000001E0 E8 0000010E                     	CALL	_boxfill8
   267 000001E5 83 C4 38                        	ADD	ESP,56
   268 000001E8 FF 75 EC                        	PUSH	DWORD [-20+EBP]
   269 000001EB 56                              	PUSH	ESI
   270 000001EC FF 75 EC                        	PUSH	DWORD [-20+EBP]
   271 000001EF 53                              	PUSH	EBX
   272 000001F0 6A 07                           	PUSH	7
   273 000001F2 FF 75 0C                        	PUSH	DWORD [12+EBP]
   274 000001F5 FF 75 08                        	PUSH	DWORD [8+EBP]
   275 000001F8 E8 000000F6                     	CALL	_boxfill8
   276 000001FD 8B 45 0C                        	MOV	EAX,DWORD [12+EBP]
   277 00000200 FF 75 EC                        	PUSH	DWORD [-20+EBP]
   278 00000203 83 E8 03                        	SUB	EAX,3
   279 00000206 50                              	PUSH	EAX
   280 00000207 57                              	PUSH	EDI
   281 00000208 50                              	PUSH	EAX
   282 00000209 6A 07                           	PUSH	7
   283 0000020B FF 75 0C                        	PUSH	DWORD [12+EBP]
   284 0000020E FF 75 08                        	PUSH	DWORD [8+EBP]
   285 00000211 E8 000000DD                     	CALL	_boxfill8
   286 00000216 8D 65 F4                        	LEA	ESP,DWORD [-12+EBP]
   287 00000219 5B                              	POP	EBX
   288 0000021A 5E                              	POP	ESI
   289 0000021B 5F                              	POP	EDI
   290 0000021C 5D                              	POP	EBP
   291 0000021D C3                              	RET
   292 0000021E                                 	GLOBAL	_putfonts8_asc
   293 0000021E                                 _putfonts8_asc:
   294 0000021E 55                              	PUSH	EBP
   295 0000021F 89 E5                           	MOV	EBP,ESP
   296 00000221 57                              	PUSH	EDI
   297 00000222 56                              	PUSH	ESI
   298 00000223 53                              	PUSH	EBX
   299 00000224 56                              	PUSH	ESI
   300 00000225 8B 5D 1C                        	MOV	EBX,DWORD [28+EBP]
   301 00000228 8A 45 10                        	MOV	AL,BYTE [16+EBP]
   302 0000022B 88 45 F3                        	MOV	BYTE [-13+EBP],AL
   303 0000022E 8B 75 14                        	MOV	ESI,DWORD [20+EBP]
   304 00000231 8B 7D 18                        	MOV	EDI,DWORD [24+EBP]
   305 00000234 80 3B 00                        	CMP	BYTE [EBX],0
   306 00000237 75 08                           	JNE	L16
   307 00000239                                 L18:
   308 00000239 8D 65 F4                        	LEA	ESP,DWORD [-12+EBP]
   309 0000023C 5B                              	POP	EBX
   310 0000023D 5E                              	POP	ESI
   311 0000023E 5F                              	POP	EDI
   312 0000023F 5D                              	POP	EBP
   313 00000240 C3                              	RET
   314 00000241                                 L16:
   315 00000241 0F B6 03                        	MOVZX	EAX,BYTE [EBX]
   316 00000244 C1 E0 04                        	SAL	EAX,4
   317 00000247 43                              	INC	EBX
   318 00000248 05 [00000000]                   	ADD	EAX,_hankaku
   319 0000024D 50                              	PUSH	EAX
   320 0000024E 57                              	PUSH	EDI
   321 0000024F 56                              	PUSH	ESI
   322 00000250 83 C6 08                        	ADD	ESI,8
   323 00000253 0F BE 45 F3                     	MOVSX	EAX,BYTE [-13+EBP]
   324 00000257 50                              	PUSH	EAX
   325 00000258 FF 75 0C                        	PUSH	DWORD [12+EBP]
   326 0000025B FF 75 08                        	PUSH	DWORD [8+EBP]
   327 0000025E E8 0000000A                     	CALL	_putfont8
   328 00000263 83 C4 18                        	ADD	ESP,24
   329 00000266 80 3B 00                        	CMP	BYTE [EBX],0
   330 00000269 75 D6                           	JNE	L16
   331 0000026B EB CC                           	JMP	L18
   332 0000026D                                 	GLOBAL	_putfont8
   333 0000026D                                 _putfont8:
   334 0000026D 55                              	PUSH	EBP
   335 0000026E 89 E5                           	MOV	EBP,ESP
   336 00000270 57                              	PUSH	EDI
   337 00000271 56                              	PUSH	ESI
   338 00000272 31 F6                           	XOR	ESI,ESI
   339 00000274 53                              	PUSH	EBX
   340 00000275 8B 7D 1C                        	MOV	EDI,DWORD [28+EBP]
   341 00000278 8A 5D 10                        	MOV	BL,BYTE [16+EBP]
   342 0000027B                                 L32:
   343 0000027B 8B 45 18                        	MOV	EAX,DWORD [24+EBP]
   344 0000027E 8B 55 14                        	MOV	EDX,DWORD [20+EBP]
   345 00000281 01 F0                           	ADD	EAX,ESI
   346 00000283 0F AF 45 0C                     	IMUL	EAX,DWORD [12+EBP]
   347 00000287 03 45 08                        	ADD	EAX,DWORD [8+EBP]
   348 0000028A 8D 0C 02                        	LEA	ECX,DWORD [EDX+EAX*1]
   349 0000028D 8A 14 3E                        	MOV	DL,BYTE [ESI+EDI*1]
   350 00000290 84 D2                           	TEST	DL,DL
   351 00000292 79 02                           	JNS	L24
   352 00000294 88 19                           	MOV	BYTE [ECX],BL
   353 00000296                                 L24:
   354 00000296 88 D0                           	MOV	AL,DL
   355 00000298 83 E0 40                        	AND	EAX,64
   356 0000029B 84 C0                           	TEST	AL,AL
   357 0000029D 74 03                           	JE	L25
   358 0000029F 88 59 01                        	MOV	BYTE [1+ECX],BL
   359 000002A2                                 L25:
   360 000002A2 88 D0                           	MOV	AL,DL
   361 000002A4 83 E0 20                        	AND	EAX,32
   362 000002A7 84 C0                           	TEST	AL,AL
   363 000002A9 74 03                           	JE	L26
   364 000002AB 88 59 02                        	MOV	BYTE [2+ECX],BL
   365 000002AE                                 L26:
   366 000002AE 88 D0                           	MOV	AL,DL
   367 000002B0 83 E0 10                        	AND	EAX,16
   368 000002B3 84 C0                           	TEST	AL,AL
   369 000002B5 74 03                           	JE	L27
   370 000002B7 88 59 03                        	MOV	BYTE [3+ECX],BL
   371 000002BA                                 L27:
   372 000002BA 88 D0                           	MOV	AL,DL
   373 000002BC 83 E0 08                        	AND	EAX,8
   374 000002BF 84 C0                           	TEST	AL,AL
   375 000002C1 74 03                           	JE	L28
   376 000002C3 88 59 04                        	MOV	BYTE [4+ECX],BL
   377 000002C6                                 L28:
   378 000002C6 88 D0                           	MOV	AL,DL
   379 000002C8 83 E0 04                        	AND	EAX,4
   380 000002CB 84 C0                           	TEST	AL,AL
   381 000002CD 74 03                           	JE	L29
   382 000002CF 88 59 05                        	MOV	BYTE [5+ECX],BL
   383 000002D2                                 L29:
   384 000002D2 88 D0                           	MOV	AL,DL
   385 000002D4 83 E0 02                        	AND	EAX,2
   386 000002D7 84 C0                           	TEST	AL,AL
   387 000002D9 74 03                           	JE	L30
   388 000002DB 88 59 06                        	MOV	BYTE [6+ECX],BL
   389 000002DE                                 L30:
   390 000002DE 83 E2 01                        	AND	EDX,1
   391 000002E1 84 D2                           	TEST	DL,DL
   392 000002E3 74 03                           	JE	L22
   393 000002E5 88 59 07                        	MOV	BYTE [7+ECX],BL
   394 000002E8                                 L22:
   395 000002E8 46                              	INC	ESI
   396 000002E9 83 FE 0F                        	CMP	ESI,15
   397 000002EC 7E 8D                           	JLE	L32
   398 000002EE 5B                              	POP	EBX
   399 000002EF 5E                              	POP	ESI
   400 000002F0 5F                              	POP	EDI
   401 000002F1 5D                              	POP	EBP
   402 000002F2 C3                              	RET
   403 000002F3                                 	GLOBAL	_boxfill8
   404 000002F3                                 _boxfill8:
   405 000002F3 55                              	PUSH	EBP
   406 000002F4 89 E5                           	MOV	EBP,ESP
   407 000002F6 57                              	PUSH	EDI
   408 000002F7 56                              	PUSH	ESI
   409 000002F8 53                              	PUSH	EBX
   410 000002F9 50                              	PUSH	EAX
   411 000002FA 50                              	PUSH	EAX
   412 000002FB 8A 45 10                        	MOV	AL,BYTE [16+EBP]
   413 000002FE 8B 4D 18                        	MOV	ECX,DWORD [24+EBP]
   414 00000301 8B 7D 1C                        	MOV	EDI,DWORD [28+EBP]
   415 00000304 88 45 F3                        	MOV	BYTE [-13+EBP],AL
   416 00000307 3B 4D 20                        	CMP	ECX,DWORD [32+EBP]
   417 0000030A 7F 31                           	JG	L47
   418 0000030C 8B 5D 0C                        	MOV	EBX,DWORD [12+EBP]
   419 0000030F 0F AF D9                        	IMUL	EBX,ECX
   420 00000312                                 L45:
   421 00000312 8B 55 14                        	MOV	EDX,DWORD [20+EBP]
   422 00000315 39 FA                           	CMP	EDX,EDI
   423 00000317 7F 1B                           	JG	L49
   424 00000319 8B 75 08                        	MOV	ESI,DWORD [8+EBP]
   425 0000031C 01 DE                           	ADD	ESI,EBX
   426 0000031E 01 D6                           	ADD	ESI,EDX
   427 00000320 89 75 EC                        	MOV	DWORD [-20+EBP],ESI
   428 00000323                                 L44:
   429 00000323 8B 75 EC                        	MOV	ESI,DWORD [-20+EBP]
   430 00000326 8A 45 F3                        	MOV	AL,BYTE [-13+EBP]
   431 00000329 42                              	INC	EDX
   432 0000032A 88 06                           	MOV	BYTE [ESI],AL
   433 0000032C 46                              	INC	ESI
   434 0000032D 89 75 EC                        	MOV	DWORD [-20+EBP],ESI
   435 00000330 39 FA                           	CMP	EDX,EDI
   436 00000332 7E EF                           	JLE	L44
   437 00000334                                 L49:
   438 00000334 41                              	INC	ECX
   439 00000335 03 5D 0C                        	ADD	EBX,DWORD [12+EBP]
   440 00000338 3B 4D 20                        	CMP	ECX,DWORD [32+EBP]
   441 0000033B 7E D5                           	JLE	L45
   442 0000033D                                 L47:
   443 0000033D 5F                              	POP	EDI
   444 0000033E 58                              	POP	EAX
   445 0000033F 5B                              	POP	EBX
   446 00000340 5E                              	POP	ESI
   447 00000341 5F                              	POP	EDI
   448 00000342 5D                              	POP	EBP
   449 00000343 C3                              	RET
   450                                          [SECTION .data]
   451 00000030                                 _cursor.1:
   452 00000030 2A 2A 2A 2A 2A 2A 2A 2A 2A 2A   	DB	"**************.."
       0000003A 2A 2A 2A 2A 2E 2E 
   453 00000040 2A 4F 4F 4F 4F 4F 4F 4F 4F 4F   	DB	"*OOOOOOOOOOO*..."
       0000004A 4F 4F 2A 2E 2E 2E 
   454 00000050 2A 4F 4F 4F 4F 4F 4F 4F 4F 4F   	DB	"*OOOOOOOOOO*...."
       0000005A 4F 2A 2E 2E 2E 2E 
   455 00000060 2A 4F 4F 4F 4F 4F 4F 4F 4F 4F   	DB	"*OOOOOOOOO*....."
       0000006A 2A 2E 2E 2E 2E 2E 
   456 00000070 2A 4F 4F 4F 4F 4F 4F 4F 4F 2A   	DB	"*OOOOOOOO*......"
       0000007A 2E 2E 2E 2E 2E 2E 
   457 00000080 2A 4F 4F 4F 4F 4F 4F 4F 2A 2E   	DB	"*OOOOOOO*......."
       0000008A 2E 2E 2E 2E 2E 2E 
   458 00000090 2A 4F 4F 4F 4F 4F 4F 4F 2A 20   	DB	"*OOOOOOO* ......"
       0000009A 2E 2E 2E 2E 2E 2E 
   459 000000A0 2A 4F 4F 4F 4F 4F 4F 4F 4F 2A   	DB	"*OOOOOOOO*......"
       000000AA 2E 2E 2E 2E 2E 2E 
   460 000000B0 2A 4F 4F 4F 4F 2A 2A 4F 4F 4F   	DB	"*OOOO**OOO*....."
       000000BA 2A 2E 2E 2E 2E 2E 
   461 000000C0 2A 4F 4F 4F 2A 2E 2E 2A 4F 4F   	DB	"*OOO*..*OOO*...."
       000000CA 4F 2A 2E 2E 2E 2E 
   462 000000D0 2A 4F 4F 2A 2E 2E 2E 2E 2A 4F   	DB	"*OO*....*OOO*..."
       000000DA 4F 4F 2A 2E 2E 2E 
   463 000000E0 2A 4F 2A 2E 2E 2E 2E 2E 2E 2A   	DB	"*O*......*OOO*.."
       000000EA 4F 4F 4F 2A 2E 2E 
   464 000000F0 2A 2A 2E 2E 2E 2E 2E 2E 2E 2E   	DB	"**........*OOO*."
       000000FA 2A 4F 4F 4F 2A 2E 
   465 00000100 2A 2E 2E 2E 2E 2E 2E 2E 2E 2E   	DB	"*..........*OOO*"
       0000010A 2E 2A 4F 4F 4F 2A 
   466 00000110 2E 2E 2E 2E 2E 2E 2E 2E 2E 2E   	DB	"............*OO*"
       0000011A 2E 2E 2A 4F 4F 2A 
   467 00000120 2E 2E 2E 2E 2E 2E 2E 2E 2E 2E   	DB	".............***"
       0000012A 2E 2E 2E 2A 2A 2A 
   468                                          [SECTION .text]
   469 00000344                                 	GLOBAL	_init_mouse_cursor8
   470 00000344                                 _init_mouse_cursor8:
   471 00000344 55                              	PUSH	EBP
   472 00000345 89 E5                           	MOV	EBP,ESP
   473 00000347 57                              	PUSH	EDI
   474 00000348 56                              	PUSH	ESI
   475 00000349 31 F6                           	XOR	ESI,ESI
   476 0000034B 53                              	PUSH	EBX
   477 0000034C 31 DB                           	XOR	EBX,EBX
   478 0000034E 50                              	PUSH	EAX
   479 0000034F 8A 45 0C                        	MOV	AL,BYTE [12+EBP]
   480 00000352 8B 7D 08                        	MOV	EDI,DWORD [8+EBP]
   481 00000355 88 45 F3                        	MOV	BYTE [-13+EBP],AL
   482 00000358                                 L63:
   483 00000358 31 C9                           	XOR	ECX,ECX
   484 0000035A                                 L62:
   485 0000035A 8D 14 19                        	LEA	EDX,DWORD [ECX+EBX*1]
   486 0000035D 80 BA [00000030] 2A             	CMP	BYTE [_cursor.1+EDX],42
   487 00000364 74 3B                           	JE	L68
   488 00000366                                 L59:
   489 00000366 80 BA [00000030] 4F             	CMP	BYTE [_cursor.1+EDX],79
   490 0000036D 74 29                           	JE	L69
   491 0000036F                                 L60:
   492 0000036F 80 BA [00000030] 2E             	CMP	BYTE [_cursor.1+EDX],46
   493 00000376 74 15                           	JE	L70
   494 00000378                                 L57:
   495 00000378 41                              	INC	ECX
   496 00000379 83 F9 0F                        	CMP	ECX,15
   497 0000037C 7E DC                           	JLE	L62
   498 0000037E 46                              	INC	ESI
   499 0000037F 83 C3 10                        	ADD	EBX,16
   500 00000382 83 FE 0F                        	CMP	ESI,15
   501 00000385 7E D1                           	JLE	L63
   502 00000387 58                              	POP	EAX
   503 00000388 5B                              	POP	EBX
   504 00000389 5E                              	POP	ESI
   505 0000038A 5F                              	POP	EDI
   506 0000038B 5D                              	POP	EBP
   507 0000038C C3                              	RET
   508 0000038D                                 L70:
   509 0000038D 8D 04 1F                        	LEA	EAX,DWORD [EDI+EBX*1]
   510 00000390 8A 55 F3                        	MOV	DL,BYTE [-13+EBP]
   511 00000393 88 14 01                        	MOV	BYTE [ECX+EAX*1],DL
   512 00000396 EB E0                           	JMP	L57
   513 00000398                                 L69:
   514 00000398 8D 04 1F                        	LEA	EAX,DWORD [EDI+EBX*1]
   515 0000039B C6 04 01 06                     	MOV	BYTE [ECX+EAX*1],6
   516 0000039F EB CE                           	JMP	L60
   517 000003A1                                 L68:
   518 000003A1 8D 04 1F                        	LEA	EAX,DWORD [EDI+EBX*1]
   519 000003A4 C6 04 01 0C                     	MOV	BYTE [ECX+EAX*1],12
   520 000003A8 EB BC                           	JMP	L59
   521 000003AA                                 	GLOBAL	_putblock8_8
   522 000003AA                                 _putblock8_8:
   523 000003AA 55                              	PUSH	EBP
   524 000003AB 89 E5                           	MOV	EBP,ESP
   525 000003AD 57                              	PUSH	EDI
   526 000003AE 56                              	PUSH	ESI
   527 000003AF 31 FF                           	XOR	EDI,EDI
   528 000003B1 53                              	PUSH	EBX
   529 000003B2 3B 7D 14                        	CMP	EDI,DWORD [20+EBP]
   530 000003B5 7D 32                           	JGE	L83
   531 000003B7 8B 75 20                        	MOV	ESI,DWORD [32+EBP]
   532 000003BA                                 L81:
   533 000003BA 31 DB                           	XOR	EBX,EBX
   534 000003BC 3B 5D 10                        	CMP	EBX,DWORD [16+EBP]
   535 000003BF 7D 1F                           	JGE	L85
   536 000003C1                                 L80:
   537 000003C1 8B 55 1C                        	MOV	EDX,DWORD [28+EBP]
   538 000003C4 8D 04 3A                        	LEA	EAX,DWORD [EDX+EDI*1]
   539 000003C7 8B 55 18                        	MOV	EDX,DWORD [24+EBP]
   540 000003CA 0F AF 45 0C                     	IMUL	EAX,DWORD [12+EBP]
   541 000003CE 03 45 08                        	ADD	EAX,DWORD [8+EBP]
   542 000003D1 8D 0C 1A                        	LEA	ECX,DWORD [EDX+EBX*1]
   543 000003D4 8A 14 33                        	MOV	DL,BYTE [EBX+ESI*1]
   544 000003D7 43                              	INC	EBX
   545 000003D8 88 14 01                        	MOV	BYTE [ECX+EAX*1],DL
   546 000003DB 3B 5D 10                        	CMP	EBX,DWORD [16+EBP]
   547 000003DE 7C E1                           	JL	L80
   548 000003E0                                 L85:
   549 000003E0 47                              	INC	EDI
   550 000003E1 03 75 24                        	ADD	ESI,DWORD [36+EBP]
   551 000003E4 3B 7D 14                        	CMP	EDI,DWORD [20+EBP]
   552 000003E7 7C D1                           	JL	L81
   553 000003E9                                 L83:
   554 000003E9 5B                              	POP	EBX
   555 000003EA 5E                              	POP	ESI
   556 000003EB 5F                              	POP	EDI
   557 000003EC 5D                              	POP	EBP
   558 000003ED C3                              	RET
