     1 00000000                                 [FORMAT "WCOFF"]
     2 00000000                                 [INSTRSET "i486p"]
     3 00000000                                 [OPTIMIZE 1]
     4 00000000                                 [OPTION 1]
     5 00000000                                 [BITS 32]
     6 00000000                                 	EXTERN	_io_hlt
     7 00000000                                 	EXTERN	_io_load_eflags
     8 00000000                                 	EXTERN	_io_cli
     9 00000000                                 	EXTERN	_io_out8
    10 00000000                                 	EXTERN	_io_store_eflags
    11 00000000                                 [FILE "bootpack.c"]
    12                                          [SECTION .text]
    13 00000000                                 	GLOBAL	_HariMain
    14 00000000                                 _HariMain:
    15 00000000 55                              	PUSH	EBP
    16 00000001 89 E5                           	MOV	EBP,ESP
    17 00000003 E8 000001DB                     	CALL	_init_palette
    18 00000008 0F BF 05 00000FF6               	MOVSX	EAX,WORD [4086]
    19 0000000F 0F BF 15 00000FF4               	MOVSX	EDX,WORD [4084]
    20 00000016 50                              	PUSH	EAX
    21 00000017 52                              	PUSH	EDX
    22 00000018 FF 35 00000FF8                  	PUSH	DWORD [4088]
    23 0000001E E8 0000000A                     	CALL	_init_screen
    24 00000023 83 C4 0C                        	ADD	ESP,12
    25 00000026                                 L2:
    26 00000026 E8 [00000000]                   	CALL	_io_hlt
    27 0000002B EB F9                           	JMP	L2
    28 0000002D                                 	GLOBAL	_init_screen
    29 0000002D                                 _init_screen:
    30 0000002D 55                              	PUSH	EBP
    31 0000002E 89 E5                           	MOV	EBP,ESP
    32 00000030 57                              	PUSH	EDI
    33 00000031 56                              	PUSH	ESI
    34 00000032 53                              	PUSH	EBX
    35 00000033 50                              	PUSH	EAX
    36 00000034 50                              	PUSH	EAX
    37 00000035 6A 78                           	PUSH	120
    38 00000037 6A 78                           	PUSH	120
    39 00000039 6A 14                           	PUSH	20
    40 0000003B 6A 14                           	PUSH	20
    41 0000003D 6A 07                           	PUSH	7
    42 0000003F FF 75 0C                        	PUSH	DWORD [12+EBP]
    43 00000042 FF 75 08                        	PUSH	DWORD [8+EBP]
    44 00000045 E8 00000148                     	CALL	_boxfill8
    45 0000004A 68 0000008C                     	PUSH	140
    46 0000004F 68 0000008C                     	PUSH	140
    47 00000054 6A 28                           	PUSH	40
    48 00000056 6A 28                           	PUSH	40
    49 00000058 6A 01                           	PUSH	1
    50 0000005A FF 75 0C                        	PUSH	DWORD [12+EBP]
    51 0000005D FF 75 08                        	PUSH	DWORD [8+EBP]
    52 00000060 E8 0000012D                     	CALL	_boxfill8
    53 00000065 83 C4 38                        	ADD	ESP,56
    54 00000068 68 000000A0                     	PUSH	160
    55 0000006D 68 000000A0                     	PUSH	160
    56 00000072 6A 3C                           	PUSH	60
    57 00000074 6A 3C                           	PUSH	60
    58 00000076 6A 0F                           	PUSH	15
    59 00000078 FF 75 0C                        	PUSH	DWORD [12+EBP]
    60 0000007B FF 75 08                        	PUSH	DWORD [8+EBP]
    61 0000007E E8 0000010F                     	CALL	_boxfill8
    62 00000083 8B 7D 10                        	MOV	EDI,DWORD [16+EBP]
    63 00000086 83 EF 18                        	SUB	EDI,24
    64 00000089 57                              	PUSH	EDI
    65 0000008A 6A 3B                           	PUSH	59
    66 0000008C 57                              	PUSH	EDI
    67 0000008D 6A 03                           	PUSH	3
    68 0000008F 6A 07                           	PUSH	7
    69 00000091 FF 75 0C                        	PUSH	DWORD [12+EBP]
    70 00000094 FF 75 08                        	PUSH	DWORD [8+EBP]
    71 00000097 E8 000000F6                     	CALL	_boxfill8
    72 0000009C 8B 5D 10                        	MOV	EBX,DWORD [16+EBP]
    73 0000009F 83 C4 38                        	ADD	ESP,56
    74 000000A2 83 EB 04                        	SUB	EBX,4
    75 000000A5 53                              	PUSH	EBX
    76 000000A6 6A 02                           	PUSH	2
    77 000000A8 57                              	PUSH	EDI
    78 000000A9 6A 02                           	PUSH	2
    79 000000AB 6A 07                           	PUSH	7
    80 000000AD FF 75 0C                        	PUSH	DWORD [12+EBP]
    81 000000B0 FF 75 08                        	PUSH	DWORD [8+EBP]
    82 000000B3 E8 000000DA                     	CALL	_boxfill8
    83 000000B8 53                              	PUSH	EBX
    84 000000B9 6A 3B                           	PUSH	59
    85 000000BB 53                              	PUSH	EBX
    86 000000BC 6A 03                           	PUSH	3
    87 000000BE 6A 0F                           	PUSH	15
    88 000000C0 FF 75 0C                        	PUSH	DWORD [12+EBP]
    89 000000C3 FF 75 08                        	PUSH	DWORD [8+EBP]
    90 000000C6 E8 000000C7                     	CALL	_boxfill8
    91 000000CB 8B 45 10                        	MOV	EAX,DWORD [16+EBP]
    92 000000CE 83 C4 38                        	ADD	ESP,56
    93 000000D1 83 E8 05                        	SUB	EAX,5
    94 000000D4 50                              	PUSH	EAX
    95 000000D5 8B 45 10                        	MOV	EAX,DWORD [16+EBP]
    96 000000D8 6A 3B                           	PUSH	59
    97 000000DA 83 E8 17                        	SUB	EAX,23
    98 000000DD 50                              	PUSH	EAX
    99 000000DE 89 45 F0                        	MOV	DWORD [-16+EBP],EAX
   100 000000E1 6A 3B                           	PUSH	59
   101 000000E3 6A 0F                           	PUSH	15
   102 000000E5 FF 75 0C                        	PUSH	DWORD [12+EBP]
   103 000000E8 FF 75 08                        	PUSH	DWORD [8+EBP]
   104 000000EB E8 000000A2                     	CALL	_boxfill8
   105 000000F0 8B 45 10                        	MOV	EAX,DWORD [16+EBP]
   106 000000F3 83 E8 03                        	SUB	EAX,3
   107 000000F6 50                              	PUSH	EAX
   108 000000F7 89 45 EC                        	MOV	DWORD [-20+EBP],EAX
   109 000000FA 6A 3B                           	PUSH	59
   110 000000FC 50                              	PUSH	EAX
   111 000000FD 6A 02                           	PUSH	2
   112 000000FF 6A 00                           	PUSH	0
   113 00000101 FF 75 0C                        	PUSH	DWORD [12+EBP]
   114 00000104 FF 75 08                        	PUSH	DWORD [8+EBP]
   115 00000107 E8 00000086                     	CALL	_boxfill8
   116 0000010C 83 C4 38                        	ADD	ESP,56
   117 0000010F FF 75 EC                        	PUSH	DWORD [-20+EBP]
   118 00000112 6A 3C                           	PUSH	60
   119 00000114 57                              	PUSH	EDI
   120 00000115 6A 3C                           	PUSH	60
   121 00000117 6A 00                           	PUSH	0
   122 00000119 FF 75 0C                        	PUSH	DWORD [12+EBP]
   123 0000011C FF 75 08                        	PUSH	DWORD [8+EBP]
   124 0000011F E8 0000006E                     	CALL	_boxfill8
   125 00000124 8B 5D 0C                        	MOV	EBX,DWORD [12+EBP]
   126 00000127 8B 75 0C                        	MOV	ESI,DWORD [12+EBP]
   127 0000012A 57                              	PUSH	EDI
   128 0000012B 83 EE 04                        	SUB	ESI,4
   129 0000012E 83 EB 2F                        	SUB	EBX,47
   130 00000131 56                              	PUSH	ESI
   131 00000132 57                              	PUSH	EDI
   132 00000133 53                              	PUSH	EBX
   133 00000134 6A 0F                           	PUSH	15
   134 00000136 FF 75 0C                        	PUSH	DWORD [12+EBP]
   135 00000139 FF 75 08                        	PUSH	DWORD [8+EBP]
   136 0000013C E8 00000051                     	CALL	_boxfill8
   137 00000141 83 C4 38                        	ADD	ESP,56
   138 00000144 FF 75 EC                        	PUSH	DWORD [-20+EBP]
   139 00000147 53                              	PUSH	EBX
   140 00000148 FF 75 F0                        	PUSH	DWORD [-16+EBP]
   141 0000014B 53                              	PUSH	EBX
   142 0000014C 6A 0F                           	PUSH	15
   143 0000014E FF 75 0C                        	PUSH	DWORD [12+EBP]
   144 00000151 FF 75 08                        	PUSH	DWORD [8+EBP]
   145 00000154 E8 00000039                     	CALL	_boxfill8
   146 00000159 FF 75 EC                        	PUSH	DWORD [-20+EBP]
   147 0000015C 56                              	PUSH	ESI
   148 0000015D FF 75 EC                        	PUSH	DWORD [-20+EBP]
   149 00000160 53                              	PUSH	EBX
   150 00000161 6A 07                           	PUSH	7
   151 00000163 FF 75 0C                        	PUSH	DWORD [12+EBP]
   152 00000166 FF 75 08                        	PUSH	DWORD [8+EBP]
   153 00000169 E8 00000024                     	CALL	_boxfill8
   154 0000016E 8B 45 0C                        	MOV	EAX,DWORD [12+EBP]
   155 00000171 83 C4 38                        	ADD	ESP,56
   156 00000174 83 E8 03                        	SUB	EAX,3
   157 00000177 FF 75 EC                        	PUSH	DWORD [-20+EBP]
   158 0000017A 50                              	PUSH	EAX
   159 0000017B 57                              	PUSH	EDI
   160 0000017C 50                              	PUSH	EAX
   161 0000017D 6A 07                           	PUSH	7
   162 0000017F FF 75 0C                        	PUSH	DWORD [12+EBP]
   163 00000182 FF 75 08                        	PUSH	DWORD [8+EBP]
   164 00000185 E8 00000008                     	CALL	_boxfill8
   165 0000018A 8D 65 F4                        	LEA	ESP,DWORD [-12+EBP]
   166 0000018D 5B                              	POP	EBX
   167 0000018E 5E                              	POP	ESI
   168 0000018F 5F                              	POP	EDI
   169 00000190 5D                              	POP	EBP
   170 00000191 C3                              	RET
   171 00000192                                 	GLOBAL	_boxfill8
   172 00000192                                 _boxfill8:
   173 00000192 55                              	PUSH	EBP
   174 00000193 89 E5                           	MOV	EBP,ESP
   175 00000195 57                              	PUSH	EDI
   176 00000196 56                              	PUSH	ESI
   177 00000197 53                              	PUSH	EBX
   178 00000198 53                              	PUSH	EBX
   179 00000199 53                              	PUSH	EBX
   180 0000019A 8A 45 10                        	MOV	AL,BYTE [16+EBP]
   181 0000019D 8B 4D 18                        	MOV	ECX,DWORD [24+EBP]
   182 000001A0 8B 7D 1C                        	MOV	EDI,DWORD [28+EBP]
   183 000001A3 88 45 F3                        	MOV	BYTE [-13+EBP],AL
   184 000001A6 3B 4D 20                        	CMP	ECX,DWORD [32+EBP]
   185 000001A9 7F 31                           	JG	L18
   186 000001AB 8B 5D 0C                        	MOV	EBX,DWORD [12+EBP]
   187 000001AE 0F AF D9                        	IMUL	EBX,ECX
   188 000001B1                                 L16:
   189 000001B1 8B 55 14                        	MOV	EDX,DWORD [20+EBP]
   190 000001B4 39 FA                           	CMP	EDX,EDI
   191 000001B6 7F 1B                           	JG	L20
   192 000001B8 8B 75 08                        	MOV	ESI,DWORD [8+EBP]
   193 000001BB 01 DE                           	ADD	ESI,EBX
   194 000001BD 01 D6                           	ADD	ESI,EDX
   195 000001BF 89 75 EC                        	MOV	DWORD [-20+EBP],ESI
   196 000001C2                                 L15:
   197 000001C2 8B 75 EC                        	MOV	ESI,DWORD [-20+EBP]
   198 000001C5 8A 45 F3                        	MOV	AL,BYTE [-13+EBP]
   199 000001C8 42                              	INC	EDX
   200 000001C9 88 06                           	MOV	BYTE [ESI],AL
   201 000001CB 46                              	INC	ESI
   202 000001CC 89 75 EC                        	MOV	DWORD [-20+EBP],ESI
   203 000001CF 39 FA                           	CMP	EDX,EDI
   204 000001D1 7E EF                           	JLE	L15
   205 000001D3                                 L20:
   206 000001D3 41                              	INC	ECX
   207 000001D4 03 5D 0C                        	ADD	EBX,DWORD [12+EBP]
   208 000001D7 3B 4D 20                        	CMP	ECX,DWORD [32+EBP]
   209 000001DA 7E D5                           	JLE	L16
   210 000001DC                                 L18:
   211 000001DC 5A                              	POP	EDX
   212 000001DD 59                              	POP	ECX
   213 000001DE 5B                              	POP	EBX
   214 000001DF 5E                              	POP	ESI
   215 000001E0 5F                              	POP	EDI
   216 000001E1 5D                              	POP	EBP
   217 000001E2 C3                              	RET
   218                                          [SECTION .data]
   219 00000000                                 _table_rgb.0:
   220 00000000 00                              	DB	0
   221 00000001 00                              	DB	0
   222 00000002 00                              	DB	0
   223 00000003 FF                              	DB	-1
   224 00000004 00                              	DB	0
   225 00000005 00                              	DB	0
   226 00000006 00                              	DB	0
   227 00000007 FF                              	DB	-1
   228 00000008 00                              	DB	0
   229 00000009 FF                              	DB	-1
   230 0000000A FF                              	DB	-1
   231 0000000B 00                              	DB	0
   232 0000000C 00                              	DB	0
   233 0000000D 00                              	DB	0
   234 0000000E FF                              	DB	-1
   235 0000000F FF                              	DB	-1
   236 00000010 00                              	DB	0
   237 00000011 FF                              	DB	-1
   238 00000012 00                              	DB	0
   239 00000013 FF                              	DB	-1
   240 00000014 FF                              	DB	-1
   241 00000015 FF                              	DB	-1
   242 00000016 FF                              	DB	-1
   243 00000017 FF                              	DB	-1
   244 00000018 C6                              	DB	-58
   245 00000019 C6                              	DB	-58
   246 0000001A C6                              	DB	-58
   247 0000001B 84                              	DB	-124
   248 0000001C 00                              	DB	0
   249 0000001D 00                              	DB	0
   250 0000001E 00                              	DB	0
   251 0000001F 84                              	DB	-124
   252 00000020 00                              	DB	0
   253 00000021 84                              	DB	-124
   254 00000022 84                              	DB	-124
   255 00000023 00                              	DB	0
   256 00000024 00                              	DB	0
   257 00000025 00                              	DB	0
   258 00000026 84                              	DB	-124
   259 00000027 84                              	DB	-124
   260 00000028 00                              	DB	0
   261 00000029 84                              	DB	-124
   262 0000002A 00                              	DB	0
   263 0000002B 84                              	DB	-124
   264 0000002C 84                              	DB	-124
   265 0000002D 84                              	DB	-124
   266 0000002E 84                              	DB	-124
   267 0000002F 84                              	DB	-124
   268                                          [SECTION .text]
   269 000001E3                                 	GLOBAL	_init_palette
   270 000001E3                                 _init_palette:
   271 000001E3 55                              	PUSH	EBP
   272 000001E4 89 E5                           	MOV	EBP,ESP
   273 000001E6 68 [00000000]                   	PUSH	_table_rgb.0
   274 000001EB 6A 0F                           	PUSH	15
   275 000001ED 6A 00                           	PUSH	0
   276 000001EF E8 00000002                     	CALL	_set_palette
   277 000001F4 C9                              	LEAVE
   278 000001F5 C3                              	RET
   279 000001F6                                 	GLOBAL	_set_palette
   280 000001F6                                 _set_palette:
   281 000001F6 55                              	PUSH	EBP
   282 000001F7 89 E5                           	MOV	EBP,ESP
   283 000001F9 57                              	PUSH	EDI
   284 000001FA 56                              	PUSH	ESI
   285 000001FB 53                              	PUSH	EBX
   286 000001FC 51                              	PUSH	ECX
   287 000001FD 8B 5D 08                        	MOV	EBX,DWORD [8+EBP]
   288 00000200 8B 7D 0C                        	MOV	EDI,DWORD [12+EBP]
   289 00000203 8B 75 10                        	MOV	ESI,DWORD [16+EBP]
   290 00000206 E8 [00000000]                   	CALL	_io_load_eflags
   291 0000020B 89 45 F0                        	MOV	DWORD [-16+EBP],EAX
   292 0000020E E8 [00000000]                   	CALL	_io_cli
   293 00000213 53                              	PUSH	EBX
   294 00000214 68 000003C8                     	PUSH	968
   295 00000219 E8 [00000000]                   	CALL	_io_out8
   296 0000021E 39 FB                           	CMP	EBX,EDI
   297 00000220 58                              	POP	EAX
   298 00000221 5A                              	POP	EDX
   299 00000222 7E 12                           	JLE	L27
   300 00000224                                 L29:
   301 00000224 8B 45 F0                        	MOV	EAX,DWORD [-16+EBP]
   302 00000227 89 45 08                        	MOV	DWORD [8+EBP],EAX
   303 0000022A 8D 65 F4                        	LEA	ESP,DWORD [-12+EBP]
   304 0000022D 5B                              	POP	EBX
   305 0000022E 5E                              	POP	ESI
   306 0000022F 5F                              	POP	EDI
   307 00000230 5D                              	POP	EBP
   308 00000231 E9 [00000000]                   	JMP	_io_store_eflags
   309 00000236                                 L27:
   310 00000236 8A 06                           	MOV	AL,BYTE [ESI]
   311 00000238 43                              	INC	EBX
   312 00000239 C0 E8 02                        	SHR	AL,2
   313 0000023C 0F B6 C0                        	MOVZX	EAX,AL
   314 0000023F 50                              	PUSH	EAX
   315 00000240 68 000003C9                     	PUSH	969
   316 00000245 E8 [00000000]                   	CALL	_io_out8
   317 0000024A 8A 46 01                        	MOV	AL,BYTE [1+ESI]
   318 0000024D C0 E8 02                        	SHR	AL,2
   319 00000250 0F B6 C0                        	MOVZX	EAX,AL
   320 00000253 50                              	PUSH	EAX
   321 00000254 68 000003C9                     	PUSH	969
   322 00000259 E8 [00000000]                   	CALL	_io_out8
   323 0000025E 8A 46 02                        	MOV	AL,BYTE [2+ESI]
   324 00000261 C0 E8 02                        	SHR	AL,2
   325 00000264 83 C6 03                        	ADD	ESI,3
   326 00000267 0F B6 C0                        	MOVZX	EAX,AL
   327 0000026A 50                              	PUSH	EAX
   328 0000026B 68 000003C9                     	PUSH	969
   329 00000270 E8 [00000000]                   	CALL	_io_out8
   330 00000275 83 C4 18                        	ADD	ESP,24
   331 00000278 39 FB                           	CMP	EBX,EDI
   332 0000027A 7E BA                           	JLE	L27
   333 0000027C EB A6                           	JMP	L29
