     1 00000000                                 [FORMAT "WCOFF"]
     2 00000000                                 [INSTRSET "i486p"]
     3 00000000                                 [OPTIMIZE 1]
     4 00000000                                 [OPTION 1]
     5 00000000                                 [BITS 32]
     6 00000000                                 	EXTERN	_io_hlt
     7 00000000                                 	EXTERN	_io_load_eflags
     8 00000000                                 	EXTERN	_io_cli
     9 00000000                                 	EXTERN	_io_out8
    10 00000000                                 	EXTERN	_io_store_eflags
    11 00000000                                 [FILE "bootpack.c"]
    12                                          [SECTION .text]
    13 00000000                                 	GLOBAL	_HariMain
    14 00000000                                 _HariMain:
    15 00000000 55                              	PUSH	EBP
    16 00000001 89 E5                           	MOV	EBP,ESP
    17 00000003 E8 000000B5                     	CALL	_init_palette
    18 00000008 6A 78                           	PUSH	120
    19 0000000A 6A 78                           	PUSH	120
    20 0000000C 6A 14                           	PUSH	20
    21 0000000E 6A 14                           	PUSH	20
    22 00000010 6A 01                           	PUSH	1
    23 00000012 68 00000140                     	PUSH	320
    24 00000017 68 000A0000                     	PUSH	655360
    25 0000001C E8 0000004B                     	CALL	_boxfill8
    26 00000021 68 00000096                     	PUSH	150
    27 00000026 68 000000AA                     	PUSH	170
    28 0000002B 6A 32                           	PUSH	50
    29 0000002D 6A 46                           	PUSH	70
    30 0000002F 6A 02                           	PUSH	2
    31 00000031 68 00000140                     	PUSH	320
    32 00000036 68 000A0000                     	PUSH	655360
    33 0000003B E8 0000002C                     	CALL	_boxfill8
    34 00000040 83 C4 38                        	ADD	ESP,56
    35 00000043 68 000000B4                     	PUSH	180
    36 00000048 68 000000DC                     	PUSH	220
    37 0000004D 6A 50                           	PUSH	80
    38 0000004F 6A 78                           	PUSH	120
    39 00000051 6A 04                           	PUSH	4
    40 00000053 68 00000140                     	PUSH	320
    41 00000058 68 000A0000                     	PUSH	655360
    42 0000005D E8 0000000A                     	CALL	_boxfill8
    43 00000062 83 C4 1C                        	ADD	ESP,28
    44 00000065                                 L2:
    45 00000065 E8 [00000000]                   	CALL	_io_hlt
    46 0000006A EB F9                           	JMP	L2
    47 0000006C                                 	GLOBAL	_boxfill8
    48 0000006C                                 _boxfill8:
    49 0000006C 55                              	PUSH	EBP
    50 0000006D 89 E5                           	MOV	EBP,ESP
    51 0000006F 57                              	PUSH	EDI
    52 00000070 56                              	PUSH	ESI
    53 00000071 53                              	PUSH	EBX
    54 00000072 51                              	PUSH	ECX
    55 00000073 51                              	PUSH	ECX
    56 00000074 8A 45 10                        	MOV	AL,BYTE [16+EBP]
    57 00000077 8B 4D 18                        	MOV	ECX,DWORD [24+EBP]
    58 0000007A 8B 7D 1C                        	MOV	EDI,DWORD [28+EBP]
    59 0000007D 88 45 F3                        	MOV	BYTE [-13+EBP],AL
    60 00000080 3B 4D 20                        	CMP	ECX,DWORD [32+EBP]
    61 00000083 7F 31                           	JG	L17
    62 00000085 8B 5D 0C                        	MOV	EBX,DWORD [12+EBP]
    63 00000088 0F AF D9                        	IMUL	EBX,ECX
    64 0000008B                                 L15:
    65 0000008B 8B 55 14                        	MOV	EDX,DWORD [20+EBP]
    66 0000008E 39 FA                           	CMP	EDX,EDI
    67 00000090 7F 1B                           	JG	L19
    68 00000092 8B 75 08                        	MOV	ESI,DWORD [8+EBP]
    69 00000095 01 DE                           	ADD	ESI,EBX
    70 00000097 01 D6                           	ADD	ESI,EDX
    71 00000099 89 75 EC                        	MOV	DWORD [-20+EBP],ESI
    72 0000009C                                 L14:
    73 0000009C 8B 75 EC                        	MOV	ESI,DWORD [-20+EBP]
    74 0000009F 8A 45 F3                        	MOV	AL,BYTE [-13+EBP]
    75 000000A2 42                              	INC	EDX
    76 000000A3 88 06                           	MOV	BYTE [ESI],AL
    77 000000A5 46                              	INC	ESI
    78 000000A6 89 75 EC                        	MOV	DWORD [-20+EBP],ESI
    79 000000A9 39 FA                           	CMP	EDX,EDI
    80 000000AB 7E EF                           	JLE	L14
    81 000000AD                                 L19:
    82 000000AD 41                              	INC	ECX
    83 000000AE 03 5D 0C                        	ADD	EBX,DWORD [12+EBP]
    84 000000B1 3B 4D 20                        	CMP	ECX,DWORD [32+EBP]
    85 000000B4 7E D5                           	JLE	L15
    86 000000B6                                 L17:
    87 000000B6 58                              	POP	EAX
    88 000000B7 5A                              	POP	EDX
    89 000000B8 5B                              	POP	EBX
    90 000000B9 5E                              	POP	ESI
    91 000000BA 5F                              	POP	EDI
    92 000000BB 5D                              	POP	EBP
    93 000000BC C3                              	RET
    94                                          [SECTION .data]
    95 00000000                                 _table_rgb.0:
    96 00000000 00                              	DB	0
    97 00000001 00                              	DB	0
    98 00000002 00                              	DB	0
    99 00000003 FF                              	DB	-1
   100 00000004 00                              	DB	0
   101 00000005 00                              	DB	0
   102 00000006 00                              	DB	0
   103 00000007 FF                              	DB	-1
   104 00000008 00                              	DB	0
   105 00000009 FF                              	DB	-1
   106 0000000A FF                              	DB	-1
   107 0000000B 00                              	DB	0
   108 0000000C 00                              	DB	0
   109 0000000D 00                              	DB	0
   110 0000000E FF                              	DB	-1
   111 0000000F FF                              	DB	-1
   112 00000010 00                              	DB	0
   113 00000011 FF                              	DB	-1
   114 00000012 00                              	DB	0
   115 00000013 FF                              	DB	-1
   116 00000014 FF                              	DB	-1
   117 00000015 FF                              	DB	-1
   118 00000016 FF                              	DB	-1
   119 00000017 FF                              	DB	-1
   120 00000018 C6                              	DB	-58
   121 00000019 C6                              	DB	-58
   122 0000001A C6                              	DB	-58
   123 0000001B 84                              	DB	-124
   124 0000001C 00                              	DB	0
   125 0000001D 00                              	DB	0
   126 0000001E 00                              	DB	0
   127 0000001F 84                              	DB	-124
   128 00000020 00                              	DB	0
   129 00000021 84                              	DB	-124
   130 00000022 84                              	DB	-124
   131 00000023 00                              	DB	0
   132 00000024 00                              	DB	0
   133 00000025 00                              	DB	0
   134 00000026 84                              	DB	-124
   135 00000027 84                              	DB	-124
   136 00000028 00                              	DB	0
   137 00000029 84                              	DB	-124
   138 0000002A 00                              	DB	0
   139 0000002B 84                              	DB	-124
   140 0000002C 84                              	DB	-124
   141 0000002D 84                              	DB	-124
   142 0000002E 84                              	DB	-124
   143 0000002F 84                              	DB	-124
   144                                          [SECTION .text]
   145 000000BD                                 	GLOBAL	_init_palette
   146 000000BD                                 _init_palette:
   147 000000BD 55                              	PUSH	EBP
   148 000000BE 89 E5                           	MOV	EBP,ESP
   149 000000C0 68 [00000000]                   	PUSH	_table_rgb.0
   150 000000C5 6A 0F                           	PUSH	15
   151 000000C7 6A 00                           	PUSH	0
   152 000000C9 E8 00000002                     	CALL	_set_palette
   153 000000CE C9                              	LEAVE
   154 000000CF C3                              	RET
   155 000000D0                                 	GLOBAL	_set_palette
   156 000000D0                                 _set_palette:
   157 000000D0 55                              	PUSH	EBP
   158 000000D1 89 E5                           	MOV	EBP,ESP
   159 000000D3 57                              	PUSH	EDI
   160 000000D4 56                              	PUSH	ESI
   161 000000D5 53                              	PUSH	EBX
   162 000000D6 51                              	PUSH	ECX
   163 000000D7 8B 5D 08                        	MOV	EBX,DWORD [8+EBP]
   164 000000DA 8B 7D 0C                        	MOV	EDI,DWORD [12+EBP]
   165 000000DD 8B 75 10                        	MOV	ESI,DWORD [16+EBP]
   166 000000E0 E8 [00000000]                   	CALL	_io_load_eflags
   167 000000E5 89 45 F0                        	MOV	DWORD [-16+EBP],EAX
   168 000000E8 E8 [00000000]                   	CALL	_io_cli
   169 000000ED 53                              	PUSH	EBX
   170 000000EE 68 000003C8                     	PUSH	968
   171 000000F3 E8 [00000000]                   	CALL	_io_out8
   172 000000F8 39 FB                           	CMP	EBX,EDI
   173 000000FA 58                              	POP	EAX
   174 000000FB 5A                              	POP	EDX
   175 000000FC 7E 12                           	JLE	L26
   176 000000FE                                 L28:
   177 000000FE 8B 45 F0                        	MOV	EAX,DWORD [-16+EBP]
   178 00000101 89 45 08                        	MOV	DWORD [8+EBP],EAX
   179 00000104 8D 65 F4                        	LEA	ESP,DWORD [-12+EBP]
   180 00000107 5B                              	POP	EBX
   181 00000108 5E                              	POP	ESI
   182 00000109 5F                              	POP	EDI
   183 0000010A 5D                              	POP	EBP
   184 0000010B E9 [00000000]                   	JMP	_io_store_eflags
   185 00000110                                 L26:
   186 00000110 8A 06                           	MOV	AL,BYTE [ESI]
   187 00000112 43                              	INC	EBX
   188 00000113 C0 E8 02                        	SHR	AL,2
   189 00000116 0F B6 C0                        	MOVZX	EAX,AL
   190 00000119 50                              	PUSH	EAX
   191 0000011A 68 000003C9                     	PUSH	969
   192 0000011F E8 [00000000]                   	CALL	_io_out8
   193 00000124 8A 46 01                        	MOV	AL,BYTE [1+ESI]
   194 00000127 C0 E8 02                        	SHR	AL,2
   195 0000012A 0F B6 C0                        	MOVZX	EAX,AL
   196 0000012D 50                              	PUSH	EAX
   197 0000012E 68 000003C9                     	PUSH	969
   198 00000133 E8 [00000000]                   	CALL	_io_out8
   199 00000138 8A 46 02                        	MOV	AL,BYTE [2+ESI]
   200 0000013B C0 E8 02                        	SHR	AL,2
   201 0000013E 83 C6 03                        	ADD	ESI,3
   202 00000141 0F B6 C0                        	MOVZX	EAX,AL
   203 00000144 50                              	PUSH	EAX
   204 00000145 68 000003C9                     	PUSH	969
   205 0000014A E8 [00000000]                   	CALL	_io_out8
   206 0000014F 83 C4 18                        	ADD	ESP,24
   207 00000152 39 FB                           	CMP	EBX,EDI
   208 00000154 7E BA                           	JLE	L26
   209 00000156 EB A6                           	JMP	L28
