     1 00000000                                 [FORMAT "WCOFF"]
     2 00000000                                 [INSTRSET "i486p"]
     3 00000000                                 [OPTIMIZE 1]
     4 00000000                                 [OPTION 1]
     5 00000000                                 [BITS 32]
     6 00000000                                 	EXTERN	_init_gdtidt
     7 00000000                                 	EXTERN	_init_pic
     8 00000000                                 	EXTERN	_io_sti
     9 00000000                                 	EXTERN	_init_palette
    10 00000000                                 	EXTERN	_init_screen
    11 00000000                                 	EXTERN	_init_mouse_cursor8
    12 00000000                                 	EXTERN	_io_out8
    13 00000000                                 	EXTERN	_keyfifo
    14 00000000                                 	EXTERN	_fifo8_init
    15 00000000                                 	EXTERN	_init_keyboard
    16 00000000                                 	EXTERN	_mousefifo
    17 00000000                                 	EXTERN	_enable_mouse
    18 00000000                                 	EXTERN	_io_cli
    19 00000000                                 	EXTERN	_fifo8_status
    20 00000000                                 	EXTERN	_fifo8_get
    21 00000000                                 	EXTERN	_mouse_decode
    22 00000000                                 	EXTERN	_sprintf
    23 00000000                                 	EXTERN	_boxfill8
    24 00000000                                 	EXTERN	_putfonts8_asc
    25 00000000                                 	EXTERN	_putblock8_8
    26 00000000                                 	EXTERN	_io_stihlt
    27 00000000                                 [FILE "bootpack.c"]
    28                                          [SECTION .data]
    29 00000000                                 LC1:
    30 00000000 5B 6C 63 72 20 25 34 64 20 25   	DB	"[lcr %4d %4d]",0x00
       0000000A 34 64 5D 00 
    31 0000000E                                 LC2:
    32 0000000E 28 25 33 64 2C 25 33 64 29 00   	DB	"(%3d,%3d)",0x00
    33 00000018                                 LC0:
    34 00000018 25 30 32 78 00                  	DB	"%02x",0x00
    35                                          [SECTION .text]
    36 00000000                                 	GLOBAL	_HariMain
    37 00000000                                 _HariMain:
    38 00000000 55                              	PUSH	EBP
    39 00000001 89 E5                           	MOV	EBP,ESP
    40 00000003 57                              	PUSH	EDI
    41 00000004 56                              	PUSH	ESI
    42 00000005 53                              	PUSH	EBX
    43 00000006 81 EC 000001EC                  	SUB	ESP,492
    44 0000000C 0F BF 05 00000FF6               	MOVSX	EAX,WORD [4086]
    45 00000013 89 85 FFFFFE10                  	MOV	DWORD [-496+EBP],EAX
    46 00000019 8B 3D 00000FF8                  	MOV	EDI,DWORD [4088]
    47 0000001F 0F BF 35 00000FF4               	MOVSX	ESI,WORD [4084]
    48 00000026 E8 [00000000]                   	CALL	_init_gdtidt
    49 0000002B E8 [00000000]                   	CALL	_init_pic
    50 00000030 E8 [00000000]                   	CALL	_io_sti
    51 00000035 E8 [00000000]                   	CALL	_init_palette
    52 0000003A FF B5 FFFFFE10                  	PUSH	DWORD [-496+EBP]
    53 00000040 56                              	PUSH	ESI
    54 00000041 57                              	PUSH	EDI
    55 00000042 E8 [00000000]                   	CALL	_init_screen
    56 00000047 8D 85 FFFFFEC4                  	LEA	EAX,DWORD [-316+EBP]
    57 0000004D 6A 00                           	PUSH	0
    58 0000004F 50                              	PUSH	EAX
    59 00000050 E8 [00000000]                   	CALL	_init_mouse_cursor8
    60 00000055 68 000000F9                     	PUSH	249
    61 0000005A 6A 21                           	PUSH	33
    62 0000005C E8 [00000000]                   	CALL	_io_out8
    63 00000061 68 000000EF                     	PUSH	239
    64 00000066 68 000000A1                     	PUSH	161
    65 0000006B E8 [00000000]                   	CALL	_io_out8
    66 00000070 8D 85 FFFFFEA4                  	LEA	EAX,DWORD [-348+EBP]
    67 00000076 83 C4 24                        	ADD	ESP,36
    68 00000079 50                              	PUSH	EAX
    69 0000007A 6A 20                           	PUSH	32
    70 0000007C 68 [00000000]                   	PUSH	_keyfifo
    71 00000081 E8 [00000000]                   	CALL	_fifo8_init
    72 00000086 E8 [00000000]                   	CALL	_init_keyboard
    73 0000008B 8D 85 FFFFFE24                  	LEA	EAX,DWORD [-476+EBP]
    74 00000091 50                              	PUSH	EAX
    75 00000092 68 00000080                     	PUSH	128
    76 00000097 68 [00000000]                   	PUSH	_mousefifo
    77 0000009C E8 [00000000]                   	CALL	_fifo8_init
    78 000000A1 8D 85 FFFFFE14                  	LEA	EAX,DWORD [-492+EBP]
    79 000000A7 50                              	PUSH	EAX
    80 000000A8 E8 [00000000]                   	CALL	_enable_mouse
    81 000000AD 83 C4 1C                        	ADD	ESP,28
    82 000000B0                                 L2:
    83 000000B0 E8 [00000000]                   	CALL	_io_cli
    84 000000B5 68 [00000000]                   	PUSH	_keyfifo
    85 000000BA E8 [00000000]                   	CALL	_fifo8_status
    86 000000BF 68 [00000000]                   	PUSH	_mousefifo
    87 000000C4 89 C3                           	MOV	EBX,EAX
    88 000000C6 E8 [00000000]                   	CALL	_fifo8_status
    89 000000CB 8D 04 18                        	LEA	EAX,DWORD [EAX+EBX*1]
    90 000000CE 5B                              	POP	EBX
    91 000000CF 5A                              	POP	EDX
    92 000000D0 85 C0                           	TEST	EAX,EAX
    93 000000D2 0F 84 000001FC                  	JE	L18
    94 000000D8 68 [00000000]                   	PUSH	_keyfifo
    95 000000DD E8 [00000000]                   	CALL	_fifo8_status
    96 000000E2 59                              	POP	ECX
    97 000000E3 85 C0                           	TEST	EAX,EAX
    98 000000E5 0F 85 0000019C                  	JNE	L19
    99 000000EB 68 [00000000]                   	PUSH	_mousefifo
   100 000000F0 E8 [00000000]                   	CALL	_fifo8_status
   101 000000F5 5A                              	POP	EDX
   102 000000F6 85 C0                           	TEST	EAX,EAX
   103 000000F8 74 B6                           	JE	L2
   104 000000FA 68 [00000000]                   	PUSH	_mousefifo
   105 000000FF E8 [00000000]                   	CALL	_fifo8_get
   106 00000104 88 C3                           	MOV	BL,AL
   107 00000106 E8 [00000000]                   	CALL	_io_sti
   108 0000010B 0F B6 C3                        	MOVZX	EAX,BL
   109 0000010E 50                              	PUSH	EAX
   110 0000010F 8D 85 FFFFFE14                  	LEA	EAX,DWORD [-492+EBP]
   111 00000115 50                              	PUSH	EAX
   112 00000116 E8 [00000000]                   	CALL	_mouse_decode
   113 0000011B 83 C4 0C                        	ADD	ESP,12
   114 0000011E 85 C0                           	TEST	EAX,EAX
   115 00000120 74 8E                           	JE	L2
   116 00000122 FF B5 FFFFFE1C                  	PUSH	DWORD [-484+EBP]
   117 00000128 FF B5 FFFFFE18                  	PUSH	DWORD [-488+EBP]
   118 0000012E 68 [00000000]                   	PUSH	LC1
   119 00000133 8D 5D C4                        	LEA	EBX,DWORD [-60+EBP]
   120 00000136 53                              	PUSH	EBX
   121 00000137 E8 [00000000]                   	CALL	_sprintf
   122 0000013C 83 C4 10                        	ADD	ESP,16
   123 0000013F 8B 85 FFFFFE20                  	MOV	EAX,DWORD [-480+EBP]
   124 00000145 A9 00000001                     	TEST	EAX,1
   125 0000014A 74 04                           	JE	L11
   126 0000014C C6 45 C5 4C                     	MOV	BYTE [-59+EBP],76
   127 00000150                                 L11:
   128 00000150 A9 00000002                     	TEST	EAX,2
   129 00000155 74 04                           	JE	L12
   130 00000157 C6 45 C7 52                     	MOV	BYTE [-57+EBP],82
   131 0000015B                                 L12:
   132 0000015B 83 E0 04                        	AND	EAX,4
   133 0000015E 74 04                           	JE	L13
   134 00000160 C6 45 C6 43                     	MOV	BYTE [-58+EBP],67
   135 00000164                                 L13:
   136 00000164 6A 1F                           	PUSH	31
   137 00000166 68 00000097                     	PUSH	151
   138 0000016B 6A 10                           	PUSH	16
   139 0000016D 6A 20                           	PUSH	32
   140 0000016F 6A 0E                           	PUSH	14
   141 00000171 56                              	PUSH	ESI
   142 00000172 57                              	PUSH	EDI
   143 00000173 E8 [00000000]                   	CALL	_boxfill8
   144 00000178 53                              	PUSH	EBX
   145 00000179 6A 10                           	PUSH	16
   146 0000017B 6A 20                           	PUSH	32
   147 0000017D 6A 07                           	PUSH	7
   148 0000017F 56                              	PUSH	ESI
   149 00000180 57                              	PUSH	EDI
   150 00000181 E8 [00000000]                   	CALL	_putfonts8_asc
   151 00000186 8B 85 FFFFFE08                  	MOV	EAX,DWORD [-504+EBP]
   152 0000018C 83 C4 34                        	ADD	ESP,52
   153 0000018F 83 C0 0F                        	ADD	EAX,15
   154 00000192 50                              	PUSH	EAX
   155 00000193 8B 85 FFFFFE0C                  	MOV	EAX,DWORD [-500+EBP]
   156 00000199 83 C0 0F                        	ADD	EAX,15
   157 0000019C 50                              	PUSH	EAX
   158 0000019D FF B5 FFFFFE08                  	PUSH	DWORD [-504+EBP]
   159 000001A3 FF B5 FFFFFE0C                  	PUSH	DWORD [-500+EBP]
   160 000001A9 6A 0E                           	PUSH	14
   161 000001AB 56                              	PUSH	ESI
   162 000001AC 57                              	PUSH	EDI
   163 000001AD E8 [00000000]                   	CALL	_boxfill8
   164 000001B2 83 C4 1C                        	ADD	ESP,28
   165 000001B5 8B 85 FFFFFE1C                  	MOV	EAX,DWORD [-484+EBP]
   166 000001BB 01 85 FFFFFE08                  	ADD	DWORD [-504+EBP],EAX
   167 000001C1 8B 85 FFFFFE18                  	MOV	EAX,DWORD [-488+EBP]
   168 000001C7 01 85 FFFFFE0C                  	ADD	DWORD [-500+EBP],EAX
   169 000001CD 0F 88 000000A5                  	JS	L20
   170 000001D3                                 L14:
   171 000001D3 83 BD FFFFFE08 00               	CMP	DWORD [-504+EBP],0
   172 000001DA 0F 88 00000089                  	JS	L21
   173 000001E0                                 L15:
   174 000001E0 8D 46 F0                        	LEA	EAX,DWORD [-16+ESI]
   175 000001E3 39 85 FFFFFE0C                  	CMP	DWORD [-500+EBP],EAX
   176 000001E9 7E 06                           	JLE	L16
   177 000001EB 89 85 FFFFFE0C                  	MOV	DWORD [-500+EBP],EAX
   178 000001F1                                 L16:
   179 000001F1 8B 85 FFFFFE10                  	MOV	EAX,DWORD [-496+EBP]
   180 000001F7 83 E8 10                        	SUB	EAX,16
   181 000001FA 39 85 FFFFFE08                  	CMP	DWORD [-504+EBP],EAX
   182 00000200 7E 06                           	JLE	L17
   183 00000202 89 85 FFFFFE08                  	MOV	DWORD [-504+EBP],EAX
   184 00000208                                 L17:
   185 00000208 FF B5 FFFFFE08                  	PUSH	DWORD [-504+EBP]
   186 0000020E FF B5 FFFFFE0C                  	PUSH	DWORD [-500+EBP]
   187 00000214 68 [0000000E]                   	PUSH	LC2
   188 00000219 53                              	PUSH	EBX
   189 0000021A E8 [00000000]                   	CALL	_sprintf
   190 0000021F 6A 0F                           	PUSH	15
   191 00000221 6A 4F                           	PUSH	79
   192 00000223 6A 00                           	PUSH	0
   193 00000225 6A 00                           	PUSH	0
   194 00000227 6A 0E                           	PUSH	14
   195 00000229 56                              	PUSH	ESI
   196 0000022A 57                              	PUSH	EDI
   197 0000022B E8 [00000000]                   	CALL	_boxfill8
   198 00000230 83 C4 2C                        	ADD	ESP,44
   199 00000233 53                              	PUSH	EBX
   200 00000234 6A 00                           	PUSH	0
   201 00000236 6A 00                           	PUSH	0
   202 00000238 6A 07                           	PUSH	7
   203 0000023A 56                              	PUSH	ESI
   204 0000023B 57                              	PUSH	EDI
   205 0000023C E8 [00000000]                   	CALL	_putfonts8_asc
   206 00000241 8D 85 FFFFFEC4                  	LEA	EAX,DWORD [-316+EBP]
   207 00000247 6A 10                           	PUSH	16
   208 00000249 50                              	PUSH	EAX
   209 0000024A FF B5 FFFFFE08                  	PUSH	DWORD [-504+EBP]
   210 00000250 FF B5 FFFFFE0C                  	PUSH	DWORD [-500+EBP]
   211 00000256 6A 10                           	PUSH	16
   212 00000258 6A 10                           	PUSH	16
   213 0000025A 56                              	PUSH	ESI
   214 0000025B 57                              	PUSH	EDI
   215 0000025C E8 [00000000]                   	CALL	_putblock8_8
   216 00000261 83 C4 38                        	ADD	ESP,56
   217 00000264 E9 FFFFFE47                     	JMP	L2
   218 00000269                                 L21:
   219 00000269 C7 85 FFFFFE08 00000000         	MOV	DWORD [-504+EBP],0
   220 00000273 E9 FFFFFF68                     	JMP	L15
   221 00000278                                 L20:
   222 00000278 C7 85 FFFFFE0C 00000000         	MOV	DWORD [-500+EBP],0
   223 00000282 E9 FFFFFF4C                     	JMP	L14
   224 00000287                                 L19:
   225 00000287 68 [00000000]                   	PUSH	_keyfifo
   226 0000028C E8 [00000000]                   	CALL	_fifo8_get
   227 00000291 88 C3                           	MOV	BL,AL
   228 00000293 E8 [00000000]                   	CALL	_io_sti
   229 00000298 0F B6 C3                        	MOVZX	EAX,BL
   230 0000029B 50                              	PUSH	EAX
   231 0000029C 8D 5D C4                        	LEA	EBX,DWORD [-60+EBP]
   232 0000029F 68 [00000018]                   	PUSH	LC0
   233 000002A4 53                              	PUSH	EBX
   234 000002A5 E8 [00000000]                   	CALL	_sprintf
   235 000002AA 6A 1F                           	PUSH	31
   236 000002AC 6A 0F                           	PUSH	15
   237 000002AE 6A 10                           	PUSH	16
   238 000002B0 6A 00                           	PUSH	0
   239 000002B2 6A 0E                           	PUSH	14
   240 000002B4 56                              	PUSH	ESI
   241 000002B5 57                              	PUSH	EDI
   242 000002B6 E8 [00000000]                   	CALL	_boxfill8
   243 000002BB 83 C4 2C                        	ADD	ESP,44
   244 000002BE 53                              	PUSH	EBX
   245 000002BF 6A 10                           	PUSH	16
   246 000002C1 6A 00                           	PUSH	0
   247 000002C3 6A 07                           	PUSH	7
   248 000002C5 56                              	PUSH	ESI
   249 000002C6 57                              	PUSH	EDI
   250 000002C7 E8 [00000000]                   	CALL	_putfonts8_asc
   251 000002CC 83 C4 18                        	ADD	ESP,24
   252 000002CF E9 FFFFFDDC                     	JMP	L2
   253 000002D4                                 L18:
   254 000002D4 E8 [00000000]                   	CALL	_io_stihlt
   255 000002D9 E9 FFFFFDD2                     	JMP	L2
