     1 00000000                                 [FORMAT "WCOFF"]
     2 00000000                                 [INSTRSET "i486p"]
     3 00000000                                 [OPTIMIZE 1]
     4 00000000                                 [OPTION 1]
     5 00000000                                 [BITS 32]
     6 00000000                                 	EXTERN	_init_gdtidt
     7 00000000                                 	EXTERN	_init_pic
     8 00000000                                 	EXTERN	_io_sti
     9 00000000                                 	EXTERN	_init_palette
    10 00000000                                 	EXTERN	_init_screen
    11 00000000                                 	EXTERN	_init_mouse_cursor8
    12 00000000                                 	EXTERN	_putblock8_8
    13 00000000                                 	EXTERN	_sprintf
    14 00000000                                 	EXTERN	_putfonts8_asc
    15 00000000                                 	EXTERN	_io_out8
    16 00000000                                 	EXTERN	_keyfifo
    17 00000000                                 	EXTERN	_fifo8_init
    18 00000000                                 	EXTERN	_mousefifo
    19 00000000                                 	EXTERN	_io_cli
    20 00000000                                 	EXTERN	_fifo8_status
    21 00000000                                 	EXTERN	_fifo8_get
    22 00000000                                 	EXTERN	_boxfill8
    23 00000000                                 	EXTERN	_io_stihlt
    24 00000000                                 	EXTERN	_io_in8
    25 00000000                                 [FILE "bootpack.c"]
    26                                          [SECTION .data]
    27 00000000                                 LC0:
    28 00000000 73 63 72 6E 78 20 3D 20 25 64   	DB	"scrnx = %d,scrny= %d",0x00
       0000000A 2C 73 63 72 6E 79 3D 20 25 64 
       00000014 00 
    29 00000015                                 LC1:
    30 00000015 25 30 32 78 00                  	DB	"%02x",0x00
    31                                          [SECTION .text]
    32 00000000                                 	GLOBAL	_HariMain
    33 00000000                                 _HariMain:
    34 00000000 55                              	PUSH	EBP
    35 00000001 89 E5                           	MOV	EBP,ESP
    36 00000003 57                              	PUSH	EDI
    37 00000004 56                              	PUSH	ESI
    38 00000005 53                              	PUSH	EBX
    39 00000006 8D 9D FFFFFEC4                  	LEA	EBX,DWORD [-316+EBP]
    40 0000000C 81 EC 000001D8                  	SUB	ESP,472
    41 00000012 A1 00000FF8                     	MOV	EAX,DWORD [4088]
    42 00000017 0F BF 35 00000FF6               	MOVSX	ESI,WORD [4086]
    43 0000001E 89 85 FFFFFE20                  	MOV	DWORD [-480+EBP],EAX
    44 00000024 0F BF 3D 00000FF4               	MOVSX	EDI,WORD [4084]
    45 0000002B E8 [00000000]                   	CALL	_init_gdtidt
    46 00000030 E8 [00000000]                   	CALL	_init_pic
    47 00000035 E8 [00000000]                   	CALL	_io_sti
    48 0000003A E8 [00000000]                   	CALL	_init_palette
    49 0000003F 56                              	PUSH	ESI
    50 00000040 57                              	PUSH	EDI
    51 00000041 FF B5 FFFFFE20                  	PUSH	DWORD [-480+EBP]
    52 00000047 E8 [00000000]                   	CALL	_init_screen
    53 0000004C 6A 00                           	PUSH	0
    54 0000004E 53                              	PUSH	EBX
    55 0000004F E8 [00000000]                   	CALL	_init_mouse_cursor8
    56 00000054 89 F0                           	MOV	EAX,ESI
    57 00000056 6A 10                           	PUSH	16
    58 00000058 53                              	PUSH	EBX
    59 00000059 BB 00000002                     	MOV	EBX,2
    60 0000005E 99                              	CDQ
    61 0000005F F7 FB                           	IDIV	EBX
    62 00000061 50                              	PUSH	EAX
    63 00000062 89 F8                           	MOV	EAX,EDI
    64 00000064 99                              	CDQ
    65 00000065 F7 FB                           	IDIV	EBX
    66 00000067 50                              	PUSH	EAX
    67 00000068 8D 5D C4                        	LEA	EBX,DWORD [-60+EBP]
    68 0000006B 6A 10                           	PUSH	16
    69 0000006D 6A 10                           	PUSH	16
    70 0000006F 57                              	PUSH	EDI
    71 00000070 FF B5 FFFFFE20                  	PUSH	DWORD [-480+EBP]
    72 00000076 E8 [00000000]                   	CALL	_putblock8_8
    73 0000007B 83 C4 34                        	ADD	ESP,52
    74 0000007E 56                              	PUSH	ESI
    75 0000007F 57                              	PUSH	EDI
    76 00000080 68 [00000000]                   	PUSH	LC0
    77 00000085 53                              	PUSH	EBX
    78 00000086 E8 [00000000]                   	CALL	_sprintf
    79 0000008B 53                              	PUSH	EBX
    80 0000008C 6A 00                           	PUSH	0
    81 0000008E 6A 00                           	PUSH	0
    82 00000090 6A 06                           	PUSH	6
    83 00000092 57                              	PUSH	EDI
    84 00000093 FF B5 FFFFFE20                  	PUSH	DWORD [-480+EBP]
    85 00000099 E8 [00000000]                   	CALL	_putfonts8_asc
    86 0000009E 83 C4 28                        	ADD	ESP,40
    87 000000A1 68 000000F9                     	PUSH	249
    88 000000A6 6A 21                           	PUSH	33
    89 000000A8 E8 [00000000]                   	CALL	_io_out8
    90 000000AD 68 000000EF                     	PUSH	239
    91 000000B2 68 000000A1                     	PUSH	161
    92 000000B7 E8 [00000000]                   	CALL	_io_out8
    93 000000BC 8D 85 FFFFFEA4                  	LEA	EAX,DWORD [-348+EBP]
    94 000000C2 50                              	PUSH	EAX
    95 000000C3 6A 20                           	PUSH	32
    96 000000C5 68 [00000000]                   	PUSH	_keyfifo
    97 000000CA E8 [00000000]                   	CALL	_fifo8_init
    98 000000CF 8D 85 FFFFFE24                  	LEA	EAX,DWORD [-476+EBP]
    99 000000D5 50                              	PUSH	EAX
   100 000000D6 68 00000080                     	PUSH	128
   101 000000DB 68 [00000000]                   	PUSH	_mousefifo
   102 000000E0 E8 [00000000]                   	CALL	_fifo8_init
   103 000000E5 83 C4 28                        	ADD	ESP,40
   104 000000E8 E8 00000103                     	CALL	_init_keyboard
   105 000000ED E8 0000011F                     	CALL	_enable_mouse
   106 000000F2                                 L2:
   107 000000F2 E8 [00000000]                   	CALL	_io_cli
   108 000000F7 68 [00000000]                   	PUSH	_keyfifo
   109 000000FC E8 [00000000]                   	CALL	_fifo8_status
   110 00000101 68 [00000000]                   	PUSH	_mousefifo
   111 00000106 89 C3                           	MOV	EBX,EAX
   112 00000108 E8 [00000000]                   	CALL	_fifo8_status
   113 0000010D 8D 04 18                        	LEA	EAX,DWORD [EAX+EBX*1]
   114 00000110 5B                              	POP	EBX
   115 00000111 5E                              	POP	ESI
   116 00000112 85 C0                           	TEST	EAX,EAX
   117 00000114 0F 84 000000B8                  	JE	L11
   118 0000011A 68 [00000000]                   	PUSH	_keyfifo
   119 0000011F E8 [00000000]                   	CALL	_fifo8_status
   120 00000124 59                              	POP	ECX
   121 00000125 85 C0                           	TEST	EAX,EAX
   122 00000127 75 66                           	JNE	L12
   123 00000129 68 [00000000]                   	PUSH	_mousefifo
   124 0000012E E8 [00000000]                   	CALL	_fifo8_status
   125 00000133 5A                              	POP	EDX
   126 00000134 85 C0                           	TEST	EAX,EAX
   127 00000136 74 BA                           	JE	L2
   128 00000138 68 [00000000]                   	PUSH	_mousefifo
   129 0000013D E8 [00000000]                   	CALL	_fifo8_get
   130 00000142 88 C3                           	MOV	BL,AL
   131 00000144 E8 [00000000]                   	CALL	_io_sti
   132 00000149 0F B6 C3                        	MOVZX	EAX,BL
   133 0000014C 50                              	PUSH	EAX
   134 0000014D 8D 5D C4                        	LEA	EBX,DWORD [-60+EBP]
   135 00000150 68 [00000015]                   	PUSH	LC1
   136 00000155 53                              	PUSH	EBX
   137 00000156 E8 [00000000]                   	CALL	_sprintf
   138 0000015B 6A 1F                           	PUSH	31
   139 0000015D 6A 2F                           	PUSH	47
   140 0000015F 6A 10                           	PUSH	16
   141 00000161 6A 20                           	PUSH	32
   142 00000163 6A 0E                           	PUSH	14
   143 00000165 57                              	PUSH	EDI
   144 00000166 FF B5 FFFFFE20                  	PUSH	DWORD [-480+EBP]
   145 0000016C E8 [00000000]                   	CALL	_boxfill8
   146 00000171 83 C4 2C                        	ADD	ESP,44
   147 00000174 53                              	PUSH	EBX
   148 00000175 6A 10                           	PUSH	16
   149 00000177 6A 20                           	PUSH	32
   150 00000179                                 L10:
   151 00000179 6A 07                           	PUSH	7
   152 0000017B 57                              	PUSH	EDI
   153 0000017C FF B5 FFFFFE20                  	PUSH	DWORD [-480+EBP]
   154 00000182 E8 [00000000]                   	CALL	_putfonts8_asc
   155 00000187 83 C4 18                        	ADD	ESP,24
   156 0000018A E9 FFFFFF63                     	JMP	L2
   157 0000018F                                 L12:
   158 0000018F 68 [00000000]                   	PUSH	_keyfifo
   159 00000194 E8 [00000000]                   	CALL	_fifo8_get
   160 00000199 88 C3                           	MOV	BL,AL
   161 0000019B E8 [00000000]                   	CALL	_io_sti
   162 000001A0 0F B6 C3                        	MOVZX	EAX,BL
   163 000001A3 50                              	PUSH	EAX
   164 000001A4 8D 5D C4                        	LEA	EBX,DWORD [-60+EBP]
   165 000001A7 68 [00000015]                   	PUSH	LC1
   166 000001AC 53                              	PUSH	EBX
   167 000001AD E8 [00000000]                   	CALL	_sprintf
   168 000001B2 6A 1F                           	PUSH	31
   169 000001B4 6A 0F                           	PUSH	15
   170 000001B6 6A 10                           	PUSH	16
   171 000001B8 6A 00                           	PUSH	0
   172 000001BA 6A 0E                           	PUSH	14
   173 000001BC 57                              	PUSH	EDI
   174 000001BD FF B5 FFFFFE20                  	PUSH	DWORD [-480+EBP]
   175 000001C3 E8 [00000000]                   	CALL	_boxfill8
   176 000001C8 83 C4 2C                        	ADD	ESP,44
   177 000001CB 53                              	PUSH	EBX
   178 000001CC 6A 10                           	PUSH	16
   179 000001CE 6A 00                           	PUSH	0
   180 000001D0 EB A7                           	JMP	L10
   181 000001D2                                 L11:
   182 000001D2 E8 [00000000]                   	CALL	_io_stihlt
   183 000001D7 E9 FFFFFF16                     	JMP	L2
   184 000001DC                                 	GLOBAL	_wait_KBC_sendready
   185 000001DC                                 _wait_KBC_sendready:
   186 000001DC 55                              	PUSH	EBP
   187 000001DD 89 E5                           	MOV	EBP,ESP
   188 000001DF                                 L14:
   189 000001DF 6A 64                           	PUSH	100
   190 000001E1 E8 [00000000]                   	CALL	_io_in8
   191 000001E6 5A                              	POP	EDX
   192 000001E7 83 E0 02                        	AND	EAX,2
   193 000001EA 84 C0                           	TEST	AL,AL
   194 000001EC 75 F1                           	JNE	L14
   195 000001EE C9                              	LEAVE
   196 000001EF C3                              	RET
   197 000001F0                                 	GLOBAL	_init_keyboard
   198 000001F0                                 _init_keyboard:
   199 000001F0 55                              	PUSH	EBP
   200 000001F1 89 E5                           	MOV	EBP,ESP
   201 000001F3 E8 FFFFFFE4                     	CALL	_wait_KBC_sendready
   202 000001F8 6A 60                           	PUSH	96
   203 000001FA 6A 64                           	PUSH	100
   204 000001FC E8 [00000000]                   	CALL	_io_out8
   205 00000201 E8 FFFFFFD6                     	CALL	_wait_KBC_sendready
   206 00000206 6A 47                           	PUSH	71
   207 00000208 6A 60                           	PUSH	96
   208 0000020A E8 [00000000]                   	CALL	_io_out8
   209 0000020F C9                              	LEAVE
   210 00000210 C3                              	RET
   211 00000211                                 	GLOBAL	_enable_mouse
   212 00000211                                 _enable_mouse:
   213 00000211 55                              	PUSH	EBP
   214 00000212 89 E5                           	MOV	EBP,ESP
   215 00000214 E8 FFFFFFC3                     	CALL	_wait_KBC_sendready
   216 00000219 68 000000D4                     	PUSH	212
   217 0000021E 6A 64                           	PUSH	100
   218 00000220 E8 [00000000]                   	CALL	_io_out8
   219 00000225 E8 FFFFFFB2                     	CALL	_wait_KBC_sendready
   220 0000022A 68 000000F4                     	PUSH	244
   221 0000022F 6A 60                           	PUSH	96
   222 00000231 E8 [00000000]                   	CALL	_io_out8
   223 00000236 C9                              	LEAVE
   224 00000237 C3                              	RET
