     1 00000000                                 [FORMAT "WCOFF"]
     2 00000000                                 [INSTRSET "i486p"]
     3 00000000                                 [OPTIMIZE 1]
     4 00000000                                 [OPTION 1]
     5 00000000                                 [BITS 32]
     6 00000000                                 	EXTERN	_init_gdtidt
     7 00000000                                 	EXTERN	_init_pic
     8 00000000                                 	EXTERN	_io_sti
     9 00000000                                 	EXTERN	_fifo32_init
    10 00000000                                 	EXTERN	_init_pit
    11 00000000                                 	EXTERN	_init_keyboard
    12 00000000                                 	EXTERN	_enable_mouse
    13 00000000                                 	EXTERN	_io_out8
    14 00000000                                 	EXTERN	_timer_alloc
    15 00000000                                 	EXTERN	_timer_init
    16 00000000                                 	EXTERN	_timer_settime
    17 00000000                                 	EXTERN	_memtest
    18 00000000                                 	EXTERN	_memman_init
    19 00000000                                 	EXTERN	_memman_free
    20 00000000                                 	EXTERN	_init_palette
    21 00000000                                 	EXTERN	_shtctl_init
    22 00000000                                 	EXTERN	_sheet_alloc
    23 00000000                                 	EXTERN	_memman_alloc_4k
    24 00000000                                 	EXTERN	_sheet_setbuf
    25 00000000                                 	EXTERN	_init_screen
    26 00000000                                 	EXTERN	_init_mouse_cursor8
    27 00000000                                 	EXTERN	_putfonts8_asc
    28 00000000                                 	EXTERN	_sheet_slide
    29 00000000                                 	EXTERN	_sheet_updown
    30 00000000                                 	EXTERN	_sprintf
    31 00000000                                 	EXTERN	_memman_total
    32 00000000                                 	EXTERN	_sheet_refresh
    33 00000000                                 	EXTERN	_io_cli
    34 00000000                                 	EXTERN	_fifo32_status
    35 00000000                                 	EXTERN	_fifo32_get
    36 00000000                                 	EXTERN	_boxfill8
    37 00000000                                 	EXTERN	_putfonts_asc_sht
    38 00000000                                 	EXTERN	_mouse_decode
    39 00000000                                 	EXTERN	_keytable.0
    40 00000000                                 	EXTERN	_io_stihlt
    41 00000000                                 [FILE "bootpack.c"]
    42                                          [SECTION .data]
    43 00000000                                 _keytable.0:
    44 00000000 00                              	DB	0
    45 00000001 00                              	DB	0
    46 00000002 31                              	DB	49
    47 00000003 32                              	DB	50
    48 00000004 33                              	DB	51
    49 00000005 34                              	DB	52
    50 00000006 35                              	DB	53
    51 00000007 36                              	DB	54
    52 00000008 37                              	DB	55
    53 00000009 38                              	DB	56
    54 0000000A 39                              	DB	57
    55 0000000B 30                              	DB	48
    56 0000000C 2D                              	DB	45
    57 0000000D 5E                              	DB	94
    58 0000000E 00                              	DB	0
    59 0000000F 00                              	DB	0
    60 00000010 51                              	DB	81
    61 00000011 57                              	DB	87
    62 00000012 45                              	DB	69
    63 00000013 52                              	DB	82
    64 00000014 54                              	DB	84
    65 00000015 59                              	DB	89
    66 00000016 55                              	DB	85
    67 00000017 49                              	DB	73
    68 00000018 4F                              	DB	79
    69 00000019 50                              	DB	80
    70 0000001A 40                              	DB	64
    71 0000001B 5B                              	DB	91
    72 0000001C 00                              	DB	0
    73 0000001D 00                              	DB	0
    74 0000001E 41                              	DB	65
    75 0000001F 53                              	DB	83
    76 00000020 44                              	DB	68
    77 00000021 46                              	DB	70
    78 00000022 47                              	DB	71
    79 00000023 48                              	DB	72
    80 00000024 4A                              	DB	74
    81 00000025 4B                              	DB	75
    82 00000026 4C                              	DB	76
    83 00000027 3B                              	DB	59
    84 00000028 3A                              	DB	58
    85 00000029 00                              	DB	0
    86 0000002A 00                              	DB	0
    87 0000002B 5D                              	DB	93
    88 0000002C 5A                              	DB	90
    89 0000002D 58                              	DB	88
    90 0000002E 43                              	DB	67
    91 0000002F 56                              	DB	86
    92 00000030 42                              	DB	66
    93 00000031 4E                              	DB	78
    94 00000032 4D                              	DB	77
    95 00000033 2C                              	DB	44
    96 00000034 2E                              	DB	46
    97 00000035 2F                              	DB	47
    98 00000036 00                              	DB	0
    99 00000037 2A                              	DB	42
   100 00000038 00                              	DB	0
   101 00000039 20                              	DB	32
   102 0000003A 00                              	DB	0
   103 0000003B 00                              	DB	0
   104 0000003C 00                              	DB	0
   105 0000003D 00                              	DB	0
   106 0000003E 00                              	DB	0
   107 0000003F 00                              	DB	0
   108 00000040 00                              	DB	0
   109 00000041 00                              	DB	0
   110 00000042 00                              	DB	0
   111 00000043 00                              	DB	0
   112 00000044 00                              	DB	0
   113 00000045 00                              	DB	0
   114 00000046 00                              	DB	0
   115 00000047 37                              	DB	55
   116 00000048 38                              	DB	56
   117 00000049 39                              	DB	57
   118 0000004A 2D                              	DB	45
   119 0000004B 34                              	DB	52
   120 0000004C 35                              	DB	53
   121 0000004D 36                              	DB	54
   122 0000004E 2B                              	DB	43
   123 0000004F 31                              	DB	49
   124 00000050 32                              	DB	50
   125 00000051 33                              	DB	51
   126 00000052 30                              	DB	48
   127 00000053 2E                              	DB	46
   128 00000054                                 LC0:
   129 00000054 77 69 6E 64 6F 77 00            	DB	"window",0x00
   130 0000005B                                 LC1:
   131 0000005B 54 68 69 73 20 4F 53 21 00      	DB	"This OS!",0x00
   132 00000064                                 LC2:
   133 00000064 28 25 33 64 2C 20 25 33 64 29   	DB	"(%3d, %3d)",0x00
       0000006E 00 
   134 0000006F                                 LC3:
   135 0000006F 6D 65 6D 6F 72 79 20 25 64 4D   	DB	"memory %dMB free : %dKB",0x00
       00000079 42 20 66 72 65 65 20 3A 20 25 
       00000083 64 4B 42 00 
   136 00000087                                 LC8:
   137 00000087 33 5B 73 65 63 5D 00            	DB	"3[sec]",0x00
   138 0000008E                                 LC7:
   139 0000008E 31 30 5B 73 65 63 5D 00         	DB	"10[sec]",0x00
   140 00000096                                 LC5:
   141 00000096 5B 6C 63 72 20 25 34 64 20 25   	DB	"[lcr %4d %4d]",0x00
       000000A0 34 64 5D 00 
   142 000000A4                                 LC6:
   143 000000A4 28 25 33 64 2C 25 33 64 29 00   	DB	"(%3d,%3d)",0x00
   144 000000AE                                 LC4:
   145 000000AE 25 30 32 78 00                  	DB	"%02x",0x00
   146                                          [SECTION .text]
   147 00000000                                 	GLOBAL	_HariMain
   148 00000000                                 _HariMain:
   149 00000000 55                              	PUSH	EBP
   150 00000001 89 E5                           	MOV	EBP,ESP
   151 00000003 57                              	PUSH	EDI
   152 00000004 56                              	PUSH	ESI
   153 00000005 53                              	PUSH	EBX
   154 00000006 81 EC 0000036C                  	SUB	ESP,876
   155 0000000C 0F BF 15 00000FF6               	MOVSX	EDX,WORD [4086]
   156 00000013 0F BF 05 00000FF4               	MOVSX	EAX,WORD [4084]
   157 0000001A 89 95 FFFFFCAC                  	MOV	DWORD [-852+EBP],EDX
   158 00000020 89 85 FFFFFCB0                  	MOV	DWORD [-848+EBP],EAX
   159 00000026 8B 35 00000FF8                  	MOV	ESI,DWORD [4088]
   160 0000002C E8 [00000000]                   	CALL	_init_gdtidt
   161 00000031 E8 [00000000]                   	CALL	_init_pic
   162 00000036 E8 [00000000]                   	CALL	_io_sti
   163 0000003B 8D 85 FFFFFDC4                  	LEA	EAX,DWORD [-572+EBP]
   164 00000041 50                              	PUSH	EAX
   165 00000042 68 00000080                     	PUSH	128
   166 00000047 68 [000001A0]                   	PUSH	_fifo
   167 0000004C E8 [00000000]                   	CALL	_fifo32_init
   168 00000051 E8 [00000000]                   	CALL	_init_pit
   169 00000056 68 00000100                     	PUSH	256
   170 0000005B 68 [000001A0]                   	PUSH	_fifo
   171 00000060 E8 [00000000]                   	CALL	_init_keyboard
   172 00000065 8D 85 FFFFFDB4                  	LEA	EAX,DWORD [-588+EBP]
   173 0000006B 50                              	PUSH	EAX
   174 0000006C 68 00000200                     	PUSH	512
   175 00000071 68 [000001A0]                   	PUSH	_fifo
   176 00000076 E8 [00000000]                   	CALL	_enable_mouse
   177 0000007B 83 C4 20                        	ADD	ESP,32
   178 0000007E 68 000000F8                     	PUSH	248
   179 00000083 6A 21                           	PUSH	33
   180 00000085 E8 [00000000]                   	CALL	_io_out8
   181 0000008A 68 000000EF                     	PUSH	239
   182 0000008F 68 000000A1                     	PUSH	161
   183 00000094 E8 [00000000]                   	CALL	_io_out8
   184 00000099 6A 01                           	PUSH	1
   185 0000009B 68 [000001A0]                   	PUSH	_fifo
   186 000000A0 E8 000006CD                     	CALL	_set490
   187 000000A5 E8 [00000000]                   	CALL	_timer_alloc
   188 000000AA 6A 0A                           	PUSH	10
   189 000000AC 68 [000001A0]                   	PUSH	_fifo
   190 000000B1 89 C3                           	MOV	EBX,EAX
   191 000000B3 50                              	PUSH	EAX
   192 000000B4 E8 [00000000]                   	CALL	_timer_init
   193 000000B9 83 C4 24                        	ADD	ESP,36
   194 000000BC 68 000003E8                     	PUSH	1000
   195 000000C1 53                              	PUSH	EBX
   196 000000C2 E8 [00000000]                   	CALL	_timer_settime
   197 000000C7 E8 [00000000]                   	CALL	_timer_alloc
   198 000000CC 6A 03                           	PUSH	3
   199 000000CE 68 [000001A0]                   	PUSH	_fifo
   200 000000D3 89 C3                           	MOV	EBX,EAX
   201 000000D5 50                              	PUSH	EAX
   202 000000D6 E8 [00000000]                   	CALL	_timer_init
   203 000000DB 68 0000012C                     	PUSH	300
   204 000000E0 53                              	PUSH	EBX
   205 000000E1 E8 [00000000]                   	CALL	_timer_settime
   206 000000E6 E8 [00000000]                   	CALL	_timer_alloc
   207 000000EB 6A 01                           	PUSH	1
   208 000000ED 68 [000001A0]                   	PUSH	_fifo
   209 000000F2 50                              	PUSH	EAX
   210 000000F3 89 85 FFFFFCA8                  	MOV	DWORD [-856+EBP],EAX
   211 000000F9 E8 [00000000]                   	CALL	_timer_init
   212 000000FE 83 C4 28                        	ADD	ESP,40
   213 00000101 6A 32                           	PUSH	50
   214 00000103 FF B5 FFFFFCA8                  	PUSH	DWORD [-856+EBP]
   215 00000109 E8 [00000000]                   	CALL	_timer_settime
   216 0000010E 68 BFFFFFFF                     	PUSH	-1073741825
   217 00000113 68 00400000                     	PUSH	4194304
   218 00000118 E8 [00000000]                   	CALL	_memtest
   219 0000011D 68 003C0000                     	PUSH	3932160
   220 00000122 89 85 FFFFFCA0                  	MOV	DWORD [-864+EBP],EAX
   221 00000128 E8 [00000000]                   	CALL	_memman_init
   222 0000012D 68 0009E000                     	PUSH	647168
   223 00000132 68 00001000                     	PUSH	4096
   224 00000137 68 003C0000                     	PUSH	3932160
   225 0000013C E8 [00000000]                   	CALL	_memman_free
   226 00000141 8B 85 FFFFFCA0                  	MOV	EAX,DWORD [-864+EBP]
   227 00000147 83 C4 20                        	ADD	ESP,32
   228 0000014A 2D 00400000                     	SUB	EAX,4194304
   229 0000014F 50                              	PUSH	EAX
   230 00000150 68 00400000                     	PUSH	4194304
   231 00000155 68 003C0000                     	PUSH	3932160
   232 0000015A E8 [00000000]                   	CALL	_memman_free
   233 0000015F E8 [00000000]                   	CALL	_init_palette
   234 00000164 0F BF 05 00000FF6               	MOVSX	EAX,WORD [4086]
   235 0000016B 50                              	PUSH	EAX
   236 0000016C 0F BF 05 00000FF4               	MOVSX	EAX,WORD [4084]
   237 00000173 50                              	PUSH	EAX
   238 00000174 56                              	PUSH	ESI
   239 00000175 8D B5 FFFFFCB4                  	LEA	ESI,DWORD [-844+EBP]
   240 0000017B 68 003C0000                     	PUSH	3932160
   241 00000180 E8 [00000000]                   	CALL	_shtctl_init
   242 00000185 89 C3                           	MOV	EBX,EAX
   243 00000187 50                              	PUSH	EAX
   244 00000188 E8 [00000000]                   	CALL	_sheet_alloc
   245 0000018D 83 C4 20                        	ADD	ESP,32
   246 00000190 53                              	PUSH	EBX
   247 00000191 89 85 FFFFFC9C                  	MOV	DWORD [-868+EBP],EAX
   248 00000197 E8 [00000000]                   	CALL	_sheet_alloc
   249 0000019C 53                              	PUSH	EBX
   250 0000019D 89 85 FFFFFC98                  	MOV	DWORD [-872+EBP],EAX
   251 000001A3 E8 [00000000]                   	CALL	_sheet_alloc
   252 000001A8 0F BF 1D 00000FF6               	MOVSX	EBX,WORD [4086]
   253 000001AF 89 85 FFFFFC94                  	MOV	DWORD [-876+EBP],EAX
   254 000001B5 0F BF 05 00000FF4               	MOVSX	EAX,WORD [4084]
   255 000001BC 0F AF C3                        	IMUL	EAX,EBX
   256 000001BF 50                              	PUSH	EAX
   257 000001C0 68 003C0000                     	PUSH	3932160
   258 000001C5 E8 [00000000]                   	CALL	_memman_alloc_4k
   259 000001CA 68 00002A80                     	PUSH	10880
   260 000001CF 68 003C0000                     	PUSH	3932160
   261 000001D4 89 85 FFFFFC90                  	MOV	DWORD [-880+EBP],EAX
   262 000001DA E8 [00000000]                   	CALL	_memman_alloc_4k
   263 000001DF 6A FF                           	PUSH	-1
   264 000001E1 89 C3                           	MOV	EBX,EAX
   265 000001E3 0F BF 05 00000FF6               	MOVSX	EAX,WORD [4086]
   266 000001EA 50                              	PUSH	EAX
   267 000001EB 0F BF 05 00000FF4               	MOVSX	EAX,WORD [4084]
   268 000001F2 50                              	PUSH	EAX
   269 000001F3 FF B5 FFFFFC90                  	PUSH	DWORD [-880+EBP]
   270 000001F9 FF B5 FFFFFC9C                  	PUSH	DWORD [-868+EBP]
   271 000001FF E8 [00000000]                   	CALL	_sheet_setbuf
   272 00000204 83 C4 2C                        	ADD	ESP,44
   273 00000207 6A 63                           	PUSH	99
   274 00000209 6A 10                           	PUSH	16
   275 0000020B 6A 10                           	PUSH	16
   276 0000020D 56                              	PUSH	ESI
   277 0000020E FF B5 FFFFFC98                  	PUSH	DWORD [-872+EBP]
   278 00000214 E8 [00000000]                   	CALL	_sheet_setbuf
   279 00000219 6A FF                           	PUSH	-1
   280 0000021B 6A 44                           	PUSH	68
   281 0000021D 68 000000A0                     	PUSH	160
   282 00000222 53                              	PUSH	EBX
   283 00000223 FF B5 FFFFFC94                  	PUSH	DWORD [-876+EBP]
   284 00000229 E8 [00000000]                   	CALL	_sheet_setbuf
   285 0000022E 83 C4 28                        	ADD	ESP,40
   286 00000231 0F BF 05 00000FF6               	MOVSX	EAX,WORD [4086]
   287 00000238 50                              	PUSH	EAX
   288 00000239 0F BF 05 00000FF4               	MOVSX	EAX,WORD [4084]
   289 00000240 50                              	PUSH	EAX
   290 00000241 FF B5 FFFFFC90                  	PUSH	DWORD [-880+EBP]
   291 00000247 E8 [00000000]                   	CALL	_init_screen
   292 0000024C 6A 63                           	PUSH	99
   293 0000024E 56                              	PUSH	ESI
   294 0000024F E8 [00000000]                   	CALL	_init_mouse_cursor8
   295 00000254 68 [00000054]                   	PUSH	LC0
   296 00000259 6A 44                           	PUSH	68
   297 0000025B 68 000000A0                     	PUSH	160
   298 00000260 53                              	PUSH	EBX
   299 00000261 E8 000003A0                     	CALL	_make_window
   300 00000266 83 C4 24                        	ADD	ESP,36
   301 00000269 68 [0000005B]                   	PUSH	LC1
   302 0000026E 6A 2C                           	PUSH	44
   303 00000270 6A 18                           	PUSH	24
   304 00000272 6A 00                           	PUSH	0
   305 00000274 68 000000A0                     	PUSH	160
   306 00000279 53                              	PUSH	EBX
   307 0000027A BB 00000002                     	MOV	EBX,2
   308 0000027F E8 [00000000]                   	CALL	_putfonts8_asc
   309 00000284 6A 00                           	PUSH	0
   310 00000286 6A 00                           	PUSH	0
   311 00000288 FF B5 FFFFFC9C                  	PUSH	DWORD [-868+EBP]
   312 0000028E E8 [00000000]                   	CALL	_sheet_slide
   313 00000293 83 C4 24                        	ADD	ESP,36
   314 00000296 0F BF 05 00000FF4               	MOVSX	EAX,WORD [4084]
   315 0000029D 8D 48 F0                        	LEA	ECX,DWORD [-16+EAX]
   316 000002A0 89 C8                           	MOV	EAX,ECX
   317 000002A2 99                              	CDQ
   318 000002A3 F7 FB                           	IDIV	EBX
   319 000002A5 89 85 FFFFFCA4                  	MOV	DWORD [-860+EBP],EAX
   320 000002AB 0F BF 05 00000FF6               	MOVSX	EAX,WORD [4086]
   321 000002B2 8D 48 D4                        	LEA	ECX,DWORD [-44+EAX]
   322 000002B5 89 C8                           	MOV	EAX,ECX
   323 000002B7 99                              	CDQ
   324 000002B8 F7 FB                           	IDIV	EBX
   325 000002BA 50                              	PUSH	EAX
   326 000002BB 89 C7                           	MOV	EDI,EAX
   327 000002BD FF B5 FFFFFCA4                  	PUSH	DWORD [-860+EBP]
   328 000002C3 FF B5 FFFFFC98                  	PUSH	DWORD [-872+EBP]
   329 000002C9 8D 5D C4                        	LEA	EBX,DWORD [-60+EBP]
   330 000002CC E8 [00000000]                   	CALL	_sheet_slide
   331 000002D1 6A 48                           	PUSH	72
   332 000002D3 6A 50                           	PUSH	80
   333 000002D5 FF B5 FFFFFC94                  	PUSH	DWORD [-876+EBP]
   334 000002DB E8 [00000000]                   	CALL	_sheet_slide
   335 000002E0 6A 00                           	PUSH	0
   336 000002E2 FF B5 FFFFFC9C                  	PUSH	DWORD [-868+EBP]
   337 000002E8 E8 [00000000]                   	CALL	_sheet_updown
   338 000002ED 83 C4 20                        	ADD	ESP,32
   339 000002F0 6A 01                           	PUSH	1
   340 000002F2 FF B5 FFFFFC94                  	PUSH	DWORD [-876+EBP]
   341 000002F8 E8 [00000000]                   	CALL	_sheet_updown
   342 000002FD 6A 02                           	PUSH	2
   343 000002FF FF B5 FFFFFC98                  	PUSH	DWORD [-872+EBP]
   344 00000305 E8 [00000000]                   	CALL	_sheet_updown
   345 0000030A 57                              	PUSH	EDI
   346 0000030B FF B5 FFFFFCA4                  	PUSH	DWORD [-860+EBP]
   347 00000311 68 [00000064]                   	PUSH	LC2
   348 00000316 53                              	PUSH	EBX
   349 00000317 E8 [00000000]                   	CALL	_sprintf
   350 0000031C 83 C4 20                        	ADD	ESP,32
   351 0000031F 53                              	PUSH	EBX
   352 00000320 6A 00                           	PUSH	0
   353 00000322 6A 00                           	PUSH	0
   354 00000324 6A 00                           	PUSH	0
   355 00000326 0F BF 05 00000FF4               	MOVSX	EAX,WORD [4084]
   356 0000032D 50                              	PUSH	EAX
   357 0000032E FF B5 FFFFFC90                  	PUSH	DWORD [-880+EBP]
   358 00000334 E8 [00000000]                   	CALL	_putfonts8_asc
   359 00000339 68 003C0000                     	PUSH	3932160
   360 0000033E E8 [00000000]                   	CALL	_memman_total
   361 00000343 C1 AD FFFFFCA0 14               	SHR	DWORD [-864+EBP],20
   362 0000034A C1 E8 0A                        	SHR	EAX,10
   363 0000034D 89 04 24                        	MOV	DWORD [ESP],EAX
   364 00000350 FF B5 FFFFFCA0                  	PUSH	DWORD [-864+EBP]
   365 00000356 68 [0000006F]                   	PUSH	LC3
   366 0000035B 53                              	PUSH	EBX
   367 0000035C E8 [00000000]                   	CALL	_sprintf
   368 00000361 83 C4 28                        	ADD	ESP,40
   369 00000364 53                              	PUSH	EBX
   370 00000365 6A 20                           	PUSH	32
   371 00000367 6A 00                           	PUSH	0
   372 00000369 6A 07                           	PUSH	7
   373 0000036B 0F BF 05 00000FF4               	MOVSX	EAX,WORD [4084]
   374 00000372 50                              	PUSH	EAX
   375 00000373 FF B5 FFFFFC90                  	PUSH	DWORD [-880+EBP]
   376 00000379 E8 [00000000]                   	CALL	_putfonts8_asc
   377 0000037E 6A 30                           	PUSH	48
   378 00000380 FF B5 FFFFFCB0                  	PUSH	DWORD [-848+EBP]
   379 00000386 6A 00                           	PUSH	0
   380 00000388 6A 00                           	PUSH	0
   381 0000038A FF B5 FFFFFC9C                  	PUSH	DWORD [-868+EBP]
   382 00000390 E8 [00000000]                   	CALL	_sheet_refresh
   383 00000395 83 C4 2C                        	ADD	ESP,44
   384 00000398                                 L2:
   385 00000398 E8 [00000000]                   	CALL	_io_cli
   386 0000039D 68 [000001A0]                   	PUSH	_fifo
   387 000003A2 E8 [00000000]                   	CALL	_fifo32_status
   388 000003A7 5A                              	POP	EDX
   389 000003A8 85 C0                           	TEST	EAX,EAX
   390 000003AA 0F 84 0000024C                  	JE	L33
   391 000003B0 68 [000001A0]                   	PUSH	_fifo
   392 000003B5 E8 [00000000]                   	CALL	_fifo32_get
   393 000003BA 89 C3                           	MOV	EBX,EAX
   394 000003BC E8 [00000000]                   	CALL	_io_sti
   395 000003C1 5E                              	POP	ESI
   396 000003C2 8D 83 FFFFFF00                  	LEA	EAX,DWORD [-256+EBX]
   397 000003C8 3D 000000FF                     	CMP	EAX,255
   398 000003CD 0F 86 000001CA                  	JBE	L34
   399 000003D3 8D 83 FFFFFE00                  	LEA	EAX,DWORD [-512+EBX]
   400 000003D9 3D 000000FF                     	CMP	EAX,255
   401 000003DE 0F 86 000000B8                  	JBE	L35
   402 000003E4 83 FB 0A                        	CMP	EBX,10
   403 000003E7 0F 84 000000A0                  	JE	L36
   404 000003ED 83 FB 03                        	CMP	EBX,3
   405 000003F0 74 7F                           	JE	L37
   406 000003F2 83 FB 01                        	CMP	EBX,1
   407 000003F5 74 5C                           	JE	L38
   408 000003F7 85 DB                           	TEST	EBX,EBX
   409 000003F9 75 9D                           	JNE	L2
   410 000003FB 6A 01                           	PUSH	1
   411 000003FD 68 [000001A0]                   	PUSH	_fifo
   412 00000402 FF B5 FFFFFCA8                  	PUSH	DWORD [-856+EBP]
   413 00000408 E8 [00000000]                   	CALL	_timer_init
   414 0000040D 6A 6F                           	PUSH	111
   415 0000040F 6A 0F                           	PUSH	15
   416 00000411 6A 60                           	PUSH	96
   417 00000413 6A 08                           	PUSH	8
   418 00000415 6A 0E                           	PUSH	14
   419 00000417                                 L28:
   420 00000417 FF B5 FFFFFCB0                  	PUSH	DWORD [-848+EBP]
   421 0000041D FF B5 FFFFFC90                  	PUSH	DWORD [-880+EBP]
   422 00000423 E8 [00000000]                   	CALL	_boxfill8
   423 00000428 83 C4 28                        	ADD	ESP,40
   424 0000042B 6A 32                           	PUSH	50
   425 0000042D FF B5 FFFFFCA8                  	PUSH	DWORD [-856+EBP]
   426 00000433 E8 [00000000]                   	CALL	_timer_settime
   427 00000438 6A 70                           	PUSH	112
   428 0000043A 6A 10                           	PUSH	16
   429 0000043C 6A 60                           	PUSH	96
   430 0000043E 6A 08                           	PUSH	8
   431 00000440 FF B5 FFFFFC9C                  	PUSH	DWORD [-868+EBP]
   432 00000446 E8 [00000000]                   	CALL	_sheet_refresh
   433 0000044B                                 L29:
   434 0000044B 83 C4 1C                        	ADD	ESP,28
   435 0000044E E9 FFFFFF45                     	JMP	L2
   436 00000453                                 L38:
   437 00000453 6A 00                           	PUSH	0
   438 00000455 68 [000001A0]                   	PUSH	_fifo
   439 0000045A FF B5 FFFFFCA8                  	PUSH	DWORD [-856+EBP]
   440 00000460 E8 [00000000]                   	CALL	_timer_init
   441 00000465 6A 6F                           	PUSH	111
   442 00000467 6A 0F                           	PUSH	15
   443 00000469 6A 60                           	PUSH	96
   444 0000046B 6A 08                           	PUSH	8
   445 0000046D 6A 07                           	PUSH	7
   446 0000046F EB A6                           	JMP	L28
   447 00000471                                 L37:
   448 00000471 6A 06                           	PUSH	6
   449 00000473 68 [00000087]                   	PUSH	LC8
   450 00000478 6A 0E                           	PUSH	14
   451 0000047A 6A 07                           	PUSH	7
   452 0000047C 6A 50                           	PUSH	80
   453 0000047E                                 L32:
   454 0000047E 6A 00                           	PUSH	0
   455 00000480 FF B5 FFFFFC9C                  	PUSH	DWORD [-868+EBP]
   456 00000486                                 L31:
   457 00000486 E8 [00000000]                   	CALL	_putfonts_asc_sht
   458 0000048B EB BE                           	JMP	L29
   459 0000048D                                 L36:
   460 0000048D 6A 07                           	PUSH	7
   461 0000048F 68 [0000008E]                   	PUSH	LC7
   462 00000494 6A 0E                           	PUSH	14
   463 00000496 6A 07                           	PUSH	7
   464 00000498 6A 40                           	PUSH	64
   465 0000049A EB E2                           	JMP	L32
   466 0000049C                                 L35:
   467 0000049C 50                              	PUSH	EAX
   468 0000049D 8D 85 FFFFFDB4                  	LEA	EAX,DWORD [-588+EBP]
   469 000004A3 50                              	PUSH	EAX
   470 000004A4 E8 [00000000]                   	CALL	_mouse_decode
   471 000004A9 5A                              	POP	EDX
   472 000004AA 59                              	POP	ECX
   473 000004AB 85 C0                           	TEST	EAX,EAX
   474 000004AD 0F 84 FFFFFEE5                  	JE	L2
   475 000004B3 FF B5 FFFFFDBC                  	PUSH	DWORD [-580+EBP]
   476 000004B9 FF B5 FFFFFDB8                  	PUSH	DWORD [-584+EBP]
   477 000004BF 68 [00000096]                   	PUSH	LC5
   478 000004C4 8D 5D C4                        	LEA	EBX,DWORD [-60+EBP]
   479 000004C7 53                              	PUSH	EBX
   480 000004C8 E8 [00000000]                   	CALL	_sprintf
   481 000004CD 83 C4 10                        	ADD	ESP,16
   482 000004D0 8B 85 FFFFFDC0                  	MOV	EAX,DWORD [-576+EBP]
   483 000004D6 A9 00000001                     	TEST	EAX,1
   484 000004DB 74 04                           	JE	L13
   485 000004DD C6 45 C5 4C                     	MOV	BYTE [-59+EBP],76
   486 000004E1                                 L13:
   487 000004E1 A9 00000002                     	TEST	EAX,2
   488 000004E6 74 04                           	JE	L14
   489 000004E8 C6 45 C7 52                     	MOV	BYTE [-57+EBP],82
   490 000004EC                                 L14:
   491 000004EC 83 E0 04                        	AND	EAX,4
   492 000004EF 74 04                           	JE	L15
   493 000004F1 C6 45 C6 43                     	MOV	BYTE [-58+EBP],67
   494 000004F5                                 L15:
   495 000004F5 6A 0F                           	PUSH	15
   496 000004F7 53                              	PUSH	EBX
   497 000004F8 6A 0E                           	PUSH	14
   498 000004FA 6A 07                           	PUSH	7
   499 000004FC 6A 10                           	PUSH	16
   500 000004FE 6A 20                           	PUSH	32
   501 00000500 FF B5 FFFFFC9C                  	PUSH	DWORD [-868+EBP]
   502 00000506 E8 [00000000]                   	CALL	_putfonts_asc_sht
   503 0000050B 8B 85 FFFFFDB8                  	MOV	EAX,DWORD [-584+EBP]
   504 00000511 03 BD FFFFFDBC                  	ADD	EDI,DWORD [-580+EBP]
   505 00000517 83 C4 1C                        	ADD	ESP,28
   506 0000051A 01 85 FFFFFCA4                  	ADD	DWORD [-860+EBP],EAX
   507 00000520 78 6F                           	JS	L39
   508 00000522                                 L16:
   509 00000522 85 FF                           	TEST	EDI,EDI
   510 00000524 78 67                           	JS	L40
   511 00000526                                 L17:
   512 00000526 8B 85 FFFFFCB0                  	MOV	EAX,DWORD [-848+EBP]
   513 0000052C 48                              	DEC	EAX
   514 0000052D 39 85 FFFFFCA4                  	CMP	DWORD [-860+EBP],EAX
   515 00000533 7E 06                           	JLE	L18
   516 00000535 89 85 FFFFFCA4                  	MOV	DWORD [-860+EBP],EAX
   517 0000053B                                 L18:
   518 0000053B 8B 85 FFFFFCAC                  	MOV	EAX,DWORD [-852+EBP]
   519 00000541 48                              	DEC	EAX
   520 00000542 39 C7                           	CMP	EDI,EAX
   521 00000544 7E 02                           	JLE	L19
   522 00000546 89 C7                           	MOV	EDI,EAX
   523 00000548                                 L19:
   524 00000548 57                              	PUSH	EDI
   525 00000549 FF B5 FFFFFCA4                  	PUSH	DWORD [-860+EBP]
   526 0000054F 68 [000000A4]                   	PUSH	LC6
   527 00000554 53                              	PUSH	EBX
   528 00000555 E8 [00000000]                   	CALL	_sprintf
   529 0000055A 6A 0A                           	PUSH	10
   530 0000055C 53                              	PUSH	EBX
   531 0000055D 6A 0E                           	PUSH	14
   532 0000055F 6A 07                           	PUSH	7
   533 00000561 6A 00                           	PUSH	0
   534 00000563 6A 00                           	PUSH	0
   535 00000565 FF B5 FFFFFC9C                  	PUSH	DWORD [-868+EBP]
   536 0000056B E8 [00000000]                   	CALL	_putfonts_asc_sht
   537 00000570 83 C4 2C                        	ADD	ESP,44
   538 00000573 57                              	PUSH	EDI
   539 00000574 FF B5 FFFFFCA4                  	PUSH	DWORD [-860+EBP]
   540 0000057A FF B5 FFFFFC98                  	PUSH	DWORD [-872+EBP]
   541 00000580 E8 [00000000]                   	CALL	_sheet_slide
   542 00000585 83 C4 0C                        	ADD	ESP,12
   543 00000588 E9 FFFFFE0B                     	JMP	L2
   544 0000058D                                 L40:
   545 0000058D 31 FF                           	XOR	EDI,EDI
   546 0000058F EB 95                           	JMP	L17
   547 00000591                                 L39:
   548 00000591 C7 85 FFFFFCA4 00000000         	MOV	DWORD [-860+EBP],0
   549 0000059B EB 85                           	JMP	L16
   550 0000059D                                 L34:
   551 0000059D 50                              	PUSH	EAX
   552 0000059E 8D 75 C4                        	LEA	ESI,DWORD [-60+EBP]
   553 000005A1 68 [000000AE]                   	PUSH	LC4
   554 000005A6 56                              	PUSH	ESI
   555 000005A7 E8 [00000000]                   	CALL	_sprintf
   556 000005AC 6A 02                           	PUSH	2
   557 000005AE 56                              	PUSH	ESI
   558 000005AF 6A 0E                           	PUSH	14
   559 000005B1 6A 07                           	PUSH	7
   560 000005B3 6A 10                           	PUSH	16
   561 000005B5 6A 00                           	PUSH	0
   562 000005B7 FF B5 FFFFFC9C                  	PUSH	DWORD [-868+EBP]
   563 000005BD E8 [00000000]                   	CALL	_putfonts_asc_sht
   564 000005C2 83 C4 28                        	ADD	ESP,40
   565 000005C5 81 FB 00000153                  	CMP	EBX,339
   566 000005CB 0F 8F FFFFFDC7                  	JG	L2
   567 000005D1 8A 83 [FFFFFF00]                	MOV	AL,BYTE [_keytable.0-256+EBX]
   568 000005D7 84 C0                           	TEST	AL,AL
   569 000005D9 0F 84 FFFFFDB9                  	JE	L2
   570 000005DF 6A 01                           	PUSH	1
   571 000005E1 88 45 C4                        	MOV	BYTE [-60+EBP],AL
   572 000005E4 56                              	PUSH	ESI
   573 000005E5 6A 00                           	PUSH	0
   574 000005E7 6A 08                           	PUSH	8
   575 000005E9 6A 1C                           	PUSH	28
   576 000005EB 6A 28                           	PUSH	40
   577 000005ED FF B5 FFFFFC94                  	PUSH	DWORD [-876+EBP]
   578 000005F3 C6 45 C5 00                     	MOV	BYTE [-59+EBP],0
   579 000005F7 E9 FFFFFE8A                     	JMP	L31
   580 000005FC                                 L33:
   581 000005FC E8 [00000000]                   	CALL	_io_stihlt
   582 00000601 E9 FFFFFD92                     	JMP	L2
   583                                          [SECTION .data]
   584 000000B3                                 _closebtn.1:
   585 000000B3 4F 4F 4F 4F 4F 4F 4F 4F 4F 4F   	DB	"OOOOOOOOOOOOOOO@"
       000000BD 4F 4F 4F 4F 4F 40 
   586 000000C3 4F 51 51 51 51 51 51 51 51 51   	DB	"OQQQQQQQQQQQQQ$@"
       000000CD 51 51 51 51 24 40 
   587 000000D3 4F 51 51 51 51 51 51 51 51 51   	DB	"OQQQQQQQQQQQQQ$@"
       000000DD 51 51 51 51 24 40 
   588 000000E3 4F 51 51 51 40 40 51 51 51 51   	DB	"OQQQ@@QQQQ@@QQ$@"
       000000ED 40 40 51 51 24 40 
   589 000000F3 4F 51 51 51 51 40 40 51 51 40   	DB	"OQQQQ@@QQ@@QQQ$@"
       000000FD 40 51 51 51 24 40 
   590 00000103 4F 51 51 51 51 51 40 40 40 40   	DB	"OQQQQQ@@@@QQQQ$@"
       0000010D 51 51 51 51 24 40 
   591 00000113 4F 51 51 51 51 51 51 40 40 51   	DB	"OQQQQQQ@@QQQQQ$@"
       0000011D 51 51 51 51 24 40 
   592 00000123 4F 51 51 51 51 51 40 40 40 40   	DB	"OQQQQQ@@@@QQQQ$@"
       0000012D 51 51 51 51 24 40 
   593 00000133 4F 51 51 51 51 40 40 51 51 40   	DB	"OQQQQ@@QQ@@QQQ$@"
       0000013D 40 51 51 51 24 40 
   594 00000143 4F 51 51 51 40 40 51 51 51 51   	DB	"OQQQ@@QQQQ@@QQ$@"
       0000014D 40 40 51 51 24 40 
   595 00000153 4F 51 51 51 51 51 51 51 51 51   	DB	"OQQQQQQQQQQQQQ$@"
       0000015D 51 51 51 51 24 40 
   596 00000163 4F 51 51 51 51 51 51 51 51 51   	DB	"OQQQQQQQQQQQQQ$@"
       0000016D 51 51 51 51 24 40 
   597 00000173 4F 24 24 24 24 24 24 24 24 24   	DB	"O$$$$$$$$$$$$$$@"
       0000017D 24 24 24 24 24 40 
   598 00000183 40 40 40 40 40 40 40 40 40 40   	DB	"@@@@@@@@@@@@@@@@"
       0000018D 40 40 40 40 40 40 
   599                                          [SECTION .text]
   600 00000606                                 	GLOBAL	_make_window
   601 00000606                                 _make_window:
   602 00000606 55                              	PUSH	EBP
   603 00000607 89 E5                           	MOV	EBP,ESP
   604 00000609 57                              	PUSH	EDI
   605 0000060A 56                              	PUSH	ESI
   606 0000060B 53                              	PUSH	EBX
   607 0000060C 83 EC 14                        	SUB	ESP,20
   608 0000060F 8B 5D 0C                        	MOV	EBX,DWORD [12+EBP]
   609 00000612 6A 00                           	PUSH	0
   610 00000614 8D 43 FF                        	LEA	EAX,DWORD [-1+EBX]
   611 00000617 8D 7B FE                        	LEA	EDI,DWORD [-2+EBX]
   612 0000061A 50                              	PUSH	EAX
   613 0000061B 89 45 EC                        	MOV	DWORD [-20+EBP],EAX
   614 0000061E 6A 00                           	PUSH	0
   615 00000620 6A 00                           	PUSH	0
   616 00000622 6A 08                           	PUSH	8
   617 00000624 53                              	PUSH	EBX
   618 00000625 FF 75 08                        	PUSH	DWORD [8+EBP]
   619 00000628 E8 [00000000]                   	CALL	_boxfill8
   620 0000062D 6A 01                           	PUSH	1
   621 0000062F 57                              	PUSH	EDI
   622 00000630 6A 01                           	PUSH	1
   623 00000632 6A 01                           	PUSH	1
   624 00000634 6A 07                           	PUSH	7
   625 00000636 53                              	PUSH	EBX
   626 00000637 FF 75 08                        	PUSH	DWORD [8+EBP]
   627 0000063A E8 [00000000]                   	CALL	_boxfill8
   628 0000063F 8B 55 10                        	MOV	EDX,DWORD [16+EBP]
   629 00000642 83 C4 38                        	ADD	ESP,56
   630 00000645 4A                              	DEC	EDX
   631 00000646 89 55 E8                        	MOV	DWORD [-24+EBP],EDX
   632 00000649 52                              	PUSH	EDX
   633 0000064A 6A 00                           	PUSH	0
   634 0000064C 6A 00                           	PUSH	0
   635 0000064E 6A 00                           	PUSH	0
   636 00000650 6A 08                           	PUSH	8
   637 00000652 53                              	PUSH	EBX
   638 00000653 FF 75 08                        	PUSH	DWORD [8+EBP]
   639 00000656 E8 [00000000]                   	CALL	_boxfill8
   640 0000065B 8B 75 10                        	MOV	ESI,DWORD [16+EBP]
   641 0000065E 83 EE 02                        	SUB	ESI,2
   642 00000661 56                              	PUSH	ESI
   643 00000662 6A 01                           	PUSH	1
   644 00000664 6A 01                           	PUSH	1
   645 00000666 6A 01                           	PUSH	1
   646 00000668 6A 07                           	PUSH	7
   647 0000066A 53                              	PUSH	EBX
   648 0000066B FF 75 08                        	PUSH	DWORD [8+EBP]
   649 0000066E E8 [00000000]                   	CALL	_boxfill8
   650 00000673 83 C4 38                        	ADD	ESP,56
   651 00000676 56                              	PUSH	ESI
   652 00000677 57                              	PUSH	EDI
   653 00000678 6A 01                           	PUSH	1
   654 0000067A 57                              	PUSH	EDI
   655 0000067B 6A 0F                           	PUSH	15
   656 0000067D 53                              	PUSH	EBX
   657 0000067E FF 75 08                        	PUSH	DWORD [8+EBP]
   658 00000681 E8 [00000000]                   	CALL	_boxfill8
   659 00000686 FF 75 E8                        	PUSH	DWORD [-24+EBP]
   660 00000689 FF 75 EC                        	PUSH	DWORD [-20+EBP]
   661 0000068C 6A 00                           	PUSH	0
   662 0000068E FF 75 EC                        	PUSH	DWORD [-20+EBP]
   663 00000691 6A 00                           	PUSH	0
   664 00000693 53                              	PUSH	EBX
   665 00000694 FF 75 08                        	PUSH	DWORD [8+EBP]
   666 00000697 E8 [00000000]                   	CALL	_boxfill8
   667 0000069C 8B 45 10                        	MOV	EAX,DWORD [16+EBP]
   668 0000069F 83 C4 38                        	ADD	ESP,56
   669 000006A2 83 E8 03                        	SUB	EAX,3
   670 000006A5 50                              	PUSH	EAX
   671 000006A6 8D 43 FD                        	LEA	EAX,DWORD [-3+EBX]
   672 000006A9 50                              	PUSH	EAX
   673 000006AA 6A 02                           	PUSH	2
   674 000006AC 6A 02                           	PUSH	2
   675 000006AE 6A 08                           	PUSH	8
   676 000006B0 53                              	PUSH	EBX
   677 000006B1 FF 75 08                        	PUSH	DWORD [8+EBP]
   678 000006B4 E8 [00000000]                   	CALL	_boxfill8
   679 000006B9 8D 43 FC                        	LEA	EAX,DWORD [-4+EBX]
   680 000006BC 6A 14                           	PUSH	20
   681 000006BE 50                              	PUSH	EAX
   682 000006BF 6A 03                           	PUSH	3
   683 000006C1 6A 03                           	PUSH	3
   684 000006C3 6A 0C                           	PUSH	12
   685 000006C5 53                              	PUSH	EBX
   686 000006C6 FF 75 08                        	PUSH	DWORD [8+EBP]
   687 000006C9 E8 [00000000]                   	CALL	_boxfill8
   688 000006CE 83 C4 38                        	ADD	ESP,56
   689 000006D1 56                              	PUSH	ESI
   690 000006D2 57                              	PUSH	EDI
   691 000006D3 56                              	PUSH	ESI
   692 000006D4 6A 01                           	PUSH	1
   693 000006D6 6A 0F                           	PUSH	15
   694 000006D8 53                              	PUSH	EBX
   695 000006D9 FF 75 08                        	PUSH	DWORD [8+EBP]
   696 000006DC E8 [00000000]                   	CALL	_boxfill8
   697 000006E1 FF 75 E8                        	PUSH	DWORD [-24+EBP]
   698 000006E4 FF 75 EC                        	PUSH	DWORD [-20+EBP]
   699 000006E7 FF 75 E8                        	PUSH	DWORD [-24+EBP]
   700 000006EA 6A 00                           	PUSH	0
   701 000006EC 6A 00                           	PUSH	0
   702 000006EE 6B F3 05                        	IMUL	ESI,EBX,5
   703 000006F1 53                              	PUSH	EBX
   704 000006F2 FF 75 08                        	PUSH	DWORD [8+EBP]
   705 000006F5 E8 [00000000]                   	CALL	_boxfill8
   706 000006FA 83 C4 38                        	ADD	ESP,56
   707 000006FD FF 75 14                        	PUSH	DWORD [20+EBP]
   708 00000700 6A 04                           	PUSH	4
   709 00000702 6A 18                           	PUSH	24
   710 00000704 6A 07                           	PUSH	7
   711 00000706 53                              	PUSH	EBX
   712 00000707 FF 75 08                        	PUSH	DWORD [8+EBP]
   713 0000070A E8 [00000000]                   	CALL	_putfonts8_asc
   714 0000070F 83 C4 18                        	ADD	ESP,24
   715 00000712 C7 45 F0 00000000               	MOV	DWORD [-16+EBP],0
   716 00000719 C7 45 E0 00000000               	MOV	DWORD [-32+EBP],0
   717 00000720                                 L57:
   718 00000720 8D 04 1E                        	LEA	EAX,DWORD [ESI+EBX*1]
   719 00000723 8B 55 08                        	MOV	EDX,DWORD [8+EBP]
   720 00000726 31 FF                           	XOR	EDI,EDI
   721 00000728 8D 4C 02 EB                     	LEA	ECX,DWORD [-21+EDX+EAX*1]
   722 0000072C                                 L56:
   723 0000072C 8B 45 E0                        	MOV	EAX,DWORD [-32+EBP]
   724 0000072F 8A 94 07 [000000B3]             	MOV	DL,BYTE [_closebtn.1+EDI+EAX*1]
   725 00000736 80 FA 40                        	CMP	DL,64
   726 00000739 74 33                           	JE	L62
   727 0000073B 80 FA 24                        	CMP	DL,36
   728 0000073E 74 2A                           	JE	L63
   729 00000740 80 FA 51                        	CMP	DL,81
   730 00000743 B2 08                           	MOV	DL,8
   731 00000745 0F 95 C0                        	SETNE	AL
   732 00000748 28 C2                           	SUB	DL,AL
   733 0000074A                                 L51:
   734 0000074A 47                              	INC	EDI
   735 0000074B 88 11                           	MOV	BYTE [ECX],DL
   736 0000074D 41                              	INC	ECX
   737 0000074E 83 FF 0F                        	CMP	EDI,15
   738 00000751 7E D9                           	JLE	L56
   739 00000753 FF 45 F0                        	INC	DWORD [-16+EBP]
   740 00000756 01 DE                           	ADD	ESI,EBX
   741 00000758 83 45 E0 10                     	ADD	DWORD [-32+EBP],16
   742 0000075C 83 7D F0 0D                     	CMP	DWORD [-16+EBP],13
   743 00000760 7E BE                           	JLE	L57
   744 00000762 8D 65 F4                        	LEA	ESP,DWORD [-12+EBP]
   745 00000765 5B                              	POP	EBX
   746 00000766 5E                              	POP	ESI
   747 00000767 5F                              	POP	EDI
   748 00000768 5D                              	POP	EBP
   749 00000769 C3                              	RET
   750 0000076A                                 L63:
   751 0000076A B2 0F                           	MOV	DL,15
   752 0000076C EB DC                           	JMP	L51
   753 0000076E                                 L62:
   754 0000076E 31 D2                           	XOR	EDX,EDX
   755 00000770 EB D8                           	JMP	L51
   756 00000772                                 	GLOBAL	_set490
   757 00000772                                 _set490:
   758 00000772 55                              	PUSH	EBP
   759 00000773 89 E5                           	MOV	EBP,ESP
   760 00000775 57                              	PUSH	EDI
   761 00000776 56                              	PUSH	ESI
   762 00000777 53                              	PUSH	EBX
   763 00000778 83 7D 0C 00                     	CMP	DWORD [12+EBP],0
   764 0000077C 74 34                           	JE	L64
   765 0000077E 31 F6                           	XOR	ESI,ESI
   766 00000780 BF 19BFCC00                     	MOV	EDI,432000000
   767 00000785                                 L70:
   768 00000785 E8 [00000000]                   	CALL	_timer_alloc
   769 0000078A 89 C3                           	MOV	EBX,EAX
   770 0000078C 8D 86 00000400                  	LEA	EAX,DWORD [1024+ESI]
   771 00000792 50                              	PUSH	EAX
   772 00000793 46                              	INC	ESI
   773 00000794 FF 75 08                        	PUSH	DWORD [8+EBP]
   774 00000797 53                              	PUSH	EBX
   775 00000798 E8 [00000000]                   	CALL	_timer_init
   776 0000079D 57                              	PUSH	EDI
   777 0000079E 53                              	PUSH	EBX
   778 0000079F 83 C7 64                        	ADD	EDI,100
   779 000007A2 E8 [00000000]                   	CALL	_timer_settime
   780 000007A7 83 C4 14                        	ADD	ESP,20
   781 000007AA 81 FE 000001E9                  	CMP	ESI,489
   782 000007B0 7E D3                           	JLE	L70
   783 000007B2                                 L64:
   784 000007B2 8D 65 F4                        	LEA	ESP,DWORD [-12+EBP]
   785 000007B5 5B                              	POP	EBX
   786 000007B6 5E                              	POP	ESI
   787 000007B7 5F                              	POP	EDI
   788 000007B8 5D                              	POP	EBP
   789 000007B9 C3                              	RET
   790 000007BA                                 	GLOBAL	_fifo
   791                                          [SECTION .data]
   792 00000193 00 00 00 00 00 00 00 00 00 00   	ALIGNB	16
       0000019D 00 00 00 
   793 000001A0                                 _fifo:
   794 000001A0 00 00 00 00 00 00 00 00 00 00   	RESB	24
       000001AA 00 00 00 00 00 00 00 00 00 00 
       000001B4 00 00 00 00 
