     1 00000000                                 [FORMAT "WCOFF"]
     2 00000000                                 [INSTRSET "i486p"]
     3 00000000                                 [OPTIMIZE 1]
     4 00000000                                 [OPTION 1]
     5 00000000                                 [BITS 32]
     6 00000000                                 	EXTERN	_init_gdtidt
     7 00000000                                 	EXTERN	_init_pic
     8 00000000                                 	EXTERN	_io_sti
     9 00000000                                 	EXTERN	_fifo32_init
    10 00000000                                 	EXTERN	_init_pit
    11 00000000                                 	EXTERN	_init_keyboard
    12 00000000                                 	EXTERN	_enable_mouse
    13 00000000                                 	EXTERN	_io_out8
    14 00000000                                 	EXTERN	_memtest
    15 00000000                                 	EXTERN	_memman_init
    16 00000000                                 	EXTERN	_memman_free
    17 00000000                                 	EXTERN	_init_palette
    18 00000000                                 	EXTERN	_shtctl_init
    19 00000000                                 	EXTERN	_task_init
    20 00000000                                 	EXTERN	_task_run
    21 00000000                                 	EXTERN	_sheet_alloc
    22 00000000                                 	EXTERN	_memman_alloc_4k
    23 00000000                                 	EXTERN	_sheet_setbuf
    24 00000000                                 	EXTERN	_init_screen8
    25 00000000                                 	EXTERN	_make_window8
    26 00000000                                 	EXTERN	_make_textbox8
    27 00000000                                 	EXTERN	_task_alloc
    28 00000000                                 	EXTERN	_console_task
    29 00000000                                 	EXTERN	_timer_alloc
    30 00000000                                 	EXTERN	_timer_init
    31 00000000                                 	EXTERN	_timer_settime
    32 00000000                                 	EXTERN	_init_mouse_cursor8
    33 00000000                                 	EXTERN	_sheet_slide
    34 00000000                                 	EXTERN	_sheet_updown
    35 00000000                                 	EXTERN	_fifo32_put
    36 00000000                                 	EXTERN	_fifo32_status
    37 00000000                                 	EXTERN	_io_cli
    38 00000000                                 	EXTERN	_fifo32_get
    39 00000000                                 	EXTERN	_boxfill8
    40 00000000                                 	EXTERN	_sheet_refresh
    41 00000000                                 	EXTERN	_mouse_decode
    42 00000000                                 	EXTERN	_keytable0.0
    43 00000000                                 	EXTERN	_putfonts8_asc_sht
    44 00000000                                 	EXTERN	_wait_KBC_sendready
    45 00000000                                 	EXTERN	_make_wtitle8
    46 00000000                                 	EXTERN	_keytable1.1
    47 00000000                                 	EXTERN	_task_sleep
    48 00000000                                 [FILE "bootpack.c"]
    49                                          [SECTION .data]
    50 00000000                                 _keytable0.0:
    51 00000000 00                              	DB	0
    52 00000001 00                              	DB	0
    53 00000002 31                              	DB	49
    54 00000003 32                              	DB	50
    55 00000004 33                              	DB	51
    56 00000005 34                              	DB	52
    57 00000006 35                              	DB	53
    58 00000007 36                              	DB	54
    59 00000008 37                              	DB	55
    60 00000009 38                              	DB	56
    61 0000000A 39                              	DB	57
    62 0000000B 30                              	DB	48
    63 0000000C 2D                              	DB	45
    64 0000000D 5E                              	DB	94
    65 0000000E 00                              	DB	0
    66 0000000F 00                              	DB	0
    67 00000010 51                              	DB	81
    68 00000011 57                              	DB	87
    69 00000012 45                              	DB	69
    70 00000013 52                              	DB	82
    71 00000014 54                              	DB	84
    72 00000015 59                              	DB	89
    73 00000016 55                              	DB	85
    74 00000017 49                              	DB	73
    75 00000018 4F                              	DB	79
    76 00000019 50                              	DB	80
    77 0000001A 40                              	DB	64
    78 0000001B 5B                              	DB	91
    79 0000001C 00                              	DB	0
    80 0000001D 00                              	DB	0
    81 0000001E 41                              	DB	65
    82 0000001F 53                              	DB	83
    83 00000020 44                              	DB	68
    84 00000021 46                              	DB	70
    85 00000022 47                              	DB	71
    86 00000023 48                              	DB	72
    87 00000024 4A                              	DB	74
    88 00000025 4B                              	DB	75
    89 00000026 4C                              	DB	76
    90 00000027 3B                              	DB	59
    91 00000028 3A                              	DB	58
    92 00000029 00                              	DB	0
    93 0000002A 00                              	DB	0
    94 0000002B 5D                              	DB	93
    95 0000002C 5A                              	DB	90
    96 0000002D 58                              	DB	88
    97 0000002E 43                              	DB	67
    98 0000002F 56                              	DB	86
    99 00000030 42                              	DB	66
   100 00000031 4E                              	DB	78
   101 00000032 4D                              	DB	77
   102 00000033 2C                              	DB	44
   103 00000034 2E                              	DB	46
   104 00000035 2F                              	DB	47
   105 00000036 00                              	DB	0
   106 00000037 2A                              	DB	42
   107 00000038 00                              	DB	0
   108 00000039 20                              	DB	32
   109 0000003A 00                              	DB	0
   110 0000003B 00                              	DB	0
   111 0000003C 00                              	DB	0
   112 0000003D 00                              	DB	0
   113 0000003E 00                              	DB	0
   114 0000003F 00                              	DB	0
   115 00000040 00                              	DB	0
   116 00000041 00                              	DB	0
   117 00000042 00                              	DB	0
   118 00000043 00                              	DB	0
   119 00000044 00                              	DB	0
   120 00000045 00                              	DB	0
   121 00000046 00                              	DB	0
   122 00000047 37                              	DB	55
   123 00000048 38                              	DB	56
   124 00000049 39                              	DB	57
   125 0000004A 2D                              	DB	45
   126 0000004B 34                              	DB	52
   127 0000004C 35                              	DB	53
   128 0000004D 36                              	DB	54
   129 0000004E 2B                              	DB	43
   130 0000004F 31                              	DB	49
   131 00000050 32                              	DB	50
   132 00000051 33                              	DB	51
   133 00000052 30                              	DB	48
   134 00000053 2E                              	DB	46
   135 00000054 00                              	DB	0
   136 00000055 00                              	DB	0
   137 00000056 00                              	DB	0
   138 00000057 00                              	DB	0
   139 00000058 00                              	DB	0
   140 00000059 00                              	DB	0
   141 0000005A 00                              	DB	0
   142 0000005B 00                              	DB	0
   143 0000005C 00                              	DB	0
   144 0000005D 00                              	DB	0
   145 0000005E 00                              	DB	0
   146 0000005F 00                              	DB	0
   147 00000060 00                              	DB	0
   148 00000061 00                              	DB	0
   149 00000062 00                              	DB	0
   150 00000063 00                              	DB	0
   151 00000064 00                              	DB	0
   152 00000065 00                              	DB	0
   153 00000066 00                              	DB	0
   154 00000067 00                              	DB	0
   155 00000068 00                              	DB	0
   156 00000069 00                              	DB	0
   157 0000006A 00                              	DB	0
   158 0000006B 00                              	DB	0
   159 0000006C 00                              	DB	0
   160 0000006D 00                              	DB	0
   161 0000006E 00                              	DB	0
   162 0000006F 00                              	DB	0
   163 00000070 00                              	DB	0
   164 00000071 00                              	DB	0
   165 00000072 00                              	DB	0
   166 00000073 5C                              	DB	92
   167 00000074 00                              	DB	0
   168 00000075 00                              	DB	0
   169 00000076 00                              	DB	0
   170 00000077 00                              	DB	0
   171 00000078 00                              	DB	0
   172 00000079 00                              	DB	0
   173 0000007A 00                              	DB	0
   174 0000007B 00                              	DB	0
   175 0000007C 00                              	DB	0
   176 0000007D 5C                              	DB	92
   177 0000007E 00                              	DB	0
   178 0000007F 00                              	DB	0
   179 00000080                                 _keytable1.1:
   180 00000080 00                              	DB	0
   181 00000081 00                              	DB	0
   182 00000082 21                              	DB	33
   183 00000083 22                              	DB	34
   184 00000084 23                              	DB	35
   185 00000085 24                              	DB	36
   186 00000086 25                              	DB	37
   187 00000087 26                              	DB	38
   188 00000088 27                              	DB	39
   189 00000089 28                              	DB	40
   190 0000008A 29                              	DB	41
   191 0000008B 7E                              	DB	126
   192 0000008C 3D                              	DB	61
   193 0000008D 7E                              	DB	126
   194 0000008E 00                              	DB	0
   195 0000008F 00                              	DB	0
   196 00000090 51                              	DB	81
   197 00000091 57                              	DB	87
   198 00000092 45                              	DB	69
   199 00000093 52                              	DB	82
   200 00000094 54                              	DB	84
   201 00000095 59                              	DB	89
   202 00000096 55                              	DB	85
   203 00000097 49                              	DB	73
   204 00000098 4F                              	DB	79
   205 00000099 50                              	DB	80
   206 0000009A 60                              	DB	96
   207 0000009B 7B                              	DB	123
   208 0000009C 00                              	DB	0
   209 0000009D 00                              	DB	0
   210 0000009E 41                              	DB	65
   211 0000009F 53                              	DB	83
   212 000000A0 44                              	DB	68
   213 000000A1 46                              	DB	70
   214 000000A2 47                              	DB	71
   215 000000A3 48                              	DB	72
   216 000000A4 4A                              	DB	74
   217 000000A5 4B                              	DB	75
   218 000000A6 4C                              	DB	76
   219 000000A7 2B                              	DB	43
   220 000000A8 2A                              	DB	42
   221 000000A9 00                              	DB	0
   222 000000AA 00                              	DB	0
   223 000000AB 7D                              	DB	125
   224 000000AC 5A                              	DB	90
   225 000000AD 58                              	DB	88
   226 000000AE 43                              	DB	67
   227 000000AF 56                              	DB	86
   228 000000B0 42                              	DB	66
   229 000000B1 4E                              	DB	78
   230 000000B2 4D                              	DB	77
   231 000000B3 3C                              	DB	60
   232 000000B4 3E                              	DB	62
   233 000000B5 3F                              	DB	63
   234 000000B6 00                              	DB	0
   235 000000B7 2A                              	DB	42
   236 000000B8 00                              	DB	0
   237 000000B9 20                              	DB	32
   238 000000BA 00                              	DB	0
   239 000000BB 00                              	DB	0
   240 000000BC 00                              	DB	0
   241 000000BD 00                              	DB	0
   242 000000BE 00                              	DB	0
   243 000000BF 00                              	DB	0
   244 000000C0 00                              	DB	0
   245 000000C1 00                              	DB	0
   246 000000C2 00                              	DB	0
   247 000000C3 00                              	DB	0
   248 000000C4 00                              	DB	0
   249 000000C5 00                              	DB	0
   250 000000C6 00                              	DB	0
   251 000000C7 37                              	DB	55
   252 000000C8 38                              	DB	56
   253 000000C9 39                              	DB	57
   254 000000CA 2D                              	DB	45
   255 000000CB 34                              	DB	52
   256 000000CC 35                              	DB	53
   257 000000CD 36                              	DB	54
   258 000000CE 2B                              	DB	43
   259 000000CF 31                              	DB	49
   260 000000D0 32                              	DB	50
   261 000000D1 33                              	DB	51
   262 000000D2 30                              	DB	48
   263 000000D3 2E                              	DB	46
   264 000000D4 00                              	DB	0
   265 000000D5 00                              	DB	0
   266 000000D6 00                              	DB	0
   267 000000D7 00                              	DB	0
   268 000000D8 00                              	DB	0
   269 000000D9 00                              	DB	0
   270 000000DA 00                              	DB	0
   271 000000DB 00                              	DB	0
   272 000000DC 00                              	DB	0
   273 000000DD 00                              	DB	0
   274 000000DE 00                              	DB	0
   275 000000DF 00                              	DB	0
   276 000000E0 00                              	DB	0
   277 000000E1 00                              	DB	0
   278 000000E2 00                              	DB	0
   279 000000E3 00                              	DB	0
   280 000000E4 00                              	DB	0
   281 000000E5 00                              	DB	0
   282 000000E6 00                              	DB	0
   283 000000E7 00                              	DB	0
   284 000000E8 00                              	DB	0
   285 000000E9 00                              	DB	0
   286 000000EA 00                              	DB	0
   287 000000EB 00                              	DB	0
   288 000000EC 00                              	DB	0
   289 000000ED 00                              	DB	0
   290 000000EE 00                              	DB	0
   291 000000EF 00                              	DB	0
   292 000000F0 00                              	DB	0
   293 000000F1 00                              	DB	0
   294 000000F2 00                              	DB	0
   295 000000F3 5F                              	DB	95
   296 000000F4 00                              	DB	0
   297 000000F5 00                              	DB	0
   298 000000F6 00                              	DB	0
   299 000000F7 00                              	DB	0
   300 000000F8 00                              	DB	0
   301 000000F9 00                              	DB	0
   302 000000FA 00                              	DB	0
   303 000000FB 00                              	DB	0
   304 000000FC 00                              	DB	0
   305 000000FD 7C                              	DB	124
   306 000000FE 00                              	DB	0
   307 000000FF 00                              	DB	0
   308 00000100                                 LC0:
   309 00000100 63 6F 6E 73 6F 6C 65 00         	DB	"console",0x00
   310 00000108                                 LC1:
   311 00000108 74 61 73 6B 5F 61 00            	DB	"task_a",0x00
   312 0000010F                                 LC2:
   313 0000010F 20 00                           	DB	" ",0x00
   314                                          [SECTION .text]
   315 00000000                                 	GLOBAL	_HariMain
   316 00000000                                 _HariMain:
   317 00000000 55                              	PUSH	EBP
   318 00000001 89 E5                           	MOV	EBP,ESP
   319 00000003 57                              	PUSH	EDI
   320 00000004 56                              	PUSH	ESI
   321 00000005 53                              	PUSH	EBX
   322 00000006 81 EC 00000448                  	SUB	ESP,1096
   323 0000000C C7 85 FFFFFBBC 00000000         	MOV	DWORD [-1092+EBP],0
   324 00000016 C7 85 FFFFFBB8 00000000         	MOV	DWORD [-1096+EBP],0
   325 00000020 A0 00000FF1                     	MOV	AL,BYTE [4081]
   326 00000025 C0 F8 04                        	SAR	AL,4
   327 00000028 89 C2                           	MOV	EDX,EAX
   328 0000002A 83 E2 07                        	AND	EDX,7
   329 0000002D 89 95 FFFFFBB4                  	MOV	DWORD [-1100+EBP],EDX
   330 00000033 C7 85 FFFFFBB0 FFFFFFFF         	MOV	DWORD [-1104+EBP],-1
   331 0000003D E8 [00000000]                   	CALL	_init_gdtidt
   332 00000042 E8 [00000000]                   	CALL	_init_pic
   333 00000047 E8 [00000000]                   	CALL	_io_sti
   334 0000004C 8D 85 FFFFFD84                  	LEA	EAX,DWORD [-636+EBP]
   335 00000052 6A 00                           	PUSH	0
   336 00000054 50                              	PUSH	EAX
   337 00000055 8D 45 A4                        	LEA	EAX,DWORD [-92+EBP]
   338 00000058 68 00000080                     	PUSH	128
   339 0000005D 50                              	PUSH	EAX
   340 0000005E E8 [00000000]                   	CALL	_fifo32_init
   341 00000063 E8 [00000000]                   	CALL	_init_pit
   342 00000068 8D 55 A4                        	LEA	EDX,DWORD [-92+EBP]
   343 0000006B 68 00000100                     	PUSH	256
   344 00000070 52                              	PUSH	EDX
   345 00000071 E8 [00000000]                   	CALL	_init_keyboard
   346 00000076 8D 85 FFFFFCF4                  	LEA	EAX,DWORD [-780+EBP]
   347 0000007C 50                              	PUSH	EAX
   348 0000007D 8D 45 A4                        	LEA	EAX,DWORD [-92+EBP]
   349 00000080 68 00000200                     	PUSH	512
   350 00000085 50                              	PUSH	EAX
   351 00000086 E8 [00000000]                   	CALL	_enable_mouse
   352 0000008B 83 C4 24                        	ADD	ESP,36
   353 0000008E 68 000000F8                     	PUSH	248
   354 00000093 6A 21                           	PUSH	33
   355 00000095 E8 [00000000]                   	CALL	_io_out8
   356 0000009A 68 000000EF                     	PUSH	239
   357 0000009F 68 000000A1                     	PUSH	161
   358 000000A4 E8 [00000000]                   	CALL	_io_out8
   359 000000A9 8D 55 84                        	LEA	EDX,DWORD [-124+EBP]
   360 000000AC 6A 00                           	PUSH	0
   361 000000AE 8D 85 FFFFFD04                  	LEA	EAX,DWORD [-764+EBP]
   362 000000B4 50                              	PUSH	EAX
   363 000000B5 6A 20                           	PUSH	32
   364 000000B7 52                              	PUSH	EDX
   365 000000B8 E8 [00000000]                   	CALL	_fifo32_init
   366 000000BD 83 C4 20                        	ADD	ESP,32
   367 000000C0 68 BFFFFFFF                     	PUSH	-1073741825
   368 000000C5 68 00400000                     	PUSH	4194304
   369 000000CA E8 [00000000]                   	CALL	_memtest
   370 000000CF 68 003C0000                     	PUSH	3932160
   371 000000D4 89 85 FFFFFBE0                  	MOV	DWORD [-1056+EBP],EAX
   372 000000DA E8 [00000000]                   	CALL	_memman_init
   373 000000DF 68 0009E000                     	PUSH	647168
   374 000000E4 68 00001000                     	PUSH	4096
   375 000000E9 68 003C0000                     	PUSH	3932160
   376 000000EE E8 [00000000]                   	CALL	_memman_free
   377 000000F3 8B 85 FFFFFBE0                  	MOV	EAX,DWORD [-1056+EBP]
   378 000000F9 2D 00400000                     	SUB	EAX,4194304
   379 000000FE 50                              	PUSH	EAX
   380 000000FF 68 00400000                     	PUSH	4194304
   381 00000104 68 003C0000                     	PUSH	3932160
   382 00000109 E8 [00000000]                   	CALL	_memman_free
   383 0000010E 83 C4 24                        	ADD	ESP,36
   384 00000111 E8 [00000000]                   	CALL	_init_palette
   385 00000116 0F BF 05 00000FF6               	MOVSX	EAX,WORD [4086]
   386 0000011D 50                              	PUSH	EAX
   387 0000011E 0F BF 05 00000FF4               	MOVSX	EAX,WORD [4084]
   388 00000125 50                              	PUSH	EAX
   389 00000126 FF 35 00000FF8                  	PUSH	DWORD [4088]
   390 0000012C 68 003C0000                     	PUSH	3932160
   391 00000131 E8 [00000000]                   	CALL	_shtctl_init
   392 00000136 68 003C0000                     	PUSH	3932160
   393 0000013B 89 C6                           	MOV	ESI,EAX
   394 0000013D E8 [00000000]                   	CALL	_task_init
   395 00000142 6A 02                           	PUSH	2
   396 00000144 6A 01                           	PUSH	1
   397 00000146 89 85 FFFFFBC8                  	MOV	DWORD [-1080+EBP],EAX
   398 0000014C 50                              	PUSH	EAX
   399 0000014D 89 45 BC                        	MOV	DWORD [-68+EBP],EAX
   400 00000150 E8 [00000000]                   	CALL	_task_run
   401 00000155 83 C4 20                        	ADD	ESP,32
   402 00000158 56                              	PUSH	ESI
   403 00000159 E8 [00000000]                   	CALL	_sheet_alloc
   404 0000015E 0F BF 15 00000FF6               	MOVSX	EDX,WORD [4086]
   405 00000165 89 85 FFFFFBD4                  	MOV	DWORD [-1068+EBP],EAX
   406 0000016B 0F BF 05 00000FF4               	MOVSX	EAX,WORD [4084]
   407 00000172 0F AF C2                        	IMUL	EAX,EDX
   408 00000175 50                              	PUSH	EAX
   409 00000176 68 003C0000                     	PUSH	3932160
   410 0000017B E8 [00000000]                   	CALL	_memman_alloc_4k
   411 00000180 6A FF                           	PUSH	-1
   412 00000182 89 C3                           	MOV	EBX,EAX
   413 00000184 0F BF 05 00000FF6               	MOVSX	EAX,WORD [4086]
   414 0000018B 50                              	PUSH	EAX
   415 0000018C 0F BF 05 00000FF4               	MOVSX	EAX,WORD [4084]
   416 00000193 50                              	PUSH	EAX
   417 00000194 53                              	PUSH	EBX
   418 00000195 FF B5 FFFFFBD4                  	PUSH	DWORD [-1068+EBP]
   419 0000019B E8 [00000000]                   	CALL	_sheet_setbuf
   420 000001A0 83 C4 20                        	ADD	ESP,32
   421 000001A3 0F BF 05 00000FF6               	MOVSX	EAX,WORD [4086]
   422 000001AA 50                              	PUSH	EAX
   423 000001AB 0F BF 05 00000FF4               	MOVSX	EAX,WORD [4084]
   424 000001B2 50                              	PUSH	EAX
   425 000001B3 53                              	PUSH	EBX
   426 000001B4 8D 9D FFFFFBF4                  	LEA	EBX,DWORD [-1036+EBP]
   427 000001BA E8 [00000000]                   	CALL	_init_screen8
   428 000001BF 56                              	PUSH	ESI
   429 000001C0 E8 [00000000]                   	CALL	_sheet_alloc
   430 000001C5 68 0000A500                     	PUSH	42240
   431 000001CA 68 003C0000                     	PUSH	3932160
   432 000001CF 89 85 FFFFFBCC                  	MOV	DWORD [-1076+EBP],EAX
   433 000001D5 E8 [00000000]                   	CALL	_memman_alloc_4k
   434 000001DA 6A FF                           	PUSH	-1
   435 000001DC 68 000000A5                     	PUSH	165
   436 000001E1 89 85 FFFFFBD8                  	MOV	DWORD [-1064+EBP],EAX
   437 000001E7 68 00000100                     	PUSH	256
   438 000001EC 50                              	PUSH	EAX
   439 000001ED FF B5 FFFFFBCC                  	PUSH	DWORD [-1076+EBP]
   440 000001F3 E8 [00000000]                   	CALL	_sheet_setbuf
   441 000001F8 83 C4 2C                        	ADD	ESP,44
   442 000001FB 6A 00                           	PUSH	0
   443 000001FD 68 [00000100]                   	PUSH	LC0
   444 00000202 68 000000A5                     	PUSH	165
   445 00000207 68 00000100                     	PUSH	256
   446 0000020C FF B5 FFFFFBD8                  	PUSH	DWORD [-1064+EBP]
   447 00000212 E8 [00000000]                   	CALL	_make_window8
   448 00000217 6A 00                           	PUSH	0
   449 00000219 68 00000080                     	PUSH	128
   450 0000021E 68 000000F0                     	PUSH	240
   451 00000223 6A 1C                           	PUSH	28
   452 00000225 6A 08                           	PUSH	8
   453 00000227 FF B5 FFFFFBCC                  	PUSH	DWORD [-1076+EBP]
   454 0000022D E8 [00000000]                   	CALL	_make_textbox8
   455 00000232 83 C4 2C                        	ADD	ESP,44
   456 00000235 E8 [00000000]                   	CALL	_task_alloc
   457 0000023A 68 00010000                     	PUSH	65536
   458 0000023F 68 003C0000                     	PUSH	3932160
   459 00000244 89 85 FFFFFBC4                  	MOV	DWORD [-1084+EBP],EAX
   460 0000024A E8 [00000000]                   	CALL	_memman_alloc_4k
   461 0000024F 8B 95 FFFFFBC4                  	MOV	EDX,DWORD [-1084+EBP]
   462 00000255 05 0000FFF4                     	ADD	EAX,65524
   463 0000025A 89 42 64                        	MOV	DWORD [100+EDX],EAX
   464 0000025D C7 42 4C [00000000]             	MOV	DWORD [76+EDX],_console_task
   465 00000264 C7 42 74 00000008               	MOV	DWORD [116+EDX],8
   466 0000026B C7 42 78 00000010               	MOV	DWORD [120+EDX],16
   467 00000272 C7 42 7C 00000008               	MOV	DWORD [124+EDX],8
   468 00000279 C7 82 00000080 00000008         	MOV	DWORD [128+EDX],8
   469 00000283 C7 82 00000084 00000008         	MOV	DWORD [132+EDX],8
   470 0000028D C7 82 00000088 00000008         	MOV	DWORD [136+EDX],8
   471 00000297 8B 95 FFFFFBCC                  	MOV	EDX,DWORD [-1076+EBP]
   472 0000029D 89 50 04                        	MOV	DWORD [4+EAX],EDX
   473 000002A0 8B 95 FFFFFBC4                  	MOV	EDX,DWORD [-1084+EBP]
   474 000002A6 8B 42 64                        	MOV	EAX,DWORD [100+EDX]
   475 000002A9 8B 95 FFFFFBE0                  	MOV	EDX,DWORD [-1056+EBP]
   476 000002AF 89 50 08                        	MOV	DWORD [8+EAX],EDX
   477 000002B2 6A 02                           	PUSH	2
   478 000002B4 6A 02                           	PUSH	2
   479 000002B6 FF B5 FFFFFBC4                  	PUSH	DWORD [-1084+EBP]
   480 000002BC E8 [00000000]                   	CALL	_task_run
   481 000002C1 56                              	PUSH	ESI
   482 000002C2 E8 [00000000]                   	CALL	_sheet_alloc
   483 000002C7 68 00002080                     	PUSH	8320
   484 000002CC 68 003C0000                     	PUSH	3932160
   485 000002D1 89 C7                           	MOV	EDI,EAX
   486 000002D3 E8 [00000000]                   	CALL	_memman_alloc_4k
   487 000002D8 83 C4 20                        	ADD	ESP,32
   488 000002DB 6A FF                           	PUSH	-1
   489 000002DD 89 85 FFFFFBDC                  	MOV	DWORD [-1060+EBP],EAX
   490 000002E3 6A 34                           	PUSH	52
   491 000002E5 68 00000090                     	PUSH	144
   492 000002EA 50                              	PUSH	EAX
   493 000002EB 57                              	PUSH	EDI
   494 000002EC E8 [00000000]                   	CALL	_sheet_setbuf
   495 000002F1 6A 01                           	PUSH	1
   496 000002F3 68 [00000108]                   	PUSH	LC1
   497 000002F8 6A 34                           	PUSH	52
   498 000002FA 68 00000090                     	PUSH	144
   499 000002FF FF B5 FFFFFBDC                  	PUSH	DWORD [-1060+EBP]
   500 00000305 E8 [00000000]                   	CALL	_make_window8
   501 0000030A 83 C4 28                        	ADD	ESP,40
   502 0000030D 6A 07                           	PUSH	7
   503 0000030F 6A 10                           	PUSH	16
   504 00000311 68 00000080                     	PUSH	128
   505 00000316 6A 1C                           	PUSH	28
   506 00000318 6A 08                           	PUSH	8
   507 0000031A 57                              	PUSH	EDI
   508 0000031B E8 [00000000]                   	CALL	_make_textbox8
   509 00000320 C7 85 FFFFFBE8 00000008         	MOV	DWORD [-1048+EBP],8
   510 0000032A C7 85 FFFFFBE4 00000007         	MOV	DWORD [-1052+EBP],7
   511 00000334 E8 [00000000]                   	CALL	_timer_alloc
   512 00000339 6A 01                           	PUSH	1
   513 0000033B 89 85 FFFFFBC0                  	MOV	DWORD [-1088+EBP],EAX
   514 00000341 8D 45 A4                        	LEA	EAX,DWORD [-92+EBP]
   515 00000344 50                              	PUSH	EAX
   516 00000345 FF B5 FFFFFBC0                  	PUSH	DWORD [-1088+EBP]
   517 0000034B E8 [00000000]                   	CALL	_timer_init
   518 00000350 83 C4 24                        	ADD	ESP,36
   519 00000353 6A 32                           	PUSH	50
   520 00000355 FF B5 FFFFFBC0                  	PUSH	DWORD [-1088+EBP]
   521 0000035B E8 [00000000]                   	CALL	_timer_settime
   522 00000360 56                              	PUSH	ESI
   523 00000361 E8 [00000000]                   	CALL	_sheet_alloc
   524 00000366 6A 63                           	PUSH	99
   525 00000368 6A 10                           	PUSH	16
   526 0000036A 6A 10                           	PUSH	16
   527 0000036C 89 85 FFFFFBD0                  	MOV	DWORD [-1072+EBP],EAX
   528 00000372 53                              	PUSH	EBX
   529 00000373 50                              	PUSH	EAX
   530 00000374 E8 [00000000]                   	CALL	_sheet_setbuf
   531 00000379 83 C4 20                        	ADD	ESP,32
   532 0000037C 6A 63                           	PUSH	99
   533 0000037E 53                              	PUSH	EBX
   534 0000037F BB 00000002                     	MOV	EBX,2
   535 00000384 E8 [00000000]                   	CALL	_init_mouse_cursor8
   536 00000389 0F BF 05 00000FF4               	MOVSX	EAX,WORD [4084]
   537 00000390 8D 48 F0                        	LEA	ECX,DWORD [-16+EAX]
   538 00000393 89 C8                           	MOV	EAX,ECX
   539 00000395 99                              	CDQ
   540 00000396 F7 FB                           	IDIV	EBX
   541 00000398 89 85 FFFFFBF0                  	MOV	DWORD [-1040+EBP],EAX
   542 0000039E 0F BF 05 00000FF6               	MOVSX	EAX,WORD [4086]
   543 000003A5 6A 00                           	PUSH	0
   544 000003A7 8D 48 D4                        	LEA	ECX,DWORD [-44+EAX]
   545 000003AA 6A 00                           	PUSH	0
   546 000003AC 89 C8                           	MOV	EAX,ECX
   547 000003AE 99                              	CDQ
   548 000003AF F7 FB                           	IDIV	EBX
   549 000003B1 FF B5 FFFFFBD4                  	PUSH	DWORD [-1068+EBP]
   550 000003B7 89 85 FFFFFBEC                  	MOV	DWORD [-1044+EBP],EAX
   551 000003BD E8 [00000000]                   	CALL	_sheet_slide
   552 000003C2 6A 04                           	PUSH	4
   553 000003C4 6A 20                           	PUSH	32
   554 000003C6 FF B5 FFFFFBCC                  	PUSH	DWORD [-1076+EBP]
   555 000003CC E8 [00000000]                   	CALL	_sheet_slide
   556 000003D1 83 C4 20                        	ADD	ESP,32
   557 000003D4 6A 38                           	PUSH	56
   558 000003D6 6A 40                           	PUSH	64
   559 000003D8 57                              	PUSH	EDI
   560 000003D9 E8 [00000000]                   	CALL	_sheet_slide
   561 000003DE FF B5 FFFFFBEC                  	PUSH	DWORD [-1044+EBP]
   562 000003E4 FF B5 FFFFFBF0                  	PUSH	DWORD [-1040+EBP]
   563 000003EA FF B5 FFFFFBD0                  	PUSH	DWORD [-1072+EBP]
   564 000003F0 E8 [00000000]                   	CALL	_sheet_slide
   565 000003F5 6A 00                           	PUSH	0
   566 000003F7 FF B5 FFFFFBD4                  	PUSH	DWORD [-1068+EBP]
   567 000003FD E8 [00000000]                   	CALL	_sheet_updown
   568 00000402 83 C4 20                        	ADD	ESP,32
   569 00000405 6A 01                           	PUSH	1
   570 00000407 FF B5 FFFFFBCC                  	PUSH	DWORD [-1076+EBP]
   571 0000040D E8 [00000000]                   	CALL	_sheet_updown
   572 00000412 6A 02                           	PUSH	2
   573 00000414 57                              	PUSH	EDI
   574 00000415 E8 [00000000]                   	CALL	_sheet_updown
   575 0000041A 6A 03                           	PUSH	3
   576 0000041C FF B5 FFFFFBD0                  	PUSH	DWORD [-1072+EBP]
   577 00000422 E8 [00000000]                   	CALL	_sheet_updown
   578 00000427 8D 55 84                        	LEA	EDX,DWORD [-124+EBP]
   579 0000042A 68 000000ED                     	PUSH	237
   580 0000042F 52                              	PUSH	EDX
   581 00000430 E8 [00000000]                   	CALL	_fifo32_put
   582 00000435 8D 45 84                        	LEA	EAX,DWORD [-124+EBP]
   583 00000438 83 C4 20                        	ADD	ESP,32
   584 0000043B FF B5 FFFFFBB4                  	PUSH	DWORD [-1100+EBP]
   585 00000441 50                              	PUSH	EAX
   586 00000442 E8 [00000000]                   	CALL	_fifo32_put
   587 00000447 59                              	POP	ECX
   588 00000448 5B                              	POP	EBX
   589 00000449                                 L2:
   590 00000449 8D 5D 84                        	LEA	EBX,DWORD [-124+EBP]
   591 0000044C 53                              	PUSH	EBX
   592 0000044D E8 [00000000]                   	CALL	_fifo32_status
   593 00000452 5A                              	POP	EDX
   594 00000453 85 C0                           	TEST	EAX,EAX
   595 00000455 7E 0D                           	JLE	L5
   596 00000457 83 BD FFFFFBB0 00               	CMP	DWORD [-1104+EBP],0
   597 0000045E 0F 88 00000611                  	JS	L57
   598 00000464                                 L5:
   599 00000464 8D 5D A4                        	LEA	EBX,DWORD [-92+EBP]
   600 00000467 E8 [00000000]                   	CALL	_io_cli
   601 0000046C 53                              	PUSH	EBX
   602 0000046D E8 [00000000]                   	CALL	_fifo32_status
   603 00000472 5E                              	POP	ESI
   604 00000473 85 C0                           	TEST	EAX,EAX
   605 00000475 0F 84 000005E4                  	JE	L58
   606 0000047B 53                              	PUSH	EBX
   607 0000047C E8 [00000000]                   	CALL	_fifo32_get
   608 00000481 89 C6                           	MOV	ESI,EAX
   609 00000483 E8 [00000000]                   	CALL	_io_sti
   610 00000488 5A                              	POP	EDX
   611 00000489 8D 86 FFFFFF00                  	LEA	EAX,DWORD [-256+ESI]
   612 0000048F 3D 000000FF                     	CMP	EAX,255
   613 00000494 0F 86 000001AC                  	JBE	L59
   614 0000049A 8D 86 FFFFFE00                  	LEA	EAX,DWORD [-512+ESI]
   615 000004A0 3D 000000FF                     	CMP	EAX,255
   616 000004A5 0F 86 000000C2                  	JBE	L60
   617 000004AB 83 FE 01                        	CMP	ESI,1
   618 000004AE 7F 99                           	JG	L2
   619 000004B0 85 F6                           	TEST	ESI,ESI
   620 000004B2 0F 84 00000088                  	JE	L50
   621 000004B8 6A 00                           	PUSH	0
   622 000004BA 53                              	PUSH	EBX
   623 000004BB FF B5 FFFFFBC0                  	PUSH	DWORD [-1088+EBP]
   624 000004C1 E8 [00000000]                   	CALL	_timer_init
   625 000004C6 83 C4 0C                        	ADD	ESP,12
   626 000004C9 83 BD FFFFFBE4 00               	CMP	DWORD [-1052+EBP],0
   627 000004D0 78 0A                           	JS	L52
   628 000004D2 C7 85 FFFFFBE4 00000000         	MOV	DWORD [-1052+EBP],0
   629 000004DC                                 L52:
   630 000004DC 6A 32                           	PUSH	50
   631 000004DE FF B5 FFFFFBC0                  	PUSH	DWORD [-1088+EBP]
   632 000004E4 E8 [00000000]                   	CALL	_timer_settime
   633 000004E9 58                              	POP	EAX
   634 000004EA 5A                              	POP	EDX
   635 000004EB 83 BD FFFFFBE4 00               	CMP	DWORD [-1052+EBP],0
   636 000004F2 0F 88 FFFFFF51                  	JS	L2
   637 000004F8 8B 85 FFFFFBE8                  	MOV	EAX,DWORD [-1048+EBP]
   638 000004FE 6A 2B                           	PUSH	43
   639 00000500 83 C0 07                        	ADD	EAX,7
   640 00000503 50                              	PUSH	EAX
   641 00000504 6A 1C                           	PUSH	28
   642 00000506 FF B5 FFFFFBE8                  	PUSH	DWORD [-1048+EBP]
   643 0000050C 0F B6 85 FFFFFBE4               	MOVZX	EAX,BYTE [-1052+EBP]
   644 00000513 50                              	PUSH	EAX
   645 00000514 FF 77 04                        	PUSH	DWORD [4+EDI]
   646 00000517 FF 37                           	PUSH	DWORD [EDI]
   647 00000519 E8 [00000000]                   	CALL	_boxfill8
   648 0000051E 8B 85 FFFFFBE8                  	MOV	EAX,DWORD [-1048+EBP]
   649 00000524 6A 2C                           	PUSH	44
   650 00000526 83 C0 08                        	ADD	EAX,8
   651 00000529 50                              	PUSH	EAX
   652 0000052A 6A 1C                           	PUSH	28
   653 0000052C FF B5 FFFFFBE8                  	PUSH	DWORD [-1048+EBP]
   654 00000532 57                              	PUSH	EDI
   655 00000533 E8 [00000000]                   	CALL	_sheet_refresh
   656 00000538 83 C4 30                        	ADD	ESP,48
   657 0000053B E9 FFFFFF09                     	JMP	L2
   658 00000540                                 L50:
   659 00000540 6A 01                           	PUSH	1
   660 00000542 53                              	PUSH	EBX
   661 00000543 FF B5 FFFFFBC0                  	PUSH	DWORD [-1088+EBP]
   662 00000549 E8 [00000000]                   	CALL	_timer_init
   663 0000054E 83 C4 0C                        	ADD	ESP,12
   664 00000551 83 BD FFFFFBE4 00               	CMP	DWORD [-1052+EBP],0
   665 00000558 0F 88 FFFFFF7E                  	JS	L52
   666 0000055E C7 85 FFFFFBE4 00000007         	MOV	DWORD [-1052+EBP],7
   667 00000568 E9 FFFFFF6F                     	JMP	L52
   668 0000056D                                 L60:
   669 0000056D 89 F2                           	MOV	EDX,ESI
   670 0000056F 0F B6 C2                        	MOVZX	EAX,DL
   671 00000572 50                              	PUSH	EAX
   672 00000573 8D 85 FFFFFCF4                  	LEA	EAX,DWORD [-780+EBP]
   673 00000579 50                              	PUSH	EAX
   674 0000057A E8 [00000000]                   	CALL	_mouse_decode
   675 0000057F 59                              	POP	ECX
   676 00000580 5B                              	POP	EBX
   677 00000581 85 C0                           	TEST	EAX,EAX
   678 00000583 0F 84 FFFFFEC0                  	JE	L2
   679 00000589 8B 85 FFFFFCFC                  	MOV	EAX,DWORD [-772+EBP]
   680 0000058F 8B 95 FFFFFCF8                  	MOV	EDX,DWORD [-776+EBP]
   681 00000595 01 85 FFFFFBEC                  	ADD	DWORD [-1044+EBP],EAX
   682 0000059B 01 95 FFFFFBF0                  	ADD	DWORD [-1040+EBP],EDX
   683 000005A1 0F 88 00000090                  	JS	L61
   684 000005A7                                 L43:
   685 000005A7 83 BD FFFFFBEC 00               	CMP	DWORD [-1044+EBP],0
   686 000005AE 78 78                           	JS	L62
   687 000005B0                                 L44:
   688 000005B0 0F BF 05 00000FF4               	MOVSX	EAX,WORD [4084]
   689 000005B7 48                              	DEC	EAX
   690 000005B8 39 85 FFFFFBF0                  	CMP	DWORD [-1040+EBP],EAX
   691 000005BE 7E 06                           	JLE	L45
   692 000005C0 89 85 FFFFFBF0                  	MOV	DWORD [-1040+EBP],EAX
   693 000005C6                                 L45:
   694 000005C6 0F BF 05 00000FF6               	MOVSX	EAX,WORD [4086]
   695 000005CD 48                              	DEC	EAX
   696 000005CE 39 85 FFFFFBEC                  	CMP	DWORD [-1044+EBP],EAX
   697 000005D4 7E 06                           	JLE	L46
   698 000005D6 89 85 FFFFFBEC                  	MOV	DWORD [-1044+EBP],EAX
   699 000005DC                                 L46:
   700 000005DC FF B5 FFFFFBEC                  	PUSH	DWORD [-1044+EBP]
   701 000005E2 FF B5 FFFFFBF0                  	PUSH	DWORD [-1040+EBP]
   702 000005E8 FF B5 FFFFFBD0                  	PUSH	DWORD [-1072+EBP]
   703 000005EE E8 [00000000]                   	CALL	_sheet_slide
   704 000005F3 83 C4 0C                        	ADD	ESP,12
   705 000005F6 F7 85 FFFFFD00 00000001         	TEST	DWORD [-768+EBP],1
   706 00000600 0F 84 FFFFFE43                  	JE	L2
   707 00000606 8B 85 FFFFFBEC                  	MOV	EAX,DWORD [-1044+EBP]
   708 0000060C 83 E8 08                        	SUB	EAX,8
   709 0000060F 50                              	PUSH	EAX
   710 00000610 8B 85 FFFFFBF0                  	MOV	EAX,DWORD [-1040+EBP]
   711 00000616 83 E8 50                        	SUB	EAX,80
   712 00000619 50                              	PUSH	EAX
   713 0000061A 57                              	PUSH	EDI
   714 0000061B E8 [00000000]                   	CALL	_sheet_slide
   715 00000620 83 C4 0C                        	ADD	ESP,12
   716 00000623 E9 FFFFFE21                     	JMP	L2
   717 00000628                                 L62:
   718 00000628 C7 85 FFFFFBEC 00000000         	MOV	DWORD [-1044+EBP],0
   719 00000632 E9 FFFFFF79                     	JMP	L44
   720 00000637                                 L61:
   721 00000637 C7 85 FFFFFBF0 00000000         	MOV	DWORD [-1040+EBP],0
   722 00000641 E9 FFFFFF61                     	JMP	L43
   723 00000646                                 L59:
   724 00000646 81 FE 0000017F                  	CMP	ESI,383
   725 0000064C 0F 8F 00000404                  	JG	L9
   726 00000652 83 BD FFFFFBB8 00               	CMP	DWORD [-1096+EBP],0
   727 00000659 0F 85 000003EC                  	JNE	L10
   728 0000065F 8A 86 [FFFFFF00]                	MOV	AL,BYTE [_keytable0.0-256+ESI]
   729 00000665                                 L56:
   730 00000665 88 45 C4                        	MOV	BYTE [-60+EBP],AL
   731 00000668                                 L12:
   732 00000668 8A 55 C4                        	MOV	DL,BYTE [-60+EBP]
   733 0000066B 8D 42 BF                        	LEA	EAX,DWORD [-65+EDX]
   734 0000066E 3C 19                           	CMP	AL,25
   735 00000670 77 1D                           	JA	L13
   736 00000672 F7 85 FFFFFBB4 00000004         	TEST	DWORD [-1100+EBP],4
   737 0000067C 0F 85 000003BA                  	JNE	L55
   738 00000682 83 BD FFFFFBB8 00               	CMP	DWORD [-1096+EBP],0
   739 00000689 0F 84 000003A2                  	JE	L15
   740 0000068F                                 L13:
   741 0000068F 8A 45 C4                        	MOV	AL,BYTE [-60+EBP]
   742 00000692 84 C0                           	TEST	AL,AL
   743 00000694 74 3C                           	JE	L17
   744 00000696 83 BD FFFFFBBC 00               	CMP	DWORD [-1092+EBP],0
   745 0000069D 0F 85 0000036F                  	JNE	L18
   746 000006A3 83 BD FFFFFBE8 7F               	CMP	DWORD [-1048+EBP],127
   747 000006AA 7F 26                           	JG	L17
   748 000006AC 6A 01                           	PUSH	1
   749 000006AE 8D 45 C4                        	LEA	EAX,DWORD [-60+EBP]
   750 000006B1 50                              	PUSH	EAX
   751 000006B2 6A 07                           	PUSH	7
   752 000006B4 6A 00                           	PUSH	0
   753 000006B6 6A 1C                           	PUSH	28
   754 000006B8 FF B5 FFFFFBE8                  	PUSH	DWORD [-1048+EBP]
   755 000006BE 57                              	PUSH	EDI
   756 000006BF C6 45 C5 00                     	MOV	BYTE [-59+EBP],0
   757 000006C3 E8 [00000000]                   	CALL	_putfonts8_asc_sht
   758 000006C8 83 C4 1C                        	ADD	ESP,28
   759 000006CB 83 85 FFFFFBE8 08               	ADD	DWORD [-1048+EBP],8
   760 000006D2                                 L17:
   761 000006D2 81 FE 0000010E                  	CMP	ESI,270
   762 000006D8 0F 84 000002DB                  	JE	L63
   763 000006DE                                 L21:
   764 000006DE 81 FE 0000011C                  	CMP	ESI,284
   765 000006E4 0F 84 000002A7                  	JE	L64
   766 000006EA                                 L25:
   767 000006EA 81 FE 0000010F                  	CMP	ESI,271
   768 000006F0 0F 84 00000188                  	JE	L65
   769 000006F6                                 L27:
   770 000006F6 81 FE 0000012A                  	CMP	ESI,298
   771 000006FC 0F 84 00000170                  	JE	L66
   772 00000702                                 L30:
   773 00000702 81 FE 00000136                  	CMP	ESI,310
   774 00000708 0F 84 00000158                  	JE	L67
   775 0000070E                                 L31:
   776 0000070E 81 FE 000001AA                  	CMP	ESI,426
   777 00000714 0F 84 00000140                  	JE	L68
   778 0000071A                                 L32:
   779 0000071A 81 FE 000001B6                  	CMP	ESI,438
   780 00000720 0F 84 00000128                  	JE	L69
   781 00000726                                 L33:
   782 00000726 81 FE 0000013A                  	CMP	ESI,314
   783 0000072C 0F 84 000000F3                  	JE	L70
   784 00000732                                 L34:
   785 00000732 81 FE 00000145                  	CMP	ESI,325
   786 00000738 0F 84 000000BE                  	JE	L71
   787 0000073E                                 L35:
   788 0000073E 81 FE 00000146                  	CMP	ESI,326
   789 00000744 0F 84 00000089                  	JE	L72
   790 0000074A                                 L36:
   791 0000074A 81 FE 000001FA                  	CMP	ESI,506
   792 00000750 74 72                           	JE	L73
   793 00000752                                 L37:
   794 00000752 81 FE 000001FE                  	CMP	ESI,510
   795 00000758 74 54                           	JE	L74
   796 0000075A                                 L38:
   797 0000075A 83 BD FFFFFBE4 00               	CMP	DWORD [-1052+EBP],0
   798 00000761 78 29                           	JS	L39
   799 00000763 8B 85 FFFFFBE8                  	MOV	EAX,DWORD [-1048+EBP]
   800 00000769 6A 2B                           	PUSH	43
   801 0000076B 83 C0 07                        	ADD	EAX,7
   802 0000076E 50                              	PUSH	EAX
   803 0000076F 6A 1C                           	PUSH	28
   804 00000771 FF B5 FFFFFBE8                  	PUSH	DWORD [-1048+EBP]
   805 00000777 0F B6 85 FFFFFBE4               	MOVZX	EAX,BYTE [-1052+EBP]
   806 0000077E 50                              	PUSH	EAX
   807 0000077F FF 77 04                        	PUSH	DWORD [4+EDI]
   808 00000782 FF 37                           	PUSH	DWORD [EDI]
   809 00000784 E8 [00000000]                   	CALL	_boxfill8
   810 00000789 83 C4 1C                        	ADD	ESP,28
   811 0000078C                                 L39:
   812 0000078C 8B 85 FFFFFBE8                  	MOV	EAX,DWORD [-1048+EBP]
   813 00000792 6A 2C                           	PUSH	44
   814 00000794 83 C0 08                        	ADD	EAX,8
   815 00000797 50                              	PUSH	EAX
   816 00000798 6A 1C                           	PUSH	28
   817 0000079A FF B5 FFFFFBE8                  	PUSH	DWORD [-1048+EBP]
   818 000007A0 57                              	PUSH	EDI
   819 000007A1 E8 [00000000]                   	CALL	_sheet_refresh
   820 000007A6 83 C4 14                        	ADD	ESP,20
   821 000007A9 E9 FFFFFC9B                     	JMP	L2
   822 000007AE                                 L74:
   823 000007AE E8 [00000000]                   	CALL	_wait_KBC_sendready
   824 000007B3 FF B5 FFFFFBB0                  	PUSH	DWORD [-1104+EBP]
   825 000007B9 6A 60                           	PUSH	96
   826 000007BB E8 [00000000]                   	CALL	_io_out8
   827 000007C0 5E                              	POP	ESI
   828 000007C1 58                              	POP	EAX
   829 000007C2 EB 96                           	JMP	L38
   830 000007C4                                 L73:
   831 000007C4 C7 85 FFFFFBB0 FFFFFFFF         	MOV	DWORD [-1104+EBP],-1
   832 000007CE E9 FFFFFF7F                     	JMP	L37
   833 000007D3                                 L72:
   834 000007D3 68 000000ED                     	PUSH	237
   835 000007D8 8D 5D 84                        	LEA	EBX,DWORD [-124+EBP]
   836 000007DB 53                              	PUSH	EBX
   837 000007DC 83 B5 FFFFFBB4 01               	XOR	DWORD [-1100+EBP],1
   838 000007E3 E8 [00000000]                   	CALL	_fifo32_put
   839 000007E8 FF B5 FFFFFBB4                  	PUSH	DWORD [-1100+EBP]
   840 000007EE 53                              	PUSH	EBX
   841 000007EF E8 [00000000]                   	CALL	_fifo32_put
   842 000007F4 83 C4 10                        	ADD	ESP,16
   843 000007F7 E9 FFFFFF4E                     	JMP	L36
   844 000007FC                                 L71:
   845 000007FC 68 000000ED                     	PUSH	237
   846 00000801 8D 5D 84                        	LEA	EBX,DWORD [-124+EBP]
   847 00000804 53                              	PUSH	EBX
   848 00000805 83 B5 FFFFFBB4 02               	XOR	DWORD [-1100+EBP],2
   849 0000080C E8 [00000000]                   	CALL	_fifo32_put
   850 00000811 FF B5 FFFFFBB4                  	PUSH	DWORD [-1100+EBP]
   851 00000817 53                              	PUSH	EBX
   852 00000818 E8 [00000000]                   	CALL	_fifo32_put
   853 0000081D 83 C4 10                        	ADD	ESP,16
   854 00000820 E9 FFFFFF19                     	JMP	L35
   855 00000825                                 L70:
   856 00000825 68 000000ED                     	PUSH	237
   857 0000082A 8D 5D 84                        	LEA	EBX,DWORD [-124+EBP]
   858 0000082D 53                              	PUSH	EBX
   859 0000082E 83 B5 FFFFFBB4 04               	XOR	DWORD [-1100+EBP],4
   860 00000835 E8 [00000000]                   	CALL	_fifo32_put
   861 0000083A FF B5 FFFFFBB4                  	PUSH	DWORD [-1100+EBP]
   862 00000840 53                              	PUSH	EBX
   863 00000841 E8 [00000000]                   	CALL	_fifo32_put
   864 00000846 83 C4 10                        	ADD	ESP,16
   865 00000849 E9 FFFFFEE4                     	JMP	L34
   866 0000084E                                 L69:
   867 0000084E 83 A5 FFFFFBB8 FD               	AND	DWORD [-1096+EBP],-3
   868 00000855 E9 FFFFFECC                     	JMP	L33
   869 0000085A                                 L68:
   870 0000085A 83 A5 FFFFFBB8 FE               	AND	DWORD [-1096+EBP],-2
   871 00000861 E9 FFFFFEB4                     	JMP	L32
   872 00000866                                 L67:
   873 00000866 83 8D FFFFFBB8 02               	OR	DWORD [-1096+EBP],2
   874 0000086D E9 FFFFFE9C                     	JMP	L31
   875 00000872                                 L66:
   876 00000872 83 8D FFFFFBB8 01               	OR	DWORD [-1096+EBP],1
   877 00000879 E9 FFFFFE84                     	JMP	L30
   878 0000087E                                 L65:
   879 0000087E 83 BD FFFFFBBC 00               	CMP	DWORD [-1092+EBP],0
   880 00000885 0F 85 000000A7                  	JNE	L28
   881 0000088B 6A 00                           	PUSH	0
   882 0000088D 68 [00000108]                   	PUSH	LC1
   883 00000892 FF 77 04                        	PUSH	DWORD [4+EDI]
   884 00000895 FF B5 FFFFFBDC                  	PUSH	DWORD [-1060+EBP]
   885 0000089B C7 85 FFFFFBBC 00000001         	MOV	DWORD [-1092+EBP],1
   886 000008A5 E8 [00000000]                   	CALL	_make_wtitle8
   887 000008AA 8B 95 FFFFFBCC                  	MOV	EDX,DWORD [-1076+EBP]
   888 000008B0 6A 01                           	PUSH	1
   889 000008B2 68 [00000100]                   	PUSH	LC0
   890 000008B7 FF 72 04                        	PUSH	DWORD [4+EDX]
   891 000008BA FF B5 FFFFFBD8                  	PUSH	DWORD [-1064+EBP]
   892 000008C0 E8 [00000000]                   	CALL	_make_wtitle8
   893 000008C5 8B 85 FFFFFBE8                  	MOV	EAX,DWORD [-1048+EBP]
   894 000008CB 83 C4 20                        	ADD	ESP,32
   895 000008CE 83 C0 07                        	ADD	EAX,7
   896 000008D1 C7 85 FFFFFBE4 FFFFFFFF         	MOV	DWORD [-1052+EBP],-1
   897 000008DB 6A 2B                           	PUSH	43
   898 000008DD 50                              	PUSH	EAX
   899 000008DE 6A 1C                           	PUSH	28
   900 000008E0 FF B5 FFFFFBE8                  	PUSH	DWORD [-1048+EBP]
   901 000008E6 6A 07                           	PUSH	7
   902 000008E8 FF 77 04                        	PUSH	DWORD [4+EDI]
   903 000008EB FF 37                           	PUSH	DWORD [EDI]
   904 000008ED E8 [00000000]                   	CALL	_boxfill8
   905 000008F2 8B 85 FFFFFBC4                  	MOV	EAX,DWORD [-1084+EBP]
   906 000008F8 6A 02                           	PUSH	2
   907 000008FA 83 C0 10                        	ADD	EAX,16
   908 000008FD 50                              	PUSH	EAX
   909 000008FE E8 [00000000]                   	CALL	_fifo32_put
   910 00000903 83 C4 24                        	ADD	ESP,36
   911 00000906                                 L29:
   912 00000906 6A 15                           	PUSH	21
   913 00000908 FF 77 04                        	PUSH	DWORD [4+EDI]
   914 0000090B 6A 00                           	PUSH	0
   915 0000090D 6A 00                           	PUSH	0
   916 0000090F 57                              	PUSH	EDI
   917 00000910 E8 [00000000]                   	CALL	_sheet_refresh
   918 00000915 8B 95 FFFFFBCC                  	MOV	EDX,DWORD [-1076+EBP]
   919 0000091B 6A 15                           	PUSH	21
   920 0000091D FF 72 04                        	PUSH	DWORD [4+EDX]
   921 00000920 6A 00                           	PUSH	0
   922 00000922 6A 00                           	PUSH	0
   923 00000924 52                              	PUSH	EDX
   924 00000925 E8 [00000000]                   	CALL	_sheet_refresh
   925 0000092A 83 C4 28                        	ADD	ESP,40
   926 0000092D E9 FFFFFDC4                     	JMP	L27
   927 00000932                                 L28:
   928 00000932 6A 01                           	PUSH	1
   929 00000934 68 [00000108]                   	PUSH	LC1
   930 00000939 FF 77 04                        	PUSH	DWORD [4+EDI]
   931 0000093C FF B5 FFFFFBDC                  	PUSH	DWORD [-1060+EBP]
   932 00000942 C7 85 FFFFFBBC 00000000         	MOV	DWORD [-1092+EBP],0
   933 0000094C E8 [00000000]                   	CALL	_make_wtitle8
   934 00000951 8B 85 FFFFFBCC                  	MOV	EAX,DWORD [-1076+EBP]
   935 00000957 6A 00                           	PUSH	0
   936 00000959 68 [00000100]                   	PUSH	LC0
   937 0000095E FF 70 04                        	PUSH	DWORD [4+EAX]
   938 00000961 FF B5 FFFFFBD8                  	PUSH	DWORD [-1064+EBP]
   939 00000967 E8 [00000000]                   	CALL	_make_wtitle8
   940 0000096C 8B 85 FFFFFBC4                  	MOV	EAX,DWORD [-1084+EBP]
   941 00000972 83 C4 20                        	ADD	ESP,32
   942 00000975 83 C0 10                        	ADD	EAX,16
   943 00000978 C7 85 FFFFFBE4 00000000         	MOV	DWORD [-1052+EBP],0
   944 00000982 6A 03                           	PUSH	3
   945 00000984 50                              	PUSH	EAX
   946 00000985 E8 [00000000]                   	CALL	_fifo32_put
   947 0000098A 58                              	POP	EAX
   948 0000098B 5A                              	POP	EDX
   949 0000098C E9 FFFFFF75                     	JMP	L29
   950 00000991                                 L64:
   951 00000991 83 BD FFFFFBBC 00               	CMP	DWORD [-1092+EBP],0
   952 00000998 0F 84 FFFFFD4C                  	JE	L25
   953 0000099E 8B 85 FFFFFBC4                  	MOV	EAX,DWORD [-1084+EBP]
   954 000009A4 68 0000010A                     	PUSH	266
   955 000009A9 83 C0 10                        	ADD	EAX,16
   956 000009AC 50                              	PUSH	EAX
   957 000009AD E8 [00000000]                   	CALL	_fifo32_put
   958 000009B2 59                              	POP	ECX
   959 000009B3 5B                              	POP	EBX
   960 000009B4 E9 FFFFFD31                     	JMP	L25
   961 000009B9                                 L63:
   962 000009B9 83 BD FFFFFBBC 00               	CMP	DWORD [-1092+EBP],0
   963 000009C0 75 35                           	JNE	L22
   964 000009C2 83 BD FFFFFBE8 08               	CMP	DWORD [-1048+EBP],8
   965 000009C9 0F 8E FFFFFD0F                  	JLE	L21
   966 000009CF 6A 01                           	PUSH	1
   967 000009D1 68 [0000010F]                   	PUSH	LC2
   968 000009D6 6A 07                           	PUSH	7
   969 000009D8 6A 00                           	PUSH	0
   970 000009DA 6A 1C                           	PUSH	28
   971 000009DC FF B5 FFFFFBE8                  	PUSH	DWORD [-1048+EBP]
   972 000009E2 57                              	PUSH	EDI
   973 000009E3 E8 [00000000]                   	CALL	_putfonts8_asc_sht
   974 000009E8 83 C4 1C                        	ADD	ESP,28
   975 000009EB 83 AD FFFFFBE8 08               	SUB	DWORD [-1048+EBP],8
   976 000009F2 E9 FFFFFCE7                     	JMP	L21
   977 000009F7                                 L22:
   978 000009F7 8B 85 FFFFFBC4                  	MOV	EAX,DWORD [-1084+EBP]
   979 000009FD 68 00000108                     	PUSH	264
   980 00000A02 83 C0 10                        	ADD	EAX,16
   981 00000A05 50                              	PUSH	EAX
   982 00000A06 E8 [00000000]                   	CALL	_fifo32_put
   983 00000A0B 58                              	POP	EAX
   984 00000A0C 5A                              	POP	EDX
   985 00000A0D E9 FFFFFCCC                     	JMP	L21
   986 00000A12                                 L18:
   987 00000A12 0F BE C0                        	MOVSX	EAX,AL
   988 00000A15 05 00000100                     	ADD	EAX,256
   989 00000A1A 50                              	PUSH	EAX
   990 00000A1B 8B 85 FFFFFBC4                  	MOV	EAX,DWORD [-1084+EBP]
   991 00000A21 83 C0 10                        	ADD	EAX,16
   992 00000A24 50                              	PUSH	EAX
   993 00000A25 E8 [00000000]                   	CALL	_fifo32_put
   994 00000A2A 59                              	POP	ECX
   995 00000A2B 5B                              	POP	EBX
   996 00000A2C E9 FFFFFCA1                     	JMP	L17
   997 00000A31                                 L15:
   998 00000A31 8D 42 20                        	LEA	EAX,DWORD [32+EDX]
   999 00000A34 88 45 C4                        	MOV	BYTE [-60+EBP],AL
  1000 00000A37 E9 FFFFFC53                     	JMP	L13
  1001 00000A3C                                 L55:
  1002 00000A3C 83 BD FFFFFBB8 00               	CMP	DWORD [-1096+EBP],0
  1003 00000A43 0F 84 FFFFFC46                  	JE	L13
  1004 00000A49 EB E6                           	JMP	L15
  1005 00000A4B                                 L10:
  1006 00000A4B 8A 86 [FFFFFF80]                	MOV	AL,BYTE [_keytable1.1-256+ESI]
  1007 00000A51 E9 FFFFFC0F                     	JMP	L56
  1008 00000A56                                 L9:
  1009 00000A56 C6 45 C4 00                     	MOV	BYTE [-60+EBP],0
  1010 00000A5A E9 FFFFFC09                     	JMP	L12
  1011 00000A5F                                 L58:
  1012 00000A5F FF B5 FFFFFBC8                  	PUSH	DWORD [-1080+EBP]
  1013 00000A65 E8 [00000000]                   	CALL	_task_sleep
  1014 00000A6A E8 [00000000]                   	CALL	_io_sti
  1015 00000A6F 59                              	POP	ECX
  1016 00000A70 E9 FFFFF9D4                     	JMP	L2
  1017 00000A75                                 L57:
  1018 00000A75 53                              	PUSH	EBX
  1019 00000A76 E8 [00000000]                   	CALL	_fifo32_get
  1020 00000A7B 89 85 FFFFFBB0                  	MOV	DWORD [-1104+EBP],EAX
  1021 00000A81 E8 [00000000]                   	CALL	_wait_KBC_sendready
  1022 00000A86 FF B5 FFFFFBB0                  	PUSH	DWORD [-1104+EBP]
  1023 00000A8C 6A 60                           	PUSH	96
  1024 00000A8E E8 [00000000]                   	CALL	_io_out8
  1025 00000A93 83 C4 0C                        	ADD	ESP,12
  1026 00000A96 E9 FFFFF9C9                     	JMP	L5
