     1 00000000                                 [FORMAT "WCOFF"]
     2 00000000                                 [INSTRSET "i486p"]
     3 00000000                                 [OPTIMIZE 1]
     4 00000000                                 [OPTION 1]
     5 00000000                                 [BITS 32]
     6 00000000                                 	EXTERN	_init_gdtidt
     7 00000000                                 	EXTERN	_init_pic
     8 00000000                                 	EXTERN	_io_sti
     9 00000000                                 	EXTERN	_init_palette
    10 00000000                                 	EXTERN	_init_screen
    11 00000000                                 	EXTERN	_init_mouse_cursor8
    12 00000000                                 	EXTERN	_putblock8_8
    13 00000000                                 	EXTERN	_sprintf
    14 00000000                                 	EXTERN	_putfonts8_asc
    15 00000000                                 	EXTERN	_io_out8
    16 00000000                                 	EXTERN	_io_hlt
    17 00000000                                 [FILE "bootpack.c"]
    18                                          [SECTION .data]
    19 00000000                                 LC0:
    20 00000000 73 63 72 6E 78 20 3D 20 25 64   	DB	"scrnx = %d,scrny= %d",0x00
       0000000A 2C 73 63 72 6E 79 3D 20 25 64 
       00000014 00 
    21                                          [SECTION .text]
    22 00000000                                 	GLOBAL	_HariMain
    23 00000000                                 _HariMain:
    24 00000000 55                              	PUSH	EBP
    25 00000001 89 E5                           	MOV	EBP,ESP
    26 00000003 57                              	PUSH	EDI
    27 00000004 56                              	PUSH	ESI
    28 00000005 53                              	PUSH	EBX
    29 00000006 8D 9D FFFFFEC4                  	LEA	EBX,DWORD [-316+EBP]
    30 0000000C 81 EC 00000138                  	SUB	ESP,312
    31 00000012 A1 00000FF8                     	MOV	EAX,DWORD [4088]
    32 00000017 0F BF 35 00000FF6               	MOVSX	ESI,WORD [4086]
    33 0000001E 89 85 FFFFFEC0                  	MOV	DWORD [-320+EBP],EAX
    34 00000024 0F BF 3D 00000FF4               	MOVSX	EDI,WORD [4084]
    35 0000002B E8 [00000000]                   	CALL	_init_gdtidt
    36 00000030 E8 [00000000]                   	CALL	_init_pic
    37 00000035 E8 [00000000]                   	CALL	_io_sti
    38 0000003A E8 [00000000]                   	CALL	_init_palette
    39 0000003F 56                              	PUSH	ESI
    40 00000040 57                              	PUSH	EDI
    41 00000041 FF B5 FFFFFEC0                  	PUSH	DWORD [-320+EBP]
    42 00000047 E8 [00000000]                   	CALL	_init_screen
    43 0000004C 6A 00                           	PUSH	0
    44 0000004E 53                              	PUSH	EBX
    45 0000004F E8 [00000000]                   	CALL	_init_mouse_cursor8
    46 00000054 89 F0                           	MOV	EAX,ESI
    47 00000056 6A 10                           	PUSH	16
    48 00000058 53                              	PUSH	EBX
    49 00000059 BB 00000002                     	MOV	EBX,2
    50 0000005E 99                              	CDQ
    51 0000005F F7 FB                           	IDIV	EBX
    52 00000061 50                              	PUSH	EAX
    53 00000062 89 F8                           	MOV	EAX,EDI
    54 00000064 99                              	CDQ
    55 00000065 F7 FB                           	IDIV	EBX
    56 00000067 50                              	PUSH	EAX
    57 00000068 8D 5D C4                        	LEA	EBX,DWORD [-60+EBP]
    58 0000006B 6A 10                           	PUSH	16
    59 0000006D 6A 10                           	PUSH	16
    60 0000006F 57                              	PUSH	EDI
    61 00000070 FF B5 FFFFFEC0                  	PUSH	DWORD [-320+EBP]
    62 00000076 E8 [00000000]                   	CALL	_putblock8_8
    63 0000007B 83 C4 34                        	ADD	ESP,52
    64 0000007E 56                              	PUSH	ESI
    65 0000007F 57                              	PUSH	EDI
    66 00000080 68 [00000000]                   	PUSH	LC0
    67 00000085 53                              	PUSH	EBX
    68 00000086 E8 [00000000]                   	CALL	_sprintf
    69 0000008B 53                              	PUSH	EBX
    70 0000008C 6A 40                           	PUSH	64
    71 0000008E 6A 10                           	PUSH	16
    72 00000090 6A 06                           	PUSH	6
    73 00000092 57                              	PUSH	EDI
    74 00000093 FF B5 FFFFFEC0                  	PUSH	DWORD [-320+EBP]
    75 00000099 E8 [00000000]                   	CALL	_putfonts8_asc
    76 0000009E 83 C4 28                        	ADD	ESP,40
    77 000000A1 68 000000F9                     	PUSH	249
    78 000000A6 6A 21                           	PUSH	33
    79 000000A8 E8 [00000000]                   	CALL	_io_out8
    80 000000AD 68 000000EF                     	PUSH	239
    81 000000B2 68 000000A1                     	PUSH	161
    82 000000B7 E8 [00000000]                   	CALL	_io_out8
    83 000000BC 83 C4 10                        	ADD	ESP,16
    84 000000BF                                 L2:
    85 000000BF E8 [00000000]                   	CALL	_io_hlt
    86 000000C4 EB F9                           	JMP	L2
