     1 00000000                                 [FORMAT "WCOFF"]
     2 00000000                                 [INSTRSET "i486p"]
     3 00000000                                 [OPTIMIZE 1]
     4 00000000                                 [OPTION 1]
     5 00000000                                 [BITS 32]
     6 00000000                                 	EXTERN	_io_hlt
     7 00000000                                 	EXTERN	_font_A
     8 00000000                                 	EXTERN	_hankaku
     9 00000000                                 	EXTERN	_io_load_eflags
    10 00000000                                 	EXTERN	_io_cli
    11 00000000                                 	EXTERN	_io_out8
    12 00000000                                 	EXTERN	_io_store_eflags
    13 00000000                                 [FILE "bootpack.c"]
    14                                          [SECTION .data]
    15 00000000                                 _font_A:
    16 00000000 00                              	DB	0
    17 00000001 18                              	DB	24
    18 00000002 18                              	DB	24
    19 00000003 18                              	DB	24
    20 00000004 24                              	DB	36
    21 00000005 24                              	DB	36
    22 00000006 24                              	DB	36
    23 00000007 24                              	DB	36
    24 00000008 7E                              	DB	126
    25 00000009 42                              	DB	66
    26 0000000A 42                              	DB	66
    27 0000000B E7                              	DB	-25
    28 0000000C 00                              	DB	0
    29 0000000D 00                              	DB	0
    30 0000000E 00 00                           	RESB	2
    31 00000010                                 LC0:
    32 00000010 77 68 61 74 3F 00               	DB	"what?",0x00
    33                                          [SECTION .text]
    34 00000000                                 	GLOBAL	_HariMain
    35 00000000                                 _HariMain:
    36 00000000 55                              	PUSH	EBP
    37 00000001 89 E5                           	MOV	EBP,ESP
    38 00000003 56                              	PUSH	ESI
    39 00000004 53                              	PUSH	EBX
    40 00000005 E8 0000030F                     	CALL	_init_palette
    41 0000000A 8B 35 00000FF8                  	MOV	ESI,DWORD [4088]
    42 00000010 0F BF 05 00000FF6               	MOVSX	EAX,WORD [4086]
    43 00000017 0F BF 1D 00000FF4               	MOVSX	EBX,WORD [4084]
    44 0000001E 50                              	PUSH	EAX
    45 0000001F 53                              	PUSH	EBX
    46 00000020 56                              	PUSH	ESI
    47 00000021 E8 00000043                     	CALL	_init_screen
    48 00000026 68 [00000010]                   	PUSH	LC0
    49 0000002B 6A 14                           	PUSH	20
    50 0000002D 6A 14                           	PUSH	20
    51 0000002F 6A 09                           	PUSH	9
    52 00000031 53                              	PUSH	EBX
    53 00000032 56                              	PUSH	ESI
    54 00000033 E8 000001BB                     	CALL	_putfont_asc
    55 00000038 83 C4 24                        	ADD	ESP,36
    56 0000003B 68 [00000010]                   	PUSH	LC0
    57 00000040 6A 28                           	PUSH	40
    58 00000042 6A 28                           	PUSH	40
    59 00000044 6A 09                           	PUSH	9
    60 00000046 53                              	PUSH	EBX
    61 00000047 56                              	PUSH	ESI
    62 00000048 E8 000001A6                     	CALL	_putfont_asc
    63 0000004D 68 [00000010]                   	PUSH	LC0
    64 00000052 6A 3C                           	PUSH	60
    65 00000054 6A 3C                           	PUSH	60
    66 00000056 6A 09                           	PUSH	9
    67 00000058 53                              	PUSH	EBX
    68 00000059 56                              	PUSH	ESI
    69 0000005A E8 00000194                     	CALL	_putfont_asc
    70 0000005F 83 C4 30                        	ADD	ESP,48
    71 00000062                                 L2:
    72 00000062 E8 [00000000]                   	CALL	_io_hlt
    73 00000067 EB F9                           	JMP	L2
    74 00000069                                 	GLOBAL	_init_screen
    75 00000069                                 _init_screen:
    76 00000069 55                              	PUSH	EBP
    77 0000006A 89 E5                           	MOV	EBP,ESP
    78 0000006C 57                              	PUSH	EDI
    79 0000006D 56                              	PUSH	ESI
    80 0000006E 53                              	PUSH	EBX
    81 0000006F 50                              	PUSH	EAX
    82 00000070 50                              	PUSH	EAX
    83 00000071 8B 45 10                        	MOV	EAX,DWORD [16+EBP]
    84 00000074 83 E8 1D                        	SUB	EAX,29
    85 00000077 50                              	PUSH	EAX
    86 00000078 8B 45 0C                        	MOV	EAX,DWORD [12+EBP]
    87 0000007B 48                              	DEC	EAX
    88 0000007C 50                              	PUSH	EAX
    89 0000007D 6A 00                           	PUSH	0
    90 0000007F 6A 00                           	PUSH	0
    91 00000081 6A 04                           	PUSH	4
    92 00000083 FF 75 0C                        	PUSH	DWORD [12+EBP]
    93 00000086 FF 75 08                        	PUSH	DWORD [8+EBP]
    94 00000089 E8 0000023A                     	CALL	_boxfill8
    95 0000008E 8B 75 10                        	MOV	ESI,DWORD [16+EBP]
    96 00000091 83 EE 18                        	SUB	ESI,24
    97 00000094 56                              	PUSH	ESI
    98 00000095 6A 3B                           	PUSH	59
    99 00000097 56                              	PUSH	ESI
   100 00000098 6A 03                           	PUSH	3
   101 0000009A 6A 07                           	PUSH	7
   102 0000009C FF 75 0C                        	PUSH	DWORD [12+EBP]
   103 0000009F FF 75 08                        	PUSH	DWORD [8+EBP]
   104 000000A2 E8 00000221                     	CALL	_boxfill8
   105 000000A7 8B 5D 10                        	MOV	EBX,DWORD [16+EBP]
   106 000000AA 83 C4 38                        	ADD	ESP,56
   107 000000AD 83 EB 04                        	SUB	EBX,4
   108 000000B0 53                              	PUSH	EBX
   109 000000B1 6A 02                           	PUSH	2
   110 000000B3 56                              	PUSH	ESI
   111 000000B4 6A 02                           	PUSH	2
   112 000000B6 6A 07                           	PUSH	7
   113 000000B8 FF 75 0C                        	PUSH	DWORD [12+EBP]
   114 000000BB FF 75 08                        	PUSH	DWORD [8+EBP]
   115 000000BE E8 00000205                     	CALL	_boxfill8
   116 000000C3 53                              	PUSH	EBX
   117 000000C4 6A 3B                           	PUSH	59
   118 000000C6 53                              	PUSH	EBX
   119 000000C7 6A 03                           	PUSH	3
   120 000000C9 6A 0F                           	PUSH	15
   121 000000CB FF 75 0C                        	PUSH	DWORD [12+EBP]
   122 000000CE FF 75 08                        	PUSH	DWORD [8+EBP]
   123 000000D1 E8 000001F2                     	CALL	_boxfill8
   124 000000D6 8B 45 10                        	MOV	EAX,DWORD [16+EBP]
   125 000000D9 83 C4 38                        	ADD	ESP,56
   126 000000DC 83 E8 05                        	SUB	EAX,5
   127 000000DF 50                              	PUSH	EAX
   128 000000E0 8B 45 10                        	MOV	EAX,DWORD [16+EBP]
   129 000000E3 6A 3B                           	PUSH	59
   130 000000E5 83 E8 17                        	SUB	EAX,23
   131 000000E8 50                              	PUSH	EAX
   132 000000E9 89 45 F0                        	MOV	DWORD [-16+EBP],EAX
   133 000000EC 6A 3B                           	PUSH	59
   134 000000EE 6A 0F                           	PUSH	15
   135 000000F0 FF 75 0C                        	PUSH	DWORD [12+EBP]
   136 000000F3 FF 75 08                        	PUSH	DWORD [8+EBP]
   137 000000F6 E8 000001CD                     	CALL	_boxfill8
   138 000000FB 8B 7D 10                        	MOV	EDI,DWORD [16+EBP]
   139 000000FE 83 EF 03                        	SUB	EDI,3
   140 00000101 57                              	PUSH	EDI
   141 00000102 6A 3B                           	PUSH	59
   142 00000104 57                              	PUSH	EDI
   143 00000105 6A 02                           	PUSH	2
   144 00000107 6A 00                           	PUSH	0
   145 00000109 FF 75 0C                        	PUSH	DWORD [12+EBP]
   146 0000010C FF 75 08                        	PUSH	DWORD [8+EBP]
   147 0000010F E8 000001B4                     	CALL	_boxfill8
   148 00000114 83 C4 38                        	ADD	ESP,56
   149 00000117 57                              	PUSH	EDI
   150 00000118 6A 3C                           	PUSH	60
   151 0000011A 56                              	PUSH	ESI
   152 0000011B 6A 3C                           	PUSH	60
   153 0000011D 6A 00                           	PUSH	0
   154 0000011F FF 75 0C                        	PUSH	DWORD [12+EBP]
   155 00000122 FF 75 08                        	PUSH	DWORD [8+EBP]
   156 00000125 E8 0000019E                     	CALL	_boxfill8
   157 0000012A 8B 5D 0C                        	MOV	EBX,DWORD [12+EBP]
   158 0000012D 8B 45 0C                        	MOV	EAX,DWORD [12+EBP]
   159 00000130 56                              	PUSH	ESI
   160 00000131 83 E8 04                        	SUB	EAX,4
   161 00000134 83 EB 2F                        	SUB	EBX,47
   162 00000137 50                              	PUSH	EAX
   163 00000138 89 45 EC                        	MOV	DWORD [-20+EBP],EAX
   164 0000013B 56                              	PUSH	ESI
   165 0000013C 53                              	PUSH	EBX
   166 0000013D 6A 0F                           	PUSH	15
   167 0000013F FF 75 0C                        	PUSH	DWORD [12+EBP]
   168 00000142 FF 75 08                        	PUSH	DWORD [8+EBP]
   169 00000145 E8 0000017E                     	CALL	_boxfill8
   170 0000014A 83 C4 38                        	ADD	ESP,56
   171 0000014D 57                              	PUSH	EDI
   172 0000014E 53                              	PUSH	EBX
   173 0000014F FF 75 F0                        	PUSH	DWORD [-16+EBP]
   174 00000152 53                              	PUSH	EBX
   175 00000153 6A 0F                           	PUSH	15
   176 00000155 FF 75 0C                        	PUSH	DWORD [12+EBP]
   177 00000158 FF 75 08                        	PUSH	DWORD [8+EBP]
   178 0000015B E8 00000168                     	CALL	_boxfill8
   179 00000160 57                              	PUSH	EDI
   180 00000161 FF 75 EC                        	PUSH	DWORD [-20+EBP]
   181 00000164 57                              	PUSH	EDI
   182 00000165 53                              	PUSH	EBX
   183 00000166 6A 07                           	PUSH	7
   184 00000168 FF 75 0C                        	PUSH	DWORD [12+EBP]
   185 0000016B FF 75 08                        	PUSH	DWORD [8+EBP]
   186 0000016E E8 00000155                     	CALL	_boxfill8
   187 00000173 8B 45 0C                        	MOV	EAX,DWORD [12+EBP]
   188 00000176 83 C4 38                        	ADD	ESP,56
   189 00000179 83 E8 03                        	SUB	EAX,3
   190 0000017C 57                              	PUSH	EDI
   191 0000017D 50                              	PUSH	EAX
   192 0000017E 56                              	PUSH	ESI
   193 0000017F 50                              	PUSH	EAX
   194 00000180 6A 07                           	PUSH	7
   195 00000182 FF 75 0C                        	PUSH	DWORD [12+EBP]
   196 00000185 FF 75 08                        	PUSH	DWORD [8+EBP]
   197 00000188 E8 0000013B                     	CALL	_boxfill8
   198 0000018D 68 [00000000]                   	PUSH	_font_A
   199 00000192 6A 02                           	PUSH	2
   200 00000194 6A 02                           	PUSH	2
   201 00000196 6A 06                           	PUSH	6
   202 00000198 FF 75 0C                        	PUSH	DWORD [12+EBP]
   203 0000019B FF 75 08                        	PUSH	DWORD [8+EBP]
   204 0000019E E8 0000009F                     	CALL	_putfont8
   205 000001A3 83 C4 34                        	ADD	ESP,52
   206 000001A6 68 [00000000]                   	PUSH	_font_A
   207 000001AB 6A 0C                           	PUSH	12
   208 000001AD 6A 0C                           	PUSH	12
   209 000001AF 6A 06                           	PUSH	6
   210 000001B1 FF 75 0C                        	PUSH	DWORD [12+EBP]
   211 000001B4 FF 75 08                        	PUSH	DWORD [8+EBP]
   212 000001B7 E8 00000086                     	CALL	_putfont8
   213 000001BC 68 [00000000]                   	PUSH	_font_A
   214 000001C1 6A 16                           	PUSH	22
   215 000001C3 6A 16                           	PUSH	22
   216 000001C5 6A 06                           	PUSH	6
   217 000001C7 FF 75 0C                        	PUSH	DWORD [12+EBP]
   218 000001CA FF 75 08                        	PUSH	DWORD [8+EBP]
   219 000001CD E8 00000070                     	CALL	_putfont8
   220 000001D2 83 C4 30                        	ADD	ESP,48
   221 000001D5 68 [00000000]                   	PUSH	_font_A
   222 000001DA 6A 20                           	PUSH	32
   223 000001DC 6A 20                           	PUSH	32
   224 000001DE 6A 06                           	PUSH	6
   225 000001E0 FF 75 0C                        	PUSH	DWORD [12+EBP]
   226 000001E3 FF 75 08                        	PUSH	DWORD [8+EBP]
   227 000001E6 E8 00000057                     	CALL	_putfont8
   228 000001EB 8D 65 F4                        	LEA	ESP,DWORD [-12+EBP]
   229 000001EE 5B                              	POP	EBX
   230 000001EF 5E                              	POP	ESI
   231 000001F0 5F                              	POP	EDI
   232 000001F1 5D                              	POP	EBP
   233 000001F2 C3                              	RET
   234 000001F3                                 	GLOBAL	_putfont_asc
   235 000001F3                                 _putfont_asc:
   236 000001F3 55                              	PUSH	EBP
   237 000001F4 89 E5                           	MOV	EBP,ESP
   238 000001F6 57                              	PUSH	EDI
   239 000001F7 56                              	PUSH	ESI
   240 000001F8 53                              	PUSH	EBX
   241 000001F9 52                              	PUSH	EDX
   242 000001FA 8B 5D 1C                        	MOV	EBX,DWORD [28+EBP]
   243 000001FD 8A 45 10                        	MOV	AL,BYTE [16+EBP]
   244 00000200 88 45 F3                        	MOV	BYTE [-13+EBP],AL
   245 00000203 8B 75 14                        	MOV	ESI,DWORD [20+EBP]
   246 00000206 8B 7D 18                        	MOV	EDI,DWORD [24+EBP]
   247 00000209 80 3B 00                        	CMP	BYTE [EBX],0
   248 0000020C 75 08                           	JNE	L11
   249 0000020E                                 L13:
   250 0000020E 8D 65 F4                        	LEA	ESP,DWORD [-12+EBP]
   251 00000211 5B                              	POP	EBX
   252 00000212 5E                              	POP	ESI
   253 00000213 5F                              	POP	EDI
   254 00000214 5D                              	POP	EBP
   255 00000215 C3                              	RET
   256 00000216                                 L11:
   257 00000216 0F B6 03                        	MOVZX	EAX,BYTE [EBX]
   258 00000219 C1 E0 04                        	SAL	EAX,4
   259 0000021C 43                              	INC	EBX
   260 0000021D 05 [00000000]                   	ADD	EAX,_hankaku
   261 00000222 50                              	PUSH	EAX
   262 00000223 57                              	PUSH	EDI
   263 00000224 56                              	PUSH	ESI
   264 00000225 83 C6 08                        	ADD	ESI,8
   265 00000228 0F BE 45 F3                     	MOVSX	EAX,BYTE [-13+EBP]
   266 0000022C 50                              	PUSH	EAX
   267 0000022D FF 75 0C                        	PUSH	DWORD [12+EBP]
   268 00000230 FF 75 08                        	PUSH	DWORD [8+EBP]
   269 00000233 E8 0000000A                     	CALL	_putfont8
   270 00000238 83 C4 18                        	ADD	ESP,24
   271 0000023B 80 3B 00                        	CMP	BYTE [EBX],0
   272 0000023E 75 D6                           	JNE	L11
   273 00000240 EB CC                           	JMP	L13
   274 00000242                                 	GLOBAL	_putfont8
   275 00000242                                 _putfont8:
   276 00000242 55                              	PUSH	EBP
   277 00000243 89 E5                           	MOV	EBP,ESP
   278 00000245 57                              	PUSH	EDI
   279 00000246 56                              	PUSH	ESI
   280 00000247 31 F6                           	XOR	ESI,ESI
   281 00000249 53                              	PUSH	EBX
   282 0000024A 8B 7D 1C                        	MOV	EDI,DWORD [28+EBP]
   283 0000024D 8A 5D 10                        	MOV	BL,BYTE [16+EBP]
   284 00000250                                 L27:
   285 00000250 8B 45 18                        	MOV	EAX,DWORD [24+EBP]
   286 00000253 8B 55 14                        	MOV	EDX,DWORD [20+EBP]
   287 00000256 01 F0                           	ADD	EAX,ESI
   288 00000258 0F AF 45 0C                     	IMUL	EAX,DWORD [12+EBP]
   289 0000025C 03 45 08                        	ADD	EAX,DWORD [8+EBP]
   290 0000025F 8D 0C 02                        	LEA	ECX,DWORD [EDX+EAX*1]
   291 00000262 8A 14 3E                        	MOV	DL,BYTE [ESI+EDI*1]
   292 00000265 84 D2                           	TEST	DL,DL
   293 00000267 79 02                           	JNS	L19
   294 00000269 88 19                           	MOV	BYTE [ECX],BL
   295 0000026B                                 L19:
   296 0000026B 88 D0                           	MOV	AL,DL
   297 0000026D 83 E0 40                        	AND	EAX,64
   298 00000270 84 C0                           	TEST	AL,AL
   299 00000272 74 03                           	JE	L20
   300 00000274 88 59 01                        	MOV	BYTE [1+ECX],BL
   301 00000277                                 L20:
   302 00000277 88 D0                           	MOV	AL,DL
   303 00000279 83 E0 20                        	AND	EAX,32
   304 0000027C 84 C0                           	TEST	AL,AL
   305 0000027E 74 03                           	JE	L21
   306 00000280 88 59 02                        	MOV	BYTE [2+ECX],BL
   307 00000283                                 L21:
   308 00000283 88 D0                           	MOV	AL,DL
   309 00000285 83 E0 10                        	AND	EAX,16
   310 00000288 84 C0                           	TEST	AL,AL
   311 0000028A 74 03                           	JE	L22
   312 0000028C 88 59 03                        	MOV	BYTE [3+ECX],BL
   313 0000028F                                 L22:
   314 0000028F 88 D0                           	MOV	AL,DL
   315 00000291 83 E0 08                        	AND	EAX,8
   316 00000294 84 C0                           	TEST	AL,AL
   317 00000296 74 03                           	JE	L23
   318 00000298 88 59 04                        	MOV	BYTE [4+ECX],BL
   319 0000029B                                 L23:
   320 0000029B 88 D0                           	MOV	AL,DL
   321 0000029D 83 E0 04                        	AND	EAX,4
   322 000002A0 84 C0                           	TEST	AL,AL
   323 000002A2 74 03                           	JE	L24
   324 000002A4 88 59 05                        	MOV	BYTE [5+ECX],BL
   325 000002A7                                 L24:
   326 000002A7 88 D0                           	MOV	AL,DL
   327 000002A9 83 E0 02                        	AND	EAX,2
   328 000002AC 84 C0                           	TEST	AL,AL
   329 000002AE 74 03                           	JE	L25
   330 000002B0 88 59 06                        	MOV	BYTE [6+ECX],BL
   331 000002B3                                 L25:
   332 000002B3 83 E2 01                        	AND	EDX,1
   333 000002B6 84 D2                           	TEST	DL,DL
   334 000002B8 74 03                           	JE	L17
   335 000002BA 88 59 07                        	MOV	BYTE [7+ECX],BL
   336 000002BD                                 L17:
   337 000002BD 46                              	INC	ESI
   338 000002BE 83 FE 0F                        	CMP	ESI,15
   339 000002C1 7E 8D                           	JLE	L27
   340 000002C3 5B                              	POP	EBX
   341 000002C4 5E                              	POP	ESI
   342 000002C5 5F                              	POP	EDI
   343 000002C6 5D                              	POP	EBP
   344 000002C7 C3                              	RET
   345 000002C8                                 	GLOBAL	_boxfill8
   346 000002C8                                 _boxfill8:
   347 000002C8 55                              	PUSH	EBP
   348 000002C9 89 E5                           	MOV	EBP,ESP
   349 000002CB 57                              	PUSH	EDI
   350 000002CC 56                              	PUSH	ESI
   351 000002CD 53                              	PUSH	EBX
   352 000002CE 56                              	PUSH	ESI
   353 000002CF 56                              	PUSH	ESI
   354 000002D0 8A 45 10                        	MOV	AL,BYTE [16+EBP]
   355 000002D3 8B 4D 18                        	MOV	ECX,DWORD [24+EBP]
   356 000002D6 8B 7D 1C                        	MOV	EDI,DWORD [28+EBP]
   357 000002D9 88 45 F3                        	MOV	BYTE [-13+EBP],AL
   358 000002DC 3B 4D 20                        	CMP	ECX,DWORD [32+EBP]
   359 000002DF 7F 31                           	JG	L42
   360 000002E1 8B 5D 0C                        	MOV	EBX,DWORD [12+EBP]
   361 000002E4 0F AF D9                        	IMUL	EBX,ECX
   362 000002E7                                 L40:
   363 000002E7 8B 55 14                        	MOV	EDX,DWORD [20+EBP]
   364 000002EA 39 FA                           	CMP	EDX,EDI
   365 000002EC 7F 1B                           	JG	L44
   366 000002EE 8B 75 08                        	MOV	ESI,DWORD [8+EBP]
   367 000002F1 01 DE                           	ADD	ESI,EBX
   368 000002F3 01 D6                           	ADD	ESI,EDX
   369 000002F5 89 75 EC                        	MOV	DWORD [-20+EBP],ESI
   370 000002F8                                 L39:
   371 000002F8 8B 75 EC                        	MOV	ESI,DWORD [-20+EBP]
   372 000002FB 8A 45 F3                        	MOV	AL,BYTE [-13+EBP]
   373 000002FE 42                              	INC	EDX
   374 000002FF 88 06                           	MOV	BYTE [ESI],AL
   375 00000301 46                              	INC	ESI
   376 00000302 89 75 EC                        	MOV	DWORD [-20+EBP],ESI
   377 00000305 39 FA                           	CMP	EDX,EDI
   378 00000307 7E EF                           	JLE	L39
   379 00000309                                 L44:
   380 00000309 41                              	INC	ECX
   381 0000030A 03 5D 0C                        	ADD	EBX,DWORD [12+EBP]
   382 0000030D 3B 4D 20                        	CMP	ECX,DWORD [32+EBP]
   383 00000310 7E D5                           	JLE	L40
   384 00000312                                 L42:
   385 00000312 59                              	POP	ECX
   386 00000313 5B                              	POP	EBX
   387 00000314 5B                              	POP	EBX
   388 00000315 5E                              	POP	ESI
   389 00000316 5F                              	POP	EDI
   390 00000317 5D                              	POP	EBP
   391 00000318 C3                              	RET
   392                                          [SECTION .data]
   393 00000016                                 _table_rgb.0:
   394 00000016 00                              	DB	0
   395 00000017 00                              	DB	0
   396 00000018 00                              	DB	0
   397 00000019 FF                              	DB	-1
   398 0000001A 00                              	DB	0
   399 0000001B 00                              	DB	0
   400 0000001C 00                              	DB	0
   401 0000001D FF                              	DB	-1
   402 0000001E 00                              	DB	0
   403 0000001F FF                              	DB	-1
   404 00000020 FF                              	DB	-1
   405 00000021 00                              	DB	0
   406 00000022 00                              	DB	0
   407 00000023 00                              	DB	0
   408 00000024 FF                              	DB	-1
   409 00000025 FF                              	DB	-1
   410 00000026 00                              	DB	0
   411 00000027 FF                              	DB	-1
   412 00000028 00                              	DB	0
   413 00000029 FF                              	DB	-1
   414 0000002A FF                              	DB	-1
   415 0000002B FF                              	DB	-1
   416 0000002C FF                              	DB	-1
   417 0000002D FF                              	DB	-1
   418 0000002E C6                              	DB	-58
   419 0000002F C6                              	DB	-58
   420 00000030 C6                              	DB	-58
   421 00000031 84                              	DB	-124
   422 00000032 00                              	DB	0
   423 00000033 00                              	DB	0
   424 00000034 00                              	DB	0
   425 00000035 84                              	DB	-124
   426 00000036 00                              	DB	0
   427 00000037 84                              	DB	-124
   428 00000038 84                              	DB	-124
   429 00000039 00                              	DB	0
   430 0000003A 00                              	DB	0
   431 0000003B 00                              	DB	0
   432 0000003C 84                              	DB	-124
   433 0000003D 84                              	DB	-124
   434 0000003E 00                              	DB	0
   435 0000003F 84                              	DB	-124
   436 00000040 00                              	DB	0
   437 00000041 84                              	DB	-124
   438 00000042 84                              	DB	-124
   439 00000043 84                              	DB	-124
   440 00000044 84                              	DB	-124
   441 00000045 84                              	DB	-124
   442                                          [SECTION .text]
   443 00000319                                 	GLOBAL	_init_palette
   444 00000319                                 _init_palette:
   445 00000319 55                              	PUSH	EBP
   446 0000031A 89 E5                           	MOV	EBP,ESP
   447 0000031C 68 [00000016]                   	PUSH	_table_rgb.0
   448 00000321 6A 0F                           	PUSH	15
   449 00000323 6A 00                           	PUSH	0
   450 00000325 E8 00000002                     	CALL	_set_palette
   451 0000032A C9                              	LEAVE
   452 0000032B C3                              	RET
   453 0000032C                                 	GLOBAL	_set_palette
   454 0000032C                                 _set_palette:
   455 0000032C 55                              	PUSH	EBP
   456 0000032D 89 E5                           	MOV	EBP,ESP
   457 0000032F 57                              	PUSH	EDI
   458 00000330 56                              	PUSH	ESI
   459 00000331 53                              	PUSH	EBX
   460 00000332 51                              	PUSH	ECX
   461 00000333 8B 5D 08                        	MOV	EBX,DWORD [8+EBP]
   462 00000336 8B 7D 0C                        	MOV	EDI,DWORD [12+EBP]
   463 00000339 8B 75 10                        	MOV	ESI,DWORD [16+EBP]
   464 0000033C E8 [00000000]                   	CALL	_io_load_eflags
   465 00000341 89 45 F0                        	MOV	DWORD [-16+EBP],EAX
   466 00000344 E8 [00000000]                   	CALL	_io_cli
   467 00000349 53                              	PUSH	EBX
   468 0000034A 68 000003C8                     	PUSH	968
   469 0000034F E8 [00000000]                   	CALL	_io_out8
   470 00000354 39 FB                           	CMP	EBX,EDI
   471 00000356 58                              	POP	EAX
   472 00000357 5A                              	POP	EDX
   473 00000358 7E 12                           	JLE	L51
   474 0000035A                                 L53:
   475 0000035A 8B 45 F0                        	MOV	EAX,DWORD [-16+EBP]
   476 0000035D 89 45 08                        	MOV	DWORD [8+EBP],EAX
   477 00000360 8D 65 F4                        	LEA	ESP,DWORD [-12+EBP]
   478 00000363 5B                              	POP	EBX
   479 00000364 5E                              	POP	ESI
   480 00000365 5F                              	POP	EDI
   481 00000366 5D                              	POP	EBP
   482 00000367 E9 [00000000]                   	JMP	_io_store_eflags
   483 0000036C                                 L51:
   484 0000036C 8A 06                           	MOV	AL,BYTE [ESI]
   485 0000036E 43                              	INC	EBX
   486 0000036F C0 E8 02                        	SHR	AL,2
   487 00000372 0F B6 C0                        	MOVZX	EAX,AL
   488 00000375 50                              	PUSH	EAX
   489 00000376 68 000003C9                     	PUSH	969
   490 0000037B E8 [00000000]                   	CALL	_io_out8
   491 00000380 8A 46 01                        	MOV	AL,BYTE [1+ESI]
   492 00000383 C0 E8 02                        	SHR	AL,2
   493 00000386 0F B6 C0                        	MOVZX	EAX,AL
   494 00000389 50                              	PUSH	EAX
   495 0000038A 68 000003C9                     	PUSH	969
   496 0000038F E8 [00000000]                   	CALL	_io_out8
   497 00000394 8A 46 02                        	MOV	AL,BYTE [2+ESI]
   498 00000397 C0 E8 02                        	SHR	AL,2
   499 0000039A 83 C6 03                        	ADD	ESI,3
   500 0000039D 0F B6 C0                        	MOVZX	EAX,AL
   501 000003A0 50                              	PUSH	EAX
   502 000003A1 68 000003C9                     	PUSH	969
   503 000003A6 E8 [00000000]                   	CALL	_io_out8
   504 000003AB 83 C4 18                        	ADD	ESP,24
   505 000003AE 39 FB                           	CMP	EBX,EDI
   506 000003B0 7E BA                           	JLE	L51
   507 000003B2 EB A6                           	JMP	L53
