     1 00000000                                 [FORMAT "WCOFF"]
     2 00000000                                 [INSTRSET "i486p"]
     3 00000000                                 [OPTIMIZE 1]
     4 00000000                                 [OPTION 1]
     5 00000000                                 [BITS 32]
     6 00000000                                 	EXTERN	_init_gdtidt
     7 00000000                                 	EXTERN	_init_pic
     8 00000000                                 	EXTERN	_io_sti
     9 00000000                                 	EXTERN	_keyfifo
    10 00000000                                 	EXTERN	_fifo8_init
    11 00000000                                 	EXTERN	_mousefifo
    12 00000000                                 	EXTERN	_io_out8
    13 00000000                                 	EXTERN	_init_keyboard
    14 00000000                                 	EXTERN	_enable_mouse
    15 00000000                                 	EXTERN	_memtest
    16 00000000                                 	EXTERN	_memman_init
    17 00000000                                 	EXTERN	_memman_free
    18 00000000                                 	EXTERN	_init_palette
    19 00000000                                 	EXTERN	_init_screen
    20 00000000                                 	EXTERN	_init_mouse_cursor8
    21 00000000                                 	EXTERN	_putfonts8_asc
    22 00000000                                 	EXTERN	_memman_total
    23 00000000                                 	EXTERN	_sprintf
    24 00000000                                 	EXTERN	_io_cli
    25 00000000                                 	EXTERN	_fifo8_status
    26 00000000                                 	EXTERN	_fifo8_get
    27 00000000                                 	EXTERN	_mouse_decode
    28 00000000                                 	EXTERN	_boxfill8
    29 00000000                                 	EXTERN	_putblock8_8
    30 00000000                                 	EXTERN	_io_stihlt
    31 00000000                                 [FILE "bootpack.c"]
    32                                          [SECTION .data]
    33 00000000                                 LC0:
    34 00000000 6D 65 6D 6F 72 79 20 25 64 4D   	DB	"memory %dMB free: %dKB",0x00
       0000000A 42 20 66 72 65 65 3A 20 25 64 
       00000014 4B 42 00 
    35 00000017                                 LC2:
    36 00000017 5B 6C 63 72 20 25 34 64 20 25   	DB	"[lcr %4d %4d]",0x00
       00000021 34 64 5D 00 
    37 00000025                                 LC3:
    38 00000025 28 25 33 64 2C 25 33 64 29 00   	DB	"(%3d,%3d)",0x00
    39 0000002F                                 LC1:
    40 0000002F 25 30 32 78 00                  	DB	"%02x",0x00
    41                                          [SECTION .text]
    42 00000000                                 	GLOBAL	_HariMain
    43 00000000                                 _HariMain:
    44 00000000 55                              	PUSH	EBP
    45 00000001 89 E5                           	MOV	EBP,ESP
    46 00000003 57                              	PUSH	EDI
    47 00000004 56                              	PUSH	ESI
    48 00000005 53                              	PUSH	EBX
    49 00000006 8D 5D C4                        	LEA	EBX,DWORD [-60+EBP]
    50 00000009 81 EC 000001F0                  	SUB	ESP,496
    51 0000000F 0F BF 05 00000FF6               	MOVSX	EAX,WORD [4086]
    52 00000016 89 85 FFFFFE10                  	MOV	DWORD [-496+EBP],EAX
    53 0000001C A1 00000FF8                     	MOV	EAX,DWORD [4088]
    54 00000021 89 85 FFFFFE0C                  	MOV	DWORD [-500+EBP],EAX
    55 00000027 0F BF 3D 00000FF4               	MOVSX	EDI,WORD [4084]
    56 0000002E C7 85 FFFFFE08 00000000         	MOV	DWORD [-504+EBP],0
    57 00000038 C7 85 FFFFFE04 00000000         	MOV	DWORD [-508+EBP],0
    58 00000042 E8 [00000000]                   	CALL	_init_gdtidt
    59 00000047 E8 [00000000]                   	CALL	_init_pic
    60 0000004C E8 [00000000]                   	CALL	_io_sti
    61 00000051 8D 85 FFFFFEA4                  	LEA	EAX,DWORD [-348+EBP]
    62 00000057 50                              	PUSH	EAX
    63 00000058 6A 20                           	PUSH	32
    64 0000005A 68 [00000000]                   	PUSH	_keyfifo
    65 0000005F E8 [00000000]                   	CALL	_fifo8_init
    66 00000064 8D 85 FFFFFE24                  	LEA	EAX,DWORD [-476+EBP]
    67 0000006A 50                              	PUSH	EAX
    68 0000006B 68 00000080                     	PUSH	128
    69 00000070 68 [00000000]                   	PUSH	_mousefifo
    70 00000075 E8 [00000000]                   	CALL	_fifo8_init
    71 0000007A 68 000000F9                     	PUSH	249
    72 0000007F 6A 21                           	PUSH	33
    73 00000081 E8 [00000000]                   	CALL	_io_out8
    74 00000086 83 C4 20                        	ADD	ESP,32
    75 00000089 68 000000EF                     	PUSH	239
    76 0000008E 68 000000A1                     	PUSH	161
    77 00000093 E8 [00000000]                   	CALL	_io_out8
    78 00000098 E8 [00000000]                   	CALL	_init_keyboard
    79 0000009D 8D 85 FFFFFE14                  	LEA	EAX,DWORD [-492+EBP]
    80 000000A3 50                              	PUSH	EAX
    81 000000A4 E8 [00000000]                   	CALL	_enable_mouse
    82 000000A9 68 BFFFFFFF                     	PUSH	-1073741825
    83 000000AE 68 00400000                     	PUSH	4194304
    84 000000B3 E8 [00000000]                   	CALL	_memtest
    85 000000B8 68 003C0000                     	PUSH	3932160
    86 000000BD 89 C6                           	MOV	ESI,EAX
    87 000000BF E8 [00000000]                   	CALL	_memman_init
    88 000000C4 68 0009E000                     	PUSH	647168
    89 000000C9 68 00001000                     	PUSH	4096
    90 000000CE 68 003C0000                     	PUSH	3932160
    91 000000D3 E8 [00000000]                   	CALL	_memman_free
    92 000000D8 8D 86 FFC00000                  	LEA	EAX,DWORD [-4194304+ESI]
    93 000000DE C1 EE 14                        	SHR	ESI,20
    94 000000E1 83 C4 24                        	ADD	ESP,36
    95 000000E4 50                              	PUSH	EAX
    96 000000E5 68 00400000                     	PUSH	4194304
    97 000000EA 68 003C0000                     	PUSH	3932160
    98 000000EF E8 [00000000]                   	CALL	_memman_free
    99 000000F4 E8 [00000000]                   	CALL	_init_palette
   100 000000F9 FF B5 FFFFFE10                  	PUSH	DWORD [-496+EBP]
   101 000000FF 57                              	PUSH	EDI
   102 00000100 FF B5 FFFFFE0C                  	PUSH	DWORD [-500+EBP]
   103 00000106 E8 [00000000]                   	CALL	_init_screen
   104 0000010B 8D 85 FFFFFEC4                  	LEA	EAX,DWORD [-316+EBP]
   105 00000111 6A 00                           	PUSH	0
   106 00000113 50                              	PUSH	EAX
   107 00000114 E8 [00000000]                   	CALL	_init_mouse_cursor8
   108 00000119 83 C4 20                        	ADD	ESP,32
   109 0000011C 53                              	PUSH	EBX
   110 0000011D 6A 07                           	PUSH	7
   111 0000011F 6A 00                           	PUSH	0
   112 00000121 6A 00                           	PUSH	0
   113 00000123 0F BF 05 00000FF4               	MOVSX	EAX,WORD [4084]
   114 0000012A 50                              	PUSH	EAX
   115 0000012B FF 35 00000FF8                  	PUSH	DWORD [4088]
   116 00000131 E8 [00000000]                   	CALL	_putfonts8_asc
   117 00000136 68 003C0000                     	PUSH	3932160
   118 0000013B E8 [00000000]                   	CALL	_memman_total
   119 00000140 C1 E8 0A                        	SHR	EAX,10
   120 00000143 89 04 24                        	MOV	DWORD [ESP],EAX
   121 00000146 56                              	PUSH	ESI
   122 00000147 68 [00000000]                   	PUSH	LC0
   123 0000014C 53                              	PUSH	EBX
   124 0000014D E8 [00000000]                   	CALL	_sprintf
   125 00000152 83 C4 28                        	ADD	ESP,40
   126 00000155 53                              	PUSH	EBX
   127 00000156 6A 20                           	PUSH	32
   128 00000158                                 L18:
   129 00000158 6A 00                           	PUSH	0
   130 0000015A 6A 07                           	PUSH	7
   131 0000015C 57                              	PUSH	EDI
   132 0000015D FF B5 FFFFFE0C                  	PUSH	DWORD [-500+EBP]
   133 00000163 E8 [00000000]                   	CALL	_putfonts8_asc
   134 00000168 83 C4 18                        	ADD	ESP,24
   135 0000016B                                 L2:
   136 0000016B E8 [00000000]                   	CALL	_io_cli
   137 00000170 68 [00000000]                   	PUSH	_keyfifo
   138 00000175 E8 [00000000]                   	CALL	_fifo8_status
   139 0000017A 68 [00000000]                   	PUSH	_mousefifo
   140 0000017F 89 C3                           	MOV	EBX,EAX
   141 00000181 E8 [00000000]                   	CALL	_fifo8_status
   142 00000186 8D 04 18                        	LEA	EAX,DWORD [EAX+EBX*1]
   143 00000189 5B                              	POP	EBX
   144 0000018A 5E                              	POP	ESI
   145 0000018B 85 C0                           	TEST	EAX,EAX
   146 0000018D 0F 84 00000211                  	JE	L19
   147 00000193 68 [00000000]                   	PUSH	_keyfifo
   148 00000198 E8 [00000000]                   	CALL	_fifo8_status
   149 0000019D 59                              	POP	ECX
   150 0000019E 85 C0                           	TEST	EAX,EAX
   151 000001A0 0F 85 000001BA                  	JNE	L20
   152 000001A6 68 [00000000]                   	PUSH	_mousefifo
   153 000001AB E8 [00000000]                   	CALL	_fifo8_status
   154 000001B0 5A                              	POP	EDX
   155 000001B1 85 C0                           	TEST	EAX,EAX
   156 000001B3 74 B6                           	JE	L2
   157 000001B5 68 [00000000]                   	PUSH	_mousefifo
   158 000001BA E8 [00000000]                   	CALL	_fifo8_get
   159 000001BF 88 C3                           	MOV	BL,AL
   160 000001C1 E8 [00000000]                   	CALL	_io_sti
   161 000001C6 0F B6 C3                        	MOVZX	EAX,BL
   162 000001C9 50                              	PUSH	EAX
   163 000001CA 8D 85 FFFFFE14                  	LEA	EAX,DWORD [-492+EBP]
   164 000001D0 50                              	PUSH	EAX
   165 000001D1 E8 [00000000]                   	CALL	_mouse_decode
   166 000001D6 83 C4 0C                        	ADD	ESP,12
   167 000001D9 85 C0                           	TEST	EAX,EAX
   168 000001DB 74 8E                           	JE	L2
   169 000001DD FF B5 FFFFFE1C                  	PUSH	DWORD [-484+EBP]
   170 000001E3 FF B5 FFFFFE18                  	PUSH	DWORD [-488+EBP]
   171 000001E9 68 [00000017]                   	PUSH	LC2
   172 000001EE 8D 5D C4                        	LEA	EBX,DWORD [-60+EBP]
   173 000001F1 53                              	PUSH	EBX
   174 000001F2 E8 [00000000]                   	CALL	_sprintf
   175 000001F7 83 C4 10                        	ADD	ESP,16
   176 000001FA 8B 85 FFFFFE20                  	MOV	EAX,DWORD [-480+EBP]
   177 00000200 A9 00000001                     	TEST	EAX,1
   178 00000205 74 04                           	JE	L11
   179 00000207 C6 45 C5 4C                     	MOV	BYTE [-59+EBP],76
   180 0000020B                                 L11:
   181 0000020B A9 00000002                     	TEST	EAX,2
   182 00000210 74 04                           	JE	L12
   183 00000212 C6 45 C7 52                     	MOV	BYTE [-57+EBP],82
   184 00000216                                 L12:
   185 00000216 83 E0 04                        	AND	EAX,4
   186 00000219 74 04                           	JE	L13
   187 0000021B C6 45 C6 43                     	MOV	BYTE [-58+EBP],67
   188 0000021F                                 L13:
   189 0000021F 6A 1F                           	PUSH	31
   190 00000221 68 00000097                     	PUSH	151
   191 00000226 6A 10                           	PUSH	16
   192 00000228 6A 20                           	PUSH	32
   193 0000022A 6A 0E                           	PUSH	14
   194 0000022C 57                              	PUSH	EDI
   195 0000022D FF B5 FFFFFE0C                  	PUSH	DWORD [-500+EBP]
   196 00000233 E8 [00000000]                   	CALL	_boxfill8
   197 00000238 53                              	PUSH	EBX
   198 00000239 6A 10                           	PUSH	16
   199 0000023B 6A 20                           	PUSH	32
   200 0000023D 6A 07                           	PUSH	7
   201 0000023F 57                              	PUSH	EDI
   202 00000240 FF B5 FFFFFE0C                  	PUSH	DWORD [-500+EBP]
   203 00000246 E8 [00000000]                   	CALL	_putfonts8_asc
   204 0000024B 8B 85 FFFFFE04                  	MOV	EAX,DWORD [-508+EBP]
   205 00000251 83 C4 34                        	ADD	ESP,52
   206 00000254 83 C0 0F                        	ADD	EAX,15
   207 00000257 50                              	PUSH	EAX
   208 00000258 8B 85 FFFFFE08                  	MOV	EAX,DWORD [-504+EBP]
   209 0000025E 83 C0 0F                        	ADD	EAX,15
   210 00000261 50                              	PUSH	EAX
   211 00000262 FF B5 FFFFFE04                  	PUSH	DWORD [-508+EBP]
   212 00000268 FF B5 FFFFFE08                  	PUSH	DWORD [-504+EBP]
   213 0000026E 6A 0E                           	PUSH	14
   214 00000270 57                              	PUSH	EDI
   215 00000271 FF B5 FFFFFE0C                  	PUSH	DWORD [-500+EBP]
   216 00000277 E8 [00000000]                   	CALL	_boxfill8
   217 0000027C 83 C4 1C                        	ADD	ESP,28
   218 0000027F 8B 85 FFFFFE1C                  	MOV	EAX,DWORD [-484+EBP]
   219 00000285 01 85 FFFFFE04                  	ADD	DWORD [-508+EBP],EAX
   220 0000028B 8B 85 FFFFFE18                  	MOV	EAX,DWORD [-488+EBP]
   221 00000291 01 85 FFFFFE08                  	ADD	DWORD [-504+EBP],EAX
   222 00000297 0F 88 000000B4                  	JS	L21
   223 0000029D                                 L14:
   224 0000029D 83 BD FFFFFE04 00               	CMP	DWORD [-508+EBP],0
   225 000002A4 0F 88 00000098                  	JS	L22
   226 000002AA                                 L15:
   227 000002AA 8D 47 F0                        	LEA	EAX,DWORD [-16+EDI]
   228 000002AD 39 85 FFFFFE08                  	CMP	DWORD [-504+EBP],EAX
   229 000002B3 7E 06                           	JLE	L16
   230 000002B5 89 85 FFFFFE08                  	MOV	DWORD [-504+EBP],EAX
   231 000002BB                                 L16:
   232 000002BB 8B 85 FFFFFE10                  	MOV	EAX,DWORD [-496+EBP]
   233 000002C1 83 E8 10                        	SUB	EAX,16
   234 000002C4 39 85 FFFFFE04                  	CMP	DWORD [-508+EBP],EAX
   235 000002CA 7E 06                           	JLE	L17
   236 000002CC 89 85 FFFFFE04                  	MOV	DWORD [-508+EBP],EAX
   237 000002D2                                 L17:
   238 000002D2 FF B5 FFFFFE04                  	PUSH	DWORD [-508+EBP]
   239 000002D8 FF B5 FFFFFE08                  	PUSH	DWORD [-504+EBP]
   240 000002DE 68 [00000025]                   	PUSH	LC3
   241 000002E3 53                              	PUSH	EBX
   242 000002E4 E8 [00000000]                   	CALL	_sprintf
   243 000002E9 6A 0F                           	PUSH	15
   244 000002EB 6A 4F                           	PUSH	79
   245 000002ED 6A 00                           	PUSH	0
   246 000002EF 6A 00                           	PUSH	0
   247 000002F1 6A 0E                           	PUSH	14
   248 000002F3 57                              	PUSH	EDI
   249 000002F4 FF B5 FFFFFE0C                  	PUSH	DWORD [-500+EBP]
   250 000002FA E8 [00000000]                   	CALL	_boxfill8
   251 000002FF 83 C4 2C                        	ADD	ESP,44
   252 00000302 53                              	PUSH	EBX
   253 00000303 6A 00                           	PUSH	0
   254 00000305 6A 00                           	PUSH	0
   255 00000307 6A 07                           	PUSH	7
   256 00000309 57                              	PUSH	EDI
   257 0000030A FF B5 FFFFFE0C                  	PUSH	DWORD [-500+EBP]
   258 00000310 E8 [00000000]                   	CALL	_putfonts8_asc
   259 00000315 8D 85 FFFFFEC4                  	LEA	EAX,DWORD [-316+EBP]
   260 0000031B 6A 10                           	PUSH	16
   261 0000031D 50                              	PUSH	EAX
   262 0000031E FF B5 FFFFFE04                  	PUSH	DWORD [-508+EBP]
   263 00000324 FF B5 FFFFFE08                  	PUSH	DWORD [-504+EBP]
   264 0000032A 6A 10                           	PUSH	16
   265 0000032C 6A 10                           	PUSH	16
   266 0000032E 57                              	PUSH	EDI
   267 0000032F FF B5 FFFFFE0C                  	PUSH	DWORD [-500+EBP]
   268 00000335 E8 [00000000]                   	CALL	_putblock8_8
   269 0000033A 83 C4 38                        	ADD	ESP,56
   270 0000033D E9 FFFFFE29                     	JMP	L2
   271 00000342                                 L22:
   272 00000342 C7 85 FFFFFE04 00000000         	MOV	DWORD [-508+EBP],0
   273 0000034C E9 FFFFFF59                     	JMP	L15
   274 00000351                                 L21:
   275 00000351 C7 85 FFFFFE08 00000000         	MOV	DWORD [-504+EBP],0
   276 0000035B E9 FFFFFF3D                     	JMP	L14
   277 00000360                                 L20:
   278 00000360 68 [00000000]                   	PUSH	_keyfifo
   279 00000365 E8 [00000000]                   	CALL	_fifo8_get
   280 0000036A 88 C3                           	MOV	BL,AL
   281 0000036C E8 [00000000]                   	CALL	_io_sti
   282 00000371 0F B6 C3                        	MOVZX	EAX,BL
   283 00000374 50                              	PUSH	EAX
   284 00000375 8D 5D C4                        	LEA	EBX,DWORD [-60+EBP]
   285 00000378 68 [0000002F]                   	PUSH	LC1
   286 0000037D 53                              	PUSH	EBX
   287 0000037E E8 [00000000]                   	CALL	_sprintf
   288 00000383 6A 1F                           	PUSH	31
   289 00000385 6A 0F                           	PUSH	15
   290 00000387 6A 10                           	PUSH	16
   291 00000389 6A 00                           	PUSH	0
   292 0000038B 6A 0E                           	PUSH	14
   293 0000038D 57                              	PUSH	EDI
   294 0000038E FF B5 FFFFFE0C                  	PUSH	DWORD [-500+EBP]
   295 00000394 E8 [00000000]                   	CALL	_boxfill8
   296 00000399 83 C4 2C                        	ADD	ESP,44
   297 0000039C 53                              	PUSH	EBX
   298 0000039D 6A 10                           	PUSH	16
   299 0000039F E9 FFFFFDB4                     	JMP	L18
   300 000003A4                                 L19:
   301 000003A4 E8 [00000000]                   	CALL	_io_stihlt
   302 000003A9 E9 FFFFFDBD                     	JMP	L2
