     1 00000000                                 [FORMAT "WCOFF"]
     2 00000000                                 [INSTRSET "i486p"]
     3 00000000                                 [OPTIMIZE 1]
     4 00000000                                 [OPTION 1]
     5 00000000                                 [BITS 32]
     6 00000000                                 	EXTERN	_init_gdtidt
     7 00000000                                 	EXTERN	_init_pic
     8 00000000                                 	EXTERN	_io_sti
     9 00000000                                 	EXTERN	_init_palette
    10 00000000                                 	EXTERN	_init_screen
    11 00000000                                 	EXTERN	_init_mouse_cursor8
    12 00000000                                 	EXTERN	_putblock8_8
    13 00000000                                 	EXTERN	_sprintf
    14 00000000                                 	EXTERN	_putfonts8_asc
    15 00000000                                 	EXTERN	_io_out8
    16 00000000                                 	EXTERN	_io_cli
    17 00000000                                 	EXTERN	_keybuf
    18 00000000                                 	EXTERN	_boxfill8
    19 00000000                                 	EXTERN	_io_stihlt
    20 00000000                                 [FILE "bootpack.c"]
    21                                          [SECTION .data]
    22 00000000                                 LC0:
    23 00000000 73 63 72 6E 78 20 3D 20 25 64   	DB	"scrnx = %d,scrny= %d",0x00
       0000000A 2C 73 63 72 6E 79 3D 20 25 64 
       00000014 00 
    24 00000015                                 LC1:
    25 00000015 25 30 32 78 00                  	DB	"%02x",0x00
    26                                          [SECTION .text]
    27 00000000                                 	GLOBAL	_HariMain
    28 00000000                                 _HariMain:
    29 00000000 55                              	PUSH	EBP
    30 00000001 89 E5                           	MOV	EBP,ESP
    31 00000003 57                              	PUSH	EDI
    32 00000004 56                              	PUSH	ESI
    33 00000005 53                              	PUSH	EBX
    34 00000006 8D 9D FFFFFEC4                  	LEA	EBX,DWORD [-316+EBP]
    35 0000000C 81 EC 00000138                  	SUB	ESP,312
    36 00000012 A1 00000FF8                     	MOV	EAX,DWORD [4088]
    37 00000017 0F BF 35 00000FF6               	MOVSX	ESI,WORD [4086]
    38 0000001E 89 85 FFFFFEC0                  	MOV	DWORD [-320+EBP],EAX
    39 00000024 0F BF 3D 00000FF4               	MOVSX	EDI,WORD [4084]
    40 0000002B E8 [00000000]                   	CALL	_init_gdtidt
    41 00000030 E8 [00000000]                   	CALL	_init_pic
    42 00000035 E8 [00000000]                   	CALL	_io_sti
    43 0000003A E8 [00000000]                   	CALL	_init_palette
    44 0000003F 56                              	PUSH	ESI
    45 00000040 57                              	PUSH	EDI
    46 00000041 FF B5 FFFFFEC0                  	PUSH	DWORD [-320+EBP]
    47 00000047 E8 [00000000]                   	CALL	_init_screen
    48 0000004C 6A 00                           	PUSH	0
    49 0000004E 53                              	PUSH	EBX
    50 0000004F E8 [00000000]                   	CALL	_init_mouse_cursor8
    51 00000054 89 F0                           	MOV	EAX,ESI
    52 00000056 6A 10                           	PUSH	16
    53 00000058 53                              	PUSH	EBX
    54 00000059 BB 00000002                     	MOV	EBX,2
    55 0000005E 99                              	CDQ
    56 0000005F F7 FB                           	IDIV	EBX
    57 00000061 50                              	PUSH	EAX
    58 00000062 89 F8                           	MOV	EAX,EDI
    59 00000064 99                              	CDQ
    60 00000065 F7 FB                           	IDIV	EBX
    61 00000067 50                              	PUSH	EAX
    62 00000068 8D 5D C4                        	LEA	EBX,DWORD [-60+EBP]
    63 0000006B 6A 10                           	PUSH	16
    64 0000006D 6A 10                           	PUSH	16
    65 0000006F 57                              	PUSH	EDI
    66 00000070 FF B5 FFFFFEC0                  	PUSH	DWORD [-320+EBP]
    67 00000076 E8 [00000000]                   	CALL	_putblock8_8
    68 0000007B 83 C4 34                        	ADD	ESP,52
    69 0000007E 56                              	PUSH	ESI
    70 0000007F 57                              	PUSH	EDI
    71 00000080 68 [00000000]                   	PUSH	LC0
    72 00000085 53                              	PUSH	EBX
    73 00000086 E8 [00000000]                   	CALL	_sprintf
    74 0000008B 53                              	PUSH	EBX
    75 0000008C 6A 40                           	PUSH	64
    76 0000008E 6A 10                           	PUSH	16
    77 00000090 6A 06                           	PUSH	6
    78 00000092 57                              	PUSH	EDI
    79 00000093 FF B5 FFFFFEC0                  	PUSH	DWORD [-320+EBP]
    80 00000099 E8 [00000000]                   	CALL	_putfonts8_asc
    81 0000009E 83 C4 28                        	ADD	ESP,40
    82 000000A1 68 000000F9                     	PUSH	249
    83 000000A6 6A 21                           	PUSH	33
    84 000000A8 E8 [00000000]                   	CALL	_io_out8
    85 000000AD 68 000000EF                     	PUSH	239
    86 000000B2 68 000000A1                     	PUSH	161
    87 000000B7 E8 [00000000]                   	CALL	_io_out8
    88 000000BC 83 C4 10                        	ADD	ESP,16
    89 000000BF                                 L2:
    90 000000BF E8 [00000000]                   	CALL	_io_cli
    91 000000C4 A1 [00000020]                   	MOV	EAX,DWORD [_keybuf+32]
    92 000000C9 85 C0                           	TEST	EAX,EAX
    93 000000CB 74 6D                           	JE	L14
    94 000000CD 48                              	DEC	EAX
    95 000000CE 31 D2                           	XOR	EDX,EDX
    96 000000D0 8A 1D [00000000]                	MOV	BL,BYTE [_keybuf]
    97 000000D6 A3 [00000020]                   	MOV	DWORD [_keybuf+32],EAX
    98 000000DB 39 C2                           	CMP	EDX,EAX
    99 000000DD 7D 13                           	JGE	L13
   100 000000DF 89 C1                           	MOV	ECX,EAX
   101 000000E1                                 L11:
   102 000000E1 8A 82 [00000001]                	MOV	AL,BYTE [_keybuf+1+EDX]
   103 000000E7 88 82 [00000000]                	MOV	BYTE [_keybuf+EDX],AL
   104 000000ED 42                              	INC	EDX
   105 000000EE 39 CA                           	CMP	EDX,ECX
   106 000000F0 7C EF                           	JL	L11
   107 000000F2                                 L13:
   108 000000F2 E8 [00000000]                   	CALL	_io_sti
   109 000000F7 0F B6 C3                        	MOVZX	EAX,BL
   110 000000FA 50                              	PUSH	EAX
   111 000000FB 8D 5D C4                        	LEA	EBX,DWORD [-60+EBP]
   112 000000FE 68 [00000015]                   	PUSH	LC1
   113 00000103 53                              	PUSH	EBX
   114 00000104 E8 [00000000]                   	CALL	_sprintf
   115 00000109 6A 1F                           	PUSH	31
   116 0000010B 6A 0F                           	PUSH	15
   117 0000010D 6A 10                           	PUSH	16
   118 0000010F 6A 00                           	PUSH	0
   119 00000111 6A 0E                           	PUSH	14
   120 00000113 57                              	PUSH	EDI
   121 00000114 FF B5 FFFFFEC0                  	PUSH	DWORD [-320+EBP]
   122 0000011A E8 [00000000]                   	CALL	_boxfill8
   123 0000011F 83 C4 28                        	ADD	ESP,40
   124 00000122 53                              	PUSH	EBX
   125 00000123 6A 10                           	PUSH	16
   126 00000125 6A 00                           	PUSH	0
   127 00000127 6A 07                           	PUSH	7
   128 00000129 57                              	PUSH	EDI
   129 0000012A FF B5 FFFFFEC0                  	PUSH	DWORD [-320+EBP]
   130 00000130 E8 [00000000]                   	CALL	_putfonts8_asc
   131 00000135 83 C4 18                        	ADD	ESP,24
   132 00000138 EB 85                           	JMP	L2
   133 0000013A                                 L14:
   134 0000013A E8 [00000000]                   	CALL	_io_stihlt
   135 0000013F E9 FFFFFF7B                     	JMP	L2
