     1 00000000                                 [FORMAT "WCOFF"]
     2 00000000                                 [INSTRSET "i486p"]
     3 00000000                                 [OPTIMIZE 1]
     4 00000000                                 [OPTION 1]
     5 00000000                                 [BITS 32]
     6 00000000                                 	EXTERN	_table_rgb.0
     7 00000000                                 	EXTERN	_io_load_eflags
     8 00000000                                 	EXTERN	_io_cli
     9 00000000                                 	EXTERN	_io_out8
    10 00000000                                 	EXTERN	_io_store_eflags
    11 00000000                                 	EXTERN	_hankaku
    12 00000000                                 	EXTERN	_sheet_refresh
    13 00000000                                 [FILE "graphic.c"]
    14                                          [SECTION .data]
    15 00000000                                 _table_rgb.0:
    16 00000000 00                              	DB	0
    17 00000001 00                              	DB	0
    18 00000002 00                              	DB	0
    19 00000003 FF                              	DB	-1
    20 00000004 00                              	DB	0
    21 00000005 00                              	DB	0
    22 00000006 00                              	DB	0
    23 00000007 FF                              	DB	-1
    24 00000008 00                              	DB	0
    25 00000009 FF                              	DB	-1
    26 0000000A FF                              	DB	-1
    27 0000000B 00                              	DB	0
    28 0000000C 00                              	DB	0
    29 0000000D 00                              	DB	0
    30 0000000E FF                              	DB	-1
    31 0000000F FF                              	DB	-1
    32 00000010 00                              	DB	0
    33 00000011 FF                              	DB	-1
    34 00000012 00                              	DB	0
    35 00000013 FF                              	DB	-1
    36 00000014 FF                              	DB	-1
    37 00000015 FF                              	DB	-1
    38 00000016 FF                              	DB	-1
    39 00000017 FF                              	DB	-1
    40 00000018 C6                              	DB	-58
    41 00000019 C6                              	DB	-58
    42 0000001A C6                              	DB	-58
    43 0000001B 84                              	DB	-124
    44 0000001C 00                              	DB	0
    45 0000001D 00                              	DB	0
    46 0000001E 00                              	DB	0
    47 0000001F 84                              	DB	-124
    48 00000020 00                              	DB	0
    49 00000021 84                              	DB	-124
    50 00000022 84                              	DB	-124
    51 00000023 00                              	DB	0
    52 00000024 00                              	DB	0
    53 00000025 00                              	DB	0
    54 00000026 84                              	DB	-124
    55 00000027 84                              	DB	-124
    56 00000028 00                              	DB	0
    57 00000029 84                              	DB	-124
    58 0000002A 00                              	DB	0
    59 0000002B 84                              	DB	-124
    60 0000002C 84                              	DB	-124
    61 0000002D 84                              	DB	-124
    62 0000002E 84                              	DB	-124
    63 0000002F 84                              	DB	-124
    64                                          [SECTION .text]
    65 00000000                                 	GLOBAL	_init_palette
    66 00000000                                 _init_palette:
    67 00000000 55                              	PUSH	EBP
    68 00000001 89 E5                           	MOV	EBP,ESP
    69 00000003 68 [00000000]                   	PUSH	_table_rgb.0
    70 00000008 6A 0F                           	PUSH	15
    71 0000000A 6A 00                           	PUSH	0
    72 0000000C E8 00000002                     	CALL	_set_palette
    73 00000011 C9                              	LEAVE
    74 00000012 C3                              	RET
    75 00000013                                 	GLOBAL	_set_palette
    76 00000013                                 _set_palette:
    77 00000013 55                              	PUSH	EBP
    78 00000014 89 E5                           	MOV	EBP,ESP
    79 00000016 57                              	PUSH	EDI
    80 00000017 56                              	PUSH	ESI
    81 00000018 53                              	PUSH	EBX
    82 00000019 51                              	PUSH	ECX
    83 0000001A 8B 5D 08                        	MOV	EBX,DWORD [8+EBP]
    84 0000001D 8B 7D 0C                        	MOV	EDI,DWORD [12+EBP]
    85 00000020 8B 75 10                        	MOV	ESI,DWORD [16+EBP]
    86 00000023 E8 [00000000]                   	CALL	_io_load_eflags
    87 00000028 89 45 F0                        	MOV	DWORD [-16+EBP],EAX
    88 0000002B E8 [00000000]                   	CALL	_io_cli
    89 00000030 53                              	PUSH	EBX
    90 00000031 68 000003C8                     	PUSH	968
    91 00000036 E8 [00000000]                   	CALL	_io_out8
    92 0000003B 39 FB                           	CMP	EBX,EDI
    93 0000003D 58                              	POP	EAX
    94 0000003E 5A                              	POP	EDX
    95 0000003F 7E 12                           	JLE	L7
    96 00000041                                 L9:
    97 00000041 8B 45 F0                        	MOV	EAX,DWORD [-16+EBP]
    98 00000044 89 45 08                        	MOV	DWORD [8+EBP],EAX
    99 00000047 8D 65 F4                        	LEA	ESP,DWORD [-12+EBP]
   100 0000004A 5B                              	POP	EBX
   101 0000004B 5E                              	POP	ESI
   102 0000004C 5F                              	POP	EDI
   103 0000004D 5D                              	POP	EBP
   104 0000004E E9 [00000000]                   	JMP	_io_store_eflags
   105 00000053                                 L7:
   106 00000053 8A 06                           	MOV	AL,BYTE [ESI]
   107 00000055 43                              	INC	EBX
   108 00000056 C0 E8 02                        	SHR	AL,2
   109 00000059 0F B6 C0                        	MOVZX	EAX,AL
   110 0000005C 50                              	PUSH	EAX
   111 0000005D 68 000003C9                     	PUSH	969
   112 00000062 E8 [00000000]                   	CALL	_io_out8
   113 00000067 8A 46 01                        	MOV	AL,BYTE [1+ESI]
   114 0000006A C0 E8 02                        	SHR	AL,2
   115 0000006D 0F B6 C0                        	MOVZX	EAX,AL
   116 00000070 50                              	PUSH	EAX
   117 00000071 68 000003C9                     	PUSH	969
   118 00000076 E8 [00000000]                   	CALL	_io_out8
   119 0000007B 8A 46 02                        	MOV	AL,BYTE [2+ESI]
   120 0000007E C0 E8 02                        	SHR	AL,2
   121 00000081 83 C6 03                        	ADD	ESI,3
   122 00000084 0F B6 C0                        	MOVZX	EAX,AL
   123 00000087 50                              	PUSH	EAX
   124 00000088 68 000003C9                     	PUSH	969
   125 0000008D E8 [00000000]                   	CALL	_io_out8
   126 00000092 83 C4 18                        	ADD	ESP,24
   127 00000095 39 FB                           	CMP	EBX,EDI
   128 00000097 7E BA                           	JLE	L7
   129 00000099 EB A6                           	JMP	L9
   130 0000009B                                 	GLOBAL	_init_screen
   131 0000009B                                 _init_screen:
   132 0000009B 55                              	PUSH	EBP
   133 0000009C 89 E5                           	MOV	EBP,ESP
   134 0000009E 57                              	PUSH	EDI
   135 0000009F 56                              	PUSH	ESI
   136 000000A0 53                              	PUSH	EBX
   137 000000A1 53                              	PUSH	EBX
   138 000000A2 53                              	PUSH	EBX
   139 000000A3 8B 45 10                        	MOV	EAX,DWORD [16+EBP]
   140 000000A6 8B 5D 0C                        	MOV	EBX,DWORD [12+EBP]
   141 000000A9 83 E8 1D                        	SUB	EAX,29
   142 000000AC 4B                              	DEC	EBX
   143 000000AD 50                              	PUSH	EAX
   144 000000AE 53                              	PUSH	EBX
   145 000000AF 6A 00                           	PUSH	0
   146 000000B1 6A 00                           	PUSH	0
   147 000000B3 6A 0E                           	PUSH	14
   148 000000B5 FF 75 0C                        	PUSH	DWORD [12+EBP]
   149 000000B8 FF 75 08                        	PUSH	DWORD [8+EBP]
   150 000000BB E8 00000233                     	CALL	_boxfill8
   151 000000C0 8B 45 10                        	MOV	EAX,DWORD [16+EBP]
   152 000000C3 83 E8 1C                        	SUB	EAX,28
   153 000000C6 50                              	PUSH	EAX
   154 000000C7 53                              	PUSH	EBX
   155 000000C8 50                              	PUSH	EAX
   156 000000C9 6A 00                           	PUSH	0
   157 000000CB 6A 08                           	PUSH	8
   158 000000CD FF 75 0C                        	PUSH	DWORD [12+EBP]
   159 000000D0 FF 75 08                        	PUSH	DWORD [8+EBP]
   160 000000D3 E8 0000021B                     	CALL	_boxfill8
   161 000000D8 8B 45 10                        	MOV	EAX,DWORD [16+EBP]
   162 000000DB 83 C4 38                        	ADD	ESP,56
   163 000000DE 83 E8 1B                        	SUB	EAX,27
   164 000000E1 50                              	PUSH	EAX
   165 000000E2 53                              	PUSH	EBX
   166 000000E3 50                              	PUSH	EAX
   167 000000E4 6A 00                           	PUSH	0
   168 000000E6 6A 07                           	PUSH	7
   169 000000E8 FF 75 0C                        	PUSH	DWORD [12+EBP]
   170 000000EB FF 75 08                        	PUSH	DWORD [8+EBP]
   171 000000EE E8 00000200                     	CALL	_boxfill8
   172 000000F3 8B 45 10                        	MOV	EAX,DWORD [16+EBP]
   173 000000F6 48                              	DEC	EAX
   174 000000F7 50                              	PUSH	EAX
   175 000000F8 8B 45 10                        	MOV	EAX,DWORD [16+EBP]
   176 000000FB 53                              	PUSH	EBX
   177 000000FC 83 E8 1A                        	SUB	EAX,26
   178 000000FF 50                              	PUSH	EAX
   179 00000100 6A 00                           	PUSH	0
   180 00000102 6A 08                           	PUSH	8
   181 00000104 FF 75 0C                        	PUSH	DWORD [12+EBP]
   182 00000107 FF 75 08                        	PUSH	DWORD [8+EBP]
   183 0000010A E8 000001E4                     	CALL	_boxfill8
   184 0000010F 8B 7D 10                        	MOV	EDI,DWORD [16+EBP]
   185 00000112 83 C4 38                        	ADD	ESP,56
   186 00000115 83 EF 18                        	SUB	EDI,24
   187 00000118 57                              	PUSH	EDI
   188 00000119 6A 3B                           	PUSH	59
   189 0000011B 57                              	PUSH	EDI
   190 0000011C 6A 03                           	PUSH	3
   191 0000011E 6A 07                           	PUSH	7
   192 00000120 FF 75 0C                        	PUSH	DWORD [12+EBP]
   193 00000123 FF 75 08                        	PUSH	DWORD [8+EBP]
   194 00000126 E8 000001C8                     	CALL	_boxfill8
   195 0000012B 8B 5D 10                        	MOV	EBX,DWORD [16+EBP]
   196 0000012E 83 EB 04                        	SUB	EBX,4
   197 00000131 53                              	PUSH	EBX
   198 00000132 6A 02                           	PUSH	2
   199 00000134 57                              	PUSH	EDI
   200 00000135 6A 02                           	PUSH	2
   201 00000137 6A 07                           	PUSH	7
   202 00000139 FF 75 0C                        	PUSH	DWORD [12+EBP]
   203 0000013C FF 75 08                        	PUSH	DWORD [8+EBP]
   204 0000013F E8 000001AF                     	CALL	_boxfill8
   205 00000144 83 C4 38                        	ADD	ESP,56
   206 00000147 53                              	PUSH	EBX
   207 00000148 6A 3B                           	PUSH	59
   208 0000014A 53                              	PUSH	EBX
   209 0000014B 6A 03                           	PUSH	3
   210 0000014D 6A 0F                           	PUSH	15
   211 0000014F FF 75 0C                        	PUSH	DWORD [12+EBP]
   212 00000152 FF 75 08                        	PUSH	DWORD [8+EBP]
   213 00000155 E8 00000199                     	CALL	_boxfill8
   214 0000015A 8B 45 10                        	MOV	EAX,DWORD [16+EBP]
   215 0000015D 83 E8 05                        	SUB	EAX,5
   216 00000160 50                              	PUSH	EAX
   217 00000161 8B 45 10                        	MOV	EAX,DWORD [16+EBP]
   218 00000164 6A 3B                           	PUSH	59
   219 00000166 83 E8 17                        	SUB	EAX,23
   220 00000169 50                              	PUSH	EAX
   221 0000016A 89 45 F0                        	MOV	DWORD [-16+EBP],EAX
   222 0000016D 6A 3B                           	PUSH	59
   223 0000016F 6A 0F                           	PUSH	15
   224 00000171 FF 75 0C                        	PUSH	DWORD [12+EBP]
   225 00000174 FF 75 08                        	PUSH	DWORD [8+EBP]
   226 00000177 E8 00000177                     	CALL	_boxfill8
   227 0000017C 8B 45 10                        	MOV	EAX,DWORD [16+EBP]
   228 0000017F 83 C4 38                        	ADD	ESP,56
   229 00000182 83 E8 03                        	SUB	EAX,3
   230 00000185 89 45 EC                        	MOV	DWORD [-20+EBP],EAX
   231 00000188 50                              	PUSH	EAX
   232 00000189 6A 3B                           	PUSH	59
   233 0000018B 50                              	PUSH	EAX
   234 0000018C 6A 02                           	PUSH	2
   235 0000018E 6A 00                           	PUSH	0
   236 00000190 FF 75 0C                        	PUSH	DWORD [12+EBP]
   237 00000193 FF 75 08                        	PUSH	DWORD [8+EBP]
   238 00000196 E8 00000158                     	CALL	_boxfill8
   239 0000019B FF 75 EC                        	PUSH	DWORD [-20+EBP]
   240 0000019E 6A 3C                           	PUSH	60
   241 000001A0 57                              	PUSH	EDI
   242 000001A1 6A 3C                           	PUSH	60
   243 000001A3 6A 00                           	PUSH	0
   244 000001A5 FF 75 0C                        	PUSH	DWORD [12+EBP]
   245 000001A8 FF 75 08                        	PUSH	DWORD [8+EBP]
   246 000001AB E8 00000143                     	CALL	_boxfill8
   247 000001B0 8B 5D 0C                        	MOV	EBX,DWORD [12+EBP]
   248 000001B3 83 C4 38                        	ADD	ESP,56
   249 000001B6 8B 75 0C                        	MOV	ESI,DWORD [12+EBP]
   250 000001B9 83 EE 04                        	SUB	ESI,4
   251 000001BC 83 EB 2F                        	SUB	EBX,47
   252 000001BF 57                              	PUSH	EDI
   253 000001C0 56                              	PUSH	ESI
   254 000001C1 57                              	PUSH	EDI
   255 000001C2 53                              	PUSH	EBX
   256 000001C3 6A 0F                           	PUSH	15
   257 000001C5 FF 75 0C                        	PUSH	DWORD [12+EBP]
   258 000001C8 FF 75 08                        	PUSH	DWORD [8+EBP]
   259 000001CB E8 00000123                     	CALL	_boxfill8
   260 000001D0 FF 75 EC                        	PUSH	DWORD [-20+EBP]
   261 000001D3 53                              	PUSH	EBX
   262 000001D4 FF 75 F0                        	PUSH	DWORD [-16+EBP]
   263 000001D7 53                              	PUSH	EBX
   264 000001D8 6A 0F                           	PUSH	15
   265 000001DA FF 75 0C                        	PUSH	DWORD [12+EBP]
   266 000001DD FF 75 08                        	PUSH	DWORD [8+EBP]
   267 000001E0 E8 0000010E                     	CALL	_boxfill8
   268 000001E5 83 C4 38                        	ADD	ESP,56
   269 000001E8 FF 75 EC                        	PUSH	DWORD [-20+EBP]
   270 000001EB 56                              	PUSH	ESI
   271 000001EC FF 75 EC                        	PUSH	DWORD [-20+EBP]
   272 000001EF 53                              	PUSH	EBX
   273 000001F0 6A 07                           	PUSH	7
   274 000001F2 FF 75 0C                        	PUSH	DWORD [12+EBP]
   275 000001F5 FF 75 08                        	PUSH	DWORD [8+EBP]
   276 000001F8 E8 000000F6                     	CALL	_boxfill8
   277 000001FD 8B 45 0C                        	MOV	EAX,DWORD [12+EBP]
   278 00000200 FF 75 EC                        	PUSH	DWORD [-20+EBP]
   279 00000203 83 E8 03                        	SUB	EAX,3
   280 00000206 50                              	PUSH	EAX
   281 00000207 57                              	PUSH	EDI
   282 00000208 50                              	PUSH	EAX
   283 00000209 6A 07                           	PUSH	7
   284 0000020B FF 75 0C                        	PUSH	DWORD [12+EBP]
   285 0000020E FF 75 08                        	PUSH	DWORD [8+EBP]
   286 00000211 E8 000000DD                     	CALL	_boxfill8
   287 00000216 8D 65 F4                        	LEA	ESP,DWORD [-12+EBP]
   288 00000219 5B                              	POP	EBX
   289 0000021A 5E                              	POP	ESI
   290 0000021B 5F                              	POP	EDI
   291 0000021C 5D                              	POP	EBP
   292 0000021D C3                              	RET
   293 0000021E                                 	GLOBAL	_putfonts8_asc
   294 0000021E                                 _putfonts8_asc:
   295 0000021E 55                              	PUSH	EBP
   296 0000021F 89 E5                           	MOV	EBP,ESP
   297 00000221 57                              	PUSH	EDI
   298 00000222 56                              	PUSH	ESI
   299 00000223 53                              	PUSH	EBX
   300 00000224 56                              	PUSH	ESI
   301 00000225 8B 5D 1C                        	MOV	EBX,DWORD [28+EBP]
   302 00000228 8A 45 10                        	MOV	AL,BYTE [16+EBP]
   303 0000022B 88 45 F3                        	MOV	BYTE [-13+EBP],AL
   304 0000022E 8B 75 14                        	MOV	ESI,DWORD [20+EBP]
   305 00000231 8B 7D 18                        	MOV	EDI,DWORD [24+EBP]
   306 00000234 80 3B 00                        	CMP	BYTE [EBX],0
   307 00000237 75 08                           	JNE	L16
   308 00000239                                 L18:
   309 00000239 8D 65 F4                        	LEA	ESP,DWORD [-12+EBP]
   310 0000023C 5B                              	POP	EBX
   311 0000023D 5E                              	POP	ESI
   312 0000023E 5F                              	POP	EDI
   313 0000023F 5D                              	POP	EBP
   314 00000240 C3                              	RET
   315 00000241                                 L16:
   316 00000241 0F B6 03                        	MOVZX	EAX,BYTE [EBX]
   317 00000244 C1 E0 04                        	SAL	EAX,4
   318 00000247 43                              	INC	EBX
   319 00000248 05 [00000000]                   	ADD	EAX,_hankaku
   320 0000024D 50                              	PUSH	EAX
   321 0000024E 57                              	PUSH	EDI
   322 0000024F 56                              	PUSH	ESI
   323 00000250 83 C6 08                        	ADD	ESI,8
   324 00000253 0F BE 45 F3                     	MOVSX	EAX,BYTE [-13+EBP]
   325 00000257 50                              	PUSH	EAX
   326 00000258 FF 75 0C                        	PUSH	DWORD [12+EBP]
   327 0000025B FF 75 08                        	PUSH	DWORD [8+EBP]
   328 0000025E E8 0000000A                     	CALL	_putfont8
   329 00000263 83 C4 18                        	ADD	ESP,24
   330 00000266 80 3B 00                        	CMP	BYTE [EBX],0
   331 00000269 75 D6                           	JNE	L16
   332 0000026B EB CC                           	JMP	L18
   333 0000026D                                 	GLOBAL	_putfont8
   334 0000026D                                 _putfont8:
   335 0000026D 55                              	PUSH	EBP
   336 0000026E 89 E5                           	MOV	EBP,ESP
   337 00000270 57                              	PUSH	EDI
   338 00000271 56                              	PUSH	ESI
   339 00000272 31 F6                           	XOR	ESI,ESI
   340 00000274 53                              	PUSH	EBX
   341 00000275 8B 7D 1C                        	MOV	EDI,DWORD [28+EBP]
   342 00000278 8A 5D 10                        	MOV	BL,BYTE [16+EBP]
   343 0000027B                                 L32:
   344 0000027B 8B 45 18                        	MOV	EAX,DWORD [24+EBP]
   345 0000027E 8B 55 14                        	MOV	EDX,DWORD [20+EBP]
   346 00000281 01 F0                           	ADD	EAX,ESI
   347 00000283 0F AF 45 0C                     	IMUL	EAX,DWORD [12+EBP]
   348 00000287 03 45 08                        	ADD	EAX,DWORD [8+EBP]
   349 0000028A 8D 0C 02                        	LEA	ECX,DWORD [EDX+EAX*1]
   350 0000028D 8A 14 3E                        	MOV	DL,BYTE [ESI+EDI*1]
   351 00000290 84 D2                           	TEST	DL,DL
   352 00000292 79 02                           	JNS	L24
   353 00000294 88 19                           	MOV	BYTE [ECX],BL
   354 00000296                                 L24:
   355 00000296 88 D0                           	MOV	AL,DL
   356 00000298 83 E0 40                        	AND	EAX,64
   357 0000029B 84 C0                           	TEST	AL,AL
   358 0000029D 74 03                           	JE	L25
   359 0000029F 88 59 01                        	MOV	BYTE [1+ECX],BL
   360 000002A2                                 L25:
   361 000002A2 88 D0                           	MOV	AL,DL
   362 000002A4 83 E0 20                        	AND	EAX,32
   363 000002A7 84 C0                           	TEST	AL,AL
   364 000002A9 74 03                           	JE	L26
   365 000002AB 88 59 02                        	MOV	BYTE [2+ECX],BL
   366 000002AE                                 L26:
   367 000002AE 88 D0                           	MOV	AL,DL
   368 000002B0 83 E0 10                        	AND	EAX,16
   369 000002B3 84 C0                           	TEST	AL,AL
   370 000002B5 74 03                           	JE	L27
   371 000002B7 88 59 03                        	MOV	BYTE [3+ECX],BL
   372 000002BA                                 L27:
   373 000002BA 88 D0                           	MOV	AL,DL
   374 000002BC 83 E0 08                        	AND	EAX,8
   375 000002BF 84 C0                           	TEST	AL,AL
   376 000002C1 74 03                           	JE	L28
   377 000002C3 88 59 04                        	MOV	BYTE [4+ECX],BL
   378 000002C6                                 L28:
   379 000002C6 88 D0                           	MOV	AL,DL
   380 000002C8 83 E0 04                        	AND	EAX,4
   381 000002CB 84 C0                           	TEST	AL,AL
   382 000002CD 74 03                           	JE	L29
   383 000002CF 88 59 05                        	MOV	BYTE [5+ECX],BL
   384 000002D2                                 L29:
   385 000002D2 88 D0                           	MOV	AL,DL
   386 000002D4 83 E0 02                        	AND	EAX,2
   387 000002D7 84 C0                           	TEST	AL,AL
   388 000002D9 74 03                           	JE	L30
   389 000002DB 88 59 06                        	MOV	BYTE [6+ECX],BL
   390 000002DE                                 L30:
   391 000002DE 83 E2 01                        	AND	EDX,1
   392 000002E1 84 D2                           	TEST	DL,DL
   393 000002E3 74 03                           	JE	L22
   394 000002E5 88 59 07                        	MOV	BYTE [7+ECX],BL
   395 000002E8                                 L22:
   396 000002E8 46                              	INC	ESI
   397 000002E9 83 FE 0F                        	CMP	ESI,15
   398 000002EC 7E 8D                           	JLE	L32
   399 000002EE 5B                              	POP	EBX
   400 000002EF 5E                              	POP	ESI
   401 000002F0 5F                              	POP	EDI
   402 000002F1 5D                              	POP	EBP
   403 000002F2 C3                              	RET
   404 000002F3                                 	GLOBAL	_boxfill8
   405 000002F3                                 _boxfill8:
   406 000002F3 55                              	PUSH	EBP
   407 000002F4 89 E5                           	MOV	EBP,ESP
   408 000002F6 57                              	PUSH	EDI
   409 000002F7 56                              	PUSH	ESI
   410 000002F8 53                              	PUSH	EBX
   411 000002F9 50                              	PUSH	EAX
   412 000002FA 50                              	PUSH	EAX
   413 000002FB 8A 45 10                        	MOV	AL,BYTE [16+EBP]
   414 000002FE 8B 4D 18                        	MOV	ECX,DWORD [24+EBP]
   415 00000301 8B 7D 1C                        	MOV	EDI,DWORD [28+EBP]
   416 00000304 88 45 F3                        	MOV	BYTE [-13+EBP],AL
   417 00000307 3B 4D 20                        	CMP	ECX,DWORD [32+EBP]
   418 0000030A 7F 31                           	JG	L47
   419 0000030C 8B 5D 0C                        	MOV	EBX,DWORD [12+EBP]
   420 0000030F 0F AF D9                        	IMUL	EBX,ECX
   421 00000312                                 L45:
   422 00000312 8B 55 14                        	MOV	EDX,DWORD [20+EBP]
   423 00000315 39 FA                           	CMP	EDX,EDI
   424 00000317 7F 1B                           	JG	L49
   425 00000319 8B 75 08                        	MOV	ESI,DWORD [8+EBP]
   426 0000031C 01 DE                           	ADD	ESI,EBX
   427 0000031E 01 D6                           	ADD	ESI,EDX
   428 00000320 89 75 EC                        	MOV	DWORD [-20+EBP],ESI
   429 00000323                                 L44:
   430 00000323 8B 75 EC                        	MOV	ESI,DWORD [-20+EBP]
   431 00000326 8A 45 F3                        	MOV	AL,BYTE [-13+EBP]
   432 00000329 42                              	INC	EDX
   433 0000032A 88 06                           	MOV	BYTE [ESI],AL
   434 0000032C 46                              	INC	ESI
   435 0000032D 89 75 EC                        	MOV	DWORD [-20+EBP],ESI
   436 00000330 39 FA                           	CMP	EDX,EDI
   437 00000332 7E EF                           	JLE	L44
   438 00000334                                 L49:
   439 00000334 41                              	INC	ECX
   440 00000335 03 5D 0C                        	ADD	EBX,DWORD [12+EBP]
   441 00000338 3B 4D 20                        	CMP	ECX,DWORD [32+EBP]
   442 0000033B 7E D5                           	JLE	L45
   443 0000033D                                 L47:
   444 0000033D 5F                              	POP	EDI
   445 0000033E 58                              	POP	EAX
   446 0000033F 5B                              	POP	EBX
   447 00000340 5E                              	POP	ESI
   448 00000341 5F                              	POP	EDI
   449 00000342 5D                              	POP	EBP
   450 00000343 C3                              	RET
   451                                          [SECTION .data]
   452 00000030                                 _cursor.1:
   453 00000030 2A 2A 2A 2A 2A 2A 2A 2A 2A 2A   	DB	"**************.."
       0000003A 2A 2A 2A 2A 2E 2E 
   454 00000040 2A 4F 4F 4F 4F 4F 4F 4F 4F 4F   	DB	"*OOOOOOOOOOO*..."
       0000004A 4F 4F 2A 2E 2E 2E 
   455 00000050 2A 4F 4F 4F 4F 4F 4F 4F 4F 4F   	DB	"*OOOOOOOOOO*...."
       0000005A 4F 2A 2E 2E 2E 2E 
   456 00000060 2A 4F 4F 4F 4F 4F 4F 4F 4F 4F   	DB	"*OOOOOOOOO*....."
       0000006A 2A 2E 2E 2E 2E 2E 
   457 00000070 2A 4F 4F 4F 4F 4F 4F 4F 4F 2A   	DB	"*OOOOOOOO*......"
       0000007A 2E 2E 2E 2E 2E 2E 
   458 00000080 2A 4F 4F 4F 4F 4F 4F 4F 2A 2E   	DB	"*OOOOOOO*......."
       0000008A 2E 2E 2E 2E 2E 2E 
   459 00000090 2A 4F 4F 4F 4F 4F 4F 4F 2A 20   	DB	"*OOOOOOO* ......"
       0000009A 2E 2E 2E 2E 2E 2E 
   460 000000A0 2A 4F 4F 4F 4F 4F 4F 4F 4F 2A   	DB	"*OOOOOOOO*......"
       000000AA 2E 2E 2E 2E 2E 2E 
   461 000000B0 2A 4F 4F 4F 4F 2A 2A 4F 4F 4F   	DB	"*OOOO**OOO*....."
       000000BA 2A 2E 2E 2E 2E 2E 
   462 000000C0 2A 4F 4F 4F 2A 2E 2E 2A 4F 4F   	DB	"*OOO*..*OOO*...."
       000000CA 4F 2A 2E 2E 2E 2E 
   463 000000D0 2A 4F 4F 2A 2E 2E 2E 2E 2A 4F   	DB	"*OO*....*OOO*..."
       000000DA 4F 4F 2A 2E 2E 2E 
   464 000000E0 2A 4F 2A 2E 2E 2E 2E 2E 2E 2A   	DB	"*O*......*OOO*.."
       000000EA 4F 4F 4F 2A 2E 2E 
   465 000000F0 2A 2A 2E 2E 2E 2E 2E 2E 2E 2E   	DB	"**........*OOO*."
       000000FA 2A 4F 4F 4F 2A 2E 
   466 00000100 2A 2E 2E 2E 2E 2E 2E 2E 2E 2E   	DB	"*..........*OOO*"
       0000010A 2E 2A 4F 4F 4F 2A 
   467 00000110 2E 2E 2E 2E 2E 2E 2E 2E 2E 2E   	DB	"............*OO*"
       0000011A 2E 2E 2A 4F 4F 2A 
   468 00000120 2E 2E 2E 2E 2E 2E 2E 2E 2E 2E   	DB	".............***"
       0000012A 2E 2E 2E 2A 2A 2A 
   469                                          [SECTION .text]
   470 00000344                                 	GLOBAL	_init_mouse_cursor8
   471 00000344                                 _init_mouse_cursor8:
   472 00000344 55                              	PUSH	EBP
   473 00000345 89 E5                           	MOV	EBP,ESP
   474 00000347 57                              	PUSH	EDI
   475 00000348 56                              	PUSH	ESI
   476 00000349 31 F6                           	XOR	ESI,ESI
   477 0000034B 53                              	PUSH	EBX
   478 0000034C 31 DB                           	XOR	EBX,EBX
   479 0000034E 50                              	PUSH	EAX
   480 0000034F 8A 45 0C                        	MOV	AL,BYTE [12+EBP]
   481 00000352 8B 7D 08                        	MOV	EDI,DWORD [8+EBP]
   482 00000355 88 45 F3                        	MOV	BYTE [-13+EBP],AL
   483 00000358                                 L63:
   484 00000358 31 C9                           	XOR	ECX,ECX
   485 0000035A                                 L62:
   486 0000035A 8D 14 19                        	LEA	EDX,DWORD [ECX+EBX*1]
   487 0000035D 80 BA [00000030] 2A             	CMP	BYTE [_cursor.1+EDX],42
   488 00000364 74 3B                           	JE	L68
   489 00000366                                 L59:
   490 00000366 80 BA [00000030] 4F             	CMP	BYTE [_cursor.1+EDX],79
   491 0000036D 74 29                           	JE	L69
   492 0000036F                                 L60:
   493 0000036F 80 BA [00000030] 2E             	CMP	BYTE [_cursor.1+EDX],46
   494 00000376 74 15                           	JE	L70
   495 00000378                                 L57:
   496 00000378 41                              	INC	ECX
   497 00000379 83 F9 0F                        	CMP	ECX,15
   498 0000037C 7E DC                           	JLE	L62
   499 0000037E 46                              	INC	ESI
   500 0000037F 83 C3 10                        	ADD	EBX,16
   501 00000382 83 FE 0F                        	CMP	ESI,15
   502 00000385 7E D1                           	JLE	L63
   503 00000387 58                              	POP	EAX
   504 00000388 5B                              	POP	EBX
   505 00000389 5E                              	POP	ESI
   506 0000038A 5F                              	POP	EDI
   507 0000038B 5D                              	POP	EBP
   508 0000038C C3                              	RET
   509 0000038D                                 L70:
   510 0000038D 8D 04 1F                        	LEA	EAX,DWORD [EDI+EBX*1]
   511 00000390 8A 55 F3                        	MOV	DL,BYTE [-13+EBP]
   512 00000393 88 14 01                        	MOV	BYTE [ECX+EAX*1],DL
   513 00000396 EB E0                           	JMP	L57
   514 00000398                                 L69:
   515 00000398 8D 04 1F                        	LEA	EAX,DWORD [EDI+EBX*1]
   516 0000039B C6 04 01 06                     	MOV	BYTE [ECX+EAX*1],6
   517 0000039F EB CE                           	JMP	L60
   518 000003A1                                 L68:
   519 000003A1 8D 04 1F                        	LEA	EAX,DWORD [EDI+EBX*1]
   520 000003A4 C6 04 01 0C                     	MOV	BYTE [ECX+EAX*1],12
   521 000003A8 EB BC                           	JMP	L59
   522 000003AA                                 	GLOBAL	_putblock8_8
   523 000003AA                                 _putblock8_8:
   524 000003AA 55                              	PUSH	EBP
   525 000003AB 89 E5                           	MOV	EBP,ESP
   526 000003AD 57                              	PUSH	EDI
   527 000003AE 56                              	PUSH	ESI
   528 000003AF 31 FF                           	XOR	EDI,EDI
   529 000003B1 53                              	PUSH	EBX
   530 000003B2 3B 7D 14                        	CMP	EDI,DWORD [20+EBP]
   531 000003B5 7D 32                           	JGE	L83
   532 000003B7 8B 75 20                        	MOV	ESI,DWORD [32+EBP]
   533 000003BA                                 L81:
   534 000003BA 31 DB                           	XOR	EBX,EBX
   535 000003BC 3B 5D 10                        	CMP	EBX,DWORD [16+EBP]
   536 000003BF 7D 1F                           	JGE	L85
   537 000003C1                                 L80:
   538 000003C1 8B 55 1C                        	MOV	EDX,DWORD [28+EBP]
   539 000003C4 8D 04 3A                        	LEA	EAX,DWORD [EDX+EDI*1]
   540 000003C7 8B 55 18                        	MOV	EDX,DWORD [24+EBP]
   541 000003CA 0F AF 45 0C                     	IMUL	EAX,DWORD [12+EBP]
   542 000003CE 03 45 08                        	ADD	EAX,DWORD [8+EBP]
   543 000003D1 8D 0C 1A                        	LEA	ECX,DWORD [EDX+EBX*1]
   544 000003D4 8A 14 33                        	MOV	DL,BYTE [EBX+ESI*1]
   545 000003D7 43                              	INC	EBX
   546 000003D8 88 14 01                        	MOV	BYTE [ECX+EAX*1],DL
   547 000003DB 3B 5D 10                        	CMP	EBX,DWORD [16+EBP]
   548 000003DE 7C E1                           	JL	L80
   549 000003E0                                 L85:
   550 000003E0 47                              	INC	EDI
   551 000003E1 03 75 24                        	ADD	ESI,DWORD [36+EBP]
   552 000003E4 3B 7D 14                        	CMP	EDI,DWORD [20+EBP]
   553 000003E7 7C D1                           	JL	L81
   554 000003E9                                 L83:
   555 000003E9 5B                              	POP	EBX
   556 000003EA 5E                              	POP	ESI
   557 000003EB 5F                              	POP	EDI
   558 000003EC 5D                              	POP	EBP
   559 000003ED C3                              	RET
   560 000003EE                                 	GLOBAL	_putfonts_asc_sht
   561 000003EE                                 _putfonts_asc_sht:
   562 000003EE 55                              	PUSH	EBP
   563 000003EF 89 E5                           	MOV	EBP,ESP
   564 000003F1 57                              	PUSH	EDI
   565 000003F2 56                              	PUSH	ESI
   566 000003F3 53                              	PUSH	EBX
   567 000003F4 50                              	PUSH	EAX
   568 000003F5 50                              	PUSH	EAX
   569 000003F6 8B 75 10                        	MOV	ESI,DWORD [16+EBP]
   570 000003F9 8B 45 08                        	MOV	EAX,DWORD [8+EBP]
   571 000003FC 89 45 F0                        	MOV	DWORD [-16+EBP],EAX
   572 000003FF 8B 7D 0C                        	MOV	EDI,DWORD [12+EBP]
   573 00000402 8B 45 1C                        	MOV	EAX,DWORD [28+EBP]
   574 00000405 8B 5D 14                        	MOV	EBX,DWORD [20+EBP]
   575 00000408 89 45 EC                        	MOV	DWORD [-20+EBP],EAX
   576 0000040B 8D 46 0F                        	LEA	EAX,DWORD [15+ESI]
   577 0000040E 50                              	PUSH	EAX
   578 0000040F 8B 45 20                        	MOV	EAX,DWORD [32+EBP]
   579 00000412 0F B6 DB                        	MOVZX	EBX,BL
   580 00000415 8D 44 C7 FF                     	LEA	EAX,DWORD [-1+EDI+EAX*8]
   581 00000419 50                              	PUSH	EAX
   582 0000041A 56                              	PUSH	ESI
   583 0000041B 57                              	PUSH	EDI
   584 0000041C 0F B6 45 18                     	MOVZX	EAX,BYTE [24+EBP]
   585 00000420 50                              	PUSH	EAX
   586 00000421 8B 45 F0                        	MOV	EAX,DWORD [-16+EBP]
   587 00000424 FF 70 04                        	PUSH	DWORD [4+EAX]
   588 00000427 FF 30                           	PUSH	DWORD [EAX]
   589 00000429 E8 FFFFFEC5                     	CALL	_boxfill8
   590 0000042E FF 75 EC                        	PUSH	DWORD [-20+EBP]
   591 00000431 56                              	PUSH	ESI
   592 00000432 57                              	PUSH	EDI
   593 00000433 53                              	PUSH	EBX
   594 00000434 8B 45 F0                        	MOV	EAX,DWORD [-16+EBP]
   595 00000437 FF 70 04                        	PUSH	DWORD [4+EAX]
   596 0000043A FF 30                           	PUSH	DWORD [EAX]
   597 0000043C E8 FFFFFDDD                     	CALL	_putfonts8_asc
   598 00000441 89 7D 0C                        	MOV	DWORD [12+EBP],EDI
   599 00000444 8D 46 10                        	LEA	EAX,DWORD [16+ESI]
   600 00000447 89 75 10                        	MOV	DWORD [16+EBP],ESI
   601 0000044A 89 45 18                        	MOV	DWORD [24+EBP],EAX
   602 0000044D 83 C4 34                        	ADD	ESP,52
   603 00000450 8D 47 08                        	LEA	EAX,DWORD [8+EDI]
   604 00000453 89 45 14                        	MOV	DWORD [20+EBP],EAX
   605 00000456 8B 45 F0                        	MOV	EAX,DWORD [-16+EBP]
   606 00000459 89 45 08                        	MOV	DWORD [8+EBP],EAX
   607 0000045C 8D 65 F4                        	LEA	ESP,DWORD [-12+EBP]
   608 0000045F 5B                              	POP	EBX
   609 00000460 5E                              	POP	ESI
   610 00000461 5F                              	POP	EDI
   611 00000462 5D                              	POP	EBP
   612 00000463 E9 [00000000]                   	JMP	_sheet_refresh
