     1 00000000                                 [FORMAT "WCOFF"]
     2 00000000                                 [INSTRSET "i486p"]
     3 00000000                                 [OPTIMIZE 1]
     4 00000000                                 [OPTION 1]
     5 00000000                                 [BITS 32]
     6 00000000                                 	EXTERN	_init_gdtidt
     7 00000000                                 	EXTERN	_init_pic
     8 00000000                                 	EXTERN	_io_sti
     9 00000000                                 	EXTERN	_fifo32_init
    10 00000000                                 	EXTERN	_init_pit
    11 00000000                                 	EXTERN	_init_keyboard
    12 00000000                                 	EXTERN	_enable_mouse
    13 00000000                                 	EXTERN	_io_out8
    14 00000000                                 	EXTERN	_timer_alloc
    15 00000000                                 	EXTERN	_timer_init
    16 00000000                                 	EXTERN	_timer_settime
    17 00000000                                 	EXTERN	_memtest
    18 00000000                                 	EXTERN	_memman_init
    19 00000000                                 	EXTERN	_memman_free
    20 00000000                                 	EXTERN	_init_palette
    21 00000000                                 	EXTERN	_shtctl_init
    22 00000000                                 	EXTERN	_sheet_alloc
    23 00000000                                 	EXTERN	_memman_alloc_4k
    24 00000000                                 	EXTERN	_sheet_setbuf
    25 00000000                                 	EXTERN	_init_screen
    26 00000000                                 	EXTERN	_init_mouse_cursor8
    27 00000000                                 	EXTERN	_putfonts8_asc
    28 00000000                                 	EXTERN	_sheet_slide
    29 00000000                                 	EXTERN	_sheet_updown
    30 00000000                                 	EXTERN	_sprintf
    31 00000000                                 	EXTERN	_putfonts_asc_sht
    32 00000000                                 	EXTERN	_memman_total
    33 00000000                                 	EXTERN	_set_segmdesc
    34 00000000                                 	EXTERN	_load_tr
    35 00000000                                 	EXTERN	_io_cli
    36 00000000                                 	EXTERN	_fifo32_status
    37 00000000                                 	EXTERN	_fifo32_get
    38 00000000                                 	EXTERN	_boxfill8
    39 00000000                                 	EXTERN	_sheet_refresh
    40 00000000                                 	EXTERN	_mouse_decode
    41 00000000                                 	EXTERN	_keytable.0
    42 00000000                                 	EXTERN	_farjmp
    43 00000000                                 	EXTERN	_io_stihlt
    44 00000000                                 [FILE "bootpack.c"]
    45                                          [SECTION .data]
    46 00000000                                 _keytable.0:
    47 00000000 00                              	DB	0
    48 00000001 00                              	DB	0
    49 00000002 31                              	DB	49
    50 00000003 32                              	DB	50
    51 00000004 33                              	DB	51
    52 00000005 34                              	DB	52
    53 00000006 35                              	DB	53
    54 00000007 36                              	DB	54
    55 00000008 37                              	DB	55
    56 00000009 38                              	DB	56
    57 0000000A 39                              	DB	57
    58 0000000B 30                              	DB	48
    59 0000000C 2D                              	DB	45
    60 0000000D 5E                              	DB	94
    61 0000000E 00                              	DB	0
    62 0000000F 00                              	DB	0
    63 00000010 51                              	DB	81
    64 00000011 57                              	DB	87
    65 00000012 45                              	DB	69
    66 00000013 52                              	DB	82
    67 00000014 54                              	DB	84
    68 00000015 59                              	DB	89
    69 00000016 55                              	DB	85
    70 00000017 49                              	DB	73
    71 00000018 4F                              	DB	79
    72 00000019 50                              	DB	80
    73 0000001A 40                              	DB	64
    74 0000001B 5B                              	DB	91
    75 0000001C 00                              	DB	0
    76 0000001D 00                              	DB	0
    77 0000001E 41                              	DB	65
    78 0000001F 53                              	DB	83
    79 00000020 44                              	DB	68
    80 00000021 46                              	DB	70
    81 00000022 47                              	DB	71
    82 00000023 48                              	DB	72
    83 00000024 4A                              	DB	74
    84 00000025 4B                              	DB	75
    85 00000026 4C                              	DB	76
    86 00000027 3B                              	DB	59
    87 00000028 3A                              	DB	58
    88 00000029 00                              	DB	0
    89 0000002A 00                              	DB	0
    90 0000002B 5D                              	DB	93
    91 0000002C 5A                              	DB	90
    92 0000002D 58                              	DB	88
    93 0000002E 43                              	DB	67
    94 0000002F 56                              	DB	86
    95 00000030 42                              	DB	66
    96 00000031 4E                              	DB	78
    97 00000032 4D                              	DB	77
    98 00000033 2C                              	DB	44
    99 00000034 2E                              	DB	46
   100 00000035 2F                              	DB	47
   101 00000036 00                              	DB	0
   102 00000037 2A                              	DB	42
   103 00000038 00                              	DB	0
   104 00000039 20                              	DB	32
   105 0000003A 00                              	DB	0
   106 0000003B 00                              	DB	0
   107 0000003C 00                              	DB	0
   108 0000003D 00                              	DB	0
   109 0000003E 00                              	DB	0
   110 0000003F 00                              	DB	0
   111 00000040 00                              	DB	0
   112 00000041 00                              	DB	0
   113 00000042 00                              	DB	0
   114 00000043 00                              	DB	0
   115 00000044 00                              	DB	0
   116 00000045 00                              	DB	0
   117 00000046 00                              	DB	0
   118 00000047 37                              	DB	55
   119 00000048 38                              	DB	56
   120 00000049 39                              	DB	57
   121 0000004A 2D                              	DB	45
   122 0000004B 34                              	DB	52
   123 0000004C 35                              	DB	53
   124 0000004D 36                              	DB	54
   125 0000004E 2B                              	DB	43
   126 0000004F 31                              	DB	49
   127 00000050 32                              	DB	50
   128 00000051 33                              	DB	51
   129 00000052 30                              	DB	48
   130 00000053 2E                              	DB	46
   131 00000054                                 LC0:
   132 00000054 77 69 6E 64 6F 77 00            	DB	"window",0x00
   133 0000005B                                 LC1:
   134 0000005B 54 68 69 73 20 4F 53 21 00      	DB	"This OS!",0x00
   135 00000064                                 LC2:
   136 00000064 28 25 33 64 2C 20 25 33 64 29   	DB	"(%3d, %3d)",0x00
       0000006E 00 
   137 0000006F                                 LC3:
   138 0000006F 6D 65 6D 6F 72 79 20 25 64 4D   	DB	"memory %dMB free : %dKB",0x00
       00000079 42 20 66 72 65 65 20 3A 20 25 
       00000083 64 4B 42 00 
   139 00000087                                 LC9:
   140 00000087 33 5B 73 65 63 5D 00            	DB	"3[sec]",0x00
   141 0000008E                                 LC8:
   142 0000008E 31 30 5B 73 65 63 5D 00         	DB	"10[sec]",0x00
   143 00000096                                 LC6:
   144 00000096 5B 6C 63 72 20 25 34 64 20 25   	DB	"[lcr %4d %4d]",0x00
       000000A0 34 64 5D 00 
   145 000000A4                                 LC7:
   146 000000A4 28 25 33 64 2C 25 33 64 29 00   	DB	"(%3d,%3d)",0x00
   147 000000AE                                 LC4:
   148 000000AE 25 30 32 78 00                  	DB	"%02x",0x00
   149 000000B3                                 LC5:
   150 000000B3 20 00                           	DB	" ",0x00
   151                                          [SECTION .text]
   152 00000000                                 	GLOBAL	_HariMain
   153 00000000                                 _HariMain:
   154 00000000 55                              	PUSH	EBP
   155 00000001 89 E5                           	MOV	EBP,ESP
   156 00000003 57                              	PUSH	EDI
   157 00000004 56                              	PUSH	ESI
   158 00000005 53                              	PUSH	EBX
   159 00000006 8D 5D D4                        	LEA	EBX,DWORD [-44+EBP]
   160 00000009 81 EC 00000478                  	SUB	ESP,1144
   161 0000000F 0F BF 15 00000FF6               	MOVSX	EDX,WORD [4086]
   162 00000016 0F BF 05 00000FF4               	MOVSX	EAX,WORD [4084]
   163 0000001D 89 95 FFFFFBAC                  	MOV	DWORD [-1108+EBP],EDX
   164 00000023 89 85 FFFFFBB0                  	MOV	DWORD [-1104+EBP],EAX
   165 00000029 8B 3D 00000FF8                  	MOV	EDI,DWORD [4088]
   166 0000002F E8 [00000000]                   	CALL	_init_gdtidt
   167 00000034 E8 [00000000]                   	CALL	_init_pic
   168 00000039 E8 [00000000]                   	CALL	_io_sti
   169 0000003E 8D 85 FFFFFDA4                  	LEA	EAX,DWORD [-604+EBP]
   170 00000044 50                              	PUSH	EAX
   171 00000045 68 00000080                     	PUSH	128
   172 0000004A 53                              	PUSH	EBX
   173 0000004B E8 [00000000]                   	CALL	_fifo32_init
   174 00000050 E8 [00000000]                   	CALL	_init_pit
   175 00000055 68 00000100                     	PUSH	256
   176 0000005A 53                              	PUSH	EBX
   177 0000005B E8 [00000000]                   	CALL	_init_keyboard
   178 00000060 8D 85 FFFFFCB4                  	LEA	EAX,DWORD [-844+EBP]
   179 00000066 50                              	PUSH	EAX
   180 00000067 68 00000200                     	PUSH	512
   181 0000006C 53                              	PUSH	EBX
   182 0000006D E8 [00000000]                   	CALL	_enable_mouse
   183 00000072 83 C4 20                        	ADD	ESP,32
   184 00000075 68 000000F8                     	PUSH	248
   185 0000007A 6A 21                           	PUSH	33
   186 0000007C E8 [00000000]                   	CALL	_io_out8
   187 00000081 68 000000EF                     	PUSH	239
   188 00000086 68 000000A1                     	PUSH	161
   189 0000008B E8 [00000000]                   	CALL	_io_out8
   190 00000090 E8 [00000000]                   	CALL	_timer_alloc
   191 00000095 6A 02                           	PUSH	2
   192 00000097 53                              	PUSH	EBX
   193 00000098 50                              	PUSH	EAX
   194 00000099 89 85 FFFFFBA0                  	MOV	DWORD [-1120+EBP],EAX
   195 0000009F E8 [00000000]                   	CALL	_timer_init
   196 000000A4 6A 02                           	PUSH	2
   197 000000A6 FF B5 FFFFFBA0                  	PUSH	DWORD [-1120+EBP]
   198 000000AC E8 [00000000]                   	CALL	_timer_settime
   199 000000B1 83 C4 24                        	ADD	ESP,36
   200 000000B4 E8 [00000000]                   	CALL	_timer_alloc
   201 000000B9 6A 0A                           	PUSH	10
   202 000000BB 53                              	PUSH	EBX
   203 000000BC 89 85 FFFFFBA8                  	MOV	DWORD [-1112+EBP],EAX
   204 000000C2 50                              	PUSH	EAX
   205 000000C3 E8 [00000000]                   	CALL	_timer_init
   206 000000C8 68 000003E8                     	PUSH	1000
   207 000000CD FF B5 FFFFFBA8                  	PUSH	DWORD [-1112+EBP]
   208 000000D3 E8 [00000000]                   	CALL	_timer_settime
   209 000000D8 E8 [00000000]                   	CALL	_timer_alloc
   210 000000DD 6A 03                           	PUSH	3
   211 000000DF 53                              	PUSH	EBX
   212 000000E0 89 C6                           	MOV	ESI,EAX
   213 000000E2 50                              	PUSH	EAX
   214 000000E3 E8 [00000000]                   	CALL	_timer_init
   215 000000E8 83 C4 20                        	ADD	ESP,32
   216 000000EB 68 0000012C                     	PUSH	300
   217 000000F0 56                              	PUSH	ESI
   218 000000F1 8D B5 FFFFFBB4                  	LEA	ESI,DWORD [-1100+EBP]
   219 000000F7 E8 [00000000]                   	CALL	_timer_settime
   220 000000FC E8 [00000000]                   	CALL	_timer_alloc
   221 00000101 6A 01                           	PUSH	1
   222 00000103 53                              	PUSH	EBX
   223 00000104 50                              	PUSH	EAX
   224 00000105 89 85 FFFFFBA4                  	MOV	DWORD [-1116+EBP],EAX
   225 0000010B E8 [00000000]                   	CALL	_timer_init
   226 00000110 6A 32                           	PUSH	50
   227 00000112 FF B5 FFFFFBA4                  	PUSH	DWORD [-1116+EBP]
   228 00000118 E8 [00000000]                   	CALL	_timer_settime
   229 0000011D 68 BFFFFFFF                     	PUSH	-1073741825
   230 00000122 68 00400000                     	PUSH	4194304
   231 00000127 E8 [00000000]                   	CALL	_memtest
   232 0000012C 83 C4 24                        	ADD	ESP,36
   233 0000012F 68 003C0000                     	PUSH	3932160
   234 00000134 89 85 FFFFFB90                  	MOV	DWORD [-1136+EBP],EAX
   235 0000013A E8 [00000000]                   	CALL	_memman_init
   236 0000013F 68 0009E000                     	PUSH	647168
   237 00000144 68 00001000                     	PUSH	4096
   238 00000149 68 003C0000                     	PUSH	3932160
   239 0000014E E8 [00000000]                   	CALL	_memman_free
   240 00000153 8B 85 FFFFFB90                  	MOV	EAX,DWORD [-1136+EBP]
   241 00000159 2D 00400000                     	SUB	EAX,4194304
   242 0000015E 50                              	PUSH	EAX
   243 0000015F 68 00400000                     	PUSH	4194304
   244 00000164 68 003C0000                     	PUSH	3932160
   245 00000169 E8 [00000000]                   	CALL	_memman_free
   246 0000016E E8 [00000000]                   	CALL	_init_palette
   247 00000173 0F BF 05 00000FF6               	MOVSX	EAX,WORD [4086]
   248 0000017A 50                              	PUSH	EAX
   249 0000017B 0F BF 05 00000FF4               	MOVSX	EAX,WORD [4084]
   250 00000182 50                              	PUSH	EAX
   251 00000183 57                              	PUSH	EDI
   252 00000184 68 003C0000                     	PUSH	3932160
   253 00000189 E8 [00000000]                   	CALL	_shtctl_init
   254 0000018E 83 C4 2C                        	ADD	ESP,44
   255 00000191 89 C3                           	MOV	EBX,EAX
   256 00000193 50                              	PUSH	EAX
   257 00000194 E8 [00000000]                   	CALL	_sheet_alloc
   258 00000199 53                              	PUSH	EBX
   259 0000019A 89 85 FFFFFB8C                  	MOV	DWORD [-1140+EBP],EAX
   260 000001A0 E8 [00000000]                   	CALL	_sheet_alloc
   261 000001A5 53                              	PUSH	EBX
   262 000001A6 89 85 FFFFFB88                  	MOV	DWORD [-1144+EBP],EAX
   263 000001AC E8 [00000000]                   	CALL	_sheet_alloc
   264 000001B1 0F BF 1D 00000FF6               	MOVSX	EBX,WORD [4086]
   265 000001B8 89 85 FFFFFB84                  	MOV	DWORD [-1148+EBP],EAX
   266 000001BE 0F BF 05 00000FF4               	MOVSX	EAX,WORD [4084]
   267 000001C5 0F AF C3                        	IMUL	EAX,EBX
   268 000001C8 50                              	PUSH	EAX
   269 000001C9 68 003C0000                     	PUSH	3932160
   270 000001CE E8 [00000000]                   	CALL	_memman_alloc_4k
   271 000001D3 68 00002080                     	PUSH	8320
   272 000001D8 68 003C0000                     	PUSH	3932160
   273 000001DD 89 C7                           	MOV	EDI,EAX
   274 000001DF E8 [00000000]                   	CALL	_memman_alloc_4k
   275 000001E4 6A FF                           	PUSH	-1
   276 000001E6 89 C3                           	MOV	EBX,EAX
   277 000001E8 0F BF 05 00000FF6               	MOVSX	EAX,WORD [4086]
   278 000001EF 50                              	PUSH	EAX
   279 000001F0 0F BF 05 00000FF4               	MOVSX	EAX,WORD [4084]
   280 000001F7 50                              	PUSH	EAX
   281 000001F8 57                              	PUSH	EDI
   282 000001F9 FF B5 FFFFFB8C                  	PUSH	DWORD [-1140+EBP]
   283 000001FF E8 [00000000]                   	CALL	_sheet_setbuf
   284 00000204 83 C4 30                        	ADD	ESP,48
   285 00000207 6A 63                           	PUSH	99
   286 00000209 6A 10                           	PUSH	16
   287 0000020B 6A 10                           	PUSH	16
   288 0000020D 56                              	PUSH	ESI
   289 0000020E FF B5 FFFFFB88                  	PUSH	DWORD [-1144+EBP]
   290 00000214 E8 [00000000]                   	CALL	_sheet_setbuf
   291 00000219 6A FF                           	PUSH	-1
   292 0000021B 6A 34                           	PUSH	52
   293 0000021D 68 000000A0                     	PUSH	160
   294 00000222 53                              	PUSH	EBX
   295 00000223 FF B5 FFFFFB84                  	PUSH	DWORD [-1148+EBP]
   296 00000229 E8 [00000000]                   	CALL	_sheet_setbuf
   297 0000022E 83 C4 28                        	ADD	ESP,40
   298 00000231 0F BF 05 00000FF6               	MOVSX	EAX,WORD [4086]
   299 00000238 50                              	PUSH	EAX
   300 00000239 0F BF 05 00000FF4               	MOVSX	EAX,WORD [4084]
   301 00000240 50                              	PUSH	EAX
   302 00000241 57                              	PUSH	EDI
   303 00000242 BF 00000008                     	MOV	EDI,8
   304 00000247 E8 [00000000]                   	CALL	_init_screen
   305 0000024C 6A 63                           	PUSH	99
   306 0000024E 56                              	PUSH	ESI
   307 0000024F E8 [00000000]                   	CALL	_init_mouse_cursor8
   308 00000254 68 [00000054]                   	PUSH	LC0
   309 00000259 6A 34                           	PUSH	52
   310 0000025B 68 000000A0                     	PUSH	160
   311 00000260 53                              	PUSH	EBX
   312 00000261 E8 00000583                     	CALL	_make_window
   313 00000266 83 C4 24                        	ADD	ESP,36
   314 00000269 68 [0000005B]                   	PUSH	LC1
   315 0000026E 6A 2C                           	PUSH	44
   316 00000270 6A 18                           	PUSH	24
   317 00000272 6A 00                           	PUSH	0
   318 00000274 68 000000A0                     	PUSH	160
   319 00000279 53                              	PUSH	EBX
   320 0000027A BB 00000002                     	MOV	EBX,2
   321 0000027F E8 [00000000]                   	CALL	_putfonts8_asc
   322 00000284 6A 00                           	PUSH	0
   323 00000286 6A 00                           	PUSH	0
   324 00000288 FF B5 FFFFFB8C                  	PUSH	DWORD [-1140+EBP]
   325 0000028E E8 [00000000]                   	CALL	_sheet_slide
   326 00000293 83 C4 24                        	ADD	ESP,36
   327 00000296 0F BF 05 00000FF4               	MOVSX	EAX,WORD [4084]
   328 0000029D 8D 48 F0                        	LEA	ECX,DWORD [-16+EAX]
   329 000002A0 89 C8                           	MOV	EAX,ECX
   330 000002A2 99                              	CDQ
   331 000002A3 F7 FB                           	IDIV	EBX
   332 000002A5 89 85 FFFFFB9C                  	MOV	DWORD [-1124+EBP],EAX
   333 000002AB 0F BF 05 00000FF6               	MOVSX	EAX,WORD [4086]
   334 000002B2 8D 48 D4                        	LEA	ECX,DWORD [-44+EAX]
   335 000002B5 89 C8                           	MOV	EAX,ECX
   336 000002B7 99                              	CDQ
   337 000002B8 F7 FB                           	IDIV	EBX
   338 000002BA 50                              	PUSH	EAX
   339 000002BB 89 85 FFFFFB98                  	MOV	DWORD [-1128+EBP],EAX
   340 000002C1 FF B5 FFFFFB9C                  	PUSH	DWORD [-1124+EBP]
   341 000002C7 FF B5 FFFFFB88                  	PUSH	DWORD [-1144+EBP]
   342 000002CD 8D 5D A4                        	LEA	EBX,DWORD [-92+EBP]
   343 000002D0 E8 [00000000]                   	CALL	_sheet_slide
   344 000002D5 6A 48                           	PUSH	72
   345 000002D7 6A 50                           	PUSH	80
   346 000002D9 FF B5 FFFFFB84                  	PUSH	DWORD [-1148+EBP]
   347 000002DF E8 [00000000]                   	CALL	_sheet_slide
   348 000002E4 6A 00                           	PUSH	0
   349 000002E6 FF B5 FFFFFB8C                  	PUSH	DWORD [-1140+EBP]
   350 000002EC E8 [00000000]                   	CALL	_sheet_updown
   351 000002F1 83 C4 20                        	ADD	ESP,32
   352 000002F4 6A 01                           	PUSH	1
   353 000002F6 FF B5 FFFFFB84                  	PUSH	DWORD [-1148+EBP]
   354 000002FC E8 [00000000]                   	CALL	_sheet_updown
   355 00000301 6A 02                           	PUSH	2
   356 00000303 FF B5 FFFFFB88                  	PUSH	DWORD [-1144+EBP]
   357 00000309 E8 [00000000]                   	CALL	_sheet_updown
   358 0000030E FF B5 FFFFFB98                  	PUSH	DWORD [-1128+EBP]
   359 00000314 FF B5 FFFFFB9C                  	PUSH	DWORD [-1124+EBP]
   360 0000031A 68 [00000064]                   	PUSH	LC2
   361 0000031F 53                              	PUSH	EBX
   362 00000320 E8 [00000000]                   	CALL	_sprintf
   363 00000325 83 C4 20                        	ADD	ESP,32
   364 00000328 6A 0A                           	PUSH	10
   365 0000032A 53                              	PUSH	EBX
   366 0000032B 6A 0E                           	PUSH	14
   367 0000032D 6A 07                           	PUSH	7
   368 0000032F 6A 00                           	PUSH	0
   369 00000331 6A 00                           	PUSH	0
   370 00000333 FF B5 FFFFFB8C                  	PUSH	DWORD [-1140+EBP]
   371 00000339 E8 [00000000]                   	CALL	_putfonts_asc_sht
   372 0000033E 68 003C0000                     	PUSH	3932160
   373 00000343 E8 [00000000]                   	CALL	_memman_total
   374 00000348 C1 AD FFFFFB90 14               	SHR	DWORD [-1136+EBP],20
   375 0000034F C1 E8 0A                        	SHR	EAX,10
   376 00000352 89 04 24                        	MOV	DWORD [ESP],EAX
   377 00000355 FF B5 FFFFFB90                  	PUSH	DWORD [-1136+EBP]
   378 0000035B 68 [0000006F]                   	PUSH	LC3
   379 00000360 53                              	PUSH	EBX
   380 00000361 E8 [00000000]                   	CALL	_sprintf
   381 00000366 83 C4 2C                        	ADD	ESP,44
   382 00000369 6A 28                           	PUSH	40
   383 0000036B 53                              	PUSH	EBX
   384 0000036C 6A 0E                           	PUSH	14
   385 0000036E 6A 07                           	PUSH	7
   386 00000370 6A 20                           	PUSH	32
   387 00000372 6A 00                           	PUSH	0
   388 00000374 FF B5 FFFFFB8C                  	PUSH	DWORD [-1140+EBP]
   389 0000037A E8 [00000000]                   	CALL	_putfonts_asc_sht
   390 0000037F 6A 07                           	PUSH	7
   391 00000381 6A 10                           	PUSH	16
   392 00000383 68 00000090                     	PUSH	144
   393 00000388 6A 1C                           	PUSH	28
   394 0000038A 6A 08                           	PUSH	8
   395 0000038C FF B5 FFFFFB84                  	PUSH	DWORD [-1148+EBP]
   396 00000392 C7 85 FFFFFB94 00000007         	MOV	DWORD [-1132+EBP],7
   397 0000039C E8 000005B4                     	CALL	_make_textbox8
   398 000003A1 8D 85 FFFFFD34                  	LEA	EAX,DWORD [-716+EBP]
   399 000003A7 83 C4 34                        	ADD	ESP,52
   400 000003AA C7 85 FFFFFD94 00000000         	MOV	DWORD [-620+EBP],0
   401 000003B4 68 00000089                     	PUSH	137
   402 000003B9 50                              	PUSH	EAX
   403 000003BA 6A 67                           	PUSH	103
   404 000003BC 68 00270018                     	PUSH	2555928
   405 000003C1 C7 85 FFFFFD98 40000000         	MOV	DWORD [-616+EBP],1073741824
   406 000003CB C7 85 FFFFFD24 00000000         	MOV	DWORD [-732+EBP],0
   407 000003D5 C7 85 FFFFFD28 40000000         	MOV	DWORD [-728+EBP],1073741824
   408 000003DF E8 [00000000]                   	CALL	_set_segmdesc
   409 000003E4 8D 85 FFFFFCC4                  	LEA	EAX,DWORD [-828+EBP]
   410 000003EA 68 00000089                     	PUSH	137
   411 000003EF 50                              	PUSH	EAX
   412 000003F0 6A 67                           	PUSH	103
   413 000003F2 68 00270020                     	PUSH	2555936
   414 000003F7 E8 [00000000]                   	CALL	_set_segmdesc
   415 000003FC 83 C4 20                        	ADD	ESP,32
   416 000003FF 68 00010000                     	PUSH	65536
   417 00000404 68 003C0000                     	PUSH	3932160
   418 00000409 E8 [00000000]                   	CALL	_memman_alloc_4k
   419 0000040E 6A 18                           	PUSH	24
   420 00000410 8D 98 0000FFF8                  	LEA	EBX,DWORD [65528+EAX]
   421 00000416 E8 [00000000]                   	CALL	_load_tr
   422 0000041B C7 85 FFFFFCE4 [00000A8B]       	MOV	DWORD [-796+EBP],_task_b_main
   423 00000425 C7 85 FFFFFD08 00000202         	MOV	DWORD [-760+EBP],514
   424 0000042F C7 85 FFFFFCE8 00000000         	MOV	DWORD [-792+EBP],0
   425 00000439 C7 85 FFFFFCEC 00000000         	MOV	DWORD [-788+EBP],0
   426 00000443 C7 85 FFFFFCF0 00000000         	MOV	DWORD [-784+EBP],0
   427 0000044D C7 85 FFFFFCF4 00000000         	MOV	DWORD [-780+EBP],0
   428 00000457 89 9D FFFFFCF8                  	MOV	DWORD [-776+EBP],EBX
   429 0000045D C7 85 FFFFFCFC 00000000         	MOV	DWORD [-772+EBP],0
   430 00000467 C7 85 FFFFFD00 00000000         	MOV	DWORD [-768+EBP],0
   431 00000471 C7 85 FFFFFD04 00000000         	MOV	DWORD [-764+EBP],0
   432 0000047B C7 85 FFFFFD0C 00000008         	MOV	DWORD [-756+EBP],8
   433 00000485 C7 85 FFFFFD10 00000010         	MOV	DWORD [-752+EBP],16
   434 0000048F C7 85 FFFFFD14 00000008         	MOV	DWORD [-748+EBP],8
   435 00000499 C7 85 FFFFFD18 00000008         	MOV	DWORD [-744+EBP],8
   436 000004A3 C7 85 FFFFFD1C 00000008         	MOV	DWORD [-740+EBP],8
   437 000004AD C7 85 FFFFFD20 00000008         	MOV	DWORD [-736+EBP],8
   438 000004B7                                 L33:
   439 000004B7 83 C4 0C                        	ADD	ESP,12
   440 000004BA                                 L2:
   441 000004BA 8D 75 D4                        	LEA	ESI,DWORD [-44+EBP]
   442 000004BD E8 [00000000]                   	CALL	_io_cli
   443 000004C2 56                              	PUSH	ESI
   444 000004C3 E8 [00000000]                   	CALL	_fifo32_status
   445 000004C8 5A                              	POP	EDX
   446 000004C9 85 C0                           	TEST	EAX,EAX
   447 000004CB 0F 84 0000030E                  	JE	L35
   448 000004D1 56                              	PUSH	ESI
   449 000004D2 E8 [00000000]                   	CALL	_fifo32_get
   450 000004D7 89 C3                           	MOV	EBX,EAX
   451 000004D9 E8 [00000000]                   	CALL	_io_sti
   452 000004DE 58                              	POP	EAX
   453 000004DF 83 FB 02                        	CMP	EBX,2
   454 000004E2 0F 84 000002D9                  	JE	L36
   455 000004E8 8D 83 FFFFFF00                  	LEA	EAX,DWORD [-256+EBX]
   456 000004EE 3D 000000FF                     	CMP	EAX,255
   457 000004F3 0F 86 00000227                  	JBE	L37
   458 000004F9 8D 83 FFFFFE00                  	LEA	EAX,DWORD [-512+EBX]
   459 000004FF 3D 000000FF                     	CMP	EAX,255
   460 00000504 0F 86 000000B3                  	JBE	L38
   461 0000050A 83 FB 0A                        	CMP	EBX,10
   462 0000050D 0F 84 0000009B                  	JE	L39
   463 00000513 83 FB 03                        	CMP	EBX,3
   464 00000516 74 74                           	JE	L40
   465 00000518 83 FB 01                        	CMP	EBX,1
   466 0000051B 7F 9D                           	JG	L2
   467 0000051D 85 DB                           	TEST	EBX,EBX
   468 0000051F 74 51                           	JE	L30
   469 00000521 6A 00                           	PUSH	0
   470 00000523 56                              	PUSH	ESI
   471 00000524 FF B5 FFFFFBA4                  	PUSH	DWORD [-1116+EBP]
   472 0000052A E8 [00000000]                   	CALL	_timer_init
   473 0000052F C7 85 FFFFFB94 00000000         	MOV	DWORD [-1132+EBP],0
   474 00000539                                 L34:
   475 00000539 83 C4 0C                        	ADD	ESP,12
   476 0000053C                                 L31:
   477 0000053C 6A 2B                           	PUSH	43
   478 0000053E 8D 47 07                        	LEA	EAX,DWORD [7+EDI]
   479 00000541 50                              	PUSH	EAX
   480 00000542 8B 9D FFFFFB84                  	MOV	EBX,DWORD [-1148+EBP]
   481 00000548 6A 1C                           	PUSH	28
   482 0000054A 57                              	PUSH	EDI
   483 0000054B FF B5 FFFFFB94                  	PUSH	DWORD [-1132+EBP]
   484 00000551 FF 73 04                        	PUSH	DWORD [4+EBX]
   485 00000554 FF 33                           	PUSH	DWORD [EBX]
   486 00000556 E8 [00000000]                   	CALL	_boxfill8
   487 0000055B 8D 47 08                        	LEA	EAX,DWORD [8+EDI]
   488 0000055E 6A 2C                           	PUSH	44
   489 00000560 50                              	PUSH	EAX
   490 00000561 6A 1C                           	PUSH	28
   491 00000563 57                              	PUSH	EDI
   492 00000564 53                              	PUSH	EBX
   493 00000565 E8 [00000000]                   	CALL	_sheet_refresh
   494 0000056A 83 C4 30                        	ADD	ESP,48
   495 0000056D E9 FFFFFF48                     	JMP	L2
   496 00000572                                 L30:
   497 00000572 6A 01                           	PUSH	1
   498 00000574 56                              	PUSH	ESI
   499 00000575 FF B5 FFFFFBA8                  	PUSH	DWORD [-1112+EBP]
   500 0000057B E8 [00000000]                   	CALL	_timer_init
   501 00000580 C7 85 FFFFFB94 00000007         	MOV	DWORD [-1132+EBP],7
   502 0000058A EB AD                           	JMP	L34
   503 0000058C                                 L40:
   504 0000058C 6A 06                           	PUSH	6
   505 0000058E 68 [00000087]                   	PUSH	LC9
   506 00000593 6A 0E                           	PUSH	14
   507 00000595 6A 07                           	PUSH	7
   508 00000597 6A 50                           	PUSH	80
   509 00000599                                 L32:
   510 00000599 6A 00                           	PUSH	0
   511 0000059B FF B5 FFFFFB8C                  	PUSH	DWORD [-1140+EBP]
   512 000005A1 E8 [00000000]                   	CALL	_putfonts_asc_sht
   513 000005A6 83 C4 1C                        	ADD	ESP,28
   514 000005A9 E9 FFFFFF0C                     	JMP	L2
   515 000005AE                                 L39:
   516 000005AE 6A 07                           	PUSH	7
   517 000005B0 68 [0000008E]                   	PUSH	LC8
   518 000005B5 6A 0E                           	PUSH	14
   519 000005B7 6A 07                           	PUSH	7
   520 000005B9 6A 40                           	PUSH	64
   521 000005BB EB DC                           	JMP	L32
   522 000005BD                                 L38:
   523 000005BD 50                              	PUSH	EAX
   524 000005BE 8D 85 FFFFFCB4                  	LEA	EAX,DWORD [-844+EBP]
   525 000005C4 50                              	PUSH	EAX
   526 000005C5 E8 [00000000]                   	CALL	_mouse_decode
   527 000005CA 5A                              	POP	EDX
   528 000005CB 59                              	POP	ECX
   529 000005CC 85 C0                           	TEST	EAX,EAX
   530 000005CE 0F 84 FFFFFEE6                  	JE	L2
   531 000005D4 FF B5 FFFFFCBC                  	PUSH	DWORD [-836+EBP]
   532 000005DA FF B5 FFFFFCB8                  	PUSH	DWORD [-840+EBP]
   533 000005E0 68 [00000096]                   	PUSH	LC6
   534 000005E5 8D 5D A4                        	LEA	EBX,DWORD [-92+EBP]
   535 000005E8 53                              	PUSH	EBX
   536 000005E9 E8 [00000000]                   	CALL	_sprintf
   537 000005EE 83 C4 10                        	ADD	ESP,16
   538 000005F1 8B 85 FFFFFCC0                  	MOV	EAX,DWORD [-832+EBP]
   539 000005F7 A9 00000001                     	TEST	EAX,1
   540 000005FC 74 04                           	JE	L16
   541 000005FE C6 45 A5 4C                     	MOV	BYTE [-91+EBP],76
   542 00000602                                 L16:
   543 00000602 A9 00000002                     	TEST	EAX,2
   544 00000607 74 04                           	JE	L17
   545 00000609 C6 45 A7 52                     	MOV	BYTE [-89+EBP],82
   546 0000060D                                 L17:
   547 0000060D 83 E0 04                        	AND	EAX,4
   548 00000610 74 04                           	JE	L18
   549 00000612 C6 45 A6 43                     	MOV	BYTE [-90+EBP],67
   550 00000616                                 L18:
   551 00000616 6A 0F                           	PUSH	15
   552 00000618 53                              	PUSH	EBX
   553 00000619 6A 0E                           	PUSH	14
   554 0000061B 6A 07                           	PUSH	7
   555 0000061D 6A 10                           	PUSH	16
   556 0000061F 6A 20                           	PUSH	32
   557 00000621 FF B5 FFFFFB8C                  	PUSH	DWORD [-1140+EBP]
   558 00000627 E8 [00000000]                   	CALL	_putfonts_asc_sht
   559 0000062C 8B 95 FFFFFCB8                  	MOV	EDX,DWORD [-840+EBP]
   560 00000632 8B 85 FFFFFCBC                  	MOV	EAX,DWORD [-836+EBP]
   561 00000638 83 C4 1C                        	ADD	ESP,28
   562 0000063B 01 85 FFFFFB98                  	ADD	DWORD [-1128+EBP],EAX
   563 00000641 01 95 FFFFFB9C                  	ADD	DWORD [-1124+EBP],EDX
   564 00000647 0F 88 000000C4                  	JS	L41
   565 0000064D                                 L19:
   566 0000064D 83 BD FFFFFB98 00               	CMP	DWORD [-1128+EBP],0
   567 00000654 0F 88 000000A8                  	JS	L42
   568 0000065A                                 L20:
   569 0000065A 8B 85 FFFFFBB0                  	MOV	EAX,DWORD [-1104+EBP]
   570 00000660 48                              	DEC	EAX
   571 00000661 39 85 FFFFFB9C                  	CMP	DWORD [-1124+EBP],EAX
   572 00000667 7E 06                           	JLE	L21
   573 00000669 89 85 FFFFFB9C                  	MOV	DWORD [-1124+EBP],EAX
   574 0000066F                                 L21:
   575 0000066F 8B 85 FFFFFBAC                  	MOV	EAX,DWORD [-1108+EBP]
   576 00000675 48                              	DEC	EAX
   577 00000676 39 85 FFFFFB98                  	CMP	DWORD [-1128+EBP],EAX
   578 0000067C 7E 06                           	JLE	L22
   579 0000067E 89 85 FFFFFB98                  	MOV	DWORD [-1128+EBP],EAX
   580 00000684                                 L22:
   581 00000684 FF B5 FFFFFB98                  	PUSH	DWORD [-1128+EBP]
   582 0000068A FF B5 FFFFFB9C                  	PUSH	DWORD [-1124+EBP]
   583 00000690 68 [000000A4]                   	PUSH	LC7
   584 00000695 53                              	PUSH	EBX
   585 00000696 E8 [00000000]                   	CALL	_sprintf
   586 0000069B 6A 0A                           	PUSH	10
   587 0000069D 53                              	PUSH	EBX
   588 0000069E 6A 0E                           	PUSH	14
   589 000006A0 6A 07                           	PUSH	7
   590 000006A2 6A 00                           	PUSH	0
   591 000006A4 6A 00                           	PUSH	0
   592 000006A6 FF B5 FFFFFB8C                  	PUSH	DWORD [-1140+EBP]
   593 000006AC E8 [00000000]                   	CALL	_putfonts_asc_sht
   594 000006B1 83 C4 2C                        	ADD	ESP,44
   595 000006B4 FF B5 FFFFFB98                  	PUSH	DWORD [-1128+EBP]
   596 000006BA FF B5 FFFFFB9C                  	PUSH	DWORD [-1124+EBP]
   597 000006C0 FF B5 FFFFFB88                  	PUSH	DWORD [-1144+EBP]
   598 000006C6 E8 [00000000]                   	CALL	_sheet_slide
   599 000006CB 83 C4 0C                        	ADD	ESP,12
   600 000006CE F7 85 FFFFFCC0 00000001         	TEST	DWORD [-832+EBP],1
   601 000006D8 0F 84 FFFFFDDC                  	JE	L2
   602 000006DE 8B 85 FFFFFB98                  	MOV	EAX,DWORD [-1128+EBP]
   603 000006E4 83 E8 08                        	SUB	EAX,8
   604 000006E7 50                              	PUSH	EAX
   605 000006E8 8B 85 FFFFFB9C                  	MOV	EAX,DWORD [-1124+EBP]
   606 000006EE 83 E8 50                        	SUB	EAX,80
   607 000006F1 50                              	PUSH	EAX
   608 000006F2 FF B5 FFFFFB84                  	PUSH	DWORD [-1148+EBP]
   609 000006F8 E8 [00000000]                   	CALL	_sheet_slide
   610 000006FD E9 FFFFFDB5                     	JMP	L33
   611 00000702                                 L42:
   612 00000702 C7 85 FFFFFB98 00000000         	MOV	DWORD [-1128+EBP],0
   613 0000070C E9 FFFFFF49                     	JMP	L20
   614 00000711                                 L41:
   615 00000711 C7 85 FFFFFB9C 00000000         	MOV	DWORD [-1124+EBP],0
   616 0000071B E9 FFFFFF2D                     	JMP	L19
   617 00000720                                 L37:
   618 00000720 50                              	PUSH	EAX
   619 00000721 8D 75 A4                        	LEA	ESI,DWORD [-92+EBP]
   620 00000724 68 [000000AE]                   	PUSH	LC4
   621 00000729 56                              	PUSH	ESI
   622 0000072A E8 [00000000]                   	CALL	_sprintf
   623 0000072F 6A 02                           	PUSH	2
   624 00000731 56                              	PUSH	ESI
   625 00000732 6A 0E                           	PUSH	14
   626 00000734 6A 07                           	PUSH	7
   627 00000736 6A 10                           	PUSH	16
   628 00000738 6A 00                           	PUSH	0
   629 0000073A FF B5 FFFFFB8C                  	PUSH	DWORD [-1140+EBP]
   630 00000740 E8 [00000000]                   	CALL	_putfonts_asc_sht
   631 00000745 83 C4 28                        	ADD	ESP,40
   632 00000748 81 FB 00000153                  	CMP	EBX,339
   633 0000074E 0F 8F FFFFFD66                  	JG	L2
   634 00000754 8A 83 [FFFFFF00]                	MOV	AL,BYTE [_keytable.0-256+EBX]
   635 0000075A 84 C0                           	TEST	AL,AL
   636 0000075C 74 2A                           	JE	L11
   637 0000075E 81 FF 0000008F                  	CMP	EDI,143
   638 00000764 7F 22                           	JG	L11
   639 00000766 6A 01                           	PUSH	1
   640 00000768 88 45 A4                        	MOV	BYTE [-92+EBP],AL
   641 0000076B 56                              	PUSH	ESI
   642 0000076C 6A 07                           	PUSH	7
   643 0000076E 6A 00                           	PUSH	0
   644 00000770 6A 1C                           	PUSH	28
   645 00000772 57                              	PUSH	EDI
   646 00000773 83 C7 08                        	ADD	EDI,8
   647 00000776 FF B5 FFFFFB84                  	PUSH	DWORD [-1148+EBP]
   648 0000077C C6 45 A5 00                     	MOV	BYTE [-91+EBP],0
   649 00000780 E8 [00000000]                   	CALL	_putfonts_asc_sht
   650 00000785 83 C4 1C                        	ADD	ESP,28
   651 00000788                                 L11:
   652 00000788 81 FB 0000010E                  	CMP	EBX,270
   653 0000078E 0F 85 FFFFFDA8                  	JNE	L31
   654 00000794 83 FF 08                        	CMP	EDI,8
   655 00000797 0F 8E FFFFFD9F                  	JLE	L31
   656 0000079D 6A 01                           	PUSH	1
   657 0000079F 68 [000000B3]                   	PUSH	LC5
   658 000007A4 6A 07                           	PUSH	7
   659 000007A6 6A 00                           	PUSH	0
   660 000007A8 6A 1C                           	PUSH	28
   661 000007AA 57                              	PUSH	EDI
   662 000007AB 83 EF 08                        	SUB	EDI,8
   663 000007AE FF B5 FFFFFB84                  	PUSH	DWORD [-1148+EBP]
   664 000007B4 E8 [00000000]                   	CALL	_putfonts_asc_sht
   665 000007B9 83 C4 1C                        	ADD	ESP,28
   666 000007BC E9 FFFFFD7B                     	JMP	L31
   667 000007C1                                 L36:
   668 000007C1 6A 20                           	PUSH	32
   669 000007C3 6A 00                           	PUSH	0
   670 000007C5 E8 [00000000]                   	CALL	_farjmp
   671 000007CA 6A 02                           	PUSH	2
   672 000007CC FF B5 FFFFFBA0                  	PUSH	DWORD [-1120+EBP]
   673 000007D2 E8 [00000000]                   	CALL	_timer_settime
   674 000007D7 83 C4 10                        	ADD	ESP,16
   675 000007DA E9 FFFFFCDB                     	JMP	L2
   676 000007DF                                 L35:
   677 000007DF E8 [00000000]                   	CALL	_io_stihlt
   678 000007E4 E9 FFFFFCD1                     	JMP	L2
   679                                          [SECTION .data]
   680 000000B5                                 _closebtn.1:
   681 000000B5 4F 4F 4F 4F 4F 4F 4F 4F 4F 4F   	DB	"OOOOOOOOOOOOOOO@"
       000000BF 4F 4F 4F 4F 4F 40 
   682 000000C5 4F 51 51 51 51 51 51 51 51 51   	DB	"OQQQQQQQQQQQQQ$@"
       000000CF 51 51 51 51 24 40 
   683 000000D5 4F 51 51 51 51 51 51 51 51 51   	DB	"OQQQQQQQQQQQQQ$@"
       000000DF 51 51 51 51 24 40 
   684 000000E5 4F 51 51 51 40 40 51 51 51 51   	DB	"OQQQ@@QQQQ@@QQ$@"
       000000EF 40 40 51 51 24 40 
   685 000000F5 4F 51 51 51 51 40 40 51 51 40   	DB	"OQQQQ@@QQ@@QQQ$@"
       000000FF 40 51 51 51 24 40 
   686 00000105 4F 51 51 51 51 51 40 40 40 40   	DB	"OQQQQQ@@@@QQQQ$@"
       0000010F 51 51 51 51 24 40 
   687 00000115 4F 51 51 51 51 51 51 40 40 51   	DB	"OQQQQQQ@@QQQQQ$@"
       0000011F 51 51 51 51 24 40 
   688 00000125 4F 51 51 51 51 51 40 40 40 40   	DB	"OQQQQQ@@@@QQQQ$@"
       0000012F 51 51 51 51 24 40 
   689 00000135 4F 51 51 51 51 40 40 51 51 40   	DB	"OQQQQ@@QQ@@QQQ$@"
       0000013F 40 51 51 51 24 40 
   690 00000145 4F 51 51 51 40 40 51 51 51 51   	DB	"OQQQ@@QQQQ@@QQ$@"
       0000014F 40 40 51 51 24 40 
   691 00000155 4F 51 51 51 51 51 51 51 51 51   	DB	"OQQQQQQQQQQQQQ$@"
       0000015F 51 51 51 51 24 40 
   692 00000165 4F 51 51 51 51 51 51 51 51 51   	DB	"OQQQQQQQQQQQQQ$@"
       0000016F 51 51 51 51 24 40 
   693 00000175 4F 24 24 24 24 24 24 24 24 24   	DB	"O$$$$$$$$$$$$$$@"
       0000017F 24 24 24 24 24 40 
   694 00000185 40 40 40 40 40 40 40 40 40 40   	DB	"@@@@@@@@@@@@@@@@"
       0000018F 40 40 40 40 40 40 
   695                                          [SECTION .text]
   696 000007E9                                 	GLOBAL	_make_window
   697 000007E9                                 _make_window:
   698 000007E9 55                              	PUSH	EBP
   699 000007EA 89 E5                           	MOV	EBP,ESP
   700 000007EC 57                              	PUSH	EDI
   701 000007ED 56                              	PUSH	ESI
   702 000007EE 53                              	PUSH	EBX
   703 000007EF 83 EC 14                        	SUB	ESP,20
   704 000007F2 8B 5D 0C                        	MOV	EBX,DWORD [12+EBP]
   705 000007F5 6A 00                           	PUSH	0
   706 000007F7 8D 43 FF                        	LEA	EAX,DWORD [-1+EBX]
   707 000007FA 8D 7B FE                        	LEA	EDI,DWORD [-2+EBX]
   708 000007FD 50                              	PUSH	EAX
   709 000007FE 89 45 EC                        	MOV	DWORD [-20+EBP],EAX
   710 00000801 6A 00                           	PUSH	0
   711 00000803 6A 00                           	PUSH	0
   712 00000805 6A 08                           	PUSH	8
   713 00000807 53                              	PUSH	EBX
   714 00000808 FF 75 08                        	PUSH	DWORD [8+EBP]
   715 0000080B E8 [00000000]                   	CALL	_boxfill8
   716 00000810 6A 01                           	PUSH	1
   717 00000812 57                              	PUSH	EDI
   718 00000813 6A 01                           	PUSH	1
   719 00000815 6A 01                           	PUSH	1
   720 00000817 6A 07                           	PUSH	7
   721 00000819 53                              	PUSH	EBX
   722 0000081A FF 75 08                        	PUSH	DWORD [8+EBP]
   723 0000081D E8 [00000000]                   	CALL	_boxfill8
   724 00000822 8B 55 10                        	MOV	EDX,DWORD [16+EBP]
   725 00000825 83 C4 38                        	ADD	ESP,56
   726 00000828 4A                              	DEC	EDX
   727 00000829 89 55 E8                        	MOV	DWORD [-24+EBP],EDX
   728 0000082C 52                              	PUSH	EDX
   729 0000082D 6A 00                           	PUSH	0
   730 0000082F 6A 00                           	PUSH	0
   731 00000831 6A 00                           	PUSH	0
   732 00000833 6A 08                           	PUSH	8
   733 00000835 53                              	PUSH	EBX
   734 00000836 FF 75 08                        	PUSH	DWORD [8+EBP]
   735 00000839 E8 [00000000]                   	CALL	_boxfill8
   736 0000083E 8B 75 10                        	MOV	ESI,DWORD [16+EBP]
   737 00000841 83 EE 02                        	SUB	ESI,2
   738 00000844 56                              	PUSH	ESI
   739 00000845 6A 01                           	PUSH	1
   740 00000847 6A 01                           	PUSH	1
   741 00000849 6A 01                           	PUSH	1
   742 0000084B 6A 07                           	PUSH	7
   743 0000084D 53                              	PUSH	EBX
   744 0000084E FF 75 08                        	PUSH	DWORD [8+EBP]
   745 00000851 E8 [00000000]                   	CALL	_boxfill8
   746 00000856 83 C4 38                        	ADD	ESP,56
   747 00000859 56                              	PUSH	ESI
   748 0000085A 57                              	PUSH	EDI
   749 0000085B 6A 01                           	PUSH	1
   750 0000085D 57                              	PUSH	EDI
   751 0000085E 6A 0F                           	PUSH	15
   752 00000860 53                              	PUSH	EBX
   753 00000861 FF 75 08                        	PUSH	DWORD [8+EBP]
   754 00000864 E8 [00000000]                   	CALL	_boxfill8
   755 00000869 FF 75 E8                        	PUSH	DWORD [-24+EBP]
   756 0000086C FF 75 EC                        	PUSH	DWORD [-20+EBP]
   757 0000086F 6A 00                           	PUSH	0
   758 00000871 FF 75 EC                        	PUSH	DWORD [-20+EBP]
   759 00000874 6A 00                           	PUSH	0
   760 00000876 53                              	PUSH	EBX
   761 00000877 FF 75 08                        	PUSH	DWORD [8+EBP]
   762 0000087A E8 [00000000]                   	CALL	_boxfill8
   763 0000087F 8B 45 10                        	MOV	EAX,DWORD [16+EBP]
   764 00000882 83 C4 38                        	ADD	ESP,56
   765 00000885 83 E8 03                        	SUB	EAX,3
   766 00000888 50                              	PUSH	EAX
   767 00000889 8D 43 FD                        	LEA	EAX,DWORD [-3+EBX]
   768 0000088C 50                              	PUSH	EAX
   769 0000088D 6A 02                           	PUSH	2
   770 0000088F 6A 02                           	PUSH	2
   771 00000891 6A 08                           	PUSH	8
   772 00000893 53                              	PUSH	EBX
   773 00000894 FF 75 08                        	PUSH	DWORD [8+EBP]
   774 00000897 E8 [00000000]                   	CALL	_boxfill8
   775 0000089C 8D 43 FC                        	LEA	EAX,DWORD [-4+EBX]
   776 0000089F 6A 14                           	PUSH	20
   777 000008A1 50                              	PUSH	EAX
   778 000008A2 6A 03                           	PUSH	3
   779 000008A4 6A 03                           	PUSH	3
   780 000008A6 6A 0C                           	PUSH	12
   781 000008A8 53                              	PUSH	EBX
   782 000008A9 FF 75 08                        	PUSH	DWORD [8+EBP]
   783 000008AC E8 [00000000]                   	CALL	_boxfill8
   784 000008B1 83 C4 38                        	ADD	ESP,56
   785 000008B4 56                              	PUSH	ESI
   786 000008B5 57                              	PUSH	EDI
   787 000008B6 56                              	PUSH	ESI
   788 000008B7 6A 01                           	PUSH	1
   789 000008B9 6A 0F                           	PUSH	15
   790 000008BB 53                              	PUSH	EBX
   791 000008BC FF 75 08                        	PUSH	DWORD [8+EBP]
   792 000008BF E8 [00000000]                   	CALL	_boxfill8
   793 000008C4 FF 75 E8                        	PUSH	DWORD [-24+EBP]
   794 000008C7 FF 75 EC                        	PUSH	DWORD [-20+EBP]
   795 000008CA FF 75 E8                        	PUSH	DWORD [-24+EBP]
   796 000008CD 6A 00                           	PUSH	0
   797 000008CF 6A 00                           	PUSH	0
   798 000008D1 6B F3 05                        	IMUL	ESI,EBX,5
   799 000008D4 53                              	PUSH	EBX
   800 000008D5 FF 75 08                        	PUSH	DWORD [8+EBP]
   801 000008D8 E8 [00000000]                   	CALL	_boxfill8
   802 000008DD 83 C4 38                        	ADD	ESP,56
   803 000008E0 FF 75 14                        	PUSH	DWORD [20+EBP]
   804 000008E3 6A 04                           	PUSH	4
   805 000008E5 6A 18                           	PUSH	24
   806 000008E7 6A 07                           	PUSH	7
   807 000008E9 53                              	PUSH	EBX
   808 000008EA FF 75 08                        	PUSH	DWORD [8+EBP]
   809 000008ED E8 [00000000]                   	CALL	_putfonts8_asc
   810 000008F2 83 C4 18                        	ADD	ESP,24
   811 000008F5 C7 45 F0 00000000               	MOV	DWORD [-16+EBP],0
   812 000008FC C7 45 E0 00000000               	MOV	DWORD [-32+EBP],0
   813 00000903                                 L59:
   814 00000903 8D 04 1E                        	LEA	EAX,DWORD [ESI+EBX*1]
   815 00000906 8B 55 08                        	MOV	EDX,DWORD [8+EBP]
   816 00000909 31 FF                           	XOR	EDI,EDI
   817 0000090B 8D 4C 02 EB                     	LEA	ECX,DWORD [-21+EDX+EAX*1]
   818 0000090F                                 L58:
   819 0000090F 8B 45 E0                        	MOV	EAX,DWORD [-32+EBP]
   820 00000912 8A 94 07 [000000B5]             	MOV	DL,BYTE [_closebtn.1+EDI+EAX*1]
   821 00000919 80 FA 40                        	CMP	DL,64
   822 0000091C 74 33                           	JE	L64
   823 0000091E 80 FA 24                        	CMP	DL,36
   824 00000921 74 2A                           	JE	L65
   825 00000923 80 FA 51                        	CMP	DL,81
   826 00000926 B2 08                           	MOV	DL,8
   827 00000928 0F 95 C0                        	SETNE	AL
   828 0000092B 28 C2                           	SUB	DL,AL
   829 0000092D                                 L53:
   830 0000092D 47                              	INC	EDI
   831 0000092E 88 11                           	MOV	BYTE [ECX],DL
   832 00000930 41                              	INC	ECX
   833 00000931 83 FF 0F                        	CMP	EDI,15
   834 00000934 7E D9                           	JLE	L58
   835 00000936 FF 45 F0                        	INC	DWORD [-16+EBP]
   836 00000939 01 DE                           	ADD	ESI,EBX
   837 0000093B 83 45 E0 10                     	ADD	DWORD [-32+EBP],16
   838 0000093F 83 7D F0 0D                     	CMP	DWORD [-16+EBP],13
   839 00000943 7E BE                           	JLE	L59
   840 00000945 8D 65 F4                        	LEA	ESP,DWORD [-12+EBP]
   841 00000948 5B                              	POP	EBX
   842 00000949 5E                              	POP	ESI
   843 0000094A 5F                              	POP	EDI
   844 0000094B 5D                              	POP	EBP
   845 0000094C C3                              	RET
   846 0000094D                                 L65:
   847 0000094D B2 0F                           	MOV	DL,15
   848 0000094F EB DC                           	JMP	L53
   849 00000951                                 L64:
   850 00000951 31 D2                           	XOR	EDX,EDX
   851 00000953 EB D8                           	JMP	L53
   852 00000955                                 	GLOBAL	_make_textbox8
   853 00000955                                 _make_textbox8:
   854 00000955 55                              	PUSH	EBP
   855 00000956 89 E5                           	MOV	EBP,ESP
   856 00000958 57                              	PUSH	EDI
   857 00000959 56                              	PUSH	ESI
   858 0000095A 53                              	PUSH	EBX
   859 0000095B 83 EC 14                        	SUB	ESP,20
   860 0000095E 8B 45 0C                        	MOV	EAX,DWORD [12+EBP]
   861 00000961 8B 75 10                        	MOV	ESI,DWORD [16+EBP]
   862 00000964 03 45 14                        	ADD	EAX,DWORD [20+EBP]
   863 00000967 83 EE 03                        	SUB	ESI,3
   864 0000096A 56                              	PUSH	ESI
   865 0000096B 89 45 F0                        	MOV	DWORD [-16+EBP],EAX
   866 0000096E 8B 45 10                        	MOV	EAX,DWORD [16+EBP]
   867 00000971 03 45 18                        	ADD	EAX,DWORD [24+EBP]
   868 00000974 89 45 EC                        	MOV	DWORD [-20+EBP],EAX
   869 00000977 8B 45 F0                        	MOV	EAX,DWORD [-16+EBP]
   870 0000097A 40                              	INC	EAX
   871 0000097B 50                              	PUSH	EAX
   872 0000097C 89 45 E8                        	MOV	DWORD [-24+EBP],EAX
   873 0000097F 8B 45 0C                        	MOV	EAX,DWORD [12+EBP]
   874 00000982 56                              	PUSH	ESI
   875 00000983 83 E8 02                        	SUB	EAX,2
   876 00000986 50                              	PUSH	EAX
   877 00000987 89 45 E4                        	MOV	DWORD [-28+EBP],EAX
   878 0000098A 8B 45 08                        	MOV	EAX,DWORD [8+EBP]
   879 0000098D 6A 0F                           	PUSH	15
   880 0000098F FF 70 04                        	PUSH	DWORD [4+EAX]
   881 00000992 FF 30                           	PUSH	DWORD [EAX]
   882 00000994 E8 [00000000]                   	CALL	_boxfill8
   883 00000999 8B 7D 0C                        	MOV	EDI,DWORD [12+EBP]
   884 0000099C 8B 45 EC                        	MOV	EAX,DWORD [-20+EBP]
   885 0000099F 83 EF 03                        	SUB	EDI,3
   886 000009A2 40                              	INC	EAX
   887 000009A3 50                              	PUSH	EAX
   888 000009A4 89 45 E0                        	MOV	DWORD [-32+EBP],EAX
   889 000009A7 57                              	PUSH	EDI
   890 000009A8 8B 45 08                        	MOV	EAX,DWORD [8+EBP]
   891 000009AB 56                              	PUSH	ESI
   892 000009AC 57                              	PUSH	EDI
   893 000009AD 6A 0F                           	PUSH	15
   894 000009AF FF 70 04                        	PUSH	DWORD [4+EAX]
   895 000009B2 FF 30                           	PUSH	DWORD [EAX]
   896 000009B4 E8 [00000000]                   	CALL	_boxfill8
   897 000009B9 8B 45 08                        	MOV	EAX,DWORD [8+EBP]
   898 000009BC 83 C4 38                        	ADD	ESP,56
   899 000009BF 8B 5D EC                        	MOV	EBX,DWORD [-20+EBP]
   900 000009C2 83 C3 02                        	ADD	EBX,2
   901 000009C5 53                              	PUSH	EBX
   902 000009C6 FF 75 E8                        	PUSH	DWORD [-24+EBP]
   903 000009C9 53                              	PUSH	EBX
   904 000009CA 57                              	PUSH	EDI
   905 000009CB 6A 07                           	PUSH	7
   906 000009CD FF 70 04                        	PUSH	DWORD [4+EAX]
   907 000009D0 FF 30                           	PUSH	DWORD [EAX]
   908 000009D2 E8 [00000000]                   	CALL	_boxfill8
   909 000009D7 8B 45 F0                        	MOV	EAX,DWORD [-16+EBP]
   910 000009DA 53                              	PUSH	EBX
   911 000009DB 83 C0 02                        	ADD	EAX,2
   912 000009DE 50                              	PUSH	EAX
   913 000009DF 56                              	PUSH	ESI
   914 000009E0 50                              	PUSH	EAX
   915 000009E1 8B 45 08                        	MOV	EAX,DWORD [8+EBP]
   916 000009E4 6A 07                           	PUSH	7
   917 000009E6 FF 70 04                        	PUSH	DWORD [4+EAX]
   918 000009E9 FF 30                           	PUSH	DWORD [EAX]
   919 000009EB E8 [00000000]                   	CALL	_boxfill8
   920 000009F0 8B 45 08                        	MOV	EAX,DWORD [8+EBP]
   921 000009F3 83 C4 38                        	ADD	ESP,56
   922 000009F6 8B 5D 10                        	MOV	EBX,DWORD [16+EBP]
   923 000009F9 83 EB 02                        	SUB	EBX,2
   924 000009FC 8B 7D 0C                        	MOV	EDI,DWORD [12+EBP]
   925 000009FF 53                              	PUSH	EBX
   926 00000A00 4F                              	DEC	EDI
   927 00000A01 FF 75 F0                        	PUSH	DWORD [-16+EBP]
   928 00000A04 53                              	PUSH	EBX
   929 00000A05 57                              	PUSH	EDI
   930 00000A06 6A 00                           	PUSH	0
   931 00000A08 FF 70 04                        	PUSH	DWORD [4+EAX]
   932 00000A0B FF 30                           	PUSH	DWORD [EAX]
   933 00000A0D E8 [00000000]                   	CALL	_boxfill8
   934 00000A12 8B 45 08                        	MOV	EAX,DWORD [8+EBP]
   935 00000A15 FF 75 EC                        	PUSH	DWORD [-20+EBP]
   936 00000A18 FF 75 E4                        	PUSH	DWORD [-28+EBP]
   937 00000A1B 53                              	PUSH	EBX
   938 00000A1C FF 75 E4                        	PUSH	DWORD [-28+EBP]
   939 00000A1F 6A 00                           	PUSH	0
   940 00000A21 FF 70 04                        	PUSH	DWORD [4+EAX]
   941 00000A24 FF 30                           	PUSH	DWORD [EAX]
   942 00000A26 E8 [00000000]                   	CALL	_boxfill8
   943 00000A2B 8B 45 08                        	MOV	EAX,DWORD [8+EBP]
   944 00000A2E 83 C4 38                        	ADD	ESP,56
   945 00000A31 FF 75 E0                        	PUSH	DWORD [-32+EBP]
   946 00000A34 FF 75 F0                        	PUSH	DWORD [-16+EBP]
   947 00000A37 FF 75 E0                        	PUSH	DWORD [-32+EBP]
   948 00000A3A FF 75 E4                        	PUSH	DWORD [-28+EBP]
   949 00000A3D 6A 08                           	PUSH	8
   950 00000A3F FF 70 04                        	PUSH	DWORD [4+EAX]
   951 00000A42 FF 30                           	PUSH	DWORD [EAX]
   952 00000A44 E8 [00000000]                   	CALL	_boxfill8
   953 00000A49 8B 45 08                        	MOV	EAX,DWORD [8+EBP]
   954 00000A4C FF 75 E0                        	PUSH	DWORD [-32+EBP]
   955 00000A4F FF 75 E8                        	PUSH	DWORD [-24+EBP]
   956 00000A52 53                              	PUSH	EBX
   957 00000A53 FF 75 E8                        	PUSH	DWORD [-24+EBP]
   958 00000A56 6A 08                           	PUSH	8
   959 00000A58 FF 70 04                        	PUSH	DWORD [4+EAX]
   960 00000A5B FF 30                           	PUSH	DWORD [EAX]
   961 00000A5D E8 [00000000]                   	CALL	_boxfill8
   962 00000A62 8B 45 10                        	MOV	EAX,DWORD [16+EBP]
   963 00000A65 83 C4 38                        	ADD	ESP,56
   964 00000A68 48                              	DEC	EAX
   965 00000A69 FF 75 EC                        	PUSH	DWORD [-20+EBP]
   966 00000A6C FF 75 F0                        	PUSH	DWORD [-16+EBP]
   967 00000A6F 50                              	PUSH	EAX
   968 00000A70 57                              	PUSH	EDI
   969 00000A71 0F B6 45 1C                     	MOVZX	EAX,BYTE [28+EBP]
   970 00000A75 50                              	PUSH	EAX
   971 00000A76 8B 45 08                        	MOV	EAX,DWORD [8+EBP]
   972 00000A79 FF 70 04                        	PUSH	DWORD [4+EAX]
   973 00000A7C FF 30                           	PUSH	DWORD [EAX]
   974 00000A7E E8 [00000000]                   	CALL	_boxfill8
   975 00000A83 8D 65 F4                        	LEA	ESP,DWORD [-12+EBP]
   976 00000A86 5B                              	POP	EBX
   977 00000A87 5E                              	POP	ESI
   978 00000A88 5F                              	POP	EDI
   979 00000A89 5D                              	POP	EBP
   980 00000A8A C3                              	RET
   981 00000A8B                                 	GLOBAL	_task_b_main
   982 00000A8B                                 _task_b_main:
   983 00000A8B 55                              	PUSH	EBP
   984 00000A8C 89 E5                           	MOV	EBP,ESP
   985 00000A8E 56                              	PUSH	ESI
   986 00000A8F 53                              	PUSH	EBX
   987 00000A90 81 EC 00000220                  	SUB	ESP,544
   988 00000A96 8D 85 FFFFFDD8                  	LEA	EAX,DWORD [-552+EBP]
   989 00000A9C 8D 5D D8                        	LEA	EBX,DWORD [-40+EBP]
   990 00000A9F 50                              	PUSH	EAX
   991 00000AA0 68 00000080                     	PUSH	128
   992 00000AA5 53                              	PUSH	EBX
   993 00000AA6 E8 [00000000]                   	CALL	_fifo32_init
   994 00000AAB E8 [00000000]                   	CALL	_timer_alloc
   995 00000AB0 6A 01                           	PUSH	1
   996 00000AB2 53                              	PUSH	EBX
   997 00000AB3 89 C6                           	MOV	ESI,EAX
   998 00000AB5 50                              	PUSH	EAX
   999 00000AB6 E8 [00000000]                   	CALL	_timer_init
  1000 00000ABB 6A 02                           	PUSH	2
  1001 00000ABD 56                              	PUSH	ESI
  1002 00000ABE E8 [00000000]                   	CALL	_timer_settime
  1003 00000AC3 83 C4 20                        	ADD	ESP,32
  1004 00000AC6                                 L68:
  1005 00000AC6 8D 5D D8                        	LEA	EBX,DWORD [-40+EBP]
  1006 00000AC9 E8 [00000000]                   	CALL	_io_cli
  1007 00000ACE 53                              	PUSH	EBX
  1008 00000ACF E8 [00000000]                   	CALL	_fifo32_status
  1009 00000AD4 5A                              	POP	EDX
  1010 00000AD5 85 C0                           	TEST	EAX,EAX
  1011 00000AD7 74 27                           	JE	L74
  1012 00000AD9 53                              	PUSH	EBX
  1013 00000ADA E8 [00000000]                   	CALL	_fifo32_get
  1014 00000ADF 89 C3                           	MOV	EBX,EAX
  1015 00000AE1 E8 [00000000]                   	CALL	_io_sti
  1016 00000AE6 59                              	POP	ECX
  1017 00000AE7 4B                              	DEC	EBX
  1018 00000AE8 75 DC                           	JNE	L68
  1019 00000AEA 6A 18                           	PUSH	24
  1020 00000AEC 6A 00                           	PUSH	0
  1021 00000AEE E8 [00000000]                   	CALL	_farjmp
  1022 00000AF3 6A 01                           	PUSH	1
  1023 00000AF5 56                              	PUSH	ESI
  1024 00000AF6 E8 [00000000]                   	CALL	_timer_settime
  1025 00000AFB 83 C4 10                        	ADD	ESP,16
  1026 00000AFE EB C6                           	JMP	L68
  1027 00000B00                                 L74:
  1028 00000B00 E8 [00000000]                   	CALL	_io_stihlt
  1029 00000B05 EB BF                           	JMP	L68
