     1 00000000                                 [FORMAT "WCOFF"]
     2 00000000                                 [INSTRSET "i486p"]
     3 00000000                                 [OPTIMIZE 1]
     4 00000000                                 [OPTION 1]
     5 00000000                                 [BITS 32]
     6 00000000                                 	EXTERN	_init_gdtidt
     7 00000000                                 	EXTERN	_init_pic
     8 00000000                                 	EXTERN	_io_sti
     9 00000000                                 	EXTERN	_fifo32_init
    10 00000000                                 	EXTERN	_init_pit
    11 00000000                                 	EXTERN	_init_keyboard
    12 00000000                                 	EXTERN	_enable_mouse
    13 00000000                                 	EXTERN	_io_out8
    14 00000000                                 	EXTERN	_timer_alloc
    15 00000000                                 	EXTERN	_timer_init
    16 00000000                                 	EXTERN	_timer_settime
    17 00000000                                 	EXTERN	_memtest
    18 00000000                                 	EXTERN	_memman_init
    19 00000000                                 	EXTERN	_memman_free
    20 00000000                                 	EXTERN	_init_palette
    21 00000000                                 	EXTERN	_shtctl_init
    22 00000000                                 	EXTERN	_sheet_alloc
    23 00000000                                 	EXTERN	_memman_alloc_4k
    24 00000000                                 	EXTERN	_sheet_setbuf
    25 00000000                                 	EXTERN	_init_screen
    26 00000000                                 	EXTERN	_init_mouse_cursor8
    27 00000000                                 	EXTERN	_putfonts8_asc
    28 00000000                                 	EXTERN	_sheet_slide
    29 00000000                                 	EXTERN	_sheet_updown
    30 00000000                                 	EXTERN	_sprintf
    31 00000000                                 	EXTERN	_memman_total
    32 00000000                                 	EXTERN	_putfonts_asc_sht
    33 00000000                                 	EXTERN	_set_segmdesc
    34 00000000                                 	EXTERN	_load_tr
    35 00000000                                 	EXTERN	_io_cli
    36 00000000                                 	EXTERN	_fifo32_status
    37 00000000                                 	EXTERN	_fifo32_get
    38 00000000                                 	EXTERN	_boxfill8
    39 00000000                                 	EXTERN	_sheet_refresh
    40 00000000                                 	EXTERN	_taskswitch4
    41 00000000                                 	EXTERN	_mouse_decode
    42 00000000                                 	EXTERN	_keytable.0
    43 00000000                                 	EXTERN	_io_stihlt
    44 00000000                                 	EXTERN	_io_hlt
    45 00000000                                 [FILE "bootpack.c"]
    46                                          [SECTION .data]
    47 00000000                                 _keytable.0:
    48 00000000 00                              	DB	0
    49 00000001 00                              	DB	0
    50 00000002 31                              	DB	49
    51 00000003 32                              	DB	50
    52 00000004 33                              	DB	51
    53 00000005 34                              	DB	52
    54 00000006 35                              	DB	53
    55 00000007 36                              	DB	54
    56 00000008 37                              	DB	55
    57 00000009 38                              	DB	56
    58 0000000A 39                              	DB	57
    59 0000000B 30                              	DB	48
    60 0000000C 2D                              	DB	45
    61 0000000D 5E                              	DB	94
    62 0000000E 00                              	DB	0
    63 0000000F 00                              	DB	0
    64 00000010 51                              	DB	81
    65 00000011 57                              	DB	87
    66 00000012 45                              	DB	69
    67 00000013 52                              	DB	82
    68 00000014 54                              	DB	84
    69 00000015 59                              	DB	89
    70 00000016 55                              	DB	85
    71 00000017 49                              	DB	73
    72 00000018 4F                              	DB	79
    73 00000019 50                              	DB	80
    74 0000001A 40                              	DB	64
    75 0000001B 5B                              	DB	91
    76 0000001C 00                              	DB	0
    77 0000001D 00                              	DB	0
    78 0000001E 41                              	DB	65
    79 0000001F 53                              	DB	83
    80 00000020 44                              	DB	68
    81 00000021 46                              	DB	70
    82 00000022 47                              	DB	71
    83 00000023 48                              	DB	72
    84 00000024 4A                              	DB	74
    85 00000025 4B                              	DB	75
    86 00000026 4C                              	DB	76
    87 00000027 3B                              	DB	59
    88 00000028 3A                              	DB	58
    89 00000029 00                              	DB	0
    90 0000002A 00                              	DB	0
    91 0000002B 5D                              	DB	93
    92 0000002C 5A                              	DB	90
    93 0000002D 58                              	DB	88
    94 0000002E 43                              	DB	67
    95 0000002F 56                              	DB	86
    96 00000030 42                              	DB	66
    97 00000031 4E                              	DB	78
    98 00000032 4D                              	DB	77
    99 00000033 2C                              	DB	44
   100 00000034 2E                              	DB	46
   101 00000035 2F                              	DB	47
   102 00000036 00                              	DB	0
   103 00000037 2A                              	DB	42
   104 00000038 00                              	DB	0
   105 00000039 20                              	DB	32
   106 0000003A 00                              	DB	0
   107 0000003B 00                              	DB	0
   108 0000003C 00                              	DB	0
   109 0000003D 00                              	DB	0
   110 0000003E 00                              	DB	0
   111 0000003F 00                              	DB	0
   112 00000040 00                              	DB	0
   113 00000041 00                              	DB	0
   114 00000042 00                              	DB	0
   115 00000043 00                              	DB	0
   116 00000044 00                              	DB	0
   117 00000045 00                              	DB	0
   118 00000046 00                              	DB	0
   119 00000047 37                              	DB	55
   120 00000048 38                              	DB	56
   121 00000049 39                              	DB	57
   122 0000004A 2D                              	DB	45
   123 0000004B 34                              	DB	52
   124 0000004C 35                              	DB	53
   125 0000004D 36                              	DB	54
   126 0000004E 2B                              	DB	43
   127 0000004F 31                              	DB	49
   128 00000050 32                              	DB	50
   129 00000051 33                              	DB	51
   130 00000052 30                              	DB	48
   131 00000053 2E                              	DB	46
   132 00000054                                 LC0:
   133 00000054 77 69 6E 64 6F 77 00            	DB	"window",0x00
   134 0000005B                                 LC1:
   135 0000005B 54 68 69 73 20 4F 53 21 00      	DB	"This OS!",0x00
   136 00000064                                 LC2:
   137 00000064 28 25 33 64 2C 20 25 33 64 29   	DB	"(%3d, %3d)",0x00
       0000006E 00 
   138 0000006F                                 LC3:
   139 0000006F 6D 65 6D 6F 72 79 20 25 64 4D   	DB	"memory %dMB free : %dKB",0x00
       00000079 42 20 66 72 65 65 20 3A 20 25 
       00000083 64 4B 42 00 
   140 00000087                                 LC9:
   141 00000087 33 5B 73 65 63 5D 00            	DB	"3[sec]",0x00
   142 0000008E                                 LC8:
   143 0000008E 31 30 5B 73 65 63 5D 00         	DB	"10[sec]",0x00
   144 00000096                                 LC6:
   145 00000096 5B 6C 63 72 20 25 34 64 20 25   	DB	"[lcr %4d %4d]",0x00
       000000A0 34 64 5D 00 
   146 000000A4                                 LC7:
   147 000000A4 28 25 33 64 2C 25 33 64 29 00   	DB	"(%3d,%3d)",0x00
   148 000000AE                                 LC4:
   149 000000AE 25 30 32 78 00                  	DB	"%02x",0x00
   150 000000B3                                 LC5:
   151 000000B3 20 00                           	DB	" ",0x00
   152                                          [SECTION .text]
   153 00000000                                 	GLOBAL	_HariMain
   154 00000000                                 _HariMain:
   155 00000000 55                              	PUSH	EBP
   156 00000001 89 E5                           	MOV	EBP,ESP
   157 00000003 57                              	PUSH	EDI
   158 00000004 56                              	PUSH	ESI
   159 00000005 53                              	PUSH	EBX
   160 00000006 81 EC 00000374                  	SUB	ESP,884
   161 0000000C 0F BF 15 00000FF6               	MOVSX	EDX,WORD [4086]
   162 00000013 0F BF 05 00000FF4               	MOVSX	EAX,WORD [4084]
   163 0000001A 89 95 FFFFFCAC                  	MOV	DWORD [-852+EBP],EDX
   164 00000020 89 85 FFFFFCB0                  	MOV	DWORD [-848+EBP],EAX
   165 00000026 8B 35 00000FF8                  	MOV	ESI,DWORD [4088]
   166 0000002C E8 [00000000]                   	CALL	_init_gdtidt
   167 00000031 E8 [00000000]                   	CALL	_init_pic
   168 00000036 E8 [00000000]                   	CALL	_io_sti
   169 0000003B 8D 85 FFFFFDC4                  	LEA	EAX,DWORD [-572+EBP]
   170 00000041 50                              	PUSH	EAX
   171 00000042 68 00000080                     	PUSH	128
   172 00000047 68 [000001A0]                   	PUSH	_fifo
   173 0000004C E8 [00000000]                   	CALL	_fifo32_init
   174 00000051 E8 [00000000]                   	CALL	_init_pit
   175 00000056 68 00000100                     	PUSH	256
   176 0000005B 68 [000001A0]                   	PUSH	_fifo
   177 00000060 E8 [00000000]                   	CALL	_init_keyboard
   178 00000065 8D 85 FFFFFDB4                  	LEA	EAX,DWORD [-588+EBP]
   179 0000006B 50                              	PUSH	EAX
   180 0000006C 68 00000200                     	PUSH	512
   181 00000071 68 [000001A0]                   	PUSH	_fifo
   182 00000076 E8 [00000000]                   	CALL	_enable_mouse
   183 0000007B 83 C4 20                        	ADD	ESP,32
   184 0000007E 68 000000F8                     	PUSH	248
   185 00000083 6A 21                           	PUSH	33
   186 00000085 E8 [00000000]                   	CALL	_io_out8
   187 0000008A 68 000000EF                     	PUSH	239
   188 0000008F 68 000000A1                     	PUSH	161
   189 00000094 E8 [00000000]                   	CALL	_io_out8
   190 00000099 E8 [00000000]                   	CALL	_timer_alloc
   191 0000009E 6A 0A                           	PUSH	10
   192 000000A0 68 [000001A0]                   	PUSH	_fifo
   193 000000A5 50                              	PUSH	EAX
   194 000000A6 89 85 FFFFFCA8                  	MOV	DWORD [-856+EBP],EAX
   195 000000AC E8 [00000000]                   	CALL	_timer_init
   196 000000B1 68 000003E8                     	PUSH	1000
   197 000000B6 FF B5 FFFFFCA8                  	PUSH	DWORD [-856+EBP]
   198 000000BC E8 [00000000]                   	CALL	_timer_settime
   199 000000C1 83 C4 24                        	ADD	ESP,36
   200 000000C4 E8 [00000000]                   	CALL	_timer_alloc
   201 000000C9 6A 03                           	PUSH	3
   202 000000CB 89 C3                           	MOV	EBX,EAX
   203 000000CD 68 [000001A0]                   	PUSH	_fifo
   204 000000D2 50                              	PUSH	EAX
   205 000000D3 E8 [00000000]                   	CALL	_timer_init
   206 000000D8 68 0000012C                     	PUSH	300
   207 000000DD 53                              	PUSH	EBX
   208 000000DE E8 [00000000]                   	CALL	_timer_settime
   209 000000E3 E8 [00000000]                   	CALL	_timer_alloc
   210 000000E8 6A 01                           	PUSH	1
   211 000000EA 68 [000001A0]                   	PUSH	_fifo
   212 000000EF 50                              	PUSH	EAX
   213 000000F0 89 85 FFFFFCA4                  	MOV	DWORD [-860+EBP],EAX
   214 000000F6 E8 [00000000]                   	CALL	_timer_init
   215 000000FB 83 C4 20                        	ADD	ESP,32
   216 000000FE 6A 32                           	PUSH	50
   217 00000100 FF B5 FFFFFCA4                  	PUSH	DWORD [-860+EBP]
   218 00000106 E8 [00000000]                   	CALL	_timer_settime
   219 0000010B 68 BFFFFFFF                     	PUSH	-1073741825
   220 00000110 68 00400000                     	PUSH	4194304
   221 00000115 E8 [00000000]                   	CALL	_memtest
   222 0000011A 68 003C0000                     	PUSH	3932160
   223 0000011F 89 85 FFFFFC94                  	MOV	DWORD [-876+EBP],EAX
   224 00000125 E8 [00000000]                   	CALL	_memman_init
   225 0000012A 68 0009E000                     	PUSH	647168
   226 0000012F 68 00001000                     	PUSH	4096
   227 00000134 68 003C0000                     	PUSH	3932160
   228 00000139 E8 [00000000]                   	CALL	_memman_free
   229 0000013E 8B 85 FFFFFC94                  	MOV	EAX,DWORD [-876+EBP]
   230 00000144 83 C4 20                        	ADD	ESP,32
   231 00000147 2D 00400000                     	SUB	EAX,4194304
   232 0000014C 50                              	PUSH	EAX
   233 0000014D 68 00400000                     	PUSH	4194304
   234 00000152 68 003C0000                     	PUSH	3932160
   235 00000157 E8 [00000000]                   	CALL	_memman_free
   236 0000015C E8 [00000000]                   	CALL	_init_palette
   237 00000161 0F BF 05 00000FF6               	MOVSX	EAX,WORD [4086]
   238 00000168 50                              	PUSH	EAX
   239 00000169 0F BF 05 00000FF4               	MOVSX	EAX,WORD [4084]
   240 00000170 50                              	PUSH	EAX
   241 00000171 56                              	PUSH	ESI
   242 00000172 8D B5 FFFFFCB4                  	LEA	ESI,DWORD [-844+EBP]
   243 00000178 68 003C0000                     	PUSH	3932160
   244 0000017D E8 [00000000]                   	CALL	_shtctl_init
   245 00000182 89 C3                           	MOV	EBX,EAX
   246 00000184 50                              	PUSH	EAX
   247 00000185 E8 [00000000]                   	CALL	_sheet_alloc
   248 0000018A 83 C4 20                        	ADD	ESP,32
   249 0000018D 53                              	PUSH	EBX
   250 0000018E 89 85 FFFFFC90                  	MOV	DWORD [-880+EBP],EAX
   251 00000194 E8 [00000000]                   	CALL	_sheet_alloc
   252 00000199 53                              	PUSH	EBX
   253 0000019A 89 85 FFFFFC8C                  	MOV	DWORD [-884+EBP],EAX
   254 000001A0 E8 [00000000]                   	CALL	_sheet_alloc
   255 000001A5 0F BF 1D 00000FF6               	MOVSX	EBX,WORD [4086]
   256 000001AC 89 85 FFFFFC88                  	MOV	DWORD [-888+EBP],EAX
   257 000001B2 0F BF 05 00000FF4               	MOVSX	EAX,WORD [4084]
   258 000001B9 0F AF C3                        	IMUL	EAX,EBX
   259 000001BC 50                              	PUSH	EAX
   260 000001BD 68 003C0000                     	PUSH	3932160
   261 000001C2 E8 [00000000]                   	CALL	_memman_alloc_4k
   262 000001C7 68 00002A80                     	PUSH	10880
   263 000001CC 68 003C0000                     	PUSH	3932160
   264 000001D1 89 C7                           	MOV	EDI,EAX
   265 000001D3 E8 [00000000]                   	CALL	_memman_alloc_4k
   266 000001D8 6A FF                           	PUSH	-1
   267 000001DA 89 C3                           	MOV	EBX,EAX
   268 000001DC 0F BF 05 00000FF6               	MOVSX	EAX,WORD [4086]
   269 000001E3 50                              	PUSH	EAX
   270 000001E4 0F BF 05 00000FF4               	MOVSX	EAX,WORD [4084]
   271 000001EB 50                              	PUSH	EAX
   272 000001EC 57                              	PUSH	EDI
   273 000001ED FF B5 FFFFFC90                  	PUSH	DWORD [-880+EBP]
   274 000001F3 E8 [00000000]                   	CALL	_sheet_setbuf
   275 000001F8 83 C4 2C                        	ADD	ESP,44
   276 000001FB 6A 63                           	PUSH	99
   277 000001FD 6A 10                           	PUSH	16
   278 000001FF 6A 10                           	PUSH	16
   279 00000201 56                              	PUSH	ESI
   280 00000202 FF B5 FFFFFC8C                  	PUSH	DWORD [-884+EBP]
   281 00000208 E8 [00000000]                   	CALL	_sheet_setbuf
   282 0000020D 6A FF                           	PUSH	-1
   283 0000020F 6A 44                           	PUSH	68
   284 00000211 68 000000A0                     	PUSH	160
   285 00000216 53                              	PUSH	EBX
   286 00000217 FF B5 FFFFFC88                  	PUSH	DWORD [-888+EBP]
   287 0000021D E8 [00000000]                   	CALL	_sheet_setbuf
   288 00000222 83 C4 28                        	ADD	ESP,40
   289 00000225 0F BF 05 00000FF6               	MOVSX	EAX,WORD [4086]
   290 0000022C 50                              	PUSH	EAX
   291 0000022D 0F BF 05 00000FF4               	MOVSX	EAX,WORD [4084]
   292 00000234 50                              	PUSH	EAX
   293 00000235 57                              	PUSH	EDI
   294 00000236 E8 [00000000]                   	CALL	_init_screen
   295 0000023B 6A 63                           	PUSH	99
   296 0000023D 56                              	PUSH	ESI
   297 0000023E E8 [00000000]                   	CALL	_init_mouse_cursor8
   298 00000243 68 [00000054]                   	PUSH	LC0
   299 00000248 6A 44                           	PUSH	68
   300 0000024A 68 000000A0                     	PUSH	160
   301 0000024F 53                              	PUSH	EBX
   302 00000250 E8 0000057B                     	CALL	_make_window
   303 00000255 83 C4 24                        	ADD	ESP,36
   304 00000258 68 [0000005B]                   	PUSH	LC1
   305 0000025D 6A 2C                           	PUSH	44
   306 0000025F 6A 18                           	PUSH	24
   307 00000261 6A 00                           	PUSH	0
   308 00000263 68 000000A0                     	PUSH	160
   309 00000268 53                              	PUSH	EBX
   310 00000269 BB 00000002                     	MOV	EBX,2
   311 0000026E E8 [00000000]                   	CALL	_putfonts8_asc
   312 00000273 6A 00                           	PUSH	0
   313 00000275 6A 00                           	PUSH	0
   314 00000277 FF B5 FFFFFC90                  	PUSH	DWORD [-880+EBP]
   315 0000027D E8 [00000000]                   	CALL	_sheet_slide
   316 00000282 83 C4 24                        	ADD	ESP,36
   317 00000285 0F BF 05 00000FF4               	MOVSX	EAX,WORD [4084]
   318 0000028C 8D 48 F0                        	LEA	ECX,DWORD [-16+EAX]
   319 0000028F 89 C8                           	MOV	EAX,ECX
   320 00000291 99                              	CDQ
   321 00000292 F7 FB                           	IDIV	EBX
   322 00000294 89 85 FFFFFCA0                  	MOV	DWORD [-864+EBP],EAX
   323 0000029A 0F BF 05 00000FF6               	MOVSX	EAX,WORD [4086]
   324 000002A1 8D 48 D4                        	LEA	ECX,DWORD [-44+EAX]
   325 000002A4 89 C8                           	MOV	EAX,ECX
   326 000002A6 99                              	CDQ
   327 000002A7 F7 FB                           	IDIV	EBX
   328 000002A9 50                              	PUSH	EAX
   329 000002AA 89 85 FFFFFC9C                  	MOV	DWORD [-868+EBP],EAX
   330 000002B0 FF B5 FFFFFCA0                  	PUSH	DWORD [-864+EBP]
   331 000002B6 FF B5 FFFFFC8C                  	PUSH	DWORD [-884+EBP]
   332 000002BC 8D 5D C4                        	LEA	EBX,DWORD [-60+EBP]
   333 000002BF E8 [00000000]                   	CALL	_sheet_slide
   334 000002C4 6A 48                           	PUSH	72
   335 000002C6 6A 50                           	PUSH	80
   336 000002C8 FF B5 FFFFFC88                  	PUSH	DWORD [-888+EBP]
   337 000002CE E8 [00000000]                   	CALL	_sheet_slide
   338 000002D3 6A 00                           	PUSH	0
   339 000002D5 FF B5 FFFFFC90                  	PUSH	DWORD [-880+EBP]
   340 000002DB E8 [00000000]                   	CALL	_sheet_updown
   341 000002E0 83 C4 20                        	ADD	ESP,32
   342 000002E3 6A 01                           	PUSH	1
   343 000002E5 FF B5 FFFFFC88                  	PUSH	DWORD [-888+EBP]
   344 000002EB E8 [00000000]                   	CALL	_sheet_updown
   345 000002F0 6A 02                           	PUSH	2
   346 000002F2 FF B5 FFFFFC8C                  	PUSH	DWORD [-884+EBP]
   347 000002F8 E8 [00000000]                   	CALL	_sheet_updown
   348 000002FD FF B5 FFFFFC9C                  	PUSH	DWORD [-868+EBP]
   349 00000303 FF B5 FFFFFCA0                  	PUSH	DWORD [-864+EBP]
   350 00000309 68 [00000064]                   	PUSH	LC2
   351 0000030E 53                              	PUSH	EBX
   352 0000030F E8 [00000000]                   	CALL	_sprintf
   353 00000314 83 C4 20                        	ADD	ESP,32
   354 00000317 53                              	PUSH	EBX
   355 00000318 6A 00                           	PUSH	0
   356 0000031A 6A 00                           	PUSH	0
   357 0000031C 6A 00                           	PUSH	0
   358 0000031E 0F BF 05 00000FF4               	MOVSX	EAX,WORD [4084]
   359 00000325 50                              	PUSH	EAX
   360 00000326 57                              	PUSH	EDI
   361 00000327 BF 00000008                     	MOV	EDI,8
   362 0000032C E8 [00000000]                   	CALL	_putfonts8_asc
   363 00000331 68 003C0000                     	PUSH	3932160
   364 00000336 E8 [00000000]                   	CALL	_memman_total
   365 0000033B C1 AD FFFFFC94 14               	SHR	DWORD [-876+EBP],20
   366 00000342 C1 E8 0A                        	SHR	EAX,10
   367 00000345 89 04 24                        	MOV	DWORD [ESP],EAX
   368 00000348 FF B5 FFFFFC94                  	PUSH	DWORD [-876+EBP]
   369 0000034E 68 [0000006F]                   	PUSH	LC3
   370 00000353 53                              	PUSH	EBX
   371 00000354 E8 [00000000]                   	CALL	_sprintf
   372 00000359 83 C4 28                        	ADD	ESP,40
   373 0000035C 6A 28                           	PUSH	40
   374 0000035E 53                              	PUSH	EBX
   375 0000035F 6A 0E                           	PUSH	14
   376 00000361 6A 07                           	PUSH	7
   377 00000363 6A 20                           	PUSH	32
   378 00000365 6A 00                           	PUSH	0
   379 00000367 FF B5 FFFFFC90                  	PUSH	DWORD [-880+EBP]
   380 0000036D E8 [00000000]                   	CALL	_putfonts_asc_sht
   381 00000372 6A 07                           	PUSH	7
   382 00000374 6A 10                           	PUSH	16
   383 00000376 68 00000090                     	PUSH	144
   384 0000037B 6A 1C                           	PUSH	28
   385 0000037D 6A 08                           	PUSH	8
   386 0000037F FF B5 FFFFFC88                  	PUSH	DWORD [-888+EBP]
   387 00000385 C7 85 FFFFFC98 00000007         	MOV	DWORD [-872+EBP],7
   388 0000038F E8 000005A8                     	CALL	_make_textbox8
   389 00000394 83 C4 34                        	ADD	ESP,52
   390 00000397 C7 05 [0000021C] 00000000       	MOV	DWORD [_tss_a+92],0
   391 000003A1 68 00000089                     	PUSH	137
   392 000003A6 68 [000001C0]                   	PUSH	_tss_a
   393 000003AB 6A 67                           	PUSH	103
   394 000003AD 68 00270018                     	PUSH	2555928
   395 000003B2 C7 05 [00000220] 40000000       	MOV	DWORD [_tss_a+96],1073741824
   396 000003BC C7 05 [0000028C] 00000000       	MOV	DWORD [_tss_b+92],0
   397 000003C6 C7 05 [00000290] 40000000       	MOV	DWORD [_tss_b+96],1073741824
   398 000003D0 E8 [00000000]                   	CALL	_set_segmdesc
   399 000003D5 68 00000089                     	PUSH	137
   400 000003DA 68 [00000230]                   	PUSH	_tss_b
   401 000003DF 6A 67                           	PUSH	103
   402 000003E1 68 00270020                     	PUSH	2555936
   403 000003E6 E8 [00000000]                   	CALL	_set_segmdesc
   404 000003EB 83 C4 20                        	ADD	ESP,32
   405 000003EE 68 00010000                     	PUSH	65536
   406 000003F3 68 003C0000                     	PUSH	3932160
   407 000003F8 E8 [00000000]                   	CALL	_memman_alloc_4k
   408 000003FD 6A 18                           	PUSH	24
   409 000003FF 8D 98 00010000                  	LEA	EBX,DWORD [65536+EAX]
   410 00000405 E8 [00000000]                   	CALL	_load_tr
   411 0000040A C7 05 [0000024C] [00000A72]     	MOV	DWORD [_tss_b+28],_task_b_main
   412 00000414 C7 05 [00000270] 00000202       	MOV	DWORD [_tss_b+64],514
   413 0000041E C7 05 [00000250] 00000000       	MOV	DWORD [_tss_b+32],0
   414 00000428 C7 05 [00000254] 00000000       	MOV	DWORD [_tss_b+36],0
   415 00000432 C7 05 [00000258] 00000000       	MOV	DWORD [_tss_b+40],0
   416 0000043C C7 05 [0000025C] 00000000       	MOV	DWORD [_tss_b+44],0
   417 00000446 89 1D [00000260]                	MOV	DWORD [_tss_b+48],EBX
   418 0000044C C7 05 [00000264] 00000000       	MOV	DWORD [_tss_b+52],0
   419 00000456 C7 05 [00000268] 00000000       	MOV	DWORD [_tss_b+56],0
   420 00000460 C7 05 [0000026C] 00000000       	MOV	DWORD [_tss_b+60],0
   421 0000046A C7 05 [00000274] 00000008       	MOV	DWORD [_tss_b+68],8
   422 00000474 C7 05 [00000278] 00000010       	MOV	DWORD [_tss_b+72],16
   423 0000047E C7 05 [0000027C] 00000008       	MOV	DWORD [_tss_b+76],8
   424 00000488 C7 05 [00000280] 00000008       	MOV	DWORD [_tss_b+80],8
   425 00000492 C7 05 [00000284] 00000008       	MOV	DWORD [_tss_b+84],8
   426 0000049C C7 05 [00000288] 00000008       	MOV	DWORD [_tss_b+88],8
   427 000004A6                                 L31:
   428 000004A6 83 C4 0C                        	ADD	ESP,12
   429 000004A9                                 L2:
   430 000004A9 E8 [00000000]                   	CALL	_io_cli
   431 000004AE 68 [000001A0]                   	PUSH	_fifo
   432 000004B3 E8 [00000000]                   	CALL	_fifo32_status
   433 000004B8 5A                              	POP	EDX
   434 000004B9 85 C0                           	TEST	EAX,EAX
   435 000004BB 0F 84 00000305                  	JE	L33
   436 000004C1 68 [000001A0]                   	PUSH	_fifo
   437 000004C6 E8 [00000000]                   	CALL	_fifo32_get
   438 000004CB 89 C3                           	MOV	EBX,EAX
   439 000004CD E8 [00000000]                   	CALL	_io_sti
   440 000004D2 5E                              	POP	ESI
   441 000004D3 8D 83 FFFFFF00                  	LEA	EAX,DWORD [-256+EBX]
   442 000004D9 3D 000000FF                     	CMP	EAX,255
   443 000004DE 0F 86 00000241                  	JBE	L34
   444 000004E4 8D 83 FFFFFE00                  	LEA	EAX,DWORD [-512+EBX]
   445 000004EA 3D 000000FF                     	CMP	EAX,255
   446 000004EF 0F 86 000000CD                  	JBE	L35
   447 000004F5 83 FB 0A                        	CMP	EBX,10
   448 000004F8 0F 84 000000A3                  	JE	L36
   449 000004FE 83 FB 03                        	CMP	EBX,3
   450 00000501 74 7C                           	JE	L37
   451 00000503 83 FB 01                        	CMP	EBX,1
   452 00000506 7F A1                           	JG	L2
   453 00000508 85 DB                           	TEST	EBX,EBX
   454 0000050A 74 55                           	JE	L28
   455 0000050C 6A 00                           	PUSH	0
   456 0000050E 68 [000001A0]                   	PUSH	_fifo
   457 00000513 FF B5 FFFFFCA4                  	PUSH	DWORD [-860+EBP]
   458 00000519 E8 [00000000]                   	CALL	_timer_init
   459 0000051E C7 85 FFFFFC98 00000000         	MOV	DWORD [-872+EBP],0
   460 00000528                                 L32:
   461 00000528 83 C4 0C                        	ADD	ESP,12
   462 0000052B                                 L29:
   463 0000052B 6A 2B                           	PUSH	43
   464 0000052D 8D 47 07                        	LEA	EAX,DWORD [7+EDI]
   465 00000530 50                              	PUSH	EAX
   466 00000531 8B 9D FFFFFC88                  	MOV	EBX,DWORD [-888+EBP]
   467 00000537 6A 1C                           	PUSH	28
   468 00000539 57                              	PUSH	EDI
   469 0000053A FF B5 FFFFFC98                  	PUSH	DWORD [-872+EBP]
   470 00000540 FF 73 04                        	PUSH	DWORD [4+EBX]
   471 00000543 FF 33                           	PUSH	DWORD [EBX]
   472 00000545 E8 [00000000]                   	CALL	_boxfill8
   473 0000054A 8D 47 08                        	LEA	EAX,DWORD [8+EDI]
   474 0000054D 6A 2C                           	PUSH	44
   475 0000054F 50                              	PUSH	EAX
   476 00000550 6A 1C                           	PUSH	28
   477 00000552 57                              	PUSH	EDI
   478 00000553 53                              	PUSH	EBX
   479 00000554 E8 [00000000]                   	CALL	_sheet_refresh
   480 00000559 83 C4 30                        	ADD	ESP,48
   481 0000055C E9 FFFFFF48                     	JMP	L2
   482 00000561                                 L28:
   483 00000561 6A 01                           	PUSH	1
   484 00000563 68 [000001A0]                   	PUSH	_fifo
   485 00000568 FF B5 FFFFFCA8                  	PUSH	DWORD [-856+EBP]
   486 0000056E E8 [00000000]                   	CALL	_timer_init
   487 00000573 C7 85 FFFFFC98 00000007         	MOV	DWORD [-872+EBP],7
   488 0000057D EB A9                           	JMP	L32
   489 0000057F                                 L37:
   490 0000057F 6A 06                           	PUSH	6
   491 00000581 68 [00000087]                   	PUSH	LC9
   492 00000586 6A 0E                           	PUSH	14
   493 00000588 6A 07                           	PUSH	7
   494 0000058A 6A 50                           	PUSH	80
   495 0000058C 6A 00                           	PUSH	0
   496 0000058E FF B5 FFFFFC90                  	PUSH	DWORD [-880+EBP]
   497 00000594 E8 [00000000]                   	CALL	_putfonts_asc_sht
   498 00000599                                 L30:
   499 00000599 83 C4 1C                        	ADD	ESP,28
   500 0000059C E9 FFFFFF08                     	JMP	L2
   501 000005A1                                 L36:
   502 000005A1 6A 07                           	PUSH	7
   503 000005A3 68 [0000008E]                   	PUSH	LC8
   504 000005A8 6A 0E                           	PUSH	14
   505 000005AA 6A 07                           	PUSH	7
   506 000005AC 6A 40                           	PUSH	64
   507 000005AE 6A 00                           	PUSH	0
   508 000005B0 FF B5 FFFFFC90                  	PUSH	DWORD [-880+EBP]
   509 000005B6 E8 [00000000]                   	CALL	_putfonts_asc_sht
   510 000005BB E8 [00000000]                   	CALL	_taskswitch4
   511 000005C0 EB D7                           	JMP	L30
   512 000005C2                                 L35:
   513 000005C2 50                              	PUSH	EAX
   514 000005C3 8D 85 FFFFFDB4                  	LEA	EAX,DWORD [-588+EBP]
   515 000005C9 50                              	PUSH	EAX
   516 000005CA E8 [00000000]                   	CALL	_mouse_decode
   517 000005CF 5A                              	POP	EDX
   518 000005D0 59                              	POP	ECX
   519 000005D1 85 C0                           	TEST	EAX,EAX
   520 000005D3 0F 84 FFFFFED0                  	JE	L2
   521 000005D9 FF B5 FFFFFDBC                  	PUSH	DWORD [-580+EBP]
   522 000005DF FF B5 FFFFFDB8                  	PUSH	DWORD [-584+EBP]
   523 000005E5 68 [00000096]                   	PUSH	LC6
   524 000005EA 8D 5D C4                        	LEA	EBX,DWORD [-60+EBP]
   525 000005ED 53                              	PUSH	EBX
   526 000005EE E8 [00000000]                   	CALL	_sprintf
   527 000005F3 83 C4 10                        	ADD	ESP,16
   528 000005F6 8B 85 FFFFFDC0                  	MOV	EAX,DWORD [-576+EBP]
   529 000005FC A9 00000001                     	TEST	EAX,1
   530 00000601 74 04                           	JE	L14
   531 00000603 C6 45 C5 4C                     	MOV	BYTE [-59+EBP],76
   532 00000607                                 L14:
   533 00000607 A9 00000002                     	TEST	EAX,2
   534 0000060C 74 04                           	JE	L15
   535 0000060E C6 45 C7 52                     	MOV	BYTE [-57+EBP],82
   536 00000612                                 L15:
   537 00000612 83 E0 04                        	AND	EAX,4
   538 00000615 74 04                           	JE	L16
   539 00000617 C6 45 C6 43                     	MOV	BYTE [-58+EBP],67
   540 0000061B                                 L16:
   541 0000061B 6A 0F                           	PUSH	15
   542 0000061D 53                              	PUSH	EBX
   543 0000061E 6A 0E                           	PUSH	14
   544 00000620 6A 07                           	PUSH	7
   545 00000622 6A 10                           	PUSH	16
   546 00000624 6A 20                           	PUSH	32
   547 00000626 FF B5 FFFFFC90                  	PUSH	DWORD [-880+EBP]
   548 0000062C E8 [00000000]                   	CALL	_putfonts_asc_sht
   549 00000631 8B 95 FFFFFDB8                  	MOV	EDX,DWORD [-584+EBP]
   550 00000637 8B 85 FFFFFDBC                  	MOV	EAX,DWORD [-580+EBP]
   551 0000063D 83 C4 1C                        	ADD	ESP,28
   552 00000640 01 85 FFFFFC9C                  	ADD	DWORD [-868+EBP],EAX
   553 00000646 01 95 FFFFFCA0                  	ADD	DWORD [-864+EBP],EDX
   554 0000064C 0F 88 000000C4                  	JS	L38
   555 00000652                                 L17:
   556 00000652 83 BD FFFFFC9C 00               	CMP	DWORD [-868+EBP],0
   557 00000659 0F 88 000000A8                  	JS	L39
   558 0000065F                                 L18:
   559 0000065F 8B 85 FFFFFCB0                  	MOV	EAX,DWORD [-848+EBP]
   560 00000665 48                              	DEC	EAX
   561 00000666 39 85 FFFFFCA0                  	CMP	DWORD [-864+EBP],EAX
   562 0000066C 7E 06                           	JLE	L19
   563 0000066E 89 85 FFFFFCA0                  	MOV	DWORD [-864+EBP],EAX
   564 00000674                                 L19:
   565 00000674 8B 85 FFFFFCAC                  	MOV	EAX,DWORD [-852+EBP]
   566 0000067A 48                              	DEC	EAX
   567 0000067B 39 85 FFFFFC9C                  	CMP	DWORD [-868+EBP],EAX
   568 00000681 7E 06                           	JLE	L20
   569 00000683 89 85 FFFFFC9C                  	MOV	DWORD [-868+EBP],EAX
   570 00000689                                 L20:
   571 00000689 FF B5 FFFFFC9C                  	PUSH	DWORD [-868+EBP]
   572 0000068F FF B5 FFFFFCA0                  	PUSH	DWORD [-864+EBP]
   573 00000695 68 [000000A4]                   	PUSH	LC7
   574 0000069A 53                              	PUSH	EBX
   575 0000069B E8 [00000000]                   	CALL	_sprintf
   576 000006A0 6A 0A                           	PUSH	10
   577 000006A2 53                              	PUSH	EBX
   578 000006A3 6A 0E                           	PUSH	14
   579 000006A5 6A 07                           	PUSH	7
   580 000006A7 6A 00                           	PUSH	0
   581 000006A9 6A 00                           	PUSH	0
   582 000006AB FF B5 FFFFFC90                  	PUSH	DWORD [-880+EBP]
   583 000006B1 E8 [00000000]                   	CALL	_putfonts_asc_sht
   584 000006B6 83 C4 2C                        	ADD	ESP,44
   585 000006B9 FF B5 FFFFFC9C                  	PUSH	DWORD [-868+EBP]
   586 000006BF FF B5 FFFFFCA0                  	PUSH	DWORD [-864+EBP]
   587 000006C5 FF B5 FFFFFC8C                  	PUSH	DWORD [-884+EBP]
   588 000006CB E8 [00000000]                   	CALL	_sheet_slide
   589 000006D0 83 C4 0C                        	ADD	ESP,12
   590 000006D3 F7 85 FFFFFDC0 00000001         	TEST	DWORD [-576+EBP],1
   591 000006DD 0F 84 FFFFFDC6                  	JE	L2
   592 000006E3 8B 85 FFFFFC9C                  	MOV	EAX,DWORD [-868+EBP]
   593 000006E9 83 E8 08                        	SUB	EAX,8
   594 000006EC 50                              	PUSH	EAX
   595 000006ED 8B 85 FFFFFCA0                  	MOV	EAX,DWORD [-864+EBP]
   596 000006F3 83 E8 50                        	SUB	EAX,80
   597 000006F6 50                              	PUSH	EAX
   598 000006F7 FF B5 FFFFFC88                  	PUSH	DWORD [-888+EBP]
   599 000006FD E8 [00000000]                   	CALL	_sheet_slide
   600 00000702 E9 FFFFFD9F                     	JMP	L31
   601 00000707                                 L39:
   602 00000707 C7 85 FFFFFC9C 00000000         	MOV	DWORD [-868+EBP],0
   603 00000711 E9 FFFFFF49                     	JMP	L18
   604 00000716                                 L38:
   605 00000716 C7 85 FFFFFCA0 00000000         	MOV	DWORD [-864+EBP],0
   606 00000720 E9 FFFFFF2D                     	JMP	L17
   607 00000725                                 L34:
   608 00000725 50                              	PUSH	EAX
   609 00000726 8D 75 C4                        	LEA	ESI,DWORD [-60+EBP]
   610 00000729 68 [000000AE]                   	PUSH	LC4
   611 0000072E 56                              	PUSH	ESI
   612 0000072F E8 [00000000]                   	CALL	_sprintf
   613 00000734 6A 02                           	PUSH	2
   614 00000736 56                              	PUSH	ESI
   615 00000737 6A 0E                           	PUSH	14
   616 00000739 6A 07                           	PUSH	7
   617 0000073B 6A 10                           	PUSH	16
   618 0000073D 6A 00                           	PUSH	0
   619 0000073F FF B5 FFFFFC90                  	PUSH	DWORD [-880+EBP]
   620 00000745 E8 [00000000]                   	CALL	_putfonts_asc_sht
   621 0000074A 83 C4 28                        	ADD	ESP,40
   622 0000074D 81 FB 00000153                  	CMP	EBX,339
   623 00000753 0F 8F FFFFFD50                  	JG	L2
   624 00000759 8A 83 [FFFFFF00]                	MOV	AL,BYTE [_keytable.0-256+EBX]
   625 0000075F 84 C0                           	TEST	AL,AL
   626 00000761 74 2A                           	JE	L9
   627 00000763 81 FF 0000008F                  	CMP	EDI,143
   628 00000769 7F 22                           	JG	L9
   629 0000076B 6A 01                           	PUSH	1
   630 0000076D 88 45 C4                        	MOV	BYTE [-60+EBP],AL
   631 00000770 56                              	PUSH	ESI
   632 00000771 6A 07                           	PUSH	7
   633 00000773 6A 00                           	PUSH	0
   634 00000775 6A 1C                           	PUSH	28
   635 00000777 57                              	PUSH	EDI
   636 00000778 83 C7 08                        	ADD	EDI,8
   637 0000077B FF B5 FFFFFC88                  	PUSH	DWORD [-888+EBP]
   638 00000781 C6 45 C5 00                     	MOV	BYTE [-59+EBP],0
   639 00000785 E8 [00000000]                   	CALL	_putfonts_asc_sht
   640 0000078A 83 C4 1C                        	ADD	ESP,28
   641 0000078D                                 L9:
   642 0000078D 81 FB 0000010E                  	CMP	EBX,270
   643 00000793 0F 85 FFFFFD92                  	JNE	L29
   644 00000799 83 FF 08                        	CMP	EDI,8
   645 0000079C 0F 8E FFFFFD89                  	JLE	L29
   646 000007A2 6A 01                           	PUSH	1
   647 000007A4 68 [000000B3]                   	PUSH	LC5
   648 000007A9 6A 07                           	PUSH	7
   649 000007AB 6A 00                           	PUSH	0
   650 000007AD 6A 1C                           	PUSH	28
   651 000007AF 57                              	PUSH	EDI
   652 000007B0 83 EF 08                        	SUB	EDI,8
   653 000007B3 FF B5 FFFFFC88                  	PUSH	DWORD [-888+EBP]
   654 000007B9 E8 [00000000]                   	CALL	_putfonts_asc_sht
   655 000007BE 83 C4 1C                        	ADD	ESP,28
   656 000007C1 E9 FFFFFD65                     	JMP	L29
   657 000007C6                                 L33:
   658 000007C6 E8 [00000000]                   	CALL	_io_stihlt
   659 000007CB E9 FFFFFCD9                     	JMP	L2
   660                                          [SECTION .data]
   661 000000B5                                 _closebtn.1:
   662 000000B5 4F 4F 4F 4F 4F 4F 4F 4F 4F 4F   	DB	"OOOOOOOOOOOOOOO@"
       000000BF 4F 4F 4F 4F 4F 40 
   663 000000C5 4F 51 51 51 51 51 51 51 51 51   	DB	"OQQQQQQQQQQQQQ$@"
       000000CF 51 51 51 51 24 40 
   664 000000D5 4F 51 51 51 51 51 51 51 51 51   	DB	"OQQQQQQQQQQQQQ$@"
       000000DF 51 51 51 51 24 40 
   665 000000E5 4F 51 51 51 40 40 51 51 51 51   	DB	"OQQQ@@QQQQ@@QQ$@"
       000000EF 40 40 51 51 24 40 
   666 000000F5 4F 51 51 51 51 40 40 51 51 40   	DB	"OQQQQ@@QQ@@QQQ$@"
       000000FF 40 51 51 51 24 40 
   667 00000105 4F 51 51 51 51 51 40 40 40 40   	DB	"OQQQQQ@@@@QQQQ$@"
       0000010F 51 51 51 51 24 40 
   668 00000115 4F 51 51 51 51 51 51 40 40 51   	DB	"OQQQQQQ@@QQQQQ$@"
       0000011F 51 51 51 51 24 40 
   669 00000125 4F 51 51 51 51 51 40 40 40 40   	DB	"OQQQQQ@@@@QQQQ$@"
       0000012F 51 51 51 51 24 40 
   670 00000135 4F 51 51 51 51 40 40 51 51 40   	DB	"OQQQQ@@QQ@@QQQ$@"
       0000013F 40 51 51 51 24 40 
   671 00000145 4F 51 51 51 40 40 51 51 51 51   	DB	"OQQQ@@QQQQ@@QQ$@"
       0000014F 40 40 51 51 24 40 
   672 00000155 4F 51 51 51 51 51 51 51 51 51   	DB	"OQQQQQQQQQQQQQ$@"
       0000015F 51 51 51 51 24 40 
   673 00000165 4F 51 51 51 51 51 51 51 51 51   	DB	"OQQQQQQQQQQQQQ$@"
       0000016F 51 51 51 51 24 40 
   674 00000175 4F 24 24 24 24 24 24 24 24 24   	DB	"O$$$$$$$$$$$$$$@"
       0000017F 24 24 24 24 24 40 
   675 00000185 40 40 40 40 40 40 40 40 40 40   	DB	"@@@@@@@@@@@@@@@@"
       0000018F 40 40 40 40 40 40 
   676                                          [SECTION .text]
   677 000007D0                                 	GLOBAL	_make_window
   678 000007D0                                 _make_window:
   679 000007D0 55                              	PUSH	EBP
   680 000007D1 89 E5                           	MOV	EBP,ESP
   681 000007D3 57                              	PUSH	EDI
   682 000007D4 56                              	PUSH	ESI
   683 000007D5 53                              	PUSH	EBX
   684 000007D6 83 EC 14                        	SUB	ESP,20
   685 000007D9 8B 5D 0C                        	MOV	EBX,DWORD [12+EBP]
   686 000007DC 6A 00                           	PUSH	0
   687 000007DE 8D 43 FF                        	LEA	EAX,DWORD [-1+EBX]
   688 000007E1 8D 7B FE                        	LEA	EDI,DWORD [-2+EBX]
   689 000007E4 50                              	PUSH	EAX
   690 000007E5 89 45 EC                        	MOV	DWORD [-20+EBP],EAX
   691 000007E8 6A 00                           	PUSH	0
   692 000007EA 6A 00                           	PUSH	0
   693 000007EC 6A 08                           	PUSH	8
   694 000007EE 53                              	PUSH	EBX
   695 000007EF FF 75 08                        	PUSH	DWORD [8+EBP]
   696 000007F2 E8 [00000000]                   	CALL	_boxfill8
   697 000007F7 6A 01                           	PUSH	1
   698 000007F9 57                              	PUSH	EDI
   699 000007FA 6A 01                           	PUSH	1
   700 000007FC 6A 01                           	PUSH	1
   701 000007FE 6A 07                           	PUSH	7
   702 00000800 53                              	PUSH	EBX
   703 00000801 FF 75 08                        	PUSH	DWORD [8+EBP]
   704 00000804 E8 [00000000]                   	CALL	_boxfill8
   705 00000809 8B 55 10                        	MOV	EDX,DWORD [16+EBP]
   706 0000080C 83 C4 38                        	ADD	ESP,56
   707 0000080F 4A                              	DEC	EDX
   708 00000810 89 55 E8                        	MOV	DWORD [-24+EBP],EDX
   709 00000813 52                              	PUSH	EDX
   710 00000814 6A 00                           	PUSH	0
   711 00000816 6A 00                           	PUSH	0
   712 00000818 6A 00                           	PUSH	0
   713 0000081A 6A 08                           	PUSH	8
   714 0000081C 53                              	PUSH	EBX
   715 0000081D FF 75 08                        	PUSH	DWORD [8+EBP]
   716 00000820 E8 [00000000]                   	CALL	_boxfill8
   717 00000825 8B 75 10                        	MOV	ESI,DWORD [16+EBP]
   718 00000828 83 EE 02                        	SUB	ESI,2
   719 0000082B 56                              	PUSH	ESI
   720 0000082C 6A 01                           	PUSH	1
   721 0000082E 6A 01                           	PUSH	1
   722 00000830 6A 01                           	PUSH	1
   723 00000832 6A 07                           	PUSH	7
   724 00000834 53                              	PUSH	EBX
   725 00000835 FF 75 08                        	PUSH	DWORD [8+EBP]
   726 00000838 E8 [00000000]                   	CALL	_boxfill8
   727 0000083D 83 C4 38                        	ADD	ESP,56
   728 00000840 56                              	PUSH	ESI
   729 00000841 57                              	PUSH	EDI
   730 00000842 6A 01                           	PUSH	1
   731 00000844 57                              	PUSH	EDI
   732 00000845 6A 0F                           	PUSH	15
   733 00000847 53                              	PUSH	EBX
   734 00000848 FF 75 08                        	PUSH	DWORD [8+EBP]
   735 0000084B E8 [00000000]                   	CALL	_boxfill8
   736 00000850 FF 75 E8                        	PUSH	DWORD [-24+EBP]
   737 00000853 FF 75 EC                        	PUSH	DWORD [-20+EBP]
   738 00000856 6A 00                           	PUSH	0
   739 00000858 FF 75 EC                        	PUSH	DWORD [-20+EBP]
   740 0000085B 6A 00                           	PUSH	0
   741 0000085D 53                              	PUSH	EBX
   742 0000085E FF 75 08                        	PUSH	DWORD [8+EBP]
   743 00000861 E8 [00000000]                   	CALL	_boxfill8
   744 00000866 8B 45 10                        	MOV	EAX,DWORD [16+EBP]
   745 00000869 83 C4 38                        	ADD	ESP,56
   746 0000086C 83 E8 03                        	SUB	EAX,3
   747 0000086F 50                              	PUSH	EAX
   748 00000870 8D 43 FD                        	LEA	EAX,DWORD [-3+EBX]
   749 00000873 50                              	PUSH	EAX
   750 00000874 6A 02                           	PUSH	2
   751 00000876 6A 02                           	PUSH	2
   752 00000878 6A 08                           	PUSH	8
   753 0000087A 53                              	PUSH	EBX
   754 0000087B FF 75 08                        	PUSH	DWORD [8+EBP]
   755 0000087E E8 [00000000]                   	CALL	_boxfill8
   756 00000883 8D 43 FC                        	LEA	EAX,DWORD [-4+EBX]
   757 00000886 6A 14                           	PUSH	20
   758 00000888 50                              	PUSH	EAX
   759 00000889 6A 03                           	PUSH	3
   760 0000088B 6A 03                           	PUSH	3
   761 0000088D 6A 0C                           	PUSH	12
   762 0000088F 53                              	PUSH	EBX
   763 00000890 FF 75 08                        	PUSH	DWORD [8+EBP]
   764 00000893 E8 [00000000]                   	CALL	_boxfill8
   765 00000898 83 C4 38                        	ADD	ESP,56
   766 0000089B 56                              	PUSH	ESI
   767 0000089C 57                              	PUSH	EDI
   768 0000089D 56                              	PUSH	ESI
   769 0000089E 6A 01                           	PUSH	1
   770 000008A0 6A 0F                           	PUSH	15
   771 000008A2 53                              	PUSH	EBX
   772 000008A3 FF 75 08                        	PUSH	DWORD [8+EBP]
   773 000008A6 E8 [00000000]                   	CALL	_boxfill8
   774 000008AB FF 75 E8                        	PUSH	DWORD [-24+EBP]
   775 000008AE FF 75 EC                        	PUSH	DWORD [-20+EBP]
   776 000008B1 FF 75 E8                        	PUSH	DWORD [-24+EBP]
   777 000008B4 6A 00                           	PUSH	0
   778 000008B6 6A 00                           	PUSH	0
   779 000008B8 6B F3 05                        	IMUL	ESI,EBX,5
   780 000008BB 53                              	PUSH	EBX
   781 000008BC FF 75 08                        	PUSH	DWORD [8+EBP]
   782 000008BF E8 [00000000]                   	CALL	_boxfill8
   783 000008C4 83 C4 38                        	ADD	ESP,56
   784 000008C7 FF 75 14                        	PUSH	DWORD [20+EBP]
   785 000008CA 6A 04                           	PUSH	4
   786 000008CC 6A 18                           	PUSH	24
   787 000008CE 6A 07                           	PUSH	7
   788 000008D0 53                              	PUSH	EBX
   789 000008D1 FF 75 08                        	PUSH	DWORD [8+EBP]
   790 000008D4 E8 [00000000]                   	CALL	_putfonts8_asc
   791 000008D9 83 C4 18                        	ADD	ESP,24
   792 000008DC C7 45 F0 00000000               	MOV	DWORD [-16+EBP],0
   793 000008E3 C7 45 E0 00000000               	MOV	DWORD [-32+EBP],0
   794 000008EA                                 L56:
   795 000008EA 8D 04 1E                        	LEA	EAX,DWORD [ESI+EBX*1]
   796 000008ED 8B 55 08                        	MOV	EDX,DWORD [8+EBP]
   797 000008F0 31 FF                           	XOR	EDI,EDI
   798 000008F2 8D 4C 02 EB                     	LEA	ECX,DWORD [-21+EDX+EAX*1]
   799 000008F6                                 L55:
   800 000008F6 8B 45 E0                        	MOV	EAX,DWORD [-32+EBP]
   801 000008F9 8A 94 07 [000000B5]             	MOV	DL,BYTE [_closebtn.1+EDI+EAX*1]
   802 00000900 80 FA 40                        	CMP	DL,64
   803 00000903 74 33                           	JE	L61
   804 00000905 80 FA 24                        	CMP	DL,36
   805 00000908 74 2A                           	JE	L62
   806 0000090A 80 FA 51                        	CMP	DL,81
   807 0000090D B2 08                           	MOV	DL,8
   808 0000090F 0F 95 C0                        	SETNE	AL
   809 00000912 28 C2                           	SUB	DL,AL
   810 00000914                                 L50:
   811 00000914 47                              	INC	EDI
   812 00000915 88 11                           	MOV	BYTE [ECX],DL
   813 00000917 41                              	INC	ECX
   814 00000918 83 FF 0F                        	CMP	EDI,15
   815 0000091B 7E D9                           	JLE	L55
   816 0000091D FF 45 F0                        	INC	DWORD [-16+EBP]
   817 00000920 01 DE                           	ADD	ESI,EBX
   818 00000922 83 45 E0 10                     	ADD	DWORD [-32+EBP],16
   819 00000926 83 7D F0 0D                     	CMP	DWORD [-16+EBP],13
   820 0000092A 7E BE                           	JLE	L56
   821 0000092C 8D 65 F4                        	LEA	ESP,DWORD [-12+EBP]
   822 0000092F 5B                              	POP	EBX
   823 00000930 5E                              	POP	ESI
   824 00000931 5F                              	POP	EDI
   825 00000932 5D                              	POP	EBP
   826 00000933 C3                              	RET
   827 00000934                                 L62:
   828 00000934 B2 0F                           	MOV	DL,15
   829 00000936 EB DC                           	JMP	L50
   830 00000938                                 L61:
   831 00000938 31 D2                           	XOR	EDX,EDX
   832 0000093A EB D8                           	JMP	L50
   833 0000093C                                 	GLOBAL	_make_textbox8
   834 0000093C                                 _make_textbox8:
   835 0000093C 55                              	PUSH	EBP
   836 0000093D 89 E5                           	MOV	EBP,ESP
   837 0000093F 57                              	PUSH	EDI
   838 00000940 56                              	PUSH	ESI
   839 00000941 53                              	PUSH	EBX
   840 00000942 83 EC 14                        	SUB	ESP,20
   841 00000945 8B 45 0C                        	MOV	EAX,DWORD [12+EBP]
   842 00000948 8B 75 10                        	MOV	ESI,DWORD [16+EBP]
   843 0000094B 03 45 14                        	ADD	EAX,DWORD [20+EBP]
   844 0000094E 83 EE 03                        	SUB	ESI,3
   845 00000951 56                              	PUSH	ESI
   846 00000952 89 45 F0                        	MOV	DWORD [-16+EBP],EAX
   847 00000955 8B 45 10                        	MOV	EAX,DWORD [16+EBP]
   848 00000958 03 45 18                        	ADD	EAX,DWORD [24+EBP]
   849 0000095B 89 45 EC                        	MOV	DWORD [-20+EBP],EAX
   850 0000095E 8B 45 F0                        	MOV	EAX,DWORD [-16+EBP]
   851 00000961 40                              	INC	EAX
   852 00000962 50                              	PUSH	EAX
   853 00000963 89 45 E8                        	MOV	DWORD [-24+EBP],EAX
   854 00000966 8B 45 0C                        	MOV	EAX,DWORD [12+EBP]
   855 00000969 56                              	PUSH	ESI
   856 0000096A 83 E8 02                        	SUB	EAX,2
   857 0000096D 50                              	PUSH	EAX
   858 0000096E 89 45 E4                        	MOV	DWORD [-28+EBP],EAX
   859 00000971 8B 45 08                        	MOV	EAX,DWORD [8+EBP]
   860 00000974 6A 0F                           	PUSH	15
   861 00000976 FF 70 04                        	PUSH	DWORD [4+EAX]
   862 00000979 FF 30                           	PUSH	DWORD [EAX]
   863 0000097B E8 [00000000]                   	CALL	_boxfill8
   864 00000980 8B 7D 0C                        	MOV	EDI,DWORD [12+EBP]
   865 00000983 8B 45 EC                        	MOV	EAX,DWORD [-20+EBP]
   866 00000986 83 EF 03                        	SUB	EDI,3
   867 00000989 40                              	INC	EAX
   868 0000098A 50                              	PUSH	EAX
   869 0000098B 89 45 E0                        	MOV	DWORD [-32+EBP],EAX
   870 0000098E 57                              	PUSH	EDI
   871 0000098F 8B 45 08                        	MOV	EAX,DWORD [8+EBP]
   872 00000992 56                              	PUSH	ESI
   873 00000993 57                              	PUSH	EDI
   874 00000994 6A 0F                           	PUSH	15
   875 00000996 FF 70 04                        	PUSH	DWORD [4+EAX]
   876 00000999 FF 30                           	PUSH	DWORD [EAX]
   877 0000099B E8 [00000000]                   	CALL	_boxfill8
   878 000009A0 8B 45 08                        	MOV	EAX,DWORD [8+EBP]
   879 000009A3 83 C4 38                        	ADD	ESP,56
   880 000009A6 8B 5D EC                        	MOV	EBX,DWORD [-20+EBP]
   881 000009A9 83 C3 02                        	ADD	EBX,2
   882 000009AC 53                              	PUSH	EBX
   883 000009AD FF 75 E8                        	PUSH	DWORD [-24+EBP]
   884 000009B0 53                              	PUSH	EBX
   885 000009B1 57                              	PUSH	EDI
   886 000009B2 6A 07                           	PUSH	7
   887 000009B4 FF 70 04                        	PUSH	DWORD [4+EAX]
   888 000009B7 FF 30                           	PUSH	DWORD [EAX]
   889 000009B9 E8 [00000000]                   	CALL	_boxfill8
   890 000009BE 8B 45 F0                        	MOV	EAX,DWORD [-16+EBP]
   891 000009C1 53                              	PUSH	EBX
   892 000009C2 83 C0 02                        	ADD	EAX,2
   893 000009C5 50                              	PUSH	EAX
   894 000009C6 56                              	PUSH	ESI
   895 000009C7 50                              	PUSH	EAX
   896 000009C8 8B 45 08                        	MOV	EAX,DWORD [8+EBP]
   897 000009CB 6A 07                           	PUSH	7
   898 000009CD FF 70 04                        	PUSH	DWORD [4+EAX]
   899 000009D0 FF 30                           	PUSH	DWORD [EAX]
   900 000009D2 E8 [00000000]                   	CALL	_boxfill8
   901 000009D7 8B 45 08                        	MOV	EAX,DWORD [8+EBP]
   902 000009DA 83 C4 38                        	ADD	ESP,56
   903 000009DD 8B 5D 10                        	MOV	EBX,DWORD [16+EBP]
   904 000009E0 83 EB 02                        	SUB	EBX,2
   905 000009E3 8B 7D 0C                        	MOV	EDI,DWORD [12+EBP]
   906 000009E6 53                              	PUSH	EBX
   907 000009E7 4F                              	DEC	EDI
   908 000009E8 FF 75 F0                        	PUSH	DWORD [-16+EBP]
   909 000009EB 53                              	PUSH	EBX
   910 000009EC 57                              	PUSH	EDI
   911 000009ED 6A 00                           	PUSH	0
   912 000009EF FF 70 04                        	PUSH	DWORD [4+EAX]
   913 000009F2 FF 30                           	PUSH	DWORD [EAX]
   914 000009F4 E8 [00000000]                   	CALL	_boxfill8
   915 000009F9 8B 45 08                        	MOV	EAX,DWORD [8+EBP]
   916 000009FC FF 75 EC                        	PUSH	DWORD [-20+EBP]
   917 000009FF FF 75 E4                        	PUSH	DWORD [-28+EBP]
   918 00000A02 53                              	PUSH	EBX
   919 00000A03 FF 75 E4                        	PUSH	DWORD [-28+EBP]
   920 00000A06 6A 00                           	PUSH	0
   921 00000A08 FF 70 04                        	PUSH	DWORD [4+EAX]
   922 00000A0B FF 30                           	PUSH	DWORD [EAX]
   923 00000A0D E8 [00000000]                   	CALL	_boxfill8
   924 00000A12 8B 45 08                        	MOV	EAX,DWORD [8+EBP]
   925 00000A15 83 C4 38                        	ADD	ESP,56
   926 00000A18 FF 75 E0                        	PUSH	DWORD [-32+EBP]
   927 00000A1B FF 75 F0                        	PUSH	DWORD [-16+EBP]
   928 00000A1E FF 75 E0                        	PUSH	DWORD [-32+EBP]
   929 00000A21 FF 75 E4                        	PUSH	DWORD [-28+EBP]
   930 00000A24 6A 08                           	PUSH	8
   931 00000A26 FF 70 04                        	PUSH	DWORD [4+EAX]
   932 00000A29 FF 30                           	PUSH	DWORD [EAX]
   933 00000A2B E8 [00000000]                   	CALL	_boxfill8
   934 00000A30 8B 45 08                        	MOV	EAX,DWORD [8+EBP]
   935 00000A33 FF 75 E0                        	PUSH	DWORD [-32+EBP]
   936 00000A36 FF 75 E8                        	PUSH	DWORD [-24+EBP]
   937 00000A39 53                              	PUSH	EBX
   938 00000A3A FF 75 E8                        	PUSH	DWORD [-24+EBP]
   939 00000A3D 6A 08                           	PUSH	8
   940 00000A3F FF 70 04                        	PUSH	DWORD [4+EAX]
   941 00000A42 FF 30                           	PUSH	DWORD [EAX]
   942 00000A44 E8 [00000000]                   	CALL	_boxfill8
   943 00000A49 8B 45 10                        	MOV	EAX,DWORD [16+EBP]
   944 00000A4C 83 C4 38                        	ADD	ESP,56
   945 00000A4F 48                              	DEC	EAX
   946 00000A50 FF 75 EC                        	PUSH	DWORD [-20+EBP]
   947 00000A53 FF 75 F0                        	PUSH	DWORD [-16+EBP]
   948 00000A56 50                              	PUSH	EAX
   949 00000A57 57                              	PUSH	EDI
   950 00000A58 0F B6 45 1C                     	MOVZX	EAX,BYTE [28+EBP]
   951 00000A5C 50                              	PUSH	EAX
   952 00000A5D 8B 45 08                        	MOV	EAX,DWORD [8+EBP]
   953 00000A60 FF 70 04                        	PUSH	DWORD [4+EAX]
   954 00000A63 FF 30                           	PUSH	DWORD [EAX]
   955 00000A65 E8 [00000000]                   	CALL	_boxfill8
   956 00000A6A 8D 65 F4                        	LEA	ESP,DWORD [-12+EBP]
   957 00000A6D 5B                              	POP	EBX
   958 00000A6E 5E                              	POP	ESI
   959 00000A6F 5F                              	POP	EDI
   960 00000A70 5D                              	POP	EBP
   961 00000A71 C3                              	RET
   962 00000A72                                 	GLOBAL	_task_b_main
   963 00000A72                                 _task_b_main:
   964 00000A72 55                              	PUSH	EBP
   965 00000A73 89 E5                           	MOV	EBP,ESP
   966 00000A75                                 L65:
   967 00000A75 E8 [00000000]                   	CALL	_io_hlt
   968 00000A7A EB F9                           	JMP	L65
   969 00000A7C                                 	GLOBAL	_fifo
   970                                          [SECTION .data]
   971 00000195 00 00 00 00 00 00 00 00 00 00   	ALIGNB	16
       0000019F 00 
   972 000001A0                                 _fifo:
   973 000001A0 00 00 00 00 00 00 00 00 00 00   	RESB	24
       000001AA 00 00 00 00 00 00 00 00 00 00 
       000001B4 00 00 00 00 
   974 000001B8                                 	GLOBAL	_tss_a
   975                                          [SECTION .data]
   976 000001B8 00 00 00 00 00 00 00 00         	ALIGNB	16
   977 000001C0                                 _tss_a:
   978 000001C0 00 00 00 00 00 00 00 00 00 00   	RESB	100
       000001CA 00 00 00 00 00 00 00 00 00 00 
       000001D4 00 00 00 00 00 00 00 00 00 00 
       000001DE 00 00 00 00 00 00 00 00 00 00 
       000001E8 00 00 00 00 00 00 00 00 00 00 
       000001F2 00 00 00 00 00 00 00 00 00 00 
       000001FC 00 00 00 00 00 00 00 00 00 00 
       00000206 00 00 00 00 00 00 00 00 00 00 
       00000210 00 00 00 00 00 00 00 00 00 00 
       0000021A 00 00 00 00 00 00 00 00 00 00 
   979 00000224                                 	GLOBAL	_tss_b
   980                                          [SECTION .data]
   981 00000224 00 00 00 00 00 00 00 00 00 00   	ALIGNB	16
       0000022E 00 00 
   982 00000230                                 _tss_b:
   983 00000230 00 00 00 00 00 00 00 00 00 00   	RESB	100
       0000023A 00 00 00 00 00 00 00 00 00 00 
       00000244 00 00 00 00 00 00 00 00 00 00 
       0000024E 00 00 00 00 00 00 00 00 00 00 
       00000258 00 00 00 00 00 00 00 00 00 00 
       00000262 00 00 00 00 00 00 00 00 00 00 
       0000026C 00 00 00 00 00 00 00 00 00 00 
       00000276 00 00 00 00 00 00 00 00 00 00 
       00000280 00 00 00 00 00 00 00 00 00 00 
       0000028A 00 00 00 00 00 00 00 00 00 00 
