     1 00000000                                 [FORMAT "WCOFF"]
     2 00000000                                 [INSTRSET "i486p"]
     3 00000000                                 [OPTIMIZE 1]
     4 00000000                                 [OPTION 1]
     5 00000000                                 [BITS 32]
     6 00000000                                 	EXTERN	_init_gdtidt
     7 00000000                                 	EXTERN	_tss_a
     8 00000000                                 	EXTERN	_tss_b
     9 00000000                                 	EXTERN	_init_pic
    10 00000000                                 	EXTERN	_io_sti
    11 00000000                                 	EXTERN	_fifo32_init
    12 00000000                                 	EXTERN	_init_pit
    13 00000000                                 	EXTERN	_init_keyboard
    14 00000000                                 	EXTERN	_enable_mouse
    15 00000000                                 	EXTERN	_io_out8
    16 00000000                                 	EXTERN	_timer_alloc
    17 00000000                                 	EXTERN	_timer_init
    18 00000000                                 	EXTERN	_timer_settime
    19 00000000                                 	EXTERN	_memtest
    20 00000000                                 	EXTERN	_memman_init
    21 00000000                                 	EXTERN	_memman_free
    22 00000000                                 	EXTERN	_init_palette
    23 00000000                                 	EXTERN	_shtctl_init
    24 00000000                                 	EXTERN	_sheet_alloc
    25 00000000                                 	EXTERN	_memman_alloc_4k
    26 00000000                                 	EXTERN	_sheet_setbuf
    27 00000000                                 	EXTERN	_init_screen
    28 00000000                                 	EXTERN	_init_mouse_cursor8
    29 00000000                                 	EXTERN	_putfonts8_asc
    30 00000000                                 	EXTERN	_sheet_slide
    31 00000000                                 	EXTERN	_sheet_updown
    32 00000000                                 	EXTERN	_sprintf
    33 00000000                                 	EXTERN	_memman_total
    34 00000000                                 	EXTERN	_putfonts_asc_sht
    35 00000000                                 	EXTERN	_load_tr
    36 00000000                                 	EXTERN	_io_cli
    37 00000000                                 	EXTERN	_fifo32_status
    38 00000000                                 	EXTERN	_fifo32_get
    39 00000000                                 	EXTERN	_boxfill8
    40 00000000                                 	EXTERN	_sheet_refresh
    41 00000000                                 	EXTERN	_taskswitch4
    42 00000000                                 	EXTERN	_mouse_decode
    43 00000000                                 	EXTERN	_keytable.0
    44 00000000                                 	EXTERN	_io_stihlt
    45 00000000                                 	EXTERN	_io_hlt
    46 00000000                                 [FILE "bootpack.c"]
    47                                          [SECTION .data]
    48 00000000                                 _keytable.0:
    49 00000000 00                              	DB	0
    50 00000001 00                              	DB	0
    51 00000002 31                              	DB	49
    52 00000003 32                              	DB	50
    53 00000004 33                              	DB	51
    54 00000005 34                              	DB	52
    55 00000006 35                              	DB	53
    56 00000007 36                              	DB	54
    57 00000008 37                              	DB	55
    58 00000009 38                              	DB	56
    59 0000000A 39                              	DB	57
    60 0000000B 30                              	DB	48
    61 0000000C 2D                              	DB	45
    62 0000000D 5E                              	DB	94
    63 0000000E 00                              	DB	0
    64 0000000F 00                              	DB	0
    65 00000010 51                              	DB	81
    66 00000011 57                              	DB	87
    67 00000012 45                              	DB	69
    68 00000013 52                              	DB	82
    69 00000014 54                              	DB	84
    70 00000015 59                              	DB	89
    71 00000016 55                              	DB	85
    72 00000017 49                              	DB	73
    73 00000018 4F                              	DB	79
    74 00000019 50                              	DB	80
    75 0000001A 40                              	DB	64
    76 0000001B 5B                              	DB	91
    77 0000001C 00                              	DB	0
    78 0000001D 00                              	DB	0
    79 0000001E 41                              	DB	65
    80 0000001F 53                              	DB	83
    81 00000020 44                              	DB	68
    82 00000021 46                              	DB	70
    83 00000022 47                              	DB	71
    84 00000023 48                              	DB	72
    85 00000024 4A                              	DB	74
    86 00000025 4B                              	DB	75
    87 00000026 4C                              	DB	76
    88 00000027 3B                              	DB	59
    89 00000028 3A                              	DB	58
    90 00000029 00                              	DB	0
    91 0000002A 00                              	DB	0
    92 0000002B 5D                              	DB	93
    93 0000002C 5A                              	DB	90
    94 0000002D 58                              	DB	88
    95 0000002E 43                              	DB	67
    96 0000002F 56                              	DB	86
    97 00000030 42                              	DB	66
    98 00000031 4E                              	DB	78
    99 00000032 4D                              	DB	77
   100 00000033 2C                              	DB	44
   101 00000034 2E                              	DB	46
   102 00000035 2F                              	DB	47
   103 00000036 00                              	DB	0
   104 00000037 2A                              	DB	42
   105 00000038 00                              	DB	0
   106 00000039 20                              	DB	32
   107 0000003A 00                              	DB	0
   108 0000003B 00                              	DB	0
   109 0000003C 00                              	DB	0
   110 0000003D 00                              	DB	0
   111 0000003E 00                              	DB	0
   112 0000003F 00                              	DB	0
   113 00000040 00                              	DB	0
   114 00000041 00                              	DB	0
   115 00000042 00                              	DB	0
   116 00000043 00                              	DB	0
   117 00000044 00                              	DB	0
   118 00000045 00                              	DB	0
   119 00000046 00                              	DB	0
   120 00000047 37                              	DB	55
   121 00000048 38                              	DB	56
   122 00000049 39                              	DB	57
   123 0000004A 2D                              	DB	45
   124 0000004B 34                              	DB	52
   125 0000004C 35                              	DB	53
   126 0000004D 36                              	DB	54
   127 0000004E 2B                              	DB	43
   128 0000004F 31                              	DB	49
   129 00000050 32                              	DB	50
   130 00000051 33                              	DB	51
   131 00000052 30                              	DB	48
   132 00000053 2E                              	DB	46
   133 00000054                                 LC0:
   134 00000054 77 69 6E 64 6F 77 00            	DB	"window",0x00
   135 0000005B                                 LC1:
   136 0000005B 54 68 69 73 20 4F 53 21 00      	DB	"This OS!",0x00
   137 00000064                                 LC2:
   138 00000064 28 25 33 64 2C 20 25 33 64 29   	DB	"(%3d, %3d)",0x00
       0000006E 00 
   139 0000006F                                 LC3:
   140 0000006F 6D 65 6D 6F 72 79 20 25 64 4D   	DB	"memory %dMB free : %dKB",0x00
       00000079 42 20 66 72 65 65 20 3A 20 25 
       00000083 64 4B 42 00 
   141 00000087                                 LC9:
   142 00000087 33 5B 73 65 63 5D 00            	DB	"3[sec]",0x00
   143 0000008E                                 LC8:
   144 0000008E 31 30 5B 73 65 63 5D 00         	DB	"10[sec]",0x00
   145 00000096                                 LC6:
   146 00000096 5B 6C 63 72 20 25 34 64 20 25   	DB	"[lcr %4d %4d]",0x00
       000000A0 34 64 5D 00 
   147 000000A4                                 LC7:
   148 000000A4 28 25 33 64 2C 25 33 64 29 00   	DB	"(%3d,%3d)",0x00
   149 000000AE                                 LC4:
   150 000000AE 25 30 32 78 00                  	DB	"%02x",0x00
   151 000000B3                                 LC5:
   152 000000B3 20 00                           	DB	" ",0x00
   153                                          [SECTION .text]
   154 00000000                                 	GLOBAL	_HariMain
   155 00000000                                 _HariMain:
   156 00000000 55                              	PUSH	EBP
   157 00000001 89 E5                           	MOV	EBP,ESP
   158 00000003 57                              	PUSH	EDI
   159 00000004 56                              	PUSH	ESI
   160 00000005 53                              	PUSH	EBX
   161 00000006 81 EC 00000378                  	SUB	ESP,888
   162 0000000C 0F BF 15 00000FF6               	MOVSX	EDX,WORD [4086]
   163 00000013 0F BF 05 00000FF4               	MOVSX	EAX,WORD [4084]
   164 0000001A 89 95 FFFFFCAC                  	MOV	DWORD [-852+EBP],EDX
   165 00000020 89 85 FFFFFCB0                  	MOV	DWORD [-848+EBP],EAX
   166 00000026 8B 35 00000FF8                  	MOV	ESI,DWORD [4088]
   167 0000002C E8 [00000000]                   	CALL	_init_gdtidt
   168 00000031 C7 05 [0000005C] 00000000       	MOV	DWORD [_tss_a+92],0
   169 0000003B C7 05 [00000060] 40000000       	MOV	DWORD [_tss_a+96],1073741824
   170 00000045 C7 05 [0000005C] 00000000       	MOV	DWORD [_tss_b+92],0
   171 0000004F C7 05 [00000060] 40000000       	MOV	DWORD [_tss_b+96],1073741824
   172 00000059 E8 [00000000]                   	CALL	_init_pic
   173 0000005E E8 [00000000]                   	CALL	_io_sti
   174 00000063 8D 85 FFFFFDC4                  	LEA	EAX,DWORD [-572+EBP]
   175 00000069 50                              	PUSH	EAX
   176 0000006A 68 00000080                     	PUSH	128
   177 0000006F 68 [000001A0]                   	PUSH	_fifo
   178 00000074 E8 [00000000]                   	CALL	_fifo32_init
   179 00000079 E8 [00000000]                   	CALL	_init_pit
   180 0000007E 68 00000100                     	PUSH	256
   181 00000083 68 [000001A0]                   	PUSH	_fifo
   182 00000088 E8 [00000000]                   	CALL	_init_keyboard
   183 0000008D 8D 85 FFFFFDB4                  	LEA	EAX,DWORD [-588+EBP]
   184 00000093 50                              	PUSH	EAX
   185 00000094 68 00000200                     	PUSH	512
   186 00000099 68 [000001A0]                   	PUSH	_fifo
   187 0000009E E8 [00000000]                   	CALL	_enable_mouse
   188 000000A3 83 C4 20                        	ADD	ESP,32
   189 000000A6 68 000000F8                     	PUSH	248
   190 000000AB 6A 21                           	PUSH	33
   191 000000AD E8 [00000000]                   	CALL	_io_out8
   192 000000B2 68 000000EF                     	PUSH	239
   193 000000B7 68 000000A1                     	PUSH	161
   194 000000BC E8 [00000000]                   	CALL	_io_out8
   195 000000C1 E8 [00000000]                   	CALL	_timer_alloc
   196 000000C6 6A 0A                           	PUSH	10
   197 000000C8 68 [000001A0]                   	PUSH	_fifo
   198 000000CD 50                              	PUSH	EAX
   199 000000CE 89 85 FFFFFCA4                  	MOV	DWORD [-860+EBP],EAX
   200 000000D4 E8 [00000000]                   	CALL	_timer_init
   201 000000D9 68 000003E8                     	PUSH	1000
   202 000000DE FF B5 FFFFFCA4                  	PUSH	DWORD [-860+EBP]
   203 000000E4 E8 [00000000]                   	CALL	_timer_settime
   204 000000E9 83 C4 24                        	ADD	ESP,36
   205 000000EC E8 [00000000]                   	CALL	_timer_alloc
   206 000000F1 6A 03                           	PUSH	3
   207 000000F3 89 C3                           	MOV	EBX,EAX
   208 000000F5 68 [000001A0]                   	PUSH	_fifo
   209 000000FA 50                              	PUSH	EAX
   210 000000FB E8 [00000000]                   	CALL	_timer_init
   211 00000100 68 0000012C                     	PUSH	300
   212 00000105 53                              	PUSH	EBX
   213 00000106 E8 [00000000]                   	CALL	_timer_settime
   214 0000010B E8 [00000000]                   	CALL	_timer_alloc
   215 00000110 6A 01                           	PUSH	1
   216 00000112 68 [000001A0]                   	PUSH	_fifo
   217 00000117 50                              	PUSH	EAX
   218 00000118 89 85 FFFFFCA0                  	MOV	DWORD [-864+EBP],EAX
   219 0000011E E8 [00000000]                   	CALL	_timer_init
   220 00000123 83 C4 20                        	ADD	ESP,32
   221 00000126 6A 32                           	PUSH	50
   222 00000128 FF B5 FFFFFCA0                  	PUSH	DWORD [-864+EBP]
   223 0000012E E8 [00000000]                   	CALL	_timer_settime
   224 00000133 68 BFFFFFFF                     	PUSH	-1073741825
   225 00000138 68 00400000                     	PUSH	4194304
   226 0000013D E8 [00000000]                   	CALL	_memtest
   227 00000142 68 003C0000                     	PUSH	3932160
   228 00000147 89 85 FFFFFC90                  	MOV	DWORD [-880+EBP],EAX
   229 0000014D E8 [00000000]                   	CALL	_memman_init
   230 00000152 68 0009E000                     	PUSH	647168
   231 00000157 68 00001000                     	PUSH	4096
   232 0000015C 68 003C0000                     	PUSH	3932160
   233 00000161 E8 [00000000]                   	CALL	_memman_free
   234 00000166 8B 85 FFFFFC90                  	MOV	EAX,DWORD [-880+EBP]
   235 0000016C 83 C4 20                        	ADD	ESP,32
   236 0000016F 2D 00400000                     	SUB	EAX,4194304
   237 00000174 50                              	PUSH	EAX
   238 00000175 68 00400000                     	PUSH	4194304
   239 0000017A 68 003C0000                     	PUSH	3932160
   240 0000017F E8 [00000000]                   	CALL	_memman_free
   241 00000184 E8 [00000000]                   	CALL	_init_palette
   242 00000189 0F BF 05 00000FF6               	MOVSX	EAX,WORD [4086]
   243 00000190 50                              	PUSH	EAX
   244 00000191 0F BF 05 00000FF4               	MOVSX	EAX,WORD [4084]
   245 00000198 50                              	PUSH	EAX
   246 00000199 56                              	PUSH	ESI
   247 0000019A 8D B5 FFFFFCB4                  	LEA	ESI,DWORD [-844+EBP]
   248 000001A0 68 003C0000                     	PUSH	3932160
   249 000001A5 E8 [00000000]                   	CALL	_shtctl_init
   250 000001AA 89 C3                           	MOV	EBX,EAX
   251 000001AC 50                              	PUSH	EAX
   252 000001AD E8 [00000000]                   	CALL	_sheet_alloc
   253 000001B2 83 C4 20                        	ADD	ESP,32
   254 000001B5 53                              	PUSH	EBX
   255 000001B6 89 85 FFFFFC8C                  	MOV	DWORD [-884+EBP],EAX
   256 000001BC E8 [00000000]                   	CALL	_sheet_alloc
   257 000001C1 53                              	PUSH	EBX
   258 000001C2 89 85 FFFFFC88                  	MOV	DWORD [-888+EBP],EAX
   259 000001C8 E8 [00000000]                   	CALL	_sheet_alloc
   260 000001CD 0F BF 1D 00000FF6               	MOVSX	EBX,WORD [4086]
   261 000001D4 89 85 FFFFFC84                  	MOV	DWORD [-892+EBP],EAX
   262 000001DA 0F BF 05 00000FF4               	MOVSX	EAX,WORD [4084]
   263 000001E1 0F AF C3                        	IMUL	EAX,EBX
   264 000001E4 50                              	PUSH	EAX
   265 000001E5 68 003C0000                     	PUSH	3932160
   266 000001EA E8 [00000000]                   	CALL	_memman_alloc_4k
   267 000001EF 68 00002A80                     	PUSH	10880
   268 000001F4 68 003C0000                     	PUSH	3932160
   269 000001F9 89 C7                           	MOV	EDI,EAX
   270 000001FB E8 [00000000]                   	CALL	_memman_alloc_4k
   271 00000200 68 00010000                     	PUSH	65536
   272 00000205 68 003C0000                     	PUSH	3932160
   273 0000020A 89 C3                           	MOV	EBX,EAX
   274 0000020C E8 [00000000]                   	CALL	_memman_alloc_4k
   275 00000211 83 C4 20                        	ADD	ESP,32
   276 00000214 05 00010000                     	ADD	EAX,65536
   277 00000219 6A FF                           	PUSH	-1
   278 0000021B 89 85 FFFFFCA8                  	MOV	DWORD [-856+EBP],EAX
   279 00000221 0F BF 05 00000FF6               	MOVSX	EAX,WORD [4086]
   280 00000228 50                              	PUSH	EAX
   281 00000229 0F BF 05 00000FF4               	MOVSX	EAX,WORD [4084]
   282 00000230 50                              	PUSH	EAX
   283 00000231 57                              	PUSH	EDI
   284 00000232 FF B5 FFFFFC8C                  	PUSH	DWORD [-884+EBP]
   285 00000238 E8 [00000000]                   	CALL	_sheet_setbuf
   286 0000023D 6A 63                           	PUSH	99
   287 0000023F 6A 10                           	PUSH	16
   288 00000241 6A 10                           	PUSH	16
   289 00000243 56                              	PUSH	ESI
   290 00000244 FF B5 FFFFFC88                  	PUSH	DWORD [-888+EBP]
   291 0000024A E8 [00000000]                   	CALL	_sheet_setbuf
   292 0000024F 83 C4 28                        	ADD	ESP,40
   293 00000252 6A FF                           	PUSH	-1
   294 00000254 6A 44                           	PUSH	68
   295 00000256 68 000000A0                     	PUSH	160
   296 0000025B 53                              	PUSH	EBX
   297 0000025C FF B5 FFFFFC84                  	PUSH	DWORD [-892+EBP]
   298 00000262 E8 [00000000]                   	CALL	_sheet_setbuf
   299 00000267 0F BF 05 00000FF6               	MOVSX	EAX,WORD [4086]
   300 0000026E 50                              	PUSH	EAX
   301 0000026F 0F BF 05 00000FF4               	MOVSX	EAX,WORD [4084]
   302 00000276 50                              	PUSH	EAX
   303 00000277 57                              	PUSH	EDI
   304 00000278 E8 [00000000]                   	CALL	_init_screen
   305 0000027D 83 C4 20                        	ADD	ESP,32
   306 00000280 6A 63                           	PUSH	99
   307 00000282 56                              	PUSH	ESI
   308 00000283 E8 [00000000]                   	CALL	_init_mouse_cursor8
   309 00000288 68 [00000054]                   	PUSH	LC0
   310 0000028D 6A 44                           	PUSH	68
   311 0000028F 68 000000A0                     	PUSH	160
   312 00000294 53                              	PUSH	EBX
   313 00000295 E8 00000530                     	CALL	_make_window
   314 0000029A 68 [0000005B]                   	PUSH	LC1
   315 0000029F 6A 2C                           	PUSH	44
   316 000002A1 6A 18                           	PUSH	24
   317 000002A3 6A 00                           	PUSH	0
   318 000002A5 68 000000A0                     	PUSH	160
   319 000002AA 53                              	PUSH	EBX
   320 000002AB BB 00000002                     	MOV	EBX,2
   321 000002B0 E8 [00000000]                   	CALL	_putfonts8_asc
   322 000002B5 83 C4 30                        	ADD	ESP,48
   323 000002B8 6A 00                           	PUSH	0
   324 000002BA 6A 00                           	PUSH	0
   325 000002BC FF B5 FFFFFC8C                  	PUSH	DWORD [-884+EBP]
   326 000002C2 E8 [00000000]                   	CALL	_sheet_slide
   327 000002C7 0F BF 05 00000FF4               	MOVSX	EAX,WORD [4084]
   328 000002CE 8D 48 F0                        	LEA	ECX,DWORD [-16+EAX]
   329 000002D1 89 C8                           	MOV	EAX,ECX
   330 000002D3 99                              	CDQ
   331 000002D4 F7 FB                           	IDIV	EBX
   332 000002D6 89 85 FFFFFC9C                  	MOV	DWORD [-868+EBP],EAX
   333 000002DC 0F BF 05 00000FF6               	MOVSX	EAX,WORD [4086]
   334 000002E3 8D 48 D4                        	LEA	ECX,DWORD [-44+EAX]
   335 000002E6 89 C8                           	MOV	EAX,ECX
   336 000002E8 99                              	CDQ
   337 000002E9 F7 FB                           	IDIV	EBX
   338 000002EB 50                              	PUSH	EAX
   339 000002EC 89 85 FFFFFC98                  	MOV	DWORD [-872+EBP],EAX
   340 000002F2 FF B5 FFFFFC9C                  	PUSH	DWORD [-868+EBP]
   341 000002F8 FF B5 FFFFFC88                  	PUSH	DWORD [-888+EBP]
   342 000002FE 8D 5D C4                        	LEA	EBX,DWORD [-60+EBP]
   343 00000301 E8 [00000000]                   	CALL	_sheet_slide
   344 00000306 6A 48                           	PUSH	72
   345 00000308 6A 50                           	PUSH	80
   346 0000030A FF B5 FFFFFC84                  	PUSH	DWORD [-892+EBP]
   347 00000310 E8 [00000000]                   	CALL	_sheet_slide
   348 00000315 83 C4 24                        	ADD	ESP,36
   349 00000318 6A 00                           	PUSH	0
   350 0000031A FF B5 FFFFFC8C                  	PUSH	DWORD [-884+EBP]
   351 00000320 E8 [00000000]                   	CALL	_sheet_updown
   352 00000325 6A 01                           	PUSH	1
   353 00000327 FF B5 FFFFFC84                  	PUSH	DWORD [-892+EBP]
   354 0000032D E8 [00000000]                   	CALL	_sheet_updown
   355 00000332 6A 02                           	PUSH	2
   356 00000334 FF B5 FFFFFC88                  	PUSH	DWORD [-888+EBP]
   357 0000033A E8 [00000000]                   	CALL	_sheet_updown
   358 0000033F FF B5 FFFFFC98                  	PUSH	DWORD [-872+EBP]
   359 00000345 FF B5 FFFFFC9C                  	PUSH	DWORD [-868+EBP]
   360 0000034B 68 [00000064]                   	PUSH	LC2
   361 00000350 53                              	PUSH	EBX
   362 00000351 E8 [00000000]                   	CALL	_sprintf
   363 00000356 83 C4 28                        	ADD	ESP,40
   364 00000359 53                              	PUSH	EBX
   365 0000035A 6A 00                           	PUSH	0
   366 0000035C 6A 00                           	PUSH	0
   367 0000035E 6A 00                           	PUSH	0
   368 00000360 0F BF 05 00000FF4               	MOVSX	EAX,WORD [4084]
   369 00000367 50                              	PUSH	EAX
   370 00000368 57                              	PUSH	EDI
   371 00000369 BF 00000008                     	MOV	EDI,8
   372 0000036E E8 [00000000]                   	CALL	_putfonts8_asc
   373 00000373 68 003C0000                     	PUSH	3932160
   374 00000378 E8 [00000000]                   	CALL	_memman_total
   375 0000037D C1 E8 0A                        	SHR	EAX,10
   376 00000380 C1 AD FFFFFC90 14               	SHR	DWORD [-880+EBP],20
   377 00000387 89 04 24                        	MOV	DWORD [ESP],EAX
   378 0000038A FF B5 FFFFFC90                  	PUSH	DWORD [-880+EBP]
   379 00000390 68 [0000006F]                   	PUSH	LC3
   380 00000395 53                              	PUSH	EBX
   381 00000396 E8 [00000000]                   	CALL	_sprintf
   382 0000039B 83 C4 28                        	ADD	ESP,40
   383 0000039E 6A 28                           	PUSH	40
   384 000003A0 53                              	PUSH	EBX
   385 000003A1 6A 0E                           	PUSH	14
   386 000003A3 6A 07                           	PUSH	7
   387 000003A5 6A 20                           	PUSH	32
   388 000003A7 6A 00                           	PUSH	0
   389 000003A9 FF B5 FFFFFC8C                  	PUSH	DWORD [-884+EBP]
   390 000003AF E8 [00000000]                   	CALL	_putfonts_asc_sht
   391 000003B4 6A 07                           	PUSH	7
   392 000003B6 6A 10                           	PUSH	16
   393 000003B8 68 00000090                     	PUSH	144
   394 000003BD 6A 1C                           	PUSH	28
   395 000003BF 6A 08                           	PUSH	8
   396 000003C1 FF B5 FFFFFC84                  	PUSH	DWORD [-892+EBP]
   397 000003C7 C7 85 FFFFFC94 00000007         	MOV	DWORD [-876+EBP],7
   398 000003D1 E8 00000560                     	CALL	_make_textbox8
   399 000003D6 83 C4 34                        	ADD	ESP,52
   400 000003D9 6A 18                           	PUSH	24
   401 000003DB E8 [00000000]                   	CALL	_load_tr
   402 000003E0 59                              	POP	ECX
   403 000003E1 8B 9D FFFFFCA8                  	MOV	EBX,DWORD [-856+EBP]
   404 000003E7 C7 05 [0000001C] [00000A6C]     	MOV	DWORD [_tss_b+28],_task_b_main
   405 000003F1 C7 05 [00000040] 00000202       	MOV	DWORD [_tss_b+64],514
   406 000003FB C7 05 [00000020] 00000000       	MOV	DWORD [_tss_b+32],0
   407 00000405 C7 05 [00000024] 00000000       	MOV	DWORD [_tss_b+36],0
   408 0000040F C7 05 [00000028] 00000000       	MOV	DWORD [_tss_b+40],0
   409 00000419 C7 05 [0000002C] 00000000       	MOV	DWORD [_tss_b+44],0
   410 00000423 89 1D [00000030]                	MOV	DWORD [_tss_b+48],EBX
   411 00000429 C7 05 [00000034] 00000000       	MOV	DWORD [_tss_b+52],0
   412 00000433 C7 05 [00000038] 00000000       	MOV	DWORD [_tss_b+56],0
   413 0000043D C7 05 [0000003C] 00000000       	MOV	DWORD [_tss_b+60],0
   414 00000447 C7 05 [00000044] 00000008       	MOV	DWORD [_tss_b+68],8
   415 00000451 C7 05 [00000048] 00000010       	MOV	DWORD [_tss_b+72],16
   416 0000045B C7 05 [0000004C] 00000008       	MOV	DWORD [_tss_b+76],8
   417 00000465 C7 05 [00000050] 00000008       	MOV	DWORD [_tss_b+80],8
   418 0000046F C7 05 [00000054] 00000008       	MOV	DWORD [_tss_b+84],8
   419 00000479 C7 05 [00000058] 00000008       	MOV	DWORD [_tss_b+88],8
   420 00000483                                 L2:
   421 00000483 E8 [00000000]                   	CALL	_io_cli
   422 00000488 68 [000001A0]                   	PUSH	_fifo
   423 0000048D E8 [00000000]                   	CALL	_fifo32_status
   424 00000492 5A                              	POP	EDX
   425 00000493 85 C0                           	TEST	EAX,EAX
   426 00000495 0F 84 00000325                  	JE	L33
   427 0000049B 68 [000001A0]                   	PUSH	_fifo
   428 000004A0 E8 [00000000]                   	CALL	_fifo32_get
   429 000004A5 89 C3                           	MOV	EBX,EAX
   430 000004A7 E8 [00000000]                   	CALL	_io_sti
   431 000004AC 5E                              	POP	ESI
   432 000004AD 8D 83 FFFFFF00                  	LEA	EAX,DWORD [-256+EBX]
   433 000004B3 3D 000000FF                     	CMP	EAX,255
   434 000004B8 0F 86 0000024D                  	JBE	L34
   435 000004BE 8D 83 FFFFFE00                  	LEA	EAX,DWORD [-512+EBX]
   436 000004C4 3D 000000FF                     	CMP	EAX,255
   437 000004C9 0F 86 000000D6                  	JBE	L35
   438 000004CF 83 FB 0A                        	CMP	EBX,10
   439 000004D2 0F 84 000000AC                  	JE	L36
   440 000004D8 83 FB 03                        	CMP	EBX,3
   441 000004DB 0F 84 00000081                  	JE	L37
   442 000004E1 83 FB 01                        	CMP	EBX,1
   443 000004E4 7F 9D                           	JG	L2
   444 000004E6 85 DB                           	TEST	EBX,EBX
   445 000004E8 74 5A                           	JE	L28
   446 000004EA 6A 00                           	PUSH	0
   447 000004EC 68 [000001A0]                   	PUSH	_fifo
   448 000004F1 FF B5 FFFFFCA0                  	PUSH	DWORD [-864+EBP]
   449 000004F7 E8 [00000000]                   	CALL	_timer_init
   450 000004FC C7 85 FFFFFC94 00000000         	MOV	DWORD [-876+EBP],0
   451 00000506                                 L32:
   452 00000506 83 C4 0C                        	ADD	ESP,12
   453 00000509 8D 47 07                        	LEA	EAX,DWORD [7+EDI]
   454 0000050C 8B 95 FFFFFC84                  	MOV	EDX,DWORD [-892+EBP]
   455 00000512 6A 2B                           	PUSH	43
   456 00000514 50                              	PUSH	EAX
   457 00000515 6A 1C                           	PUSH	28
   458 00000517 57                              	PUSH	EDI
   459 00000518 FF B5 FFFFFC94                  	PUSH	DWORD [-876+EBP]
   460 0000051E FF 72 04                        	PUSH	DWORD [4+EDX]
   461 00000521 FF 32                           	PUSH	DWORD [EDX]
   462 00000523                                 L31:
   463 00000523 E8 [00000000]                   	CALL	_boxfill8
   464 00000528 8D 47 08                        	LEA	EAX,DWORD [8+EDI]
   465 0000052B 6A 2C                           	PUSH	44
   466 0000052D 50                              	PUSH	EAX
   467 0000052E 6A 1C                           	PUSH	28
   468 00000530 57                              	PUSH	EDI
   469 00000531 FF B5 FFFFFC84                  	PUSH	DWORD [-892+EBP]
   470 00000537 E8 [00000000]                   	CALL	_sheet_refresh
   471 0000053C 83 C4 30                        	ADD	ESP,48
   472 0000053F E9 FFFFFF3F                     	JMP	L2
   473 00000544                                 L28:
   474 00000544 6A 01                           	PUSH	1
   475 00000546 68 [000001A0]                   	PUSH	_fifo
   476 0000054B FF B5 FFFFFCA4                  	PUSH	DWORD [-860+EBP]
   477 00000551 E8 [00000000]                   	CALL	_timer_init
   478 00000556 C7 85 FFFFFC94 00000007         	MOV	DWORD [-876+EBP],7
   479 00000560 EB A4                           	JMP	L32
   480 00000562                                 L37:
   481 00000562 6A 06                           	PUSH	6
   482 00000564 68 [00000087]                   	PUSH	LC9
   483 00000569 6A 0E                           	PUSH	14
   484 0000056B 6A 07                           	PUSH	7
   485 0000056D 6A 50                           	PUSH	80
   486 0000056F 6A 00                           	PUSH	0
   487 00000571 FF B5 FFFFFC8C                  	PUSH	DWORD [-884+EBP]
   488 00000577 E8 [00000000]                   	CALL	_putfonts_asc_sht
   489 0000057C                                 L30:
   490 0000057C 83 C4 1C                        	ADD	ESP,28
   491 0000057F E9 FFFFFEFF                     	JMP	L2
   492 00000584                                 L36:
   493 00000584 6A 07                           	PUSH	7
   494 00000586 68 [0000008E]                   	PUSH	LC8
   495 0000058B 6A 0E                           	PUSH	14
   496 0000058D 6A 07                           	PUSH	7
   497 0000058F 6A 40                           	PUSH	64
   498 00000591 6A 00                           	PUSH	0
   499 00000593 FF B5 FFFFFC8C                  	PUSH	DWORD [-884+EBP]
   500 00000599 E8 [00000000]                   	CALL	_putfonts_asc_sht
   501 0000059E E8 [00000000]                   	CALL	_taskswitch4
   502 000005A3 EB D7                           	JMP	L30
   503 000005A5                                 L35:
   504 000005A5 50                              	PUSH	EAX
   505 000005A6 8D 85 FFFFFDB4                  	LEA	EAX,DWORD [-588+EBP]
   506 000005AC 50                              	PUSH	EAX
   507 000005AD E8 [00000000]                   	CALL	_mouse_decode
   508 000005B2 5A                              	POP	EDX
   509 000005B3 59                              	POP	ECX
   510 000005B4 85 C0                           	TEST	EAX,EAX
   511 000005B6 0F 84 FFFFFEC7                  	JE	L2
   512 000005BC FF B5 FFFFFDBC                  	PUSH	DWORD [-580+EBP]
   513 000005C2 FF B5 FFFFFDB8                  	PUSH	DWORD [-584+EBP]
   514 000005C8 68 [00000096]                   	PUSH	LC6
   515 000005CD 8D 5D C4                        	LEA	EBX,DWORD [-60+EBP]
   516 000005D0 53                              	PUSH	EBX
   517 000005D1 E8 [00000000]                   	CALL	_sprintf
   518 000005D6 83 C4 10                        	ADD	ESP,16
   519 000005D9 8B 85 FFFFFDC0                  	MOV	EAX,DWORD [-576+EBP]
   520 000005DF A9 00000001                     	TEST	EAX,1
   521 000005E4 74 04                           	JE	L14
   522 000005E6 C6 45 C5 4C                     	MOV	BYTE [-59+EBP],76
   523 000005EA                                 L14:
   524 000005EA A9 00000002                     	TEST	EAX,2
   525 000005EF 74 04                           	JE	L15
   526 000005F1 C6 45 C7 52                     	MOV	BYTE [-57+EBP],82
   527 000005F5                                 L15:
   528 000005F5 83 E0 04                        	AND	EAX,4
   529 000005F8 74 04                           	JE	L16
   530 000005FA C6 45 C6 43                     	MOV	BYTE [-58+EBP],67
   531 000005FE                                 L16:
   532 000005FE 6A 0F                           	PUSH	15
   533 00000600 53                              	PUSH	EBX
   534 00000601 6A 0E                           	PUSH	14
   535 00000603 6A 07                           	PUSH	7
   536 00000605 6A 10                           	PUSH	16
   537 00000607 6A 20                           	PUSH	32
   538 00000609 FF B5 FFFFFC8C                  	PUSH	DWORD [-884+EBP]
   539 0000060F E8 [00000000]                   	CALL	_putfonts_asc_sht
   540 00000614 8B 85 FFFFFDB8                  	MOV	EAX,DWORD [-584+EBP]
   541 0000061A 8B 95 FFFFFDBC                  	MOV	EDX,DWORD [-580+EBP]
   542 00000620 83 C4 1C                        	ADD	ESP,28
   543 00000623 01 95 FFFFFC98                  	ADD	DWORD [-872+EBP],EDX
   544 00000629 01 85 FFFFFC9C                  	ADD	DWORD [-868+EBP],EAX
   545 0000062F 0F 88 000000C7                  	JS	L38
   546 00000635                                 L17:
   547 00000635 83 BD FFFFFC98 00               	CMP	DWORD [-872+EBP],0
   548 0000063C 0F 88 000000AB                  	JS	L39
   549 00000642                                 L18:
   550 00000642 8B 85 FFFFFCB0                  	MOV	EAX,DWORD [-848+EBP]
   551 00000648 48                              	DEC	EAX
   552 00000649 39 85 FFFFFC9C                  	CMP	DWORD [-868+EBP],EAX
   553 0000064F 7E 06                           	JLE	L19
   554 00000651 89 85 FFFFFC9C                  	MOV	DWORD [-868+EBP],EAX
   555 00000657                                 L19:
   556 00000657 8B 85 FFFFFCAC                  	MOV	EAX,DWORD [-852+EBP]
   557 0000065D 48                              	DEC	EAX
   558 0000065E 39 85 FFFFFC98                  	CMP	DWORD [-872+EBP],EAX
   559 00000664 7E 06                           	JLE	L20
   560 00000666 89 85 FFFFFC98                  	MOV	DWORD [-872+EBP],EAX
   561 0000066C                                 L20:
   562 0000066C FF B5 FFFFFC98                  	PUSH	DWORD [-872+EBP]
   563 00000672 FF B5 FFFFFC9C                  	PUSH	DWORD [-868+EBP]
   564 00000678 68 [000000A4]                   	PUSH	LC7
   565 0000067D 53                              	PUSH	EBX
   566 0000067E E8 [00000000]                   	CALL	_sprintf
   567 00000683 6A 0A                           	PUSH	10
   568 00000685 53                              	PUSH	EBX
   569 00000686 6A 0E                           	PUSH	14
   570 00000688 6A 07                           	PUSH	7
   571 0000068A 6A 00                           	PUSH	0
   572 0000068C 6A 00                           	PUSH	0
   573 0000068E FF B5 FFFFFC8C                  	PUSH	DWORD [-884+EBP]
   574 00000694 E8 [00000000]                   	CALL	_putfonts_asc_sht
   575 00000699 83 C4 2C                        	ADD	ESP,44
   576 0000069C FF B5 FFFFFC98                  	PUSH	DWORD [-872+EBP]
   577 000006A2 FF B5 FFFFFC9C                  	PUSH	DWORD [-868+EBP]
   578 000006A8 FF B5 FFFFFC88                  	PUSH	DWORD [-888+EBP]
   579 000006AE E8 [00000000]                   	CALL	_sheet_slide
   580 000006B3 83 C4 0C                        	ADD	ESP,12
   581 000006B6 F7 85 FFFFFDC0 00000001         	TEST	DWORD [-576+EBP],1
   582 000006C0 0F 84 FFFFFDBD                  	JE	L2
   583 000006C6 8B 85 FFFFFC98                  	MOV	EAX,DWORD [-872+EBP]
   584 000006CC 83 E8 08                        	SUB	EAX,8
   585 000006CF 50                              	PUSH	EAX
   586 000006D0 8B 85 FFFFFC9C                  	MOV	EAX,DWORD [-868+EBP]
   587 000006D6 83 E8 50                        	SUB	EAX,80
   588 000006D9 50                              	PUSH	EAX
   589 000006DA FF B5 FFFFFC84                  	PUSH	DWORD [-892+EBP]
   590 000006E0 E8 [00000000]                   	CALL	_sheet_slide
   591 000006E5 83 C4 0C                        	ADD	ESP,12
   592 000006E8 E9 FFFFFD96                     	JMP	L2
   593 000006ED                                 L39:
   594 000006ED C7 85 FFFFFC98 00000000         	MOV	DWORD [-872+EBP],0
   595 000006F7 E9 FFFFFF46                     	JMP	L18
   596 000006FC                                 L38:
   597 000006FC C7 85 FFFFFC9C 00000000         	MOV	DWORD [-868+EBP],0
   598 00000706 E9 FFFFFF2A                     	JMP	L17
   599 0000070B                                 L34:
   600 0000070B 50                              	PUSH	EAX
   601 0000070C 8D 75 C4                        	LEA	ESI,DWORD [-60+EBP]
   602 0000070F 68 [000000AE]                   	PUSH	LC4
   603 00000714 56                              	PUSH	ESI
   604 00000715 E8 [00000000]                   	CALL	_sprintf
   605 0000071A 6A 02                           	PUSH	2
   606 0000071C 56                              	PUSH	ESI
   607 0000071D 6A 0E                           	PUSH	14
   608 0000071F 6A 07                           	PUSH	7
   609 00000721 6A 10                           	PUSH	16
   610 00000723 6A 00                           	PUSH	0
   611 00000725 FF B5 FFFFFC8C                  	PUSH	DWORD [-884+EBP]
   612 0000072B E8 [00000000]                   	CALL	_putfonts_asc_sht
   613 00000730 83 C4 28                        	ADD	ESP,40
   614 00000733 81 FB 00000153                  	CMP	EBX,339
   615 00000739 0F 8F FFFFFD44                  	JG	L2
   616 0000073F 8A 83 [FFFFFF00]                	MOV	AL,BYTE [_keytable.0-256+EBX]
   617 00000745 84 C0                           	TEST	AL,AL
   618 00000747 74 2A                           	JE	L9
   619 00000749 81 FF 0000008F                  	CMP	EDI,143
   620 0000074F 7F 22                           	JG	L9
   621 00000751 6A 01                           	PUSH	1
   622 00000753 88 45 C4                        	MOV	BYTE [-60+EBP],AL
   623 00000756 56                              	PUSH	ESI
   624 00000757 6A 07                           	PUSH	7
   625 00000759 6A 00                           	PUSH	0
   626 0000075B 6A 1C                           	PUSH	28
   627 0000075D 57                              	PUSH	EDI
   628 0000075E 83 C7 08                        	ADD	EDI,8
   629 00000761 FF B5 FFFFFC84                  	PUSH	DWORD [-892+EBP]
   630 00000767 C6 45 C5 00                     	MOV	BYTE [-59+EBP],0
   631 0000076B E8 [00000000]                   	CALL	_putfonts_asc_sht
   632 00000770 83 C4 1C                        	ADD	ESP,28
   633 00000773                                 L9:
   634 00000773 81 FB 0000010E                  	CMP	EBX,270
   635 00000779 74 1F                           	JE	L40
   636 0000077B                                 L10:
   637 0000077B 6A 2B                           	PUSH	43
   638 0000077D 8D 47 07                        	LEA	EAX,DWORD [7+EDI]
   639 00000780 50                              	PUSH	EAX
   640 00000781 8B 85 FFFFFC84                  	MOV	EAX,DWORD [-892+EBP]
   641 00000787 6A 1C                           	PUSH	28
   642 00000789 57                              	PUSH	EDI
   643 0000078A FF B5 FFFFFC94                  	PUSH	DWORD [-876+EBP]
   644 00000790 FF 70 04                        	PUSH	DWORD [4+EAX]
   645 00000793 FF 30                           	PUSH	DWORD [EAX]
   646 00000795 E9 FFFFFD89                     	JMP	L31
   647 0000079A                                 L40:
   648 0000079A 83 FF 08                        	CMP	EDI,8
   649 0000079D 7E DC                           	JLE	L10
   650 0000079F 6A 01                           	PUSH	1
   651 000007A1 68 [000000B3]                   	PUSH	LC5
   652 000007A6 6A 07                           	PUSH	7
   653 000007A8 6A 00                           	PUSH	0
   654 000007AA 6A 1C                           	PUSH	28
   655 000007AC 57                              	PUSH	EDI
   656 000007AD 83 EF 08                        	SUB	EDI,8
   657 000007B0 FF B5 FFFFFC84                  	PUSH	DWORD [-892+EBP]
   658 000007B6 E8 [00000000]                   	CALL	_putfonts_asc_sht
   659 000007BB 83 C4 1C                        	ADD	ESP,28
   660 000007BE EB BB                           	JMP	L10
   661 000007C0                                 L33:
   662 000007C0 E8 [00000000]                   	CALL	_io_stihlt
   663 000007C5 E9 FFFFFCB9                     	JMP	L2
   664                                          [SECTION .data]
   665 000000B5                                 _closebtn.1:
   666 000000B5 4F 4F 4F 4F 4F 4F 4F 4F 4F 4F   	DB	"OOOOOOOOOOOOOOO@"
       000000BF 4F 4F 4F 4F 4F 40 
   667 000000C5 4F 51 51 51 51 51 51 51 51 51   	DB	"OQQQQQQQQQQQQQ$@"
       000000CF 51 51 51 51 24 40 
   668 000000D5 4F 51 51 51 51 51 51 51 51 51   	DB	"OQQQQQQQQQQQQQ$@"
       000000DF 51 51 51 51 24 40 
   669 000000E5 4F 51 51 51 40 40 51 51 51 51   	DB	"OQQQ@@QQQQ@@QQ$@"
       000000EF 40 40 51 51 24 40 
   670 000000F5 4F 51 51 51 51 40 40 51 51 40   	DB	"OQQQQ@@QQ@@QQQ$@"
       000000FF 40 51 51 51 24 40 
   671 00000105 4F 51 51 51 51 51 40 40 40 40   	DB	"OQQQQQ@@@@QQQQ$@"
       0000010F 51 51 51 51 24 40 
   672 00000115 4F 51 51 51 51 51 51 40 40 51   	DB	"OQQQQQQ@@QQQQQ$@"
       0000011F 51 51 51 51 24 40 
   673 00000125 4F 51 51 51 51 51 40 40 40 40   	DB	"OQQQQQ@@@@QQQQ$@"
       0000012F 51 51 51 51 24 40 
   674 00000135 4F 51 51 51 51 40 40 51 51 40   	DB	"OQQQQ@@QQ@@QQQ$@"
       0000013F 40 51 51 51 24 40 
   675 00000145 4F 51 51 51 40 40 51 51 51 51   	DB	"OQQQ@@QQQQ@@QQ$@"
       0000014F 40 40 51 51 24 40 
   676 00000155 4F 51 51 51 51 51 51 51 51 51   	DB	"OQQQQQQQQQQQQQ$@"
       0000015F 51 51 51 51 24 40 
   677 00000165 4F 51 51 51 51 51 51 51 51 51   	DB	"OQQQQQQQQQQQQQ$@"
       0000016F 51 51 51 51 24 40 
   678 00000175 4F 24 24 24 24 24 24 24 24 24   	DB	"O$$$$$$$$$$$$$$@"
       0000017F 24 24 24 24 24 40 
   679 00000185 40 40 40 40 40 40 40 40 40 40   	DB	"@@@@@@@@@@@@@@@@"
       0000018F 40 40 40 40 40 40 
   680                                          [SECTION .text]
   681 000007CA                                 	GLOBAL	_make_window
   682 000007CA                                 _make_window:
   683 000007CA 55                              	PUSH	EBP
   684 000007CB 89 E5                           	MOV	EBP,ESP
   685 000007CD 57                              	PUSH	EDI
   686 000007CE 56                              	PUSH	ESI
   687 000007CF 53                              	PUSH	EBX
   688 000007D0 83 EC 14                        	SUB	ESP,20
   689 000007D3 8B 5D 0C                        	MOV	EBX,DWORD [12+EBP]
   690 000007D6 6A 00                           	PUSH	0
   691 000007D8 8D 43 FF                        	LEA	EAX,DWORD [-1+EBX]
   692 000007DB 8D 7B FE                        	LEA	EDI,DWORD [-2+EBX]
   693 000007DE 50                              	PUSH	EAX
   694 000007DF 89 45 EC                        	MOV	DWORD [-20+EBP],EAX
   695 000007E2 6A 00                           	PUSH	0
   696 000007E4 6A 00                           	PUSH	0
   697 000007E6 6A 08                           	PUSH	8
   698 000007E8 53                              	PUSH	EBX
   699 000007E9 FF 75 08                        	PUSH	DWORD [8+EBP]
   700 000007EC E8 [00000000]                   	CALL	_boxfill8
   701 000007F1 6A 01                           	PUSH	1
   702 000007F3 57                              	PUSH	EDI
   703 000007F4 6A 01                           	PUSH	1
   704 000007F6 6A 01                           	PUSH	1
   705 000007F8 6A 07                           	PUSH	7
   706 000007FA 53                              	PUSH	EBX
   707 000007FB FF 75 08                        	PUSH	DWORD [8+EBP]
   708 000007FE E8 [00000000]                   	CALL	_boxfill8
   709 00000803 8B 55 10                        	MOV	EDX,DWORD [16+EBP]
   710 00000806 83 C4 38                        	ADD	ESP,56
   711 00000809 4A                              	DEC	EDX
   712 0000080A 89 55 E8                        	MOV	DWORD [-24+EBP],EDX
   713 0000080D 52                              	PUSH	EDX
   714 0000080E 6A 00                           	PUSH	0
   715 00000810 6A 00                           	PUSH	0
   716 00000812 6A 00                           	PUSH	0
   717 00000814 6A 08                           	PUSH	8
   718 00000816 53                              	PUSH	EBX
   719 00000817 FF 75 08                        	PUSH	DWORD [8+EBP]
   720 0000081A E8 [00000000]                   	CALL	_boxfill8
   721 0000081F 8B 75 10                        	MOV	ESI,DWORD [16+EBP]
   722 00000822 83 EE 02                        	SUB	ESI,2
   723 00000825 56                              	PUSH	ESI
   724 00000826 6A 01                           	PUSH	1
   725 00000828 6A 01                           	PUSH	1
   726 0000082A 6A 01                           	PUSH	1
   727 0000082C 6A 07                           	PUSH	7
   728 0000082E 53                              	PUSH	EBX
   729 0000082F FF 75 08                        	PUSH	DWORD [8+EBP]
   730 00000832 E8 [00000000]                   	CALL	_boxfill8
   731 00000837 83 C4 38                        	ADD	ESP,56
   732 0000083A 56                              	PUSH	ESI
   733 0000083B 57                              	PUSH	EDI
   734 0000083C 6A 01                           	PUSH	1
   735 0000083E 57                              	PUSH	EDI
   736 0000083F 6A 0F                           	PUSH	15
   737 00000841 53                              	PUSH	EBX
   738 00000842 FF 75 08                        	PUSH	DWORD [8+EBP]
   739 00000845 E8 [00000000]                   	CALL	_boxfill8
   740 0000084A FF 75 E8                        	PUSH	DWORD [-24+EBP]
   741 0000084D FF 75 EC                        	PUSH	DWORD [-20+EBP]
   742 00000850 6A 00                           	PUSH	0
   743 00000852 FF 75 EC                        	PUSH	DWORD [-20+EBP]
   744 00000855 6A 00                           	PUSH	0
   745 00000857 53                              	PUSH	EBX
   746 00000858 FF 75 08                        	PUSH	DWORD [8+EBP]
   747 0000085B E8 [00000000]                   	CALL	_boxfill8
   748 00000860 8B 45 10                        	MOV	EAX,DWORD [16+EBP]
   749 00000863 83 C4 38                        	ADD	ESP,56
   750 00000866 83 E8 03                        	SUB	EAX,3
   751 00000869 50                              	PUSH	EAX
   752 0000086A 8D 43 FD                        	LEA	EAX,DWORD [-3+EBX]
   753 0000086D 50                              	PUSH	EAX
   754 0000086E 6A 02                           	PUSH	2
   755 00000870 6A 02                           	PUSH	2
   756 00000872 6A 08                           	PUSH	8
   757 00000874 53                              	PUSH	EBX
   758 00000875 FF 75 08                        	PUSH	DWORD [8+EBP]
   759 00000878 E8 [00000000]                   	CALL	_boxfill8
   760 0000087D 8D 43 FC                        	LEA	EAX,DWORD [-4+EBX]
   761 00000880 6A 14                           	PUSH	20
   762 00000882 50                              	PUSH	EAX
   763 00000883 6A 03                           	PUSH	3
   764 00000885 6A 03                           	PUSH	3
   765 00000887 6A 0C                           	PUSH	12
   766 00000889 53                              	PUSH	EBX
   767 0000088A FF 75 08                        	PUSH	DWORD [8+EBP]
   768 0000088D E8 [00000000]                   	CALL	_boxfill8
   769 00000892 83 C4 38                        	ADD	ESP,56
   770 00000895 56                              	PUSH	ESI
   771 00000896 57                              	PUSH	EDI
   772 00000897 56                              	PUSH	ESI
   773 00000898 6A 01                           	PUSH	1
   774 0000089A 6A 0F                           	PUSH	15
   775 0000089C 53                              	PUSH	EBX
   776 0000089D FF 75 08                        	PUSH	DWORD [8+EBP]
   777 000008A0 E8 [00000000]                   	CALL	_boxfill8
   778 000008A5 FF 75 E8                        	PUSH	DWORD [-24+EBP]
   779 000008A8 FF 75 EC                        	PUSH	DWORD [-20+EBP]
   780 000008AB FF 75 E8                        	PUSH	DWORD [-24+EBP]
   781 000008AE 6A 00                           	PUSH	0
   782 000008B0 6A 00                           	PUSH	0
   783 000008B2 6B F3 05                        	IMUL	ESI,EBX,5
   784 000008B5 53                              	PUSH	EBX
   785 000008B6 FF 75 08                        	PUSH	DWORD [8+EBP]
   786 000008B9 E8 [00000000]                   	CALL	_boxfill8
   787 000008BE 83 C4 38                        	ADD	ESP,56
   788 000008C1 FF 75 14                        	PUSH	DWORD [20+EBP]
   789 000008C4 6A 04                           	PUSH	4
   790 000008C6 6A 18                           	PUSH	24
   791 000008C8 6A 07                           	PUSH	7
   792 000008CA 53                              	PUSH	EBX
   793 000008CB FF 75 08                        	PUSH	DWORD [8+EBP]
   794 000008CE E8 [00000000]                   	CALL	_putfonts8_asc
   795 000008D3 83 C4 18                        	ADD	ESP,24
   796 000008D6 C7 45 F0 00000000               	MOV	DWORD [-16+EBP],0
   797 000008DD C7 45 E0 00000000               	MOV	DWORD [-32+EBP],0
   798 000008E4                                 L57:
   799 000008E4 8D 04 1E                        	LEA	EAX,DWORD [ESI+EBX*1]
   800 000008E7 8B 55 08                        	MOV	EDX,DWORD [8+EBP]
   801 000008EA 31 FF                           	XOR	EDI,EDI
   802 000008EC 8D 4C 02 EB                     	LEA	ECX,DWORD [-21+EDX+EAX*1]
   803 000008F0                                 L56:
   804 000008F0 8B 45 E0                        	MOV	EAX,DWORD [-32+EBP]
   805 000008F3 8A 94 07 [000000B5]             	MOV	DL,BYTE [_closebtn.1+EDI+EAX*1]
   806 000008FA 80 FA 40                        	CMP	DL,64
   807 000008FD 74 33                           	JE	L62
   808 000008FF 80 FA 24                        	CMP	DL,36
   809 00000902 74 2A                           	JE	L63
   810 00000904 80 FA 51                        	CMP	DL,81
   811 00000907 B2 08                           	MOV	DL,8
   812 00000909 0F 95 C0                        	SETNE	AL
   813 0000090C 28 C2                           	SUB	DL,AL
   814 0000090E                                 L51:
   815 0000090E 47                              	INC	EDI
   816 0000090F 88 11                           	MOV	BYTE [ECX],DL
   817 00000911 41                              	INC	ECX
   818 00000912 83 FF 0F                        	CMP	EDI,15
   819 00000915 7E D9                           	JLE	L56
   820 00000917 FF 45 F0                        	INC	DWORD [-16+EBP]
   821 0000091A 01 DE                           	ADD	ESI,EBX
   822 0000091C 83 45 E0 10                     	ADD	DWORD [-32+EBP],16
   823 00000920 83 7D F0 0D                     	CMP	DWORD [-16+EBP],13
   824 00000924 7E BE                           	JLE	L57
   825 00000926 8D 65 F4                        	LEA	ESP,DWORD [-12+EBP]
   826 00000929 5B                              	POP	EBX
   827 0000092A 5E                              	POP	ESI
   828 0000092B 5F                              	POP	EDI
   829 0000092C 5D                              	POP	EBP
   830 0000092D C3                              	RET
   831 0000092E                                 L63:
   832 0000092E B2 0F                           	MOV	DL,15
   833 00000930 EB DC                           	JMP	L51
   834 00000932                                 L62:
   835 00000932 31 D2                           	XOR	EDX,EDX
   836 00000934 EB D8                           	JMP	L51
   837 00000936                                 	GLOBAL	_make_textbox8
   838 00000936                                 _make_textbox8:
   839 00000936 55                              	PUSH	EBP
   840 00000937 89 E5                           	MOV	EBP,ESP
   841 00000939 57                              	PUSH	EDI
   842 0000093A 56                              	PUSH	ESI
   843 0000093B 53                              	PUSH	EBX
   844 0000093C 83 EC 14                        	SUB	ESP,20
   845 0000093F 8B 45 0C                        	MOV	EAX,DWORD [12+EBP]
   846 00000942 8B 75 10                        	MOV	ESI,DWORD [16+EBP]
   847 00000945 03 45 14                        	ADD	EAX,DWORD [20+EBP]
   848 00000948 83 EE 03                        	SUB	ESI,3
   849 0000094B 56                              	PUSH	ESI
   850 0000094C 89 45 F0                        	MOV	DWORD [-16+EBP],EAX
   851 0000094F 8B 45 10                        	MOV	EAX,DWORD [16+EBP]
   852 00000952 03 45 18                        	ADD	EAX,DWORD [24+EBP]
   853 00000955 89 45 EC                        	MOV	DWORD [-20+EBP],EAX
   854 00000958 8B 45 F0                        	MOV	EAX,DWORD [-16+EBP]
   855 0000095B 40                              	INC	EAX
   856 0000095C 50                              	PUSH	EAX
   857 0000095D 89 45 E8                        	MOV	DWORD [-24+EBP],EAX
   858 00000960 8B 45 0C                        	MOV	EAX,DWORD [12+EBP]
   859 00000963 56                              	PUSH	ESI
   860 00000964 83 E8 02                        	SUB	EAX,2
   861 00000967 50                              	PUSH	EAX
   862 00000968 89 45 E4                        	MOV	DWORD [-28+EBP],EAX
   863 0000096B 8B 45 08                        	MOV	EAX,DWORD [8+EBP]
   864 0000096E 6A 0F                           	PUSH	15
   865 00000970 FF 70 04                        	PUSH	DWORD [4+EAX]
   866 00000973 FF 30                           	PUSH	DWORD [EAX]
   867 00000975 E8 [00000000]                   	CALL	_boxfill8
   868 0000097A 8B 7D 0C                        	MOV	EDI,DWORD [12+EBP]
   869 0000097D 8B 45 EC                        	MOV	EAX,DWORD [-20+EBP]
   870 00000980 83 EF 03                        	SUB	EDI,3
   871 00000983 40                              	INC	EAX
   872 00000984 50                              	PUSH	EAX
   873 00000985 89 45 E0                        	MOV	DWORD [-32+EBP],EAX
   874 00000988 57                              	PUSH	EDI
   875 00000989 8B 45 08                        	MOV	EAX,DWORD [8+EBP]
   876 0000098C 56                              	PUSH	ESI
   877 0000098D 57                              	PUSH	EDI
   878 0000098E 6A 0F                           	PUSH	15
   879 00000990 FF 70 04                        	PUSH	DWORD [4+EAX]
   880 00000993 FF 30                           	PUSH	DWORD [EAX]
   881 00000995 E8 [00000000]                   	CALL	_boxfill8
   882 0000099A 8B 45 08                        	MOV	EAX,DWORD [8+EBP]
   883 0000099D 83 C4 38                        	ADD	ESP,56
   884 000009A0 8B 5D EC                        	MOV	EBX,DWORD [-20+EBP]
   885 000009A3 83 C3 02                        	ADD	EBX,2
   886 000009A6 53                              	PUSH	EBX
   887 000009A7 FF 75 E8                        	PUSH	DWORD [-24+EBP]
   888 000009AA 53                              	PUSH	EBX
   889 000009AB 57                              	PUSH	EDI
   890 000009AC 6A 07                           	PUSH	7
   891 000009AE FF 70 04                        	PUSH	DWORD [4+EAX]
   892 000009B1 FF 30                           	PUSH	DWORD [EAX]
   893 000009B3 E8 [00000000]                   	CALL	_boxfill8
   894 000009B8 8B 45 F0                        	MOV	EAX,DWORD [-16+EBP]
   895 000009BB 53                              	PUSH	EBX
   896 000009BC 83 C0 02                        	ADD	EAX,2
   897 000009BF 50                              	PUSH	EAX
   898 000009C0 56                              	PUSH	ESI
   899 000009C1 50                              	PUSH	EAX
   900 000009C2 8B 45 08                        	MOV	EAX,DWORD [8+EBP]
   901 000009C5 6A 07                           	PUSH	7
   902 000009C7 FF 70 04                        	PUSH	DWORD [4+EAX]
   903 000009CA FF 30                           	PUSH	DWORD [EAX]
   904 000009CC E8 [00000000]                   	CALL	_boxfill8
   905 000009D1 8B 45 08                        	MOV	EAX,DWORD [8+EBP]
   906 000009D4 83 C4 38                        	ADD	ESP,56
   907 000009D7 8B 5D 10                        	MOV	EBX,DWORD [16+EBP]
   908 000009DA 83 EB 02                        	SUB	EBX,2
   909 000009DD 8B 7D 0C                        	MOV	EDI,DWORD [12+EBP]
   910 000009E0 53                              	PUSH	EBX
   911 000009E1 4F                              	DEC	EDI
   912 000009E2 FF 75 F0                        	PUSH	DWORD [-16+EBP]
   913 000009E5 53                              	PUSH	EBX
   914 000009E6 57                              	PUSH	EDI
   915 000009E7 6A 00                           	PUSH	0
   916 000009E9 FF 70 04                        	PUSH	DWORD [4+EAX]
   917 000009EC FF 30                           	PUSH	DWORD [EAX]
   918 000009EE E8 [00000000]                   	CALL	_boxfill8
   919 000009F3 8B 45 08                        	MOV	EAX,DWORD [8+EBP]
   920 000009F6 FF 75 EC                        	PUSH	DWORD [-20+EBP]
   921 000009F9 FF 75 E4                        	PUSH	DWORD [-28+EBP]
   922 000009FC 53                              	PUSH	EBX
   923 000009FD FF 75 E4                        	PUSH	DWORD [-28+EBP]
   924 00000A00 6A 00                           	PUSH	0
   925 00000A02 FF 70 04                        	PUSH	DWORD [4+EAX]
   926 00000A05 FF 30                           	PUSH	DWORD [EAX]
   927 00000A07 E8 [00000000]                   	CALL	_boxfill8
   928 00000A0C 8B 45 08                        	MOV	EAX,DWORD [8+EBP]
   929 00000A0F 83 C4 38                        	ADD	ESP,56
   930 00000A12 FF 75 E0                        	PUSH	DWORD [-32+EBP]
   931 00000A15 FF 75 F0                        	PUSH	DWORD [-16+EBP]
   932 00000A18 FF 75 E0                        	PUSH	DWORD [-32+EBP]
   933 00000A1B FF 75 E4                        	PUSH	DWORD [-28+EBP]
   934 00000A1E 6A 08                           	PUSH	8
   935 00000A20 FF 70 04                        	PUSH	DWORD [4+EAX]
   936 00000A23 FF 30                           	PUSH	DWORD [EAX]
   937 00000A25 E8 [00000000]                   	CALL	_boxfill8
   938 00000A2A 8B 45 08                        	MOV	EAX,DWORD [8+EBP]
   939 00000A2D FF 75 E0                        	PUSH	DWORD [-32+EBP]
   940 00000A30 FF 75 E8                        	PUSH	DWORD [-24+EBP]
   941 00000A33 53                              	PUSH	EBX
   942 00000A34 FF 75 E8                        	PUSH	DWORD [-24+EBP]
   943 00000A37 6A 08                           	PUSH	8
   944 00000A39 FF 70 04                        	PUSH	DWORD [4+EAX]
   945 00000A3C FF 30                           	PUSH	DWORD [EAX]
   946 00000A3E E8 [00000000]                   	CALL	_boxfill8
   947 00000A43 8B 45 10                        	MOV	EAX,DWORD [16+EBP]
   948 00000A46 83 C4 38                        	ADD	ESP,56
   949 00000A49 48                              	DEC	EAX
   950 00000A4A FF 75 EC                        	PUSH	DWORD [-20+EBP]
   951 00000A4D FF 75 F0                        	PUSH	DWORD [-16+EBP]
   952 00000A50 50                              	PUSH	EAX
   953 00000A51 57                              	PUSH	EDI
   954 00000A52 0F B6 45 1C                     	MOVZX	EAX,BYTE [28+EBP]
   955 00000A56 50                              	PUSH	EAX
   956 00000A57 8B 45 08                        	MOV	EAX,DWORD [8+EBP]
   957 00000A5A FF 70 04                        	PUSH	DWORD [4+EAX]
   958 00000A5D FF 30                           	PUSH	DWORD [EAX]
   959 00000A5F E8 [00000000]                   	CALL	_boxfill8
   960 00000A64 8D 65 F4                        	LEA	ESP,DWORD [-12+EBP]
   961 00000A67 5B                              	POP	EBX
   962 00000A68 5E                              	POP	ESI
   963 00000A69 5F                              	POP	EDI
   964 00000A6A 5D                              	POP	EBP
   965 00000A6B C3                              	RET
   966 00000A6C                                 	GLOBAL	_task_b_main
   967 00000A6C                                 _task_b_main:
   968 00000A6C 55                              	PUSH	EBP
   969 00000A6D 89 E5                           	MOV	EBP,ESP
   970 00000A6F                                 L66:
   971 00000A6F E8 [00000000]                   	CALL	_io_hlt
   972 00000A74 EB F9                           	JMP	L66
   973 00000A76                                 	GLOBAL	_fifo
   974                                          [SECTION .data]
   975 00000195 00 00 00 00 00 00 00 00 00 00   	ALIGNB	16
       0000019F 00 
   976 000001A0                                 _fifo:
   977 000001A0 00 00 00 00 00 00 00 00 00 00   	RESB	24
       000001AA 00 00 00 00 00 00 00 00 00 00 
       000001B4 00 00 00 00 
