     1 00000000                                 [FORMAT "WCOFF"]
     2 00000000                                 [INSTRSET "i486p"]
     3 00000000                                 [OPTIMIZE 1]
     4 00000000                                 [OPTION 1]
     5 00000000                                 [BITS 32]
     6 00000000                                 	EXTERN	_io_in8
     7 00000000                                 	EXTERN	_io_out8
     8 00000000                                 [FILE "keyboard.c"]
     9                                          [SECTION .text]
    10 00000000                                 	GLOBAL	_wait_KBC_sendready
    11 00000000                                 _wait_KBC_sendready:
    12 00000000 55                              	PUSH	EBP
    13 00000001 89 E5                           	MOV	EBP,ESP
    14 00000003                                 L2:
    15 00000003 6A 64                           	PUSH	100
    16 00000005 E8 [00000000]                   	CALL	_io_in8
    17 0000000A 5A                              	POP	EDX
    18 0000000B 83 E0 02                        	AND	EAX,2
    19 0000000E 84 C0                           	TEST	AL,AL
    20 00000010 75 F1                           	JNE	L2
    21 00000012 C9                              	LEAVE
    22 00000013 C3                              	RET
    23 00000014                                 	GLOBAL	_init_keyboard
    24 00000014                                 _init_keyboard:
    25 00000014 55                              	PUSH	EBP
    26 00000015 89 E5                           	MOV	EBP,ESP
    27 00000017 E8 FFFFFFE4                     	CALL	_wait_KBC_sendready
    28 0000001C 6A 60                           	PUSH	96
    29 0000001E 6A 64                           	PUSH	100
    30 00000020 E8 [00000000]                   	CALL	_io_out8
    31 00000025 E8 FFFFFFD6                     	CALL	_wait_KBC_sendready
    32 0000002A 6A 47                           	PUSH	71
    33 0000002C 6A 60                           	PUSH	96
    34 0000002E E8 [00000000]                   	CALL	_io_out8
    35 00000033 C9                              	LEAVE
    36 00000034 C3                              	RET
