     1 00000000                                 [FORMAT "WCOFF"]
     2 00000000                                 [INSTRSET "i486p"]
     3 00000000                                 [OPTIMIZE 1]
     4 00000000                                 [OPTION 1]
     5 00000000                                 [BITS 32]
     6 00000000                                 	EXTERN	_table_rgb.0
     7 00000000                                 	EXTERN	_io_load_eflags
     8 00000000                                 	EXTERN	_io_cli
     9 00000000                                 	EXTERN	_io_out8
    10 00000000                                 	EXTERN	_io_store_eflags
    11 00000000                                 	EXTERN	_hankaku
    12 00000000                                 [FILE "graphic.c"]
    13                                          [SECTION .data]
    14 00000000                                 _font_A:
    15 00000000 00                              	DB	0
    16 00000001 18                              	DB	24
    17 00000002 18                              	DB	24
    18 00000003 18                              	DB	24
    19 00000004 24                              	DB	36
    20 00000005 24                              	DB	36
    21 00000006 24                              	DB	36
    22 00000007 24                              	DB	36
    23 00000008 7E                              	DB	126
    24 00000009 42                              	DB	66
    25 0000000A 42                              	DB	66
    26 0000000B E7                              	DB	-25
    27 0000000C 00                              	DB	0
    28 0000000D 00                              	DB	0
    29 0000000E 00 00                           	RESB	2
    30 00000010                                 _table_rgb.0:
    31 00000010 00                              	DB	0
    32 00000011 00                              	DB	0
    33 00000012 00                              	DB	0
    34 00000013 FF                              	DB	-1
    35 00000014 00                              	DB	0
    36 00000015 00                              	DB	0
    37 00000016 00                              	DB	0
    38 00000017 FF                              	DB	-1
    39 00000018 00                              	DB	0
    40 00000019 FF                              	DB	-1
    41 0000001A FF                              	DB	-1
    42 0000001B 00                              	DB	0
    43 0000001C 00                              	DB	0
    44 0000001D 00                              	DB	0
    45 0000001E FF                              	DB	-1
    46 0000001F FF                              	DB	-1
    47 00000020 00                              	DB	0
    48 00000021 FF                              	DB	-1
    49 00000022 00                              	DB	0
    50 00000023 FF                              	DB	-1
    51 00000024 FF                              	DB	-1
    52 00000025 FF                              	DB	-1
    53 00000026 FF                              	DB	-1
    54 00000027 FF                              	DB	-1
    55 00000028 C6                              	DB	-58
    56 00000029 C6                              	DB	-58
    57 0000002A C6                              	DB	-58
    58 0000002B 84                              	DB	-124
    59 0000002C 00                              	DB	0
    60 0000002D 00                              	DB	0
    61 0000002E 00                              	DB	0
    62 0000002F 84                              	DB	-124
    63 00000030 00                              	DB	0
    64 00000031 84                              	DB	-124
    65 00000032 84                              	DB	-124
    66 00000033 00                              	DB	0
    67 00000034 00                              	DB	0
    68 00000035 00                              	DB	0
    69 00000036 84                              	DB	-124
    70 00000037 84                              	DB	-124
    71 00000038 00                              	DB	0
    72 00000039 84                              	DB	-124
    73 0000003A 00                              	DB	0
    74 0000003B 84                              	DB	-124
    75 0000003C 84                              	DB	-124
    76 0000003D 84                              	DB	-124
    77 0000003E 84                              	DB	-124
    78 0000003F 84                              	DB	-124
    79                                          [SECTION .text]
    80 00000000                                 	GLOBAL	_init_palette
    81 00000000                                 _init_palette:
    82 00000000 55                              	PUSH	EBP
    83 00000001 89 E5                           	MOV	EBP,ESP
    84 00000003 68 [00000010]                   	PUSH	_table_rgb.0
    85 00000008 6A 0F                           	PUSH	15
    86 0000000A 6A 00                           	PUSH	0
    87 0000000C E8 00000002                     	CALL	_set_palette
    88 00000011 C9                              	LEAVE
    89 00000012 C3                              	RET
    90 00000013                                 	GLOBAL	_set_palette
    91 00000013                                 _set_palette:
    92 00000013 55                              	PUSH	EBP
    93 00000014 89 E5                           	MOV	EBP,ESP
    94 00000016 57                              	PUSH	EDI
    95 00000017 56                              	PUSH	ESI
    96 00000018 53                              	PUSH	EBX
    97 00000019 51                              	PUSH	ECX
    98 0000001A 8B 5D 08                        	MOV	EBX,DWORD [8+EBP]
    99 0000001D 8B 7D 0C                        	MOV	EDI,DWORD [12+EBP]
   100 00000020 8B 75 10                        	MOV	ESI,DWORD [16+EBP]
   101 00000023 E8 [00000000]                   	CALL	_io_load_eflags
   102 00000028 89 45 F0                        	MOV	DWORD [-16+EBP],EAX
   103 0000002B E8 [00000000]                   	CALL	_io_cli
   104 00000030 53                              	PUSH	EBX
   105 00000031 68 000003C8                     	PUSH	968
   106 00000036 E8 [00000000]                   	CALL	_io_out8
   107 0000003B 39 FB                           	CMP	EBX,EDI
   108 0000003D 58                              	POP	EAX
   109 0000003E 5A                              	POP	EDX
   110 0000003F 7E 12                           	JLE	L7
   111 00000041                                 L9:
   112 00000041 8B 45 F0                        	MOV	EAX,DWORD [-16+EBP]
   113 00000044 89 45 08                        	MOV	DWORD [8+EBP],EAX
   114 00000047 8D 65 F4                        	LEA	ESP,DWORD [-12+EBP]
   115 0000004A 5B                              	POP	EBX
   116 0000004B 5E                              	POP	ESI
   117 0000004C 5F                              	POP	EDI
   118 0000004D 5D                              	POP	EBP
   119 0000004E E9 [00000000]                   	JMP	_io_store_eflags
   120 00000053                                 L7:
   121 00000053 8A 06                           	MOV	AL,BYTE [ESI]
   122 00000055 43                              	INC	EBX
   123 00000056 C0 E8 02                        	SHR	AL,2
   124 00000059 0F B6 C0                        	MOVZX	EAX,AL
   125 0000005C 50                              	PUSH	EAX
   126 0000005D 68 000003C9                     	PUSH	969
   127 00000062 E8 [00000000]                   	CALL	_io_out8
   128 00000067 8A 46 01                        	MOV	AL,BYTE [1+ESI]
   129 0000006A C0 E8 02                        	SHR	AL,2
   130 0000006D 0F B6 C0                        	MOVZX	EAX,AL
   131 00000070 50                              	PUSH	EAX
   132 00000071 68 000003C9                     	PUSH	969
   133 00000076 E8 [00000000]                   	CALL	_io_out8
   134 0000007B 8A 46 02                        	MOV	AL,BYTE [2+ESI]
   135 0000007E C0 E8 02                        	SHR	AL,2
   136 00000081 83 C6 03                        	ADD	ESI,3
   137 00000084 0F B6 C0                        	MOVZX	EAX,AL
   138 00000087 50                              	PUSH	EAX
   139 00000088 68 000003C9                     	PUSH	969
   140 0000008D E8 [00000000]                   	CALL	_io_out8
   141 00000092 83 C4 18                        	ADD	ESP,24
   142 00000095 39 FB                           	CMP	EBX,EDI
   143 00000097 7E BA                           	JLE	L7
   144 00000099 EB A6                           	JMP	L9
   145 0000009B                                 	GLOBAL	_init_screen
   146 0000009B                                 _init_screen:
   147 0000009B 55                              	PUSH	EBP
   148 0000009C 89 E5                           	MOV	EBP,ESP
   149 0000009E 57                              	PUSH	EDI
   150 0000009F 56                              	PUSH	ESI
   151 000000A0 53                              	PUSH	EBX
   152 000000A1 53                              	PUSH	EBX
   153 000000A2 53                              	PUSH	EBX
   154 000000A3 8B 45 10                        	MOV	EAX,DWORD [16+EBP]
   155 000000A6 8B 5D 0C                        	MOV	EBX,DWORD [12+EBP]
   156 000000A9 83 E8 1D                        	SUB	EAX,29
   157 000000AC 4B                              	DEC	EBX
   158 000000AD 50                              	PUSH	EAX
   159 000000AE 53                              	PUSH	EBX
   160 000000AF 6A 00                           	PUSH	0
   161 000000B1 6A 00                           	PUSH	0
   162 000000B3 6A 0E                           	PUSH	14
   163 000000B5 FF 75 0C                        	PUSH	DWORD [12+EBP]
   164 000000B8 FF 75 08                        	PUSH	DWORD [8+EBP]
   165 000000BB E8 00000233                     	CALL	_boxfill8
   166 000000C0 8B 45 10                        	MOV	EAX,DWORD [16+EBP]
   167 000000C3 83 E8 1C                        	SUB	EAX,28
   168 000000C6 50                              	PUSH	EAX
   169 000000C7 53                              	PUSH	EBX
   170 000000C8 50                              	PUSH	EAX
   171 000000C9 6A 00                           	PUSH	0
   172 000000CB 6A 08                           	PUSH	8
   173 000000CD FF 75 0C                        	PUSH	DWORD [12+EBP]
   174 000000D0 FF 75 08                        	PUSH	DWORD [8+EBP]
   175 000000D3 E8 0000021B                     	CALL	_boxfill8
   176 000000D8 8B 45 10                        	MOV	EAX,DWORD [16+EBP]
   177 000000DB 83 C4 38                        	ADD	ESP,56
   178 000000DE 83 E8 1B                        	SUB	EAX,27
   179 000000E1 50                              	PUSH	EAX
   180 000000E2 53                              	PUSH	EBX
   181 000000E3 50                              	PUSH	EAX
   182 000000E4 6A 00                           	PUSH	0
   183 000000E6 6A 07                           	PUSH	7
   184 000000E8 FF 75 0C                        	PUSH	DWORD [12+EBP]
   185 000000EB FF 75 08                        	PUSH	DWORD [8+EBP]
   186 000000EE E8 00000200                     	CALL	_boxfill8
   187 000000F3 8B 45 10                        	MOV	EAX,DWORD [16+EBP]
   188 000000F6 48                              	DEC	EAX
   189 000000F7 50                              	PUSH	EAX
   190 000000F8 8B 45 10                        	MOV	EAX,DWORD [16+EBP]
   191 000000FB 53                              	PUSH	EBX
   192 000000FC 83 E8 1A                        	SUB	EAX,26
   193 000000FF 50                              	PUSH	EAX
   194 00000100 6A 00                           	PUSH	0
   195 00000102 6A 08                           	PUSH	8
   196 00000104 FF 75 0C                        	PUSH	DWORD [12+EBP]
   197 00000107 FF 75 08                        	PUSH	DWORD [8+EBP]
   198 0000010A E8 000001E4                     	CALL	_boxfill8
   199 0000010F 8B 7D 10                        	MOV	EDI,DWORD [16+EBP]
   200 00000112 83 C4 38                        	ADD	ESP,56
   201 00000115 83 EF 18                        	SUB	EDI,24
   202 00000118 57                              	PUSH	EDI
   203 00000119 6A 3B                           	PUSH	59
   204 0000011B 57                              	PUSH	EDI
   205 0000011C 6A 03                           	PUSH	3
   206 0000011E 6A 07                           	PUSH	7
   207 00000120 FF 75 0C                        	PUSH	DWORD [12+EBP]
   208 00000123 FF 75 08                        	PUSH	DWORD [8+EBP]
   209 00000126 E8 000001C8                     	CALL	_boxfill8
   210 0000012B 8B 5D 10                        	MOV	EBX,DWORD [16+EBP]
   211 0000012E 83 EB 04                        	SUB	EBX,4
   212 00000131 53                              	PUSH	EBX
   213 00000132 6A 02                           	PUSH	2
   214 00000134 57                              	PUSH	EDI
   215 00000135 6A 02                           	PUSH	2
   216 00000137 6A 07                           	PUSH	7
   217 00000139 FF 75 0C                        	PUSH	DWORD [12+EBP]
   218 0000013C FF 75 08                        	PUSH	DWORD [8+EBP]
   219 0000013F E8 000001AF                     	CALL	_boxfill8
   220 00000144 83 C4 38                        	ADD	ESP,56
   221 00000147 53                              	PUSH	EBX
   222 00000148 6A 3B                           	PUSH	59
   223 0000014A 53                              	PUSH	EBX
   224 0000014B 6A 03                           	PUSH	3
   225 0000014D 6A 0F                           	PUSH	15
   226 0000014F FF 75 0C                        	PUSH	DWORD [12+EBP]
   227 00000152 FF 75 08                        	PUSH	DWORD [8+EBP]
   228 00000155 E8 00000199                     	CALL	_boxfill8
   229 0000015A 8B 45 10                        	MOV	EAX,DWORD [16+EBP]
   230 0000015D 83 E8 05                        	SUB	EAX,5
   231 00000160 50                              	PUSH	EAX
   232 00000161 8B 45 10                        	MOV	EAX,DWORD [16+EBP]
   233 00000164 6A 3B                           	PUSH	59
   234 00000166 83 E8 17                        	SUB	EAX,23
   235 00000169 50                              	PUSH	EAX
   236 0000016A 89 45 F0                        	MOV	DWORD [-16+EBP],EAX
   237 0000016D 6A 3B                           	PUSH	59
   238 0000016F 6A 0F                           	PUSH	15
   239 00000171 FF 75 0C                        	PUSH	DWORD [12+EBP]
   240 00000174 FF 75 08                        	PUSH	DWORD [8+EBP]
   241 00000177 E8 00000177                     	CALL	_boxfill8
   242 0000017C 8B 45 10                        	MOV	EAX,DWORD [16+EBP]
   243 0000017F 83 C4 38                        	ADD	ESP,56
   244 00000182 83 E8 03                        	SUB	EAX,3
   245 00000185 89 45 EC                        	MOV	DWORD [-20+EBP],EAX
   246 00000188 50                              	PUSH	EAX
   247 00000189 6A 3B                           	PUSH	59
   248 0000018B 50                              	PUSH	EAX
   249 0000018C 6A 02                           	PUSH	2
   250 0000018E 6A 00                           	PUSH	0
   251 00000190 FF 75 0C                        	PUSH	DWORD [12+EBP]
   252 00000193 FF 75 08                        	PUSH	DWORD [8+EBP]
   253 00000196 E8 00000158                     	CALL	_boxfill8
   254 0000019B FF 75 EC                        	PUSH	DWORD [-20+EBP]
   255 0000019E 6A 3C                           	PUSH	60
   256 000001A0 57                              	PUSH	EDI
   257 000001A1 6A 3C                           	PUSH	60
   258 000001A3 6A 00                           	PUSH	0
   259 000001A5 FF 75 0C                        	PUSH	DWORD [12+EBP]
   260 000001A8 FF 75 08                        	PUSH	DWORD [8+EBP]
   261 000001AB E8 00000143                     	CALL	_boxfill8
   262 000001B0 8B 5D 0C                        	MOV	EBX,DWORD [12+EBP]
   263 000001B3 83 C4 38                        	ADD	ESP,56
   264 000001B6 8B 75 0C                        	MOV	ESI,DWORD [12+EBP]
   265 000001B9 83 EE 04                        	SUB	ESI,4
   266 000001BC 83 EB 2F                        	SUB	EBX,47
   267 000001BF 57                              	PUSH	EDI
   268 000001C0 56                              	PUSH	ESI
   269 000001C1 57                              	PUSH	EDI
   270 000001C2 53                              	PUSH	EBX
   271 000001C3 6A 0F                           	PUSH	15
   272 000001C5 FF 75 0C                        	PUSH	DWORD [12+EBP]
   273 000001C8 FF 75 08                        	PUSH	DWORD [8+EBP]
   274 000001CB E8 00000123                     	CALL	_boxfill8
   275 000001D0 FF 75 EC                        	PUSH	DWORD [-20+EBP]
   276 000001D3 53                              	PUSH	EBX
   277 000001D4 FF 75 F0                        	PUSH	DWORD [-16+EBP]
   278 000001D7 53                              	PUSH	EBX
   279 000001D8 6A 0F                           	PUSH	15
   280 000001DA FF 75 0C                        	PUSH	DWORD [12+EBP]
   281 000001DD FF 75 08                        	PUSH	DWORD [8+EBP]
   282 000001E0 E8 0000010E                     	CALL	_boxfill8
   283 000001E5 83 C4 38                        	ADD	ESP,56
   284 000001E8 FF 75 EC                        	PUSH	DWORD [-20+EBP]
   285 000001EB 56                              	PUSH	ESI
   286 000001EC FF 75 EC                        	PUSH	DWORD [-20+EBP]
   287 000001EF 53                              	PUSH	EBX
   288 000001F0 6A 07                           	PUSH	7
   289 000001F2 FF 75 0C                        	PUSH	DWORD [12+EBP]
   290 000001F5 FF 75 08                        	PUSH	DWORD [8+EBP]
   291 000001F8 E8 000000F6                     	CALL	_boxfill8
   292 000001FD 8B 45 0C                        	MOV	EAX,DWORD [12+EBP]
   293 00000200 FF 75 EC                        	PUSH	DWORD [-20+EBP]
   294 00000203 83 E8 03                        	SUB	EAX,3
   295 00000206 50                              	PUSH	EAX
   296 00000207 57                              	PUSH	EDI
   297 00000208 50                              	PUSH	EAX
   298 00000209 6A 07                           	PUSH	7
   299 0000020B FF 75 0C                        	PUSH	DWORD [12+EBP]
   300 0000020E FF 75 08                        	PUSH	DWORD [8+EBP]
   301 00000211 E8 000000DD                     	CALL	_boxfill8
   302 00000216 8D 65 F4                        	LEA	ESP,DWORD [-12+EBP]
   303 00000219 5B                              	POP	EBX
   304 0000021A 5E                              	POP	ESI
   305 0000021B 5F                              	POP	EDI
   306 0000021C 5D                              	POP	EBP
   307 0000021D C3                              	RET
   308 0000021E                                 	GLOBAL	_putfonts8_asc
   309 0000021E                                 _putfonts8_asc:
   310 0000021E 55                              	PUSH	EBP
   311 0000021F 89 E5                           	MOV	EBP,ESP
   312 00000221 57                              	PUSH	EDI
   313 00000222 56                              	PUSH	ESI
   314 00000223 53                              	PUSH	EBX
   315 00000224 56                              	PUSH	ESI
   316 00000225 8B 5D 1C                        	MOV	EBX,DWORD [28+EBP]
   317 00000228 8A 45 10                        	MOV	AL,BYTE [16+EBP]
   318 0000022B 88 45 F3                        	MOV	BYTE [-13+EBP],AL
   319 0000022E 8B 75 14                        	MOV	ESI,DWORD [20+EBP]
   320 00000231 8B 7D 18                        	MOV	EDI,DWORD [24+EBP]
   321 00000234 80 3B 00                        	CMP	BYTE [EBX],0
   322 00000237 75 08                           	JNE	L16
   323 00000239                                 L18:
   324 00000239 8D 65 F4                        	LEA	ESP,DWORD [-12+EBP]
   325 0000023C 5B                              	POP	EBX
   326 0000023D 5E                              	POP	ESI
   327 0000023E 5F                              	POP	EDI
   328 0000023F 5D                              	POP	EBP
   329 00000240 C3                              	RET
   330 00000241                                 L16:
   331 00000241 0F B6 03                        	MOVZX	EAX,BYTE [EBX]
   332 00000244 C1 E0 04                        	SAL	EAX,4
   333 00000247 43                              	INC	EBX
   334 00000248 05 [00000000]                   	ADD	EAX,_hankaku
   335 0000024D 50                              	PUSH	EAX
   336 0000024E 57                              	PUSH	EDI
   337 0000024F 56                              	PUSH	ESI
   338 00000250 83 C6 08                        	ADD	ESI,8
   339 00000253 0F BE 45 F3                     	MOVSX	EAX,BYTE [-13+EBP]
   340 00000257 50                              	PUSH	EAX
   341 00000258 FF 75 0C                        	PUSH	DWORD [12+EBP]
   342 0000025B FF 75 08                        	PUSH	DWORD [8+EBP]
   343 0000025E E8 0000000A                     	CALL	_putfont8
   344 00000263 83 C4 18                        	ADD	ESP,24
   345 00000266 80 3B 00                        	CMP	BYTE [EBX],0
   346 00000269 75 D6                           	JNE	L16
   347 0000026B EB CC                           	JMP	L18
   348 0000026D                                 	GLOBAL	_putfont8
   349 0000026D                                 _putfont8:
   350 0000026D 55                              	PUSH	EBP
   351 0000026E 89 E5                           	MOV	EBP,ESP
   352 00000270 57                              	PUSH	EDI
   353 00000271 56                              	PUSH	ESI
   354 00000272 31 F6                           	XOR	ESI,ESI
   355 00000274 53                              	PUSH	EBX
   356 00000275 8B 7D 1C                        	MOV	EDI,DWORD [28+EBP]
   357 00000278 8A 5D 10                        	MOV	BL,BYTE [16+EBP]
   358 0000027B                                 L32:
   359 0000027B 8B 45 18                        	MOV	EAX,DWORD [24+EBP]
   360 0000027E 8B 55 14                        	MOV	EDX,DWORD [20+EBP]
   361 00000281 01 F0                           	ADD	EAX,ESI
   362 00000283 0F AF 45 0C                     	IMUL	EAX,DWORD [12+EBP]
   363 00000287 03 45 08                        	ADD	EAX,DWORD [8+EBP]
   364 0000028A 8D 0C 02                        	LEA	ECX,DWORD [EDX+EAX*1]
   365 0000028D 8A 14 3E                        	MOV	DL,BYTE [ESI+EDI*1]
   366 00000290 84 D2                           	TEST	DL,DL
   367 00000292 79 02                           	JNS	L24
   368 00000294 88 19                           	MOV	BYTE [ECX],BL
   369 00000296                                 L24:
   370 00000296 88 D0                           	MOV	AL,DL
   371 00000298 83 E0 40                        	AND	EAX,64
   372 0000029B 84 C0                           	TEST	AL,AL
   373 0000029D 74 03                           	JE	L25
   374 0000029F 88 59 01                        	MOV	BYTE [1+ECX],BL
   375 000002A2                                 L25:
   376 000002A2 88 D0                           	MOV	AL,DL
   377 000002A4 83 E0 20                        	AND	EAX,32
   378 000002A7 84 C0                           	TEST	AL,AL
   379 000002A9 74 03                           	JE	L26
   380 000002AB 88 59 02                        	MOV	BYTE [2+ECX],BL
   381 000002AE                                 L26:
   382 000002AE 88 D0                           	MOV	AL,DL
   383 000002B0 83 E0 10                        	AND	EAX,16
   384 000002B3 84 C0                           	TEST	AL,AL
   385 000002B5 74 03                           	JE	L27
   386 000002B7 88 59 03                        	MOV	BYTE [3+ECX],BL
   387 000002BA                                 L27:
   388 000002BA 88 D0                           	MOV	AL,DL
   389 000002BC 83 E0 08                        	AND	EAX,8
   390 000002BF 84 C0                           	TEST	AL,AL
   391 000002C1 74 03                           	JE	L28
   392 000002C3 88 59 04                        	MOV	BYTE [4+ECX],BL
   393 000002C6                                 L28:
   394 000002C6 88 D0                           	MOV	AL,DL
   395 000002C8 83 E0 04                        	AND	EAX,4
   396 000002CB 84 C0                           	TEST	AL,AL
   397 000002CD 74 03                           	JE	L29
   398 000002CF 88 59 05                        	MOV	BYTE [5+ECX],BL
   399 000002D2                                 L29:
   400 000002D2 88 D0                           	MOV	AL,DL
   401 000002D4 83 E0 02                        	AND	EAX,2
   402 000002D7 84 C0                           	TEST	AL,AL
   403 000002D9 74 03                           	JE	L30
   404 000002DB 88 59 06                        	MOV	BYTE [6+ECX],BL
   405 000002DE                                 L30:
   406 000002DE 83 E2 01                        	AND	EDX,1
   407 000002E1 84 D2                           	TEST	DL,DL
   408 000002E3 74 03                           	JE	L22
   409 000002E5 88 59 07                        	MOV	BYTE [7+ECX],BL
   410 000002E8                                 L22:
   411 000002E8 46                              	INC	ESI
   412 000002E9 83 FE 0F                        	CMP	ESI,15
   413 000002EC 7E 8D                           	JLE	L32
   414 000002EE 5B                              	POP	EBX
   415 000002EF 5E                              	POP	ESI
   416 000002F0 5F                              	POP	EDI
   417 000002F1 5D                              	POP	EBP
   418 000002F2 C3                              	RET
   419 000002F3                                 	GLOBAL	_boxfill8
   420 000002F3                                 _boxfill8:
   421 000002F3 55                              	PUSH	EBP
   422 000002F4 89 E5                           	MOV	EBP,ESP
   423 000002F6 57                              	PUSH	EDI
   424 000002F7 56                              	PUSH	ESI
   425 000002F8 53                              	PUSH	EBX
   426 000002F9 50                              	PUSH	EAX
   427 000002FA 50                              	PUSH	EAX
   428 000002FB 8A 45 10                        	MOV	AL,BYTE [16+EBP]
   429 000002FE 8B 4D 18                        	MOV	ECX,DWORD [24+EBP]
   430 00000301 8B 7D 1C                        	MOV	EDI,DWORD [28+EBP]
   431 00000304 88 45 F3                        	MOV	BYTE [-13+EBP],AL
   432 00000307 3B 4D 20                        	CMP	ECX,DWORD [32+EBP]
   433 0000030A 7F 31                           	JG	L47
   434 0000030C 8B 5D 0C                        	MOV	EBX,DWORD [12+EBP]
   435 0000030F 0F AF D9                        	IMUL	EBX,ECX
   436 00000312                                 L45:
   437 00000312 8B 55 14                        	MOV	EDX,DWORD [20+EBP]
   438 00000315 39 FA                           	CMP	EDX,EDI
   439 00000317 7F 1B                           	JG	L49
   440 00000319 8B 75 08                        	MOV	ESI,DWORD [8+EBP]
   441 0000031C 01 DE                           	ADD	ESI,EBX
   442 0000031E 01 D6                           	ADD	ESI,EDX
   443 00000320 89 75 EC                        	MOV	DWORD [-20+EBP],ESI
   444 00000323                                 L44:
   445 00000323 8B 75 EC                        	MOV	ESI,DWORD [-20+EBP]
   446 00000326 8A 45 F3                        	MOV	AL,BYTE [-13+EBP]
   447 00000329 42                              	INC	EDX
   448 0000032A 88 06                           	MOV	BYTE [ESI],AL
   449 0000032C 46                              	INC	ESI
   450 0000032D 89 75 EC                        	MOV	DWORD [-20+EBP],ESI
   451 00000330 39 FA                           	CMP	EDX,EDI
   452 00000332 7E EF                           	JLE	L44
   453 00000334                                 L49:
   454 00000334 41                              	INC	ECX
   455 00000335 03 5D 0C                        	ADD	EBX,DWORD [12+EBP]
   456 00000338 3B 4D 20                        	CMP	ECX,DWORD [32+EBP]
   457 0000033B 7E D5                           	JLE	L45
   458 0000033D                                 L47:
   459 0000033D 5F                              	POP	EDI
   460 0000033E 58                              	POP	EAX
   461 0000033F 5B                              	POP	EBX
   462 00000340 5E                              	POP	ESI
   463 00000341 5F                              	POP	EDI
   464 00000342 5D                              	POP	EBP
   465 00000343 C3                              	RET
   466                                          [SECTION .data]
   467 00000040                                 _cursor.1:
   468 00000040 2A 2A 2A 2A 2A 2A 2A 2A 2A 2A   	DB	"**************.."
       0000004A 2A 2A 2A 2A 2E 2E 
   469 00000050 2A 4F 4F 4F 4F 4F 4F 4F 4F 4F   	DB	"*OOOOOOOOOOO*..."
       0000005A 4F 4F 2A 2E 2E 2E 
   470 00000060 2A 4F 4F 4F 4F 4F 4F 4F 4F 4F   	DB	"*OOOOOOOOOO*...."
       0000006A 4F 2A 2E 2E 2E 2E 
   471 00000070 2A 4F 4F 4F 4F 4F 4F 4F 4F 4F   	DB	"*OOOOOOOOO*....."
       0000007A 2A 2E 2E 2E 2E 2E 
   472 00000080 2A 4F 4F 4F 4F 4F 4F 4F 4F 2A   	DB	"*OOOOOOOO*......"
       0000008A 2E 2E 2E 2E 2E 2E 
   473 00000090 2A 4F 4F 4F 4F 4F 4F 4F 2A 2E   	DB	"*OOOOOOO*......."
       0000009A 2E 2E 2E 2E 2E 2E 
   474 000000A0 2A 4F 4F 4F 4F 4F 4F 4F 2A 20   	DB	"*OOOOOOO* ......"
       000000AA 2E 2E 2E 2E 2E 2E 
   475 000000B0 2A 4F 4F 4F 4F 4F 4F 4F 4F 2A   	DB	"*OOOOOOOO*......"
       000000BA 2E 2E 2E 2E 2E 2E 
   476 000000C0 2A 4F 4F 4F 4F 2A 2A 4F 4F 4F   	DB	"*OOOO**OOO*....."
       000000CA 2A 2E 2E 2E 2E 2E 
   477 000000D0 2A 4F 4F 4F 2A 2E 2E 2A 4F 4F   	DB	"*OOO*..*OOO*...."
       000000DA 4F 2A 2E 2E 2E 2E 
   478 000000E0 2A 4F 4F 2A 2E 2E 2E 2E 2A 4F   	DB	"*OO*....*OOO*..."
       000000EA 4F 4F 2A 2E 2E 2E 
   479 000000F0 2A 4F 2A 2E 2E 2E 2E 2E 2E 2A   	DB	"*O*......*OOO*.."
       000000FA 4F 4F 4F 2A 2E 2E 
   480 00000100 2A 2A 2E 2E 2E 2E 2E 2E 2E 2E   	DB	"**........*OOO*."
       0000010A 2A 4F 4F 4F 2A 2E 
   481 00000110 2A 2E 2E 2E 2E 2E 2E 2E 2E 2E   	DB	"*..........*OOO*"
       0000011A 2E 2A 4F 4F 4F 2A 
   482 00000120 2E 2E 2E 2E 2E 2E 2E 2E 2E 2E   	DB	"............*OO*"
       0000012A 2E 2E 2A 4F 4F 2A 
   483 00000130 2E 2E 2E 2E 2E 2E 2E 2E 2E 2E   	DB	".............***"
       0000013A 2E 2E 2E 2A 2A 2A 
   484                                          [SECTION .text]
   485 00000344                                 	GLOBAL	_init_mouse_cursor8
   486 00000344                                 _init_mouse_cursor8:
   487 00000344 55                              	PUSH	EBP
   488 00000345 89 E5                           	MOV	EBP,ESP
   489 00000347 57                              	PUSH	EDI
   490 00000348 56                              	PUSH	ESI
   491 00000349 31 F6                           	XOR	ESI,ESI
   492 0000034B 53                              	PUSH	EBX
   493 0000034C 31 DB                           	XOR	EBX,EBX
   494 0000034E 50                              	PUSH	EAX
   495 0000034F 8A 45 0C                        	MOV	AL,BYTE [12+EBP]
   496 00000352 8B 7D 08                        	MOV	EDI,DWORD [8+EBP]
   497 00000355 88 45 F3                        	MOV	BYTE [-13+EBP],AL
   498 00000358                                 L63:
   499 00000358 31 C9                           	XOR	ECX,ECX
   500 0000035A                                 L62:
   501 0000035A 8D 14 19                        	LEA	EDX,DWORD [ECX+EBX*1]
   502 0000035D 80 BA [00000040] 2A             	CMP	BYTE [_cursor.1+EDX],42
   503 00000364 74 3B                           	JE	L68
   504 00000366                                 L59:
   505 00000366 80 BA [00000040] 4F             	CMP	BYTE [_cursor.1+EDX],79
   506 0000036D 74 29                           	JE	L69
   507 0000036F                                 L60:
   508 0000036F 80 BA [00000040] 2E             	CMP	BYTE [_cursor.1+EDX],46
   509 00000376 74 15                           	JE	L70
   510 00000378                                 L57:
   511 00000378 41                              	INC	ECX
   512 00000379 83 F9 0F                        	CMP	ECX,15
   513 0000037C 7E DC                           	JLE	L62
   514 0000037E 46                              	INC	ESI
   515 0000037F 83 C3 10                        	ADD	EBX,16
   516 00000382 83 FE 0F                        	CMP	ESI,15
   517 00000385 7E D1                           	JLE	L63
   518 00000387 58                              	POP	EAX
   519 00000388 5B                              	POP	EBX
   520 00000389 5E                              	POP	ESI
   521 0000038A 5F                              	POP	EDI
   522 0000038B 5D                              	POP	EBP
   523 0000038C C3                              	RET
   524 0000038D                                 L70:
   525 0000038D 8D 04 1F                        	LEA	EAX,DWORD [EDI+EBX*1]
   526 00000390 8A 55 F3                        	MOV	DL,BYTE [-13+EBP]
   527 00000393 88 14 01                        	MOV	BYTE [ECX+EAX*1],DL
   528 00000396 EB E0                           	JMP	L57
   529 00000398                                 L69:
   530 00000398 8D 04 1F                        	LEA	EAX,DWORD [EDI+EBX*1]
   531 0000039B C6 04 01 06                     	MOV	BYTE [ECX+EAX*1],6
   532 0000039F EB CE                           	JMP	L60
   533 000003A1                                 L68:
   534 000003A1 8D 04 1F                        	LEA	EAX,DWORD [EDI+EBX*1]
   535 000003A4 C6 04 01 0C                     	MOV	BYTE [ECX+EAX*1],12
   536 000003A8 EB BC                           	JMP	L59
   537 000003AA                                 	GLOBAL	_putblock8_8
   538 000003AA                                 _putblock8_8:
   539 000003AA 55                              	PUSH	EBP
   540 000003AB 89 E5                           	MOV	EBP,ESP
   541 000003AD 57                              	PUSH	EDI
   542 000003AE 56                              	PUSH	ESI
   543 000003AF 31 FF                           	XOR	EDI,EDI
   544 000003B1 53                              	PUSH	EBX
   545 000003B2 3B 7D 14                        	CMP	EDI,DWORD [20+EBP]
   546 000003B5 7D 32                           	JGE	L83
   547 000003B7 8B 75 20                        	MOV	ESI,DWORD [32+EBP]
   548 000003BA                                 L81:
   549 000003BA 31 DB                           	XOR	EBX,EBX
   550 000003BC 3B 5D 10                        	CMP	EBX,DWORD [16+EBP]
   551 000003BF 7D 1F                           	JGE	L85
   552 000003C1                                 L80:
   553 000003C1 8B 55 1C                        	MOV	EDX,DWORD [28+EBP]
   554 000003C4 8D 04 3A                        	LEA	EAX,DWORD [EDX+EDI*1]
   555 000003C7 8B 55 18                        	MOV	EDX,DWORD [24+EBP]
   556 000003CA 0F AF 45 0C                     	IMUL	EAX,DWORD [12+EBP]
   557 000003CE 03 45 08                        	ADD	EAX,DWORD [8+EBP]
   558 000003D1 8D 0C 1A                        	LEA	ECX,DWORD [EDX+EBX*1]
   559 000003D4 8A 14 33                        	MOV	DL,BYTE [EBX+ESI*1]
   560 000003D7 43                              	INC	EBX
   561 000003D8 88 14 01                        	MOV	BYTE [ECX+EAX*1],DL
   562 000003DB 3B 5D 10                        	CMP	EBX,DWORD [16+EBP]
   563 000003DE 7C E1                           	JL	L80
   564 000003E0                                 L85:
   565 000003E0 47                              	INC	EDI
   566 000003E1 03 75 24                        	ADD	ESI,DWORD [36+EBP]
   567 000003E4 3B 7D 14                        	CMP	EDI,DWORD [20+EBP]
   568 000003E7 7C D1                           	JL	L81
   569 000003E9                                 L83:
   570 000003E9 5B                              	POP	EBX
   571 000003EA 5E                              	POP	ESI
   572 000003EB 5F                              	POP	EDI
   573 000003EC 5D                              	POP	EBP
   574 000003ED C3                              	RET
