     1 00000000                                 [FORMAT "WCOFF"]
     2 00000000                                 [INSTRSET "i486p"]
     3 00000000                                 [OPTIMIZE 1]
     4 00000000                                 [OPTION 1]
     5 00000000                                 [BITS 32]
     6 00000000                                 	EXTERN	_io_out8
     7 00000000                                 	EXTERN	_boxfill8
     8 00000000                                 	EXTERN	_putfonts8_asc
     9 00000000                                 	EXTERN	_io_hlt
    10 00000000                                 [FILE "int.c"]
    11                                          [SECTION .data]
    12 00000000                                 _font_A:
    13 00000000 00                              	DB	0
    14 00000001 18                              	DB	24
    15 00000002 18                              	DB	24
    16 00000003 18                              	DB	24
    17 00000004 24                              	DB	36
    18 00000005 24                              	DB	36
    19 00000006 24                              	DB	36
    20 00000007 24                              	DB	36
    21 00000008 7E                              	DB	126
    22 00000009 42                              	DB	66
    23 0000000A 42                              	DB	66
    24 0000000B E7                              	DB	-25
    25 0000000C 00                              	DB	0
    26 0000000D 00                              	DB	0
    27 0000000E 00 00                           	RESB	2
    28                                          [SECTION .text]
    29 00000000                                 	GLOBAL	_init_pic
    30 00000000                                 _init_pic:
    31 00000000 55                              	PUSH	EBP
    32 00000001 89 E5                           	MOV	EBP,ESP
    33 00000003 68 000000FF                     	PUSH	255
    34 00000008 6A 21                           	PUSH	33
    35 0000000A E8 [00000000]                   	CALL	_io_out8
    36 0000000F 68 000000FF                     	PUSH	255
    37 00000014 68 000000A1                     	PUSH	161
    38 00000019 E8 [00000000]                   	CALL	_io_out8
    39 0000001E 6A 11                           	PUSH	17
    40 00000020 6A 20                           	PUSH	32
    41 00000022 E8 [00000000]                   	CALL	_io_out8
    42 00000027 6A 20                           	PUSH	32
    43 00000029 6A 21                           	PUSH	33
    44 0000002B E8 [00000000]                   	CALL	_io_out8
    45 00000030 83 C4 20                        	ADD	ESP,32
    46 00000033 6A 04                           	PUSH	4
    47 00000035 6A 21                           	PUSH	33
    48 00000037 E8 [00000000]                   	CALL	_io_out8
    49 0000003C 6A 01                           	PUSH	1
    50 0000003E 6A 21                           	PUSH	33
    51 00000040 E8 [00000000]                   	CALL	_io_out8
    52 00000045 6A 11                           	PUSH	17
    53 00000047 68 000000A0                     	PUSH	160
    54 0000004C E8 [00000000]                   	CALL	_io_out8
    55 00000051 6A 28                           	PUSH	40
    56 00000053 68 000000A1                     	PUSH	161
    57 00000058 E8 [00000000]                   	CALL	_io_out8
    58 0000005D 83 C4 20                        	ADD	ESP,32
    59 00000060 6A 02                           	PUSH	2
    60 00000062 68 000000A1                     	PUSH	161
    61 00000067 E8 [00000000]                   	CALL	_io_out8
    62 0000006C 6A 01                           	PUSH	1
    63 0000006E 68 000000A1                     	PUSH	161
    64 00000073 E8 [00000000]                   	CALL	_io_out8
    65 00000078 68 000000FB                     	PUSH	251
    66 0000007D 6A 21                           	PUSH	33
    67 0000007F E8 [00000000]                   	CALL	_io_out8
    68 00000084 68 000000FF                     	PUSH	255
    69 00000089 68 000000A1                     	PUSH	161
    70 0000008E E8 [00000000]                   	CALL	_io_out8
    71 00000093 C9                              	LEAVE
    72 00000094 C3                              	RET
    73                                          [SECTION .data]
    74 00000010                                 LC0:
    75 00000010 49 4E 54 20 20 32 31 20 20 28   	DB	"INT  21  (IRQ-1) : PS/2 keyboard",0x00
       0000001A 49 52 51 2D 31 29 20 3A 20 50 
       00000024 53 2F 32 20 6B 65 79 62 6F 61 
       0000002E 72 64 00 
    76                                          [SECTION .text]
    77 00000095                                 	GLOBAL	_inthandler21
    78 00000095                                 _inthandler21:
    79 00000095 55                              	PUSH	EBP
    80 00000096 89 E5                           	MOV	EBP,ESP
    81 00000098 6A 0F                           	PUSH	15
    82 0000009A 68 000000FF                     	PUSH	255
    83 0000009F 6A 00                           	PUSH	0
    84 000000A1 6A 00                           	PUSH	0
    85 000000A3 6A 00                           	PUSH	0
    86 000000A5 0F BF 05 00000FF4               	MOVSX	EAX,WORD [4084]
    87 000000AC 50                              	PUSH	EAX
    88 000000AD FF 35 00000FF8                  	PUSH	DWORD [4088]
    89 000000B3 E8 [00000000]                   	CALL	_boxfill8
    90 000000B8 68 [00000010]                   	PUSH	LC0
    91 000000BD 6A 00                           	PUSH	0
    92 000000BF 6A 00                           	PUSH	0
    93 000000C1 6A 0C                           	PUSH	12
    94 000000C3 0F BF 05 00000FF4               	MOVSX	EAX,WORD [4084]
    95 000000CA 50                              	PUSH	EAX
    96 000000CB FF 35 00000FF8                  	PUSH	DWORD [4088]
    97 000000D1 E8 [00000000]                   	CALL	_putfonts8_asc
    98 000000D6 83 C4 34                        	ADD	ESP,52
    99 000000D9                                 L3:
   100 000000D9 E8 [00000000]                   	CALL	_io_hlt
   101 000000DE EB F9                           	JMP	L3
   102                                          [SECTION .data]
   103 00000031                                 LC1:
   104 00000031 49 4E 54 20 20 32 63 20 20 28   	DB	"INT  2c  (IRQ-12) : PS/2 mouse",0x00
       0000003B 49 52 51 2D 31 32 29 20 3A 20 
       00000045 50 53 2F 32 20 6D 6F 75 73 65 
       0000004F 00 
   105                                          [SECTION .text]
   106 000000E0                                 	GLOBAL	_inthandler2c
   107 000000E0                                 _inthandler2c:
   108 000000E0 55                              	PUSH	EBP
   109 000000E1 89 E5                           	MOV	EBP,ESP
   110 000000E3 6A 0F                           	PUSH	15
   111 000000E5 68 000000FF                     	PUSH	255
   112 000000EA 6A 00                           	PUSH	0
   113 000000EC 6A 00                           	PUSH	0
   114 000000EE 6A 00                           	PUSH	0
   115 000000F0 0F BF 05 00000FF4               	MOVSX	EAX,WORD [4084]
   116 000000F7 50                              	PUSH	EAX
   117 000000F8 FF 35 00000FF8                  	PUSH	DWORD [4088]
   118 000000FE E8 [00000000]                   	CALL	_boxfill8
   119 00000103 68 [00000031]                   	PUSH	LC1
   120 00000108 6A 00                           	PUSH	0
   121 0000010A 6A 00                           	PUSH	0
   122 0000010C 6A 07                           	PUSH	7
   123 0000010E 0F BF 05 00000FF4               	MOVSX	EAX,WORD [4084]
   124 00000115 50                              	PUSH	EAX
   125 00000116 FF 35 00000FF8                  	PUSH	DWORD [4088]
   126 0000011C E8 [00000000]                   	CALL	_putfonts8_asc
   127 00000121 83 C4 34                        	ADD	ESP,52
   128 00000124                                 L7:
   129 00000124 E8 [00000000]                   	CALL	_io_hlt
   130 00000129 EB F9                           	JMP	L7
   131 0000012B                                 	GLOBAL	_inthandler27
   132 0000012B                                 _inthandler27:
   133 0000012B 55                              	PUSH	EBP
   134 0000012C 89 E5                           	MOV	EBP,ESP
   135 0000012E 6A 67                           	PUSH	103
   136 00000130 6A 20                           	PUSH	32
   137 00000132 E8 [00000000]                   	CALL	_io_out8
   138 00000137 C9                              	LEAVE
   139 00000138 C3                              	RET
