     1 00000000                                 [FORMAT "WCOFF"]
     2 00000000                                 [INSTRSET "i486p"]
     3 00000000                                 [OPTIMIZE 1]
     4 00000000                                 [OPTION 1]
     5 00000000                                 [BITS 32]
     6 00000000                                 	EXTERN	_font_A
     7 00000000                                 	EXTERN	_sprintf
     8 00000000                                 	EXTERN	_io_hlt
     9 00000000                                 	EXTERN	_hankaku
    10 00000000                                 [FILE "bootpack.c"]
    11                                          [SECTION .data]
    12 00000000                                 _font_A:
    13 00000000 00                              	DB	0
    14 00000001 18                              	DB	24
    15 00000002 18                              	DB	24
    16 00000003 18                              	DB	24
    17 00000004 24                              	DB	36
    18 00000005 24                              	DB	36
    19 00000006 24                              	DB	36
    20 00000007 24                              	DB	36
    21 00000008 7E                              	DB	126
    22 00000009 42                              	DB	66
    23 0000000A 42                              	DB	66
    24 0000000B E7                              	DB	-25
    25 0000000C 00                              	DB	0
    26 0000000D 00                              	DB	0
    27 0000000E 00 00                           	RESB	2
    28 00000010                                 LC0:
    29 00000010 77 68 61 74 3F 00               	DB	"what?",0x00
    30 00000016                                 LC1:
    31 00000016 73 63 72 6E 78 20 3D 20 25 64   	DB	"scrnx = %d",0x00
       00000020 00 
    32                                          [SECTION .text]
    33 00000000                                 	GLOBAL	_HariMain
    34 00000000                                 _HariMain:
    35 00000000 55                              	PUSH	EBP
    36 00000001 89 E5                           	MOV	EBP,ESP
    37 00000003 57                              	PUSH	EDI
    38 00000004 56                              	PUSH	ESI
    39 00000005 53                              	PUSH	EBX
    40 00000006 8D 5D C4                        	LEA	EBX,DWORD [-60+EBP]
    41 00000009 81 EC 00000130                  	SUB	ESP,304
    42 0000000F 0F BF 35 00000FF4               	MOVSX	ESI,WORD [4084]
    43 00000016 8B 3D 00000FF8                  	MOV	EDI,DWORD [4088]
    44 0000001C 68 [00000000]                   	PUSH	_font_A
    45 00000021 6A 02                           	PUSH	2
    46 00000023 6A 02                           	PUSH	2
    47 00000025 6A 06                           	PUSH	6
    48 00000027 56                              	PUSH	ESI
    49 00000028 57                              	PUSH	EDI
    50 00000029 E8 00000111                     	CALL	_putfont8
    51 0000002E 68 [00000000]                   	PUSH	_font_A
    52 00000033 6A 0C                           	PUSH	12
    53 00000035 6A 0C                           	PUSH	12
    54 00000037 6A 06                           	PUSH	6
    55 00000039 56                              	PUSH	ESI
    56 0000003A 57                              	PUSH	EDI
    57 0000003B E8 000000FF                     	CALL	_putfont8
    58 00000040 83 C4 30                        	ADD	ESP,48
    59 00000043 68 [00000000]                   	PUSH	_font_A
    60 00000048 6A 16                           	PUSH	22
    61 0000004A 6A 16                           	PUSH	22
    62 0000004C 6A 06                           	PUSH	6
    63 0000004E 56                              	PUSH	ESI
    64 0000004F 57                              	PUSH	EDI
    65 00000050 E8 000000EA                     	CALL	_putfont8
    66 00000055 68 [00000000]                   	PUSH	_font_A
    67 0000005A 6A 20                           	PUSH	32
    68 0000005C 6A 20                           	PUSH	32
    69 0000005E 6A 06                           	PUSH	6
    70 00000060 56                              	PUSH	ESI
    71 00000061 57                              	PUSH	EDI
    72 00000062 E8 000000D8                     	CALL	_putfont8
    73 00000067 83 C4 30                        	ADD	ESP,48
    74 0000006A 68 [00000010]                   	PUSH	LC0
    75 0000006F 6A 14                           	PUSH	20
    76 00000071 6A 14                           	PUSH	20
    77 00000073 6A 09                           	PUSH	9
    78 00000075 56                              	PUSH	ESI
    79 00000076 57                              	PUSH	EDI
    80 00000077 E8 00000074                     	CALL	_putfonts8_asc
    81 0000007C 68 [00000010]                   	PUSH	LC0
    82 00000081 6A 28                           	PUSH	40
    83 00000083 6A 28                           	PUSH	40
    84 00000085 6A 09                           	PUSH	9
    85 00000087 56                              	PUSH	ESI
    86 00000088 57                              	PUSH	EDI
    87 00000089 E8 00000062                     	CALL	_putfonts8_asc
    88 0000008E 83 C4 30                        	ADD	ESP,48
    89 00000091 68 [00000010]                   	PUSH	LC0
    90 00000096 6A 3C                           	PUSH	60
    91 00000098 6A 3C                           	PUSH	60
    92 0000009A 6A 09                           	PUSH	9
    93 0000009C 56                              	PUSH	ESI
    94 0000009D 57                              	PUSH	EDI
    95 0000009E E8 0000004D                     	CALL	_putfonts8_asc
    96 000000A3 56                              	PUSH	ESI
    97 000000A4 68 [00000016]                   	PUSH	LC1
    98 000000A9 53                              	PUSH	EBX
    99 000000AA E8 [00000000]                   	CALL	_sprintf
   100 000000AF 83 C4 24                        	ADD	ESP,36
   101 000000B2 53                              	PUSH	EBX
   102 000000B3 8D 9D FFFFFEC4                  	LEA	EBX,DWORD [-316+EBP]
   103 000000B9 6A 40                           	PUSH	64
   104 000000BB 6A 10                           	PUSH	16
   105 000000BD 6A 06                           	PUSH	6
   106 000000BF 56                              	PUSH	ESI
   107 000000C0 57                              	PUSH	EDI
   108 000000C1 E8 0000002A                     	CALL	_putfonts8_asc
   109 000000C6 6A 00                           	PUSH	0
   110 000000C8 53                              	PUSH	EBX
   111 000000C9 E8 00000148                     	CALL	_init_mouse_cursor8
   112 000000CE 83 C4 20                        	ADD	ESP,32
   113 000000D1 6A 10                           	PUSH	16
   114 000000D3 53                              	PUSH	EBX
   115 000000D4 6A 64                           	PUSH	100
   116 000000D6 68 000000A0                     	PUSH	160
   117 000000DB 6A 10                           	PUSH	16
   118 000000DD 6A 10                           	PUSH	16
   119 000000DF 56                              	PUSH	ESI
   120 000000E0 57                              	PUSH	EDI
   121 000000E1 E8 00000196                     	CALL	_putblock8_8
   122 000000E6 83 C4 20                        	ADD	ESP,32
   123 000000E9                                 L2:
   124 000000E9 E8 [00000000]                   	CALL	_io_hlt
   125 000000EE EB F9                           	JMP	L2
   126 000000F0                                 	GLOBAL	_putfonts8_asc
   127 000000F0                                 _putfonts8_asc:
   128 000000F0 55                              	PUSH	EBP
   129 000000F1 89 E5                           	MOV	EBP,ESP
   130 000000F3 57                              	PUSH	EDI
   131 000000F4 56                              	PUSH	ESI
   132 000000F5 53                              	PUSH	EBX
   133 000000F6 50                              	PUSH	EAX
   134 000000F7 8B 5D 1C                        	MOV	EBX,DWORD [28+EBP]
   135 000000FA 8A 45 10                        	MOV	AL,BYTE [16+EBP]
   136 000000FD 88 45 F3                        	MOV	BYTE [-13+EBP],AL
   137 00000100 8B 75 14                        	MOV	ESI,DWORD [20+EBP]
   138 00000103 8B 7D 18                        	MOV	EDI,DWORD [24+EBP]
   139 00000106 80 3B 00                        	CMP	BYTE [EBX],0
   140 00000109 75 08                           	JNE	L10
   141 0000010B                                 L12:
   142 0000010B 8D 65 F4                        	LEA	ESP,DWORD [-12+EBP]
   143 0000010E 5B                              	POP	EBX
   144 0000010F 5E                              	POP	ESI
   145 00000110 5F                              	POP	EDI
   146 00000111 5D                              	POP	EBP
   147 00000112 C3                              	RET
   148 00000113                                 L10:
   149 00000113 0F B6 03                        	MOVZX	EAX,BYTE [EBX]
   150 00000116 C1 E0 04                        	SAL	EAX,4
   151 00000119 43                              	INC	EBX
   152 0000011A 05 [00000000]                   	ADD	EAX,_hankaku
   153 0000011F 50                              	PUSH	EAX
   154 00000120 57                              	PUSH	EDI
   155 00000121 56                              	PUSH	ESI
   156 00000122 83 C6 08                        	ADD	ESI,8
   157 00000125 0F BE 45 F3                     	MOVSX	EAX,BYTE [-13+EBP]
   158 00000129 50                              	PUSH	EAX
   159 0000012A FF 75 0C                        	PUSH	DWORD [12+EBP]
   160 0000012D FF 75 08                        	PUSH	DWORD [8+EBP]
   161 00000130 E8 0000000A                     	CALL	_putfont8
   162 00000135 83 C4 18                        	ADD	ESP,24
   163 00000138 80 3B 00                        	CMP	BYTE [EBX],0
   164 0000013B 75 D6                           	JNE	L10
   165 0000013D EB CC                           	JMP	L12
   166 0000013F                                 	GLOBAL	_putfont8
   167 0000013F                                 _putfont8:
   168 0000013F 55                              	PUSH	EBP
   169 00000140 89 E5                           	MOV	EBP,ESP
   170 00000142 57                              	PUSH	EDI
   171 00000143 56                              	PUSH	ESI
   172 00000144 31 F6                           	XOR	ESI,ESI
   173 00000146 53                              	PUSH	EBX
   174 00000147 8B 7D 1C                        	MOV	EDI,DWORD [28+EBP]
   175 0000014A 8A 5D 10                        	MOV	BL,BYTE [16+EBP]
   176 0000014D                                 L26:
   177 0000014D 8B 45 18                        	MOV	EAX,DWORD [24+EBP]
   178 00000150 8B 55 14                        	MOV	EDX,DWORD [20+EBP]
   179 00000153 01 F0                           	ADD	EAX,ESI
   180 00000155 0F AF 45 0C                     	IMUL	EAX,DWORD [12+EBP]
   181 00000159 03 45 08                        	ADD	EAX,DWORD [8+EBP]
   182 0000015C 8D 0C 02                        	LEA	ECX,DWORD [EDX+EAX*1]
   183 0000015F 8A 14 3E                        	MOV	DL,BYTE [ESI+EDI*1]
   184 00000162 84 D2                           	TEST	DL,DL
   185 00000164 79 02                           	JNS	L18
   186 00000166 88 19                           	MOV	BYTE [ECX],BL
   187 00000168                                 L18:
   188 00000168 88 D0                           	MOV	AL,DL
   189 0000016A 83 E0 40                        	AND	EAX,64
   190 0000016D 84 C0                           	TEST	AL,AL
   191 0000016F 74 03                           	JE	L19
   192 00000171 88 59 01                        	MOV	BYTE [1+ECX],BL
   193 00000174                                 L19:
   194 00000174 88 D0                           	MOV	AL,DL
   195 00000176 83 E0 20                        	AND	EAX,32
   196 00000179 84 C0                           	TEST	AL,AL
   197 0000017B 74 03                           	JE	L20
   198 0000017D 88 59 02                        	MOV	BYTE [2+ECX],BL
   199 00000180                                 L20:
   200 00000180 88 D0                           	MOV	AL,DL
   201 00000182 83 E0 10                        	AND	EAX,16
   202 00000185 84 C0                           	TEST	AL,AL
   203 00000187 74 03                           	JE	L21
   204 00000189 88 59 03                        	MOV	BYTE [3+ECX],BL
   205 0000018C                                 L21:
   206 0000018C 88 D0                           	MOV	AL,DL
   207 0000018E 83 E0 08                        	AND	EAX,8
   208 00000191 84 C0                           	TEST	AL,AL
   209 00000193 74 03                           	JE	L22
   210 00000195 88 59 04                        	MOV	BYTE [4+ECX],BL
   211 00000198                                 L22:
   212 00000198 88 D0                           	MOV	AL,DL
   213 0000019A 83 E0 04                        	AND	EAX,4
   214 0000019D 84 C0                           	TEST	AL,AL
   215 0000019F 74 03                           	JE	L23
   216 000001A1 88 59 05                        	MOV	BYTE [5+ECX],BL
   217 000001A4                                 L23:
   218 000001A4 88 D0                           	MOV	AL,DL
   219 000001A6 83 E0 02                        	AND	EAX,2
   220 000001A9 84 C0                           	TEST	AL,AL
   221 000001AB 74 03                           	JE	L24
   222 000001AD 88 59 06                        	MOV	BYTE [6+ECX],BL
   223 000001B0                                 L24:
   224 000001B0 83 E2 01                        	AND	EDX,1
   225 000001B3 84 D2                           	TEST	DL,DL
   226 000001B5 74 03                           	JE	L16
   227 000001B7 88 59 07                        	MOV	BYTE [7+ECX],BL
   228 000001BA                                 L16:
   229 000001BA 46                              	INC	ESI
   230 000001BB 83 FE 0F                        	CMP	ESI,15
   231 000001BE 7E 8D                           	JLE	L26
   232 000001C0 5B                              	POP	EBX
   233 000001C1 5E                              	POP	ESI
   234 000001C2 5F                              	POP	EDI
   235 000001C3 5D                              	POP	EBP
   236 000001C4 C3                              	RET
   237 000001C5                                 	GLOBAL	_boxfill8
   238 000001C5                                 _boxfill8:
   239 000001C5 55                              	PUSH	EBP
   240 000001C6 89 E5                           	MOV	EBP,ESP
   241 000001C8 57                              	PUSH	EDI
   242 000001C9 56                              	PUSH	ESI
   243 000001CA 53                              	PUSH	EBX
   244 000001CB 53                              	PUSH	EBX
   245 000001CC 53                              	PUSH	EBX
   246 000001CD 8A 45 10                        	MOV	AL,BYTE [16+EBP]
   247 000001D0 8B 4D 18                        	MOV	ECX,DWORD [24+EBP]
   248 000001D3 8B 7D 1C                        	MOV	EDI,DWORD [28+EBP]
   249 000001D6 88 45 F3                        	MOV	BYTE [-13+EBP],AL
   250 000001D9 3B 4D 20                        	CMP	ECX,DWORD [32+EBP]
   251 000001DC 7F 31                           	JG	L41
   252 000001DE 8B 5D 0C                        	MOV	EBX,DWORD [12+EBP]
   253 000001E1 0F AF D9                        	IMUL	EBX,ECX
   254 000001E4                                 L39:
   255 000001E4 8B 55 14                        	MOV	EDX,DWORD [20+EBP]
   256 000001E7 39 FA                           	CMP	EDX,EDI
   257 000001E9 7F 1B                           	JG	L43
   258 000001EB 8B 75 08                        	MOV	ESI,DWORD [8+EBP]
   259 000001EE 01 DE                           	ADD	ESI,EBX
   260 000001F0 01 D6                           	ADD	ESI,EDX
   261 000001F2 89 75 EC                        	MOV	DWORD [-20+EBP],ESI
   262 000001F5                                 L38:
   263 000001F5 8B 75 EC                        	MOV	ESI,DWORD [-20+EBP]
   264 000001F8 8A 45 F3                        	MOV	AL,BYTE [-13+EBP]
   265 000001FB 42                              	INC	EDX
   266 000001FC 88 06                           	MOV	BYTE [ESI],AL
   267 000001FE 46                              	INC	ESI
   268 000001FF 89 75 EC                        	MOV	DWORD [-20+EBP],ESI
   269 00000202 39 FA                           	CMP	EDX,EDI
   270 00000204 7E EF                           	JLE	L38
   271 00000206                                 L43:
   272 00000206 41                              	INC	ECX
   273 00000207 03 5D 0C                        	ADD	EBX,DWORD [12+EBP]
   274 0000020A 3B 4D 20                        	CMP	ECX,DWORD [32+EBP]
   275 0000020D 7E D5                           	JLE	L39
   276 0000020F                                 L41:
   277 0000020F 5A                              	POP	EDX
   278 00000210 59                              	POP	ECX
   279 00000211 5B                              	POP	EBX
   280 00000212 5E                              	POP	ESI
   281 00000213 5F                              	POP	EDI
   282 00000214 5D                              	POP	EBP
   283 00000215 C3                              	RET
   284                                          [SECTION .data]
   285 00000021                                 _cursor.0:
   286 00000021 2A 2A 2A 2A 2A 2A 2A 2A 2A 2A   	DB	"**************.."
       0000002B 2A 2A 2A 2A 2E 2E 
   287 00000031 2A 4F 4F 4F 4F 4F 4F 4F 4F 4F   	DB	"*OOOOOOOOOOO*..."
       0000003B 4F 4F 2A 2E 2E 2E 
   288 00000041 2A 4F 4F 4F 4F 4F 4F 4F 4F 4F   	DB	"*OOOOOOOOOO*...."
       0000004B 4F 2A 2E 2E 2E 2E 
   289 00000051 2A 4F 4F 4F 4F 4F 4F 4F 4F 4F   	DB	"*OOOOOOOOO*....."
       0000005B 2A 2E 2E 2E 2E 2E 
   290 00000061 2A 4F 4F 4F 4F 4F 4F 4F 4F 2A   	DB	"*OOOOOOOO*......"
       0000006B 2E 2E 2E 2E 2E 2E 
   291 00000071 2A 4F 4F 4F 4F 4F 4F 4F 2A 2E   	DB	"*OOOOOOO*......."
       0000007B 2E 2E 2E 2E 2E 2E 
   292 00000081 2A 4F 4F 4F 4F 4F 4F 4F 2A 20   	DB	"*OOOOOOO* ......"
       0000008B 2E 2E 2E 2E 2E 2E 
   293 00000091 2A 4F 4F 4F 4F 4F 4F 4F 4F 2A   	DB	"*OOOOOOOO*......"
       0000009B 2E 2E 2E 2E 2E 2E 
   294 000000A1 2A 4F 4F 4F 4F 2A 2A 4F 4F 4F   	DB	"*OOOO**OOO*....."
       000000AB 2A 2E 2E 2E 2E 2E 
   295 000000B1 2A 4F 4F 4F 2A 2E 2E 2A 4F 4F   	DB	"*OOO*..*OOO*...."
       000000BB 4F 2A 2E 2E 2E 2E 
   296 000000C1 2A 4F 4F 2A 2E 2E 2E 2E 2A 4F   	DB	"*OO*....*OOO*..."
       000000CB 4F 4F 2A 2E 2E 2E 
   297 000000D1 2A 4F 2A 2E 2E 2E 2E 2E 2E 2A   	DB	"*O*......*OOO*.."
       000000DB 4F 4F 4F 2A 2E 2E 
   298 000000E1 2A 2A 2E 2E 2E 2E 2E 2E 2E 2E   	DB	"**........*OOO*."
       000000EB 2A 4F 4F 4F 2A 2E 
   299 000000F1 2A 2E 2E 2E 2E 2E 2E 2E 2E 2E   	DB	"*..........*OOO*"
       000000FB 2E 2A 4F 4F 4F 2A 
   300 00000101 2E 2E 2E 2E 2E 2E 2E 2E 2E 2E   	DB	"............*OO*"
       0000010B 2E 2E 2A 4F 4F 2A 
   301 00000111 2E 2E 2E 2E 2E 2E 2E 2E 2E 2E   	DB	".............***"
       0000011B 2E 2E 2E 2A 2A 2A 
   302                                          [SECTION .text]
   303 00000216                                 	GLOBAL	_init_mouse_cursor8
   304 00000216                                 _init_mouse_cursor8:
   305 00000216 55                              	PUSH	EBP
   306 00000217 89 E5                           	MOV	EBP,ESP
   307 00000219 57                              	PUSH	EDI
   308 0000021A 56                              	PUSH	ESI
   309 0000021B 53                              	PUSH	EBX
   310 0000021C 31 F6                           	XOR	ESI,ESI
   311 0000021E 57                              	PUSH	EDI
   312 0000021F 31 DB                           	XOR	EBX,EBX
   313 00000221 8A 45 0C                        	MOV	AL,BYTE [12+EBP]
   314 00000224 8B 7D 08                        	MOV	EDI,DWORD [8+EBP]
   315 00000227 88 45 F3                        	MOV	BYTE [-13+EBP],AL
   316 0000022A                                 L57:
   317 0000022A 31 C9                           	XOR	ECX,ECX
   318 0000022C                                 L56:
   319 0000022C 8D 14 19                        	LEA	EDX,DWORD [ECX+EBX*1]
   320 0000022F 80 BA [00000021] 2A             	CMP	BYTE [_cursor.0+EDX],42
   321 00000236 74 3B                           	JE	L62
   322 00000238                                 L53:
   323 00000238 80 BA [00000021] 4F             	CMP	BYTE [_cursor.0+EDX],79
   324 0000023F 74 29                           	JE	L63
   325 00000241                                 L54:
   326 00000241 80 BA [00000021] 2E             	CMP	BYTE [_cursor.0+EDX],46
   327 00000248 74 15                           	JE	L64
   328 0000024A                                 L51:
   329 0000024A 41                              	INC	ECX
   330 0000024B 83 F9 0F                        	CMP	ECX,15
   331 0000024E 7E DC                           	JLE	L56
   332 00000250 46                              	INC	ESI
   333 00000251 83 C3 10                        	ADD	EBX,16
   334 00000254 83 FE 0F                        	CMP	ESI,15
   335 00000257 7E D1                           	JLE	L57
   336 00000259 5E                              	POP	ESI
   337 0000025A 5B                              	POP	EBX
   338 0000025B 5E                              	POP	ESI
   339 0000025C 5F                              	POP	EDI
   340 0000025D 5D                              	POP	EBP
   341 0000025E C3                              	RET
   342 0000025F                                 L64:
   343 0000025F 8D 04 1F                        	LEA	EAX,DWORD [EDI+EBX*1]
   344 00000262 8A 55 F3                        	MOV	DL,BYTE [-13+EBP]
   345 00000265 88 14 01                        	MOV	BYTE [ECX+EAX*1],DL
   346 00000268 EB E0                           	JMP	L51
   347 0000026A                                 L63:
   348 0000026A 8D 04 1F                        	LEA	EAX,DWORD [EDI+EBX*1]
   349 0000026D C6 04 01 06                     	MOV	BYTE [ECX+EAX*1],6
   350 00000271 EB CE                           	JMP	L54
   351 00000273                                 L62:
   352 00000273 8D 04 1F                        	LEA	EAX,DWORD [EDI+EBX*1]
   353 00000276 C6 04 01 0C                     	MOV	BYTE [ECX+EAX*1],12
   354 0000027A EB BC                           	JMP	L53
   355 0000027C                                 	GLOBAL	_putblock8_8
   356 0000027C                                 _putblock8_8:
   357 0000027C 55                              	PUSH	EBP
   358 0000027D 89 E5                           	MOV	EBP,ESP
   359 0000027F 57                              	PUSH	EDI
   360 00000280 56                              	PUSH	ESI
   361 00000281 31 FF                           	XOR	EDI,EDI
   362 00000283 53                              	PUSH	EBX
   363 00000284 3B 7D 14                        	CMP	EDI,DWORD [20+EBP]
   364 00000287 7D 32                           	JGE	L77
   365 00000289 8B 75 20                        	MOV	ESI,DWORD [32+EBP]
   366 0000028C                                 L75:
   367 0000028C 31 DB                           	XOR	EBX,EBX
   368 0000028E 3B 5D 10                        	CMP	EBX,DWORD [16+EBP]
   369 00000291 7D 1F                           	JGE	L79
   370 00000293                                 L74:
   371 00000293 8B 55 1C                        	MOV	EDX,DWORD [28+EBP]
   372 00000296 8D 04 3A                        	LEA	EAX,DWORD [EDX+EDI*1]
   373 00000299 8B 55 18                        	MOV	EDX,DWORD [24+EBP]
   374 0000029C 0F AF 45 0C                     	IMUL	EAX,DWORD [12+EBP]
   375 000002A0 03 45 08                        	ADD	EAX,DWORD [8+EBP]
   376 000002A3 8D 0C 1A                        	LEA	ECX,DWORD [EDX+EBX*1]
   377 000002A6 8A 14 33                        	MOV	DL,BYTE [EBX+ESI*1]
   378 000002A9 43                              	INC	EBX
   379 000002AA 88 14 01                        	MOV	BYTE [ECX+EAX*1],DL
   380 000002AD 3B 5D 10                        	CMP	EBX,DWORD [16+EBP]
   381 000002B0 7C E1                           	JL	L74
   382 000002B2                                 L79:
   383 000002B2 47                              	INC	EDI
   384 000002B3 03 75 24                        	ADD	ESI,DWORD [36+EBP]
   385 000002B6 3B 7D 14                        	CMP	EDI,DWORD [20+EBP]
   386 000002B9 7C D1                           	JL	L75
   387 000002BB                                 L77:
   388 000002BB 5B                              	POP	EBX
   389 000002BC 5E                              	POP	ESI
   390 000002BD 5F                              	POP	EDI
   391 000002BE 5D                              	POP	EBP
   392 000002BF C3                              	RET
