     1 00000000                                 [FORMAT "WCOFF"]
     2 00000000                                 [INSTRSET "i486p"]
     3 00000000                                 [OPTIMIZE 1]
     4 00000000                                 [OPTION 1]
     5 00000000                                 [BITS 32]
     6 00000000                                 	EXTERN	_init_gdtidt
     7 00000000                                 	EXTERN	_init_pic
     8 00000000                                 	EXTERN	_io_sti
     9 00000000                                 	EXTERN	_keyfifo
    10 00000000                                 	EXTERN	_fifo8_init
    11 00000000                                 	EXTERN	_mousefifo
    12 00000000                                 	EXTERN	_io_out8
    13 00000000                                 	EXTERN	_init_keyboard
    14 00000000                                 	EXTERN	_enable_mouse
    15 00000000                                 	EXTERN	_memtest
    16 00000000                                 	EXTERN	_memman_init
    17 00000000                                 	EXTERN	_memman_free
    18 00000000                                 	EXTERN	_init_palette
    19 00000000                                 	EXTERN	_init_screen
    20 00000000                                 	EXTERN	_init_mouse_cursor8
    21 00000000                                 	EXTERN	_sprintf
    22 00000000                                 	EXTERN	_putfonts8_asc
    23 00000000                                 	EXTERN	_memman_total
    24 00000000                                 	EXTERN	_io_cli
    25 00000000                                 	EXTERN	_fifo8_status
    26 00000000                                 	EXTERN	_fifo8_get
    27 00000000                                 	EXTERN	_mouse_decode
    28 00000000                                 	EXTERN	_boxfill8
    29 00000000                                 	EXTERN	_putblock8_8
    30 00000000                                 	EXTERN	_io_stihlt
    31 00000000                                 [FILE "bootpack.c"]
    32                                          [SECTION .data]
    33 00000000                                 LC0:
    34 00000000 28 25 33 64 2C 20 25 33 64 29   	DB	"(%3d, %3d)",0x00
       0000000A 00 
    35 0000000B                                 LC1:
    36 0000000B 6D 65 6D 6F 72 79 20 25 64 4D   	DB	"memory %dMB free: %dKB",0x00
       00000015 42 20 66 72 65 65 3A 20 25 64 
       0000001F 4B 42 00 
    37 00000022                                 LC3:
    38 00000022 5B 6C 63 72 20 25 34 64 20 25   	DB	"[lcr %4d %4d]",0x00
       0000002C 34 64 5D 00 
    39 00000030                                 LC4:
    40 00000030 28 25 33 64 2C 25 33 64 29 00   	DB	"(%3d,%3d)",0x00
    41 0000003A                                 LC2:
    42 0000003A 25 30 32 78 00                  	DB	"%02x",0x00
    43                                          [SECTION .text]
    44 00000000                                 	GLOBAL	_HariMain
    45 00000000                                 _HariMain:
    46 00000000 55                              	PUSH	EBP
    47 00000001 89 E5                           	MOV	EBP,ESP
    48 00000003 57                              	PUSH	EDI
    49 00000004 56                              	PUSH	ESI
    50 00000005 53                              	PUSH	EBX
    51 00000006 8D 5D C4                        	LEA	EBX,DWORD [-60+EBP]
    52 00000009 81 EC 000001F0                  	SUB	ESP,496
    53 0000000F 0F BF 05 00000FF6               	MOVSX	EAX,WORD [4086]
    54 00000016 89 85 FFFFFE10                  	MOV	DWORD [-496+EBP],EAX
    55 0000001C A1 00000FF8                     	MOV	EAX,DWORD [4088]
    56 00000021 89 85 FFFFFE0C                  	MOV	DWORD [-500+EBP],EAX
    57 00000027 0F BF 3D 00000FF4               	MOVSX	EDI,WORD [4084]
    58 0000002E C7 85 FFFFFE08 00000000         	MOV	DWORD [-504+EBP],0
    59 00000038 C7 85 FFFFFE04 00000000         	MOV	DWORD [-508+EBP],0
    60 00000042 E8 [00000000]                   	CALL	_init_gdtidt
    61 00000047 E8 [00000000]                   	CALL	_init_pic
    62 0000004C E8 [00000000]                   	CALL	_io_sti
    63 00000051 8D 85 FFFFFEA4                  	LEA	EAX,DWORD [-348+EBP]
    64 00000057 50                              	PUSH	EAX
    65 00000058 6A 20                           	PUSH	32
    66 0000005A 68 [00000000]                   	PUSH	_keyfifo
    67 0000005F E8 [00000000]                   	CALL	_fifo8_init
    68 00000064 8D 85 FFFFFE24                  	LEA	EAX,DWORD [-476+EBP]
    69 0000006A 50                              	PUSH	EAX
    70 0000006B 68 00000080                     	PUSH	128
    71 00000070 68 [00000000]                   	PUSH	_mousefifo
    72 00000075 E8 [00000000]                   	CALL	_fifo8_init
    73 0000007A 68 000000F9                     	PUSH	249
    74 0000007F 6A 21                           	PUSH	33
    75 00000081 E8 [00000000]                   	CALL	_io_out8
    76 00000086 83 C4 20                        	ADD	ESP,32
    77 00000089 68 000000EF                     	PUSH	239
    78 0000008E 68 000000A1                     	PUSH	161
    79 00000093 E8 [00000000]                   	CALL	_io_out8
    80 00000098 E8 [00000000]                   	CALL	_init_keyboard
    81 0000009D 8D 85 FFFFFE14                  	LEA	EAX,DWORD [-492+EBP]
    82 000000A3 50                              	PUSH	EAX
    83 000000A4 E8 [00000000]                   	CALL	_enable_mouse
    84 000000A9 68 BFFFFFFF                     	PUSH	-1073741825
    85 000000AE 68 00400000                     	PUSH	4194304
    86 000000B3 E8 [00000000]                   	CALL	_memtest
    87 000000B8 68 003C0000                     	PUSH	3932160
    88 000000BD 89 C6                           	MOV	ESI,EAX
    89 000000BF E8 [00000000]                   	CALL	_memman_init
    90 000000C4 68 0009E000                     	PUSH	647168
    91 000000C9 68 00001000                     	PUSH	4096
    92 000000CE 68 003C0000                     	PUSH	3932160
    93 000000D3 E8 [00000000]                   	CALL	_memman_free
    94 000000D8 8D 86 FFC00000                  	LEA	EAX,DWORD [-4194304+ESI]
    95 000000DE C1 EE 14                        	SHR	ESI,20
    96 000000E1 83 C4 24                        	ADD	ESP,36
    97 000000E4 50                              	PUSH	EAX
    98 000000E5 68 00400000                     	PUSH	4194304
    99 000000EA 68 003C0000                     	PUSH	3932160
   100 000000EF E8 [00000000]                   	CALL	_memman_free
   101 000000F4 E8 [00000000]                   	CALL	_init_palette
   102 000000F9 FF B5 FFFFFE10                  	PUSH	DWORD [-496+EBP]
   103 000000FF 57                              	PUSH	EDI
   104 00000100 FF B5 FFFFFE0C                  	PUSH	DWORD [-500+EBP]
   105 00000106 E8 [00000000]                   	CALL	_init_screen
   106 0000010B 8D 85 FFFFFEC4                  	LEA	EAX,DWORD [-316+EBP]
   107 00000111 6A 00                           	PUSH	0
   108 00000113 50                              	PUSH	EAX
   109 00000114 E8 [00000000]                   	CALL	_init_mouse_cursor8
   110 00000119 83 C4 20                        	ADD	ESP,32
   111 0000011C 6A 00                           	PUSH	0
   112 0000011E 6A 00                           	PUSH	0
   113 00000120 68 [00000000]                   	PUSH	LC0
   114 00000125 53                              	PUSH	EBX
   115 00000126 E8 [00000000]                   	CALL	_sprintf
   116 0000012B 53                              	PUSH	EBX
   117 0000012C 6A 00                           	PUSH	0
   118 0000012E 6A 00                           	PUSH	0
   119 00000130 6A 07                           	PUSH	7
   120 00000132 0F BF 05 00000FF4               	MOVSX	EAX,WORD [4084]
   121 00000139 50                              	PUSH	EAX
   122 0000013A FF 35 00000FF8                  	PUSH	DWORD [4088]
   123 00000140 E8 [00000000]                   	CALL	_putfonts8_asc
   124 00000145 83 C4 28                        	ADD	ESP,40
   125 00000148 68 003C0000                     	PUSH	3932160
   126 0000014D E8 [00000000]                   	CALL	_memman_total
   127 00000152 C1 E8 0A                        	SHR	EAX,10
   128 00000155 89 04 24                        	MOV	DWORD [ESP],EAX
   129 00000158 56                              	PUSH	ESI
   130 00000159 68 [0000000B]                   	PUSH	LC1
   131 0000015E 53                              	PUSH	EBX
   132 0000015F E8 [00000000]                   	CALL	_sprintf
   133 00000164 53                              	PUSH	EBX
   134 00000165 6A 20                           	PUSH	32
   135 00000167 6A 00                           	PUSH	0
   136 00000169 6A 07                           	PUSH	7
   137 0000016B 57                              	PUSH	EDI
   138 0000016C FF B5 FFFFFE0C                  	PUSH	DWORD [-500+EBP]
   139 00000172 E8 [00000000]                   	CALL	_putfonts8_asc
   140 00000177 83 C4 28                        	ADD	ESP,40
   141 0000017A                                 L2:
   142 0000017A E8 [00000000]                   	CALL	_io_cli
   143 0000017F 68 [00000000]                   	PUSH	_keyfifo
   144 00000184 E8 [00000000]                   	CALL	_fifo8_status
   145 00000189 68 [00000000]                   	PUSH	_mousefifo
   146 0000018E 89 C3                           	MOV	EBX,EAX
   147 00000190 E8 [00000000]                   	CALL	_fifo8_status
   148 00000195 8D 04 18                        	LEA	EAX,DWORD [EAX+EBX*1]
   149 00000198 5B                              	POP	EBX
   150 00000199 5E                              	POP	ESI
   151 0000019A 85 C0                           	TEST	EAX,EAX
   152 0000019C 0F 84 00000224                  	JE	L18
   153 000001A2 68 [00000000]                   	PUSH	_keyfifo
   154 000001A7 E8 [00000000]                   	CALL	_fifo8_status
   155 000001AC 59                              	POP	ECX
   156 000001AD 85 C0                           	TEST	EAX,EAX
   157 000001AF 0F 85 000001BA                  	JNE	L19
   158 000001B5 68 [00000000]                   	PUSH	_mousefifo
   159 000001BA E8 [00000000]                   	CALL	_fifo8_status
   160 000001BF 5A                              	POP	EDX
   161 000001C0 85 C0                           	TEST	EAX,EAX
   162 000001C2 74 B6                           	JE	L2
   163 000001C4 68 [00000000]                   	PUSH	_mousefifo
   164 000001C9 E8 [00000000]                   	CALL	_fifo8_get
   165 000001CE 88 C3                           	MOV	BL,AL
   166 000001D0 E8 [00000000]                   	CALL	_io_sti
   167 000001D5 0F B6 C3                        	MOVZX	EAX,BL
   168 000001D8 50                              	PUSH	EAX
   169 000001D9 8D 85 FFFFFE14                  	LEA	EAX,DWORD [-492+EBP]
   170 000001DF 50                              	PUSH	EAX
   171 000001E0 E8 [00000000]                   	CALL	_mouse_decode
   172 000001E5 83 C4 0C                        	ADD	ESP,12
   173 000001E8 85 C0                           	TEST	EAX,EAX
   174 000001EA 74 8E                           	JE	L2
   175 000001EC FF B5 FFFFFE1C                  	PUSH	DWORD [-484+EBP]
   176 000001F2 FF B5 FFFFFE18                  	PUSH	DWORD [-488+EBP]
   177 000001F8 68 [00000022]                   	PUSH	LC3
   178 000001FD 8D 5D C4                        	LEA	EBX,DWORD [-60+EBP]
   179 00000200 53                              	PUSH	EBX
   180 00000201 E8 [00000000]                   	CALL	_sprintf
   181 00000206 83 C4 10                        	ADD	ESP,16
   182 00000209 8B 85 FFFFFE20                  	MOV	EAX,DWORD [-480+EBP]
   183 0000020F A9 00000001                     	TEST	EAX,1
   184 00000214 74 04                           	JE	L11
   185 00000216 C6 45 C5 4C                     	MOV	BYTE [-59+EBP],76
   186 0000021A                                 L11:
   187 0000021A A9 00000002                     	TEST	EAX,2
   188 0000021F 74 04                           	JE	L12
   189 00000221 C6 45 C7 52                     	MOV	BYTE [-57+EBP],82
   190 00000225                                 L12:
   191 00000225 83 E0 04                        	AND	EAX,4
   192 00000228 74 04                           	JE	L13
   193 0000022A C6 45 C6 43                     	MOV	BYTE [-58+EBP],67
   194 0000022E                                 L13:
   195 0000022E 6A 1F                           	PUSH	31
   196 00000230 68 00000097                     	PUSH	151
   197 00000235 6A 10                           	PUSH	16
   198 00000237 6A 20                           	PUSH	32
   199 00000239 6A 0E                           	PUSH	14
   200 0000023B 57                              	PUSH	EDI
   201 0000023C FF B5 FFFFFE0C                  	PUSH	DWORD [-500+EBP]
   202 00000242 E8 [00000000]                   	CALL	_boxfill8
   203 00000247 53                              	PUSH	EBX
   204 00000248 6A 10                           	PUSH	16
   205 0000024A 6A 20                           	PUSH	32
   206 0000024C 6A 07                           	PUSH	7
   207 0000024E 57                              	PUSH	EDI
   208 0000024F FF B5 FFFFFE0C                  	PUSH	DWORD [-500+EBP]
   209 00000255 E8 [00000000]                   	CALL	_putfonts8_asc
   210 0000025A 8B 85 FFFFFE04                  	MOV	EAX,DWORD [-508+EBP]
   211 00000260 83 C4 34                        	ADD	ESP,52
   212 00000263 83 C0 0F                        	ADD	EAX,15
   213 00000266 50                              	PUSH	EAX
   214 00000267 8B 85 FFFFFE08                  	MOV	EAX,DWORD [-504+EBP]
   215 0000026D 83 C0 0F                        	ADD	EAX,15
   216 00000270 50                              	PUSH	EAX
   217 00000271 FF B5 FFFFFE04                  	PUSH	DWORD [-508+EBP]
   218 00000277 FF B5 FFFFFE08                  	PUSH	DWORD [-504+EBP]
   219 0000027D 6A 0E                           	PUSH	14
   220 0000027F 57                              	PUSH	EDI
   221 00000280 FF B5 FFFFFE0C                  	PUSH	DWORD [-500+EBP]
   222 00000286 E8 [00000000]                   	CALL	_boxfill8
   223 0000028B 83 C4 1C                        	ADD	ESP,28
   224 0000028E 8B 85 FFFFFE1C                  	MOV	EAX,DWORD [-484+EBP]
   225 00000294 01 85 FFFFFE04                  	ADD	DWORD [-508+EBP],EAX
   226 0000029A 8B 85 FFFFFE18                  	MOV	EAX,DWORD [-488+EBP]
   227 000002A0 01 85 FFFFFE08                  	ADD	DWORD [-504+EBP],EAX
   228 000002A6 0F 88 000000B4                  	JS	L20
   229 000002AC                                 L14:
   230 000002AC 83 BD FFFFFE04 00               	CMP	DWORD [-508+EBP],0
   231 000002B3 0F 88 00000098                  	JS	L21
   232 000002B9                                 L15:
   233 000002B9 8D 47 F0                        	LEA	EAX,DWORD [-16+EDI]
   234 000002BC 39 85 FFFFFE08                  	CMP	DWORD [-504+EBP],EAX
   235 000002C2 7E 06                           	JLE	L16
   236 000002C4 89 85 FFFFFE08                  	MOV	DWORD [-504+EBP],EAX
   237 000002CA                                 L16:
   238 000002CA 8B 85 FFFFFE10                  	MOV	EAX,DWORD [-496+EBP]
   239 000002D0 83 E8 10                        	SUB	EAX,16
   240 000002D3 39 85 FFFFFE04                  	CMP	DWORD [-508+EBP],EAX
   241 000002D9 7E 06                           	JLE	L17
   242 000002DB 89 85 FFFFFE04                  	MOV	DWORD [-508+EBP],EAX
   243 000002E1                                 L17:
   244 000002E1 FF B5 FFFFFE04                  	PUSH	DWORD [-508+EBP]
   245 000002E7 FF B5 FFFFFE08                  	PUSH	DWORD [-504+EBP]
   246 000002ED 68 [00000030]                   	PUSH	LC4
   247 000002F2 53                              	PUSH	EBX
   248 000002F3 E8 [00000000]                   	CALL	_sprintf
   249 000002F8 6A 0F                           	PUSH	15
   250 000002FA 6A 4F                           	PUSH	79
   251 000002FC 6A 00                           	PUSH	0
   252 000002FE 6A 00                           	PUSH	0
   253 00000300 6A 0E                           	PUSH	14
   254 00000302 57                              	PUSH	EDI
   255 00000303 FF B5 FFFFFE0C                  	PUSH	DWORD [-500+EBP]
   256 00000309 E8 [00000000]                   	CALL	_boxfill8
   257 0000030E 83 C4 2C                        	ADD	ESP,44
   258 00000311 53                              	PUSH	EBX
   259 00000312 6A 00                           	PUSH	0
   260 00000314 6A 00                           	PUSH	0
   261 00000316 6A 07                           	PUSH	7
   262 00000318 57                              	PUSH	EDI
   263 00000319 FF B5 FFFFFE0C                  	PUSH	DWORD [-500+EBP]
   264 0000031F E8 [00000000]                   	CALL	_putfonts8_asc
   265 00000324 8D 85 FFFFFEC4                  	LEA	EAX,DWORD [-316+EBP]
   266 0000032A 6A 10                           	PUSH	16
   267 0000032C 50                              	PUSH	EAX
   268 0000032D FF B5 FFFFFE04                  	PUSH	DWORD [-508+EBP]
   269 00000333 FF B5 FFFFFE08                  	PUSH	DWORD [-504+EBP]
   270 00000339 6A 10                           	PUSH	16
   271 0000033B 6A 10                           	PUSH	16
   272 0000033D 57                              	PUSH	EDI
   273 0000033E FF B5 FFFFFE0C                  	PUSH	DWORD [-500+EBP]
   274 00000344 E8 [00000000]                   	CALL	_putblock8_8
   275 00000349 83 C4 38                        	ADD	ESP,56
   276 0000034C E9 FFFFFE29                     	JMP	L2
   277 00000351                                 L21:
   278 00000351 C7 85 FFFFFE04 00000000         	MOV	DWORD [-508+EBP],0
   279 0000035B E9 FFFFFF59                     	JMP	L15
   280 00000360                                 L20:
   281 00000360 C7 85 FFFFFE08 00000000         	MOV	DWORD [-504+EBP],0
   282 0000036A E9 FFFFFF3D                     	JMP	L14
   283 0000036F                                 L19:
   284 0000036F 68 [00000000]                   	PUSH	_keyfifo
   285 00000374 E8 [00000000]                   	CALL	_fifo8_get
   286 00000379 88 C3                           	MOV	BL,AL
   287 0000037B E8 [00000000]                   	CALL	_io_sti
   288 00000380 0F B6 C3                        	MOVZX	EAX,BL
   289 00000383 50                              	PUSH	EAX
   290 00000384 8D 5D C4                        	LEA	EBX,DWORD [-60+EBP]
   291 00000387 68 [0000003A]                   	PUSH	LC2
   292 0000038C 53                              	PUSH	EBX
   293 0000038D E8 [00000000]                   	CALL	_sprintf
   294 00000392 6A 1F                           	PUSH	31
   295 00000394 6A 0F                           	PUSH	15
   296 00000396 6A 10                           	PUSH	16
   297 00000398 6A 00                           	PUSH	0
   298 0000039A 6A 0E                           	PUSH	14
   299 0000039C 57                              	PUSH	EDI
   300 0000039D FF B5 FFFFFE0C                  	PUSH	DWORD [-500+EBP]
   301 000003A3 E8 [00000000]                   	CALL	_boxfill8
   302 000003A8 83 C4 2C                        	ADD	ESP,44
   303 000003AB 53                              	PUSH	EBX
   304 000003AC 6A 10                           	PUSH	16
   305 000003AE 6A 00                           	PUSH	0
   306 000003B0 6A 07                           	PUSH	7
   307 000003B2 57                              	PUSH	EDI
   308 000003B3 FF B5 FFFFFE0C                  	PUSH	DWORD [-500+EBP]
   309 000003B9 E8 [00000000]                   	CALL	_putfonts8_asc
   310 000003BE 83 C4 18                        	ADD	ESP,24
   311 000003C1 E9 FFFFFDB4                     	JMP	L2
   312 000003C6                                 L18:
   313 000003C6 E8 [00000000]                   	CALL	_io_stihlt
   314 000003CB E9 FFFFFDAA                     	JMP	L2
