     1 00000000                                 [FORMAT "WCOFF"]
     2 00000000                                 [INSTRSET "i486p"]
     3 00000000                                 [OPTIMIZE 1]
     4 00000000                                 [OPTION 1]
     5 00000000                                 [BITS 32]
     6 00000000                                 	EXTERN	_init_gdtidt
     7 00000000                                 	EXTERN	_init_pic
     8 00000000                                 	EXTERN	_io_sti
     9 00000000                                 	EXTERN	_keyfifo
    10 00000000                                 	EXTERN	_fifo8_init
    11 00000000                                 	EXTERN	_mousefifo
    12 00000000                                 	EXTERN	_init_pit
    13 00000000                                 	EXTERN	_io_out8
    14 00000000                                 	EXTERN	_timerfifo
    15 00000000                                 	EXTERN	_timer_alloc
    16 00000000                                 	EXTERN	_timer_init
    17 00000000                                 	EXTERN	_timer_settime
    18 00000000                                 	EXTERN	_timerfifo2
    19 00000000                                 	EXTERN	_timerfifo3
    20 00000000                                 	EXTERN	_init_keyboard
    21 00000000                                 	EXTERN	_enable_mouse
    22 00000000                                 	EXTERN	_memtest
    23 00000000                                 	EXTERN	_memman_init
    24 00000000                                 	EXTERN	_memman_free
    25 00000000                                 	EXTERN	_init_palette
    26 00000000                                 	EXTERN	_shtctl_init
    27 00000000                                 	EXTERN	_sheet_alloc
    28 00000000                                 	EXTERN	_memman_alloc_4k
    29 00000000                                 	EXTERN	_sheet_setbuf
    30 00000000                                 	EXTERN	_init_screen
    31 00000000                                 	EXTERN	_init_mouse_cursor8
    32 00000000                                 	EXTERN	_putfonts8_asc
    33 00000000                                 	EXTERN	_sheet_slide
    34 00000000                                 	EXTERN	_sheet_updown
    35 00000000                                 	EXTERN	_sprintf
    36 00000000                                 	EXTERN	_memman_total
    37 00000000                                 	EXTERN	_sheet_refresh
    38 00000000                                 	EXTERN	_timerctl
    39 00000000                                 	EXTERN	_putfonts_asc_sht
    40 00000000                                 	EXTERN	_io_cli
    41 00000000                                 	EXTERN	_fifo8_status
    42 00000000                                 	EXTERN	_fifo8_get
    43 00000000                                 	EXTERN	_boxfill8
    44 00000000                                 	EXTERN	_mouse_decode
    45 00000000                                 [FILE "bootpack.c"]
    46                                          [SECTION .data]
    47 00000000                                 LC0:
    48 00000000 77 69 6E 64 6F 77 00            	DB	"window",0x00
    49 00000007                                 LC1:
    50 00000007 57 65 6C 63 6F 6D 65 20 74 6F   	DB	"Welcome to",0x00
       00000011 00 
    51 00000012                                 LC2:
    52 00000012 54 68 69 73 20 4F 53 21 00      	DB	"This OS!",0x00
    53 0000001B                                 LC3:
    54 0000001B 28 25 33 64 2C 20 25 33 64 29   	DB	"(%3d, %3d)",0x00
       00000025 00 
    55 00000026                                 LC4:
    56 00000026 6D 65 6D 6F 72 79 20 25 64 4D   	DB	"memory %dMB free : %dKB",0x00
       00000030 42 20 66 72 65 65 20 3A 20 25 
       0000003A 64 4B 42 00 
    57 0000003E                                 LC5:
    58 0000003E 25 30 31 30 64 00               	DB	"%010d",0x00
    59 00000044                                 LC10:
    60 00000044 33 5B 73 65 63 00               	DB	"3[sec",0x00
    61 0000004A                                 LC9:
    62 0000004A 31 30 5B 73 65 63 00            	DB	"10[sec",0x00
    63 00000051                                 LC7:
    64 00000051 5B 6C 63 72 20 25 34 64 20 25   	DB	"[lcr %4d %4d]",0x00
       0000005B 34 64 5D 00 
    65 0000005F                                 LC8:
    66 0000005F 28 25 33 64 2C 25 33 64 29 00   	DB	"(%3d,%3d)",0x00
    67 00000069                                 LC6:
    68 00000069 25 30 32 78 00                  	DB	"%02x",0x00
    69                                          [SECTION .text]
    70 00000000                                 	GLOBAL	_HariMain
    71 00000000                                 _HariMain:
    72 00000000 55                              	PUSH	EBP
    73 00000001 89 E5                           	MOV	EBP,ESP
    74 00000003 57                              	PUSH	EDI
    75 00000004 56                              	PUSH	ESI
    76 00000005 53                              	PUSH	EBX
    77 00000006 81 EC 00000224                  	SUB	ESP,548
    78 0000000C 0F BF 15 00000FF6               	MOVSX	EDX,WORD [4086]
    79 00000013 0F BF 05 00000FF4               	MOVSX	EAX,WORD [4084]
    80 0000001A 89 95 FFFFFDF4                  	MOV	DWORD [-524+EBP],EDX
    81 00000020 89 85 FFFFFDF8                  	MOV	DWORD [-520+EBP],EAX
    82 00000026 8B 35 00000FF8                  	MOV	ESI,DWORD [4088]
    83 0000002C E8 [00000000]                   	CALL	_init_gdtidt
    84 00000031 E8 [00000000]                   	CALL	_init_pic
    85 00000036 E8 [00000000]                   	CALL	_io_sti
    86 0000003B 8D 45 A4                        	LEA	EAX,DWORD [-92+EBP]
    87 0000003E 50                              	PUSH	EAX
    88 0000003F 6A 20                           	PUSH	32
    89 00000041 68 [00000000]                   	PUSH	_keyfifo
    90 00000046 E8 [00000000]                   	CALL	_fifo8_init
    91 0000004B 8D 85 FFFFFF24                  	LEA	EAX,DWORD [-220+EBP]
    92 00000051 50                              	PUSH	EAX
    93 00000052 68 00000080                     	PUSH	128
    94 00000057 68 [00000000]                   	PUSH	_mousefifo
    95 0000005C E8 [00000000]                   	CALL	_fifo8_init
    96 00000061 E8 [00000000]                   	CALL	_init_pit
    97 00000066 68 000000F8                     	PUSH	248
    98 0000006B 6A 21                           	PUSH	33
    99 0000006D E8 [00000000]                   	CALL	_io_out8
   100 00000072 83 C4 20                        	ADD	ESP,32
   101 00000075 68 000000EF                     	PUSH	239
   102 0000007A 68 000000A1                     	PUSH	161
   103 0000007F E8 [00000000]                   	CALL	_io_out8
   104 00000084 8D 85 FFFFFE0C                  	LEA	EAX,DWORD [-500+EBP]
   105 0000008A 50                              	PUSH	EAX
   106 0000008B 6A 08                           	PUSH	8
   107 0000008D 68 [00000000]                   	PUSH	_timerfifo
   108 00000092 E8 [00000000]                   	CALL	_fifo8_init
   109 00000097 E8 [00000000]                   	CALL	_timer_alloc
   110 0000009C 6A 01                           	PUSH	1
   111 0000009E 68 [00000000]                   	PUSH	_timerfifo
   112 000000A3 89 C3                           	MOV	EBX,EAX
   113 000000A5 50                              	PUSH	EAX
   114 000000A6 E8 [00000000]                   	CALL	_timer_init
   115 000000AB 83 C4 20                        	ADD	ESP,32
   116 000000AE 68 000003E8                     	PUSH	1000
   117 000000B3 53                              	PUSH	EBX
   118 000000B4 E8 [00000000]                   	CALL	_timer_settime
   119 000000B9 8D 85 FFFFFE04                  	LEA	EAX,DWORD [-508+EBP]
   120 000000BF 50                              	PUSH	EAX
   121 000000C0 6A 08                           	PUSH	8
   122 000000C2 68 [00000000]                   	PUSH	_timerfifo2
   123 000000C7 E8 [00000000]                   	CALL	_fifo8_init
   124 000000CC E8 [00000000]                   	CALL	_timer_alloc
   125 000000D1 6A 01                           	PUSH	1
   126 000000D3 68 [00000000]                   	PUSH	_timerfifo2
   127 000000D8 89 C3                           	MOV	EBX,EAX
   128 000000DA 50                              	PUSH	EAX
   129 000000DB E8 [00000000]                   	CALL	_timer_init
   130 000000E0 83 C4 20                        	ADD	ESP,32
   131 000000E3 68 0000012C                     	PUSH	300
   132 000000E8 53                              	PUSH	EBX
   133 000000E9 E8 [00000000]                   	CALL	_timer_settime
   134 000000EE 8D 85 FFFFFDFC                  	LEA	EAX,DWORD [-516+EBP]
   135 000000F4 50                              	PUSH	EAX
   136 000000F5 6A 08                           	PUSH	8
   137 000000F7 68 [00000000]                   	PUSH	_timerfifo3
   138 000000FC E8 [00000000]                   	CALL	_fifo8_init
   139 00000101 E8 [00000000]                   	CALL	_timer_alloc
   140 00000106 6A 01                           	PUSH	1
   141 00000108 68 [00000000]                   	PUSH	_timerfifo3
   142 0000010D 50                              	PUSH	EAX
   143 0000010E 89 85 FFFFFDF0                  	MOV	DWORD [-528+EBP],EAX
   144 00000114 E8 [00000000]                   	CALL	_timer_init
   145 00000119 83 C4 20                        	ADD	ESP,32
   146 0000011C 6A 32                           	PUSH	50
   147 0000011E FF B5 FFFFFDF0                  	PUSH	DWORD [-528+EBP]
   148 00000124 E8 [00000000]                   	CALL	_timer_settime
   149 00000129 E8 [00000000]                   	CALL	_init_keyboard
   150 0000012E 8D 85 FFFFFF14                  	LEA	EAX,DWORD [-236+EBP]
   151 00000134 50                              	PUSH	EAX
   152 00000135 E8 [00000000]                   	CALL	_enable_mouse
   153 0000013A 68 BFFFFFFF                     	PUSH	-1073741825
   154 0000013F 68 00400000                     	PUSH	4194304
   155 00000144 E8 [00000000]                   	CALL	_memtest
   156 00000149 68 003C0000                     	PUSH	3932160
   157 0000014E 89 85 FFFFFDE8                  	MOV	DWORD [-536+EBP],EAX
   158 00000154 E8 [00000000]                   	CALL	_memman_init
   159 00000159 68 0009E000                     	PUSH	647168
   160 0000015E 68 00001000                     	PUSH	4096
   161 00000163 68 003C0000                     	PUSH	3932160
   162 00000168 E8 [00000000]                   	CALL	_memman_free
   163 0000016D 8B 85 FFFFFDE8                  	MOV	EAX,DWORD [-536+EBP]
   164 00000173 83 C4 24                        	ADD	ESP,36
   165 00000176 2D 00400000                     	SUB	EAX,4194304
   166 0000017B 50                              	PUSH	EAX
   167 0000017C 68 00400000                     	PUSH	4194304
   168 00000181 68 003C0000                     	PUSH	3932160
   169 00000186 E8 [00000000]                   	CALL	_memman_free
   170 0000018B E8 [00000000]                   	CALL	_init_palette
   171 00000190 0F BF 05 00000FF6               	MOVSX	EAX,WORD [4086]
   172 00000197 50                              	PUSH	EAX
   173 00000198 0F BF 05 00000FF4               	MOVSX	EAX,WORD [4084]
   174 0000019F 50                              	PUSH	EAX
   175 000001A0 56                              	PUSH	ESI
   176 000001A1 8D B5 FFFFFE14                  	LEA	ESI,DWORD [-492+EBP]
   177 000001A7 68 003C0000                     	PUSH	3932160
   178 000001AC E8 [00000000]                   	CALL	_shtctl_init
   179 000001B1 89 C3                           	MOV	EBX,EAX
   180 000001B3 50                              	PUSH	EAX
   181 000001B4 E8 [00000000]                   	CALL	_sheet_alloc
   182 000001B9 83 C4 20                        	ADD	ESP,32
   183 000001BC 53                              	PUSH	EBX
   184 000001BD 89 85 FFFFFDE4                  	MOV	DWORD [-540+EBP],EAX
   185 000001C3 E8 [00000000]                   	CALL	_sheet_alloc
   186 000001C8 53                              	PUSH	EBX
   187 000001C9 89 85 FFFFFDE0                  	MOV	DWORD [-544+EBP],EAX
   188 000001CF E8 [00000000]                   	CALL	_sheet_alloc
   189 000001D4 0F BF 1D 00000FF6               	MOVSX	EBX,WORD [4086]
   190 000001DB 89 85 FFFFFDDC                  	MOV	DWORD [-548+EBP],EAX
   191 000001E1 0F BF 05 00000FF4               	MOVSX	EAX,WORD [4084]
   192 000001E8 0F AF C3                        	IMUL	EAX,EBX
   193 000001EB 50                              	PUSH	EAX
   194 000001EC 68 003C0000                     	PUSH	3932160
   195 000001F1 E8 [00000000]                   	CALL	_memman_alloc_4k
   196 000001F6 68 00002A80                     	PUSH	10880
   197 000001FB 68 003C0000                     	PUSH	3932160
   198 00000200 89 85 FFFFFDD8                  	MOV	DWORD [-552+EBP],EAX
   199 00000206 E8 [00000000]                   	CALL	_memman_alloc_4k
   200 0000020B 6A FF                           	PUSH	-1
   201 0000020D 89 C3                           	MOV	EBX,EAX
   202 0000020F 0F BF 05 00000FF6               	MOVSX	EAX,WORD [4086]
   203 00000216 50                              	PUSH	EAX
   204 00000217 0F BF 05 00000FF4               	MOVSX	EAX,WORD [4084]
   205 0000021E 50                              	PUSH	EAX
   206 0000021F FF B5 FFFFFDD8                  	PUSH	DWORD [-552+EBP]
   207 00000225 FF B5 FFFFFDE4                  	PUSH	DWORD [-540+EBP]
   208 0000022B E8 [00000000]                   	CALL	_sheet_setbuf
   209 00000230 83 C4 2C                        	ADD	ESP,44
   210 00000233 6A 63                           	PUSH	99
   211 00000235 6A 10                           	PUSH	16
   212 00000237 6A 10                           	PUSH	16
   213 00000239 56                              	PUSH	ESI
   214 0000023A FF B5 FFFFFDE0                  	PUSH	DWORD [-544+EBP]
   215 00000240 E8 [00000000]                   	CALL	_sheet_setbuf
   216 00000245 6A FF                           	PUSH	-1
   217 00000247 6A 44                           	PUSH	68
   218 00000249 68 000000A0                     	PUSH	160
   219 0000024E 53                              	PUSH	EBX
   220 0000024F FF B5 FFFFFDDC                  	PUSH	DWORD [-548+EBP]
   221 00000255 E8 [00000000]                   	CALL	_sheet_setbuf
   222 0000025A 83 C4 28                        	ADD	ESP,40
   223 0000025D 0F BF 05 00000FF6               	MOVSX	EAX,WORD [4086]
   224 00000264 50                              	PUSH	EAX
   225 00000265 0F BF 05 00000FF4               	MOVSX	EAX,WORD [4084]
   226 0000026C 50                              	PUSH	EAX
   227 0000026D FF B5 FFFFFDD8                  	PUSH	DWORD [-552+EBP]
   228 00000273 E8 [00000000]                   	CALL	_init_screen
   229 00000278 6A 63                           	PUSH	99
   230 0000027A 56                              	PUSH	ESI
   231 0000027B E8 [00000000]                   	CALL	_init_mouse_cursor8
   232 00000280 68 [00000000]                   	PUSH	LC0
   233 00000285 6A 44                           	PUSH	68
   234 00000287 68 000000A0                     	PUSH	160
   235 0000028C 53                              	PUSH	EBX
   236 0000028D E8 0000047E                     	CALL	_make_window
   237 00000292 83 C4 24                        	ADD	ESP,36
   238 00000295 68 [00000007]                   	PUSH	LC1
   239 0000029A 6A 1C                           	PUSH	28
   240 0000029C 6A 18                           	PUSH	24
   241 0000029E 6A 00                           	PUSH	0
   242 000002A0 68 000000A0                     	PUSH	160
   243 000002A5 53                              	PUSH	EBX
   244 000002A6 E8 [00000000]                   	CALL	_putfonts8_asc
   245 000002AB 68 [00000012]                   	PUSH	LC2
   246 000002B0 6A 2C                           	PUSH	44
   247 000002B2 6A 18                           	PUSH	24
   248 000002B4 6A 00                           	PUSH	0
   249 000002B6 68 000000A0                     	PUSH	160
   250 000002BB 53                              	PUSH	EBX
   251 000002BC BB 00000002                     	MOV	EBX,2
   252 000002C1 E8 [00000000]                   	CALL	_putfonts8_asc
   253 000002C6 83 C4 30                        	ADD	ESP,48
   254 000002C9 6A 00                           	PUSH	0
   255 000002CB 6A 00                           	PUSH	0
   256 000002CD FF B5 FFFFFDE4                  	PUSH	DWORD [-540+EBP]
   257 000002D3 E8 [00000000]                   	CALL	_sheet_slide
   258 000002D8 0F BF 05 00000FF4               	MOVSX	EAX,WORD [4084]
   259 000002DF 8D 48 F0                        	LEA	ECX,DWORD [-16+EAX]
   260 000002E2 89 C8                           	MOV	EAX,ECX
   261 000002E4 99                              	CDQ
   262 000002E5 F7 FB                           	IDIV	EBX
   263 000002E7 89 85 FFFFFDEC                  	MOV	DWORD [-532+EBP],EAX
   264 000002ED 0F BF 05 00000FF6               	MOVSX	EAX,WORD [4086]
   265 000002F4 8D 48 D4                        	LEA	ECX,DWORD [-44+EAX]
   266 000002F7 89 C8                           	MOV	EAX,ECX
   267 000002F9 99                              	CDQ
   268 000002FA F7 FB                           	IDIV	EBX
   269 000002FC 50                              	PUSH	EAX
   270 000002FD 89 C7                           	MOV	EDI,EAX
   271 000002FF FF B5 FFFFFDEC                  	PUSH	DWORD [-532+EBP]
   272 00000305 FF B5 FFFFFDE0                  	PUSH	DWORD [-544+EBP]
   273 0000030B 8D 5D C4                        	LEA	EBX,DWORD [-60+EBP]
   274 0000030E E8 [00000000]                   	CALL	_sheet_slide
   275 00000313 6A 48                           	PUSH	72
   276 00000315 6A 50                           	PUSH	80
   277 00000317 FF B5 FFFFFDDC                  	PUSH	DWORD [-548+EBP]
   278 0000031D E8 [00000000]                   	CALL	_sheet_slide
   279 00000322 83 C4 24                        	ADD	ESP,36
   280 00000325 6A 00                           	PUSH	0
   281 00000327 FF B5 FFFFFDE4                  	PUSH	DWORD [-540+EBP]
   282 0000032D E8 [00000000]                   	CALL	_sheet_updown
   283 00000332 6A 01                           	PUSH	1
   284 00000334 FF B5 FFFFFDDC                  	PUSH	DWORD [-548+EBP]
   285 0000033A E8 [00000000]                   	CALL	_sheet_updown
   286 0000033F 6A 02                           	PUSH	2
   287 00000341 FF B5 FFFFFDE0                  	PUSH	DWORD [-544+EBP]
   288 00000347 E8 [00000000]                   	CALL	_sheet_updown
   289 0000034C 57                              	PUSH	EDI
   290 0000034D FF B5 FFFFFDEC                  	PUSH	DWORD [-532+EBP]
   291 00000353 68 [0000001B]                   	PUSH	LC3
   292 00000358 53                              	PUSH	EBX
   293 00000359 E8 [00000000]                   	CALL	_sprintf
   294 0000035E 83 C4 28                        	ADD	ESP,40
   295 00000361 53                              	PUSH	EBX
   296 00000362 6A 00                           	PUSH	0
   297 00000364 6A 00                           	PUSH	0
   298 00000366 6A 07                           	PUSH	7
   299 00000368 0F BF 05 00000FF4               	MOVSX	EAX,WORD [4084]
   300 0000036F 50                              	PUSH	EAX
   301 00000370 FF B5 FFFFFDD8                  	PUSH	DWORD [-552+EBP]
   302 00000376 E8 [00000000]                   	CALL	_putfonts8_asc
   303 0000037B 68 003C0000                     	PUSH	3932160
   304 00000380 E8 [00000000]                   	CALL	_memman_total
   305 00000385 C1 AD FFFFFDE8 14               	SHR	DWORD [-536+EBP],20
   306 0000038C C1 E8 0A                        	SHR	EAX,10
   307 0000038F 89 04 24                        	MOV	DWORD [ESP],EAX
   308 00000392 FF B5 FFFFFDE8                  	PUSH	DWORD [-536+EBP]
   309 00000398 68 [00000026]                   	PUSH	LC4
   310 0000039D 53                              	PUSH	EBX
   311 0000039E E8 [00000000]                   	CALL	_sprintf
   312 000003A3 83 C4 28                        	ADD	ESP,40
   313 000003A6 53                              	PUSH	EBX
   314 000003A7 6A 20                           	PUSH	32
   315 000003A9 6A 00                           	PUSH	0
   316 000003AB 6A 07                           	PUSH	7
   317 000003AD 0F BF 05 00000FF4               	MOVSX	EAX,WORD [4084]
   318 000003B4 50                              	PUSH	EAX
   319 000003B5 FF B5 FFFFFDD8                  	PUSH	DWORD [-552+EBP]
   320 000003BB E8 [00000000]                   	CALL	_putfonts8_asc
   321 000003C0 6A 30                           	PUSH	48
   322 000003C2 FF B5 FFFFFDF8                  	PUSH	DWORD [-520+EBP]
   323 000003C8 6A 00                           	PUSH	0
   324 000003CA 6A 00                           	PUSH	0
   325 000003CC FF B5 FFFFFDE4                  	PUSH	DWORD [-540+EBP]
   326 000003D2 E8 [00000000]                   	CALL	_sheet_refresh
   327 000003D7                                 L27:
   328 000003D7 83 C4 2C                        	ADD	ESP,44
   329 000003DA                                 L2:
   330 000003DA FF 35 [00000000]                	PUSH	DWORD [_timerctl]
   331 000003E0 68 [0000003E]                   	PUSH	LC5
   332 000003E5 8D 75 C4                        	LEA	ESI,DWORD [-60+EBP]
   333 000003E8 56                              	PUSH	ESI
   334 000003E9 E8 [00000000]                   	CALL	_sprintf
   335 000003EE 6A 0A                           	PUSH	10
   336 000003F0 56                              	PUSH	ESI
   337 000003F1 6A 00                           	PUSH	0
   338 000003F3 6A 08                           	PUSH	8
   339 000003F5 6A 1C                           	PUSH	28
   340 000003F7 6A 28                           	PUSH	40
   341 000003F9 FF B5 FFFFFDDC                  	PUSH	DWORD [-548+EBP]
   342 000003FF E8 [00000000]                   	CALL	_putfonts_asc_sht
   343 00000404 83 C4 28                        	ADD	ESP,40
   344 00000407 E8 [00000000]                   	CALL	_io_cli
   345 0000040C 68 [00000000]                   	PUSH	_keyfifo
   346 00000411 E8 [00000000]                   	CALL	_fifo8_status
   347 00000416 68 [00000000]                   	PUSH	_mousefifo
   348 0000041B 89 C3                           	MOV	EBX,EAX
   349 0000041D E8 [00000000]                   	CALL	_fifo8_status
   350 00000422 68 [00000000]                   	PUSH	_timerfifo
   351 00000427 01 C3                           	ADD	EBX,EAX
   352 00000429 E8 [00000000]                   	CALL	_fifo8_status
   353 0000042E 68 [00000000]                   	PUSH	_timerfifo2
   354 00000433 01 C3                           	ADD	EBX,EAX
   355 00000435 E8 [00000000]                   	CALL	_fifo8_status
   356 0000043A 68 [00000000]                   	PUSH	_timerfifo3
   357 0000043F 01 C3                           	ADD	EBX,EAX
   358 00000441 E8 [00000000]                   	CALL	_fifo8_status
   359 00000446 83 C4 14                        	ADD	ESP,20
   360 00000449 8D 04 18                        	LEA	EAX,DWORD [EAX+EBX*1]
   361 0000044C 85 C0                           	TEST	EAX,EAX
   362 0000044E 0F 84 000002B2                  	JE	L29
   363 00000454 68 [00000000]                   	PUSH	_keyfifo
   364 00000459 E8 [00000000]                   	CALL	_fifo8_status
   365 0000045E 59                              	POP	ECX
   366 0000045F 85 C0                           	TEST	EAX,EAX
   367 00000461 0F 85 00000264                  	JNE	L30
   368 00000467 68 [00000000]                   	PUSH	_mousefifo
   369 0000046C E8 [00000000]                   	CALL	_fifo8_status
   370 00000471 5A                              	POP	EDX
   371 00000472 85 C0                           	TEST	EAX,EAX
   372 00000474 0F 85 0000013E                  	JNE	L31
   373 0000047A 68 [00000000]                   	PUSH	_timerfifo
   374 0000047F E8 [00000000]                   	CALL	_fifo8_status
   375 00000484 5B                              	POP	EBX
   376 00000485 85 C0                           	TEST	EAX,EAX
   377 00000487 0F 85 000000F8                  	JNE	L32
   378 0000048D 68 [00000000]                   	PUSH	_timerfifo2
   379 00000492 E8 [00000000]                   	CALL	_fifo8_status
   380 00000497 59                              	POP	ECX
   381 00000498 85 C0                           	TEST	EAX,EAX
   382 0000049A 0F 85 0000009F                  	JNE	L33
   383 000004A0 68 [00000000]                   	PUSH	_timerfifo3
   384 000004A5 E8 [00000000]                   	CALL	_fifo8_status
   385 000004AA 5A                              	POP	EDX
   386 000004AB 85 C0                           	TEST	EAX,EAX
   387 000004AD 0F 84 FFFFFF27                  	JE	L2
   388 000004B3 68 [00000000]                   	PUSH	_timerfifo3
   389 000004B8 E8 [00000000]                   	CALL	_fifo8_get
   390 000004BD 88 C3                           	MOV	BL,AL
   391 000004BF E8 [00000000]                   	CALL	_io_sti
   392 000004C4 58                              	POP	EAX
   393 000004C5 84 DB                           	TEST	BL,BL
   394 000004C7 74 58                           	JE	L24
   395 000004C9 6A 00                           	PUSH	0
   396 000004CB 68 [00000000]                   	PUSH	_timerfifo3
   397 000004D0 FF B5 FFFFFDF0                  	PUSH	DWORD [-528+EBP]
   398 000004D6 E8 [00000000]                   	CALL	_timer_init
   399 000004DB 6A 6F                           	PUSH	111
   400 000004DD 6A 0F                           	PUSH	15
   401 000004DF 6A 60                           	PUSH	96
   402 000004E1 6A 08                           	PUSH	8
   403 000004E3 6A 07                           	PUSH	7
   404 000004E5                                 L28:
   405 000004E5 FF B5 FFFFFDF8                  	PUSH	DWORD [-520+EBP]
   406 000004EB FF B5 FFFFFDD8                  	PUSH	DWORD [-552+EBP]
   407 000004F1 E8 [00000000]                   	CALL	_boxfill8
   408 000004F6 83 C4 28                        	ADD	ESP,40
   409 000004F9 6A 32                           	PUSH	50
   410 000004FB FF B5 FFFFFDF0                  	PUSH	DWORD [-528+EBP]
   411 00000501 E8 [00000000]                   	CALL	_timer_settime
   412 00000506 6A 70                           	PUSH	112
   413 00000508 6A 10                           	PUSH	16
   414 0000050A 6A 60                           	PUSH	96
   415 0000050C 6A 08                           	PUSH	8
   416 0000050E FF B5 FFFFFDE4                  	PUSH	DWORD [-540+EBP]
   417 00000514 E8 [00000000]                   	CALL	_sheet_refresh
   418 00000519 83 C4 1C                        	ADD	ESP,28
   419 0000051C E9 FFFFFEB9                     	JMP	L2
   420 00000521                                 L24:
   421 00000521 6A 01                           	PUSH	1
   422 00000523 68 [00000000]                   	PUSH	_timerfifo3
   423 00000528 FF B5 FFFFFDF0                  	PUSH	DWORD [-528+EBP]
   424 0000052E E8 [00000000]                   	CALL	_timer_init
   425 00000533 6A 6F                           	PUSH	111
   426 00000535 6A 0F                           	PUSH	15
   427 00000537 6A 60                           	PUSH	96
   428 00000539 6A 08                           	PUSH	8
   429 0000053B 6A 0E                           	PUSH	14
   430 0000053D EB A6                           	JMP	L28
   431 0000053F                                 L33:
   432 0000053F 68 [00000000]                   	PUSH	_timerfifo2
   433 00000544 E8 [00000000]                   	CALL	_fifo8_get
   434 00000549 E8 [00000000]                   	CALL	_io_sti
   435 0000054E 68 [00000044]                   	PUSH	LC10
   436 00000553 6A 50                           	PUSH	80
   437 00000555 6A 00                           	PUSH	0
   438 00000557 6A 07                           	PUSH	7
   439 00000559 FF B5 FFFFFDF8                  	PUSH	DWORD [-520+EBP]
   440 0000055F FF B5 FFFFFDD8                  	PUSH	DWORD [-552+EBP]
   441 00000565 E8 [00000000]                   	CALL	_putfonts8_asc
   442 0000056A 6A 60                           	PUSH	96
   443 0000056C 6A 30                           	PUSH	48
   444 0000056E 6A 50                           	PUSH	80
   445 00000570                                 L26:
   446 00000570 6A 00                           	PUSH	0
   447 00000572 FF B5 FFFFFDE4                  	PUSH	DWORD [-540+EBP]
   448 00000578 E8 [00000000]                   	CALL	_sheet_refresh
   449 0000057D 83 C4 30                        	ADD	ESP,48
   450 00000580 E9 FFFFFE55                     	JMP	L2
   451 00000585                                 L32:
   452 00000585 68 [00000000]                   	PUSH	_timerfifo
   453 0000058A E8 [00000000]                   	CALL	_fifo8_get
   454 0000058F E8 [00000000]                   	CALL	_io_sti
   455 00000594 68 [0000004A]                   	PUSH	LC9
   456 00000599 6A 40                           	PUSH	64
   457 0000059B 6A 00                           	PUSH	0
   458 0000059D 6A 07                           	PUSH	7
   459 0000059F FF B5 FFFFFDF8                  	PUSH	DWORD [-520+EBP]
   460 000005A5 FF B5 FFFFFDD8                  	PUSH	DWORD [-552+EBP]
   461 000005AB E8 [00000000]                   	CALL	_putfonts8_asc
   462 000005B0 6A 50                           	PUSH	80
   463 000005B2 6A 38                           	PUSH	56
   464 000005B4 6A 40                           	PUSH	64
   465 000005B6 EB B8                           	JMP	L26
   466 000005B8                                 L31:
   467 000005B8 68 [00000000]                   	PUSH	_mousefifo
   468 000005BD E8 [00000000]                   	CALL	_fifo8_get
   469 000005C2 88 C3                           	MOV	BL,AL
   470 000005C4 E8 [00000000]                   	CALL	_io_sti
   471 000005C9 0F B6 C3                        	MOVZX	EAX,BL
   472 000005CC 50                              	PUSH	EAX
   473 000005CD 8D 85 FFFFFF14                  	LEA	EAX,DWORD [-236+EBP]
   474 000005D3 50                              	PUSH	EAX
   475 000005D4 E8 [00000000]                   	CALL	_mouse_decode
   476 000005D9 83 C4 0C                        	ADD	ESP,12
   477 000005DC 85 C0                           	TEST	EAX,EAX
   478 000005DE 0F 84 FFFFFDF6                  	JE	L2
   479 000005E4 FF B5 FFFFFF1C                  	PUSH	DWORD [-228+EBP]
   480 000005EA FF B5 FFFFFF18                  	PUSH	DWORD [-232+EBP]
   481 000005F0 68 [00000051]                   	PUSH	LC7
   482 000005F5 56                              	PUSH	ESI
   483 000005F6 E8 [00000000]                   	CALL	_sprintf
   484 000005FB 83 C4 10                        	ADD	ESP,16
   485 000005FE 8B 85 FFFFFF20                  	MOV	EAX,DWORD [-224+EBP]
   486 00000604 A9 00000001                     	TEST	EAX,1
   487 00000609 74 04                           	JE	L11
   488 0000060B C6 45 C5 4C                     	MOV	BYTE [-59+EBP],76
   489 0000060F                                 L11:
   490 0000060F A9 00000002                     	TEST	EAX,2
   491 00000614 74 04                           	JE	L12
   492 00000616 C6 45 C7 52                     	MOV	BYTE [-57+EBP],82
   493 0000061A                                 L12:
   494 0000061A 83 E0 04                        	AND	EAX,4
   495 0000061D 74 04                           	JE	L13
   496 0000061F C6 45 C6 43                     	MOV	BYTE [-58+EBP],67
   497 00000623                                 L13:
   498 00000623 6A 0F                           	PUSH	15
   499 00000625 56                              	PUSH	ESI
   500 00000626 6A 0E                           	PUSH	14
   501 00000628 6A 07                           	PUSH	7
   502 0000062A 6A 10                           	PUSH	16
   503 0000062C 6A 20                           	PUSH	32
   504 0000062E FF B5 FFFFFDE4                  	PUSH	DWORD [-540+EBP]
   505 00000634 E8 [00000000]                   	CALL	_putfonts_asc_sht
   506 00000639 8B 9D FFFFFF18                  	MOV	EBX,DWORD [-232+EBP]
   507 0000063F 03 BD FFFFFF1C                  	ADD	EDI,DWORD [-228+EBP]
   508 00000645 83 C4 1C                        	ADD	ESP,28
   509 00000648 01 9D FFFFFDEC                  	ADD	DWORD [-532+EBP],EBX
   510 0000064E 78 6F                           	JS	L34
   511 00000650                                 L14:
   512 00000650 85 FF                           	TEST	EDI,EDI
   513 00000652 78 67                           	JS	L35
   514 00000654                                 L15:
   515 00000654 8B 85 FFFFFDF8                  	MOV	EAX,DWORD [-520+EBP]
   516 0000065A 48                              	DEC	EAX
   517 0000065B 39 85 FFFFFDEC                  	CMP	DWORD [-532+EBP],EAX
   518 00000661 7E 06                           	JLE	L16
   519 00000663 89 85 FFFFFDEC                  	MOV	DWORD [-532+EBP],EAX
   520 00000669                                 L16:
   521 00000669 8B 85 FFFFFDF4                  	MOV	EAX,DWORD [-524+EBP]
   522 0000066F 48                              	DEC	EAX
   523 00000670 39 C7                           	CMP	EDI,EAX
   524 00000672 7E 02                           	JLE	L17
   525 00000674 89 C7                           	MOV	EDI,EAX
   526 00000676                                 L17:
   527 00000676 57                              	PUSH	EDI
   528 00000677 FF B5 FFFFFDEC                  	PUSH	DWORD [-532+EBP]
   529 0000067D 68 [0000005F]                   	PUSH	LC8
   530 00000682 56                              	PUSH	ESI
   531 00000683 E8 [00000000]                   	CALL	_sprintf
   532 00000688 6A 0A                           	PUSH	10
   533 0000068A 56                              	PUSH	ESI
   534 0000068B 6A 0E                           	PUSH	14
   535 0000068D 6A 07                           	PUSH	7
   536 0000068F 6A 00                           	PUSH	0
   537 00000691 6A 00                           	PUSH	0
   538 00000693 FF B5 FFFFFDE4                  	PUSH	DWORD [-540+EBP]
   539 00000699 E8 [00000000]                   	CALL	_putfonts_asc_sht
   540 0000069E 83 C4 2C                        	ADD	ESP,44
   541 000006A1 57                              	PUSH	EDI
   542 000006A2 FF B5 FFFFFDEC                  	PUSH	DWORD [-532+EBP]
   543 000006A8 FF B5 FFFFFDE0                  	PUSH	DWORD [-544+EBP]
   544 000006AE E8 [00000000]                   	CALL	_sheet_slide
   545 000006B3 83 C4 0C                        	ADD	ESP,12
   546 000006B6 E9 FFFFFD1F                     	JMP	L2
   547 000006BB                                 L35:
   548 000006BB 31 FF                           	XOR	EDI,EDI
   549 000006BD EB 95                           	JMP	L15
   550 000006BF                                 L34:
   551 000006BF C7 85 FFFFFDEC 00000000         	MOV	DWORD [-532+EBP],0
   552 000006C9 EB 85                           	JMP	L14
   553 000006CB                                 L30:
   554 000006CB 68 [00000000]                   	PUSH	_keyfifo
   555 000006D0 E8 [00000000]                   	CALL	_fifo8_get
   556 000006D5 88 C3                           	MOV	BL,AL
   557 000006D7 E8 [00000000]                   	CALL	_io_sti
   558 000006DC 0F B6 C3                        	MOVZX	EAX,BL
   559 000006DF 50                              	PUSH	EAX
   560 000006E0 68 [00000069]                   	PUSH	LC6
   561 000006E5 56                              	PUSH	ESI
   562 000006E6 E8 [00000000]                   	CALL	_sprintf
   563 000006EB 6A 02                           	PUSH	2
   564 000006ED 56                              	PUSH	ESI
   565 000006EE 6A 0E                           	PUSH	14
   566 000006F0 6A 07                           	PUSH	7
   567 000006F2 6A 10                           	PUSH	16
   568 000006F4 6A 00                           	PUSH	0
   569 000006F6 FF B5 FFFFFDE4                  	PUSH	DWORD [-540+EBP]
   570 000006FC E8 [00000000]                   	CALL	_putfonts_asc_sht
   571 00000701 E9 FFFFFCD1                     	JMP	L27
   572 00000706                                 L29:
   573 00000706 E8 [00000000]                   	CALL	_io_sti
   574 0000070B E9 FFFFFCCA                     	JMP	L2
   575                                          [SECTION .data]
   576 0000006E                                 _closebtn.0:
   577 0000006E 4F 4F 4F 4F 4F 4F 4F 4F 4F 4F   	DB	"OOOOOOOOOOOOOOO@"
       00000078 4F 4F 4F 4F 4F 40 
   578 0000007E 4F 51 51 51 51 51 51 51 51 51   	DB	"OQQQQQQQQQQQQQ$@"
       00000088 51 51 51 51 24 40 
   579 0000008E 4F 51 51 51 51 51 51 51 51 51   	DB	"OQQQQQQQQQQQQQ$@"
       00000098 51 51 51 51 24 40 
   580 0000009E 4F 51 51 51 40 40 51 51 51 51   	DB	"OQQQ@@QQQQ@@QQ$@"
       000000A8 40 40 51 51 24 40 
   581 000000AE 4F 51 51 51 51 40 40 51 51 40   	DB	"OQQQQ@@QQ@@QQQ$@"
       000000B8 40 51 51 51 24 40 
   582 000000BE 4F 51 51 51 51 51 40 40 40 40   	DB	"OQQQQQ@@@@QQQQ$@"
       000000C8 51 51 51 51 24 40 
   583 000000CE 4F 51 51 51 51 51 51 40 40 51   	DB	"OQQQQQQ@@QQQQQ$@"
       000000D8 51 51 51 51 24 40 
   584 000000DE 4F 51 51 51 51 51 40 40 40 40   	DB	"OQQQQQ@@@@QQQQ$@"
       000000E8 51 51 51 51 24 40 
   585 000000EE 4F 51 51 51 51 40 40 51 51 40   	DB	"OQQQQ@@QQ@@QQQ$@"
       000000F8 40 51 51 51 24 40 
   586 000000FE 4F 51 51 51 40 40 51 51 51 51   	DB	"OQQQ@@QQQQ@@QQ$@"
       00000108 40 40 51 51 24 40 
   587 0000010E 4F 51 51 51 51 51 51 51 51 51   	DB	"OQQQQQQQQQQQQQ$@"
       00000118 51 51 51 51 24 40 
   588 0000011E 4F 51 51 51 51 51 51 51 51 51   	DB	"OQQQQQQQQQQQQQ$@"
       00000128 51 51 51 51 24 40 
   589 0000012E 4F 24 24 24 24 24 24 24 24 24   	DB	"O$$$$$$$$$$$$$$@"
       00000138 24 24 24 24 24 40 
   590 0000013E 40 40 40 40 40 40 40 40 40 40   	DB	"@@@@@@@@@@@@@@@@"
       00000148 40 40 40 40 40 40 
   591                                          [SECTION .text]
   592 00000710                                 	GLOBAL	_make_window
   593 00000710                                 _make_window:
   594 00000710 55                              	PUSH	EBP
   595 00000711 89 E5                           	MOV	EBP,ESP
   596 00000713 57                              	PUSH	EDI
   597 00000714 56                              	PUSH	ESI
   598 00000715 53                              	PUSH	EBX
   599 00000716 83 EC 14                        	SUB	ESP,20
   600 00000719 8B 5D 0C                        	MOV	EBX,DWORD [12+EBP]
   601 0000071C 6A 00                           	PUSH	0
   602 0000071E 8D 43 FF                        	LEA	EAX,DWORD [-1+EBX]
   603 00000721 8D 7B FE                        	LEA	EDI,DWORD [-2+EBX]
   604 00000724 50                              	PUSH	EAX
   605 00000725 89 45 EC                        	MOV	DWORD [-20+EBP],EAX
   606 00000728 6A 00                           	PUSH	0
   607 0000072A 6A 00                           	PUSH	0
   608 0000072C 6A 08                           	PUSH	8
   609 0000072E 53                              	PUSH	EBX
   610 0000072F FF 75 08                        	PUSH	DWORD [8+EBP]
   611 00000732 E8 [00000000]                   	CALL	_boxfill8
   612 00000737 6A 01                           	PUSH	1
   613 00000739 57                              	PUSH	EDI
   614 0000073A 6A 01                           	PUSH	1
   615 0000073C 6A 01                           	PUSH	1
   616 0000073E 6A 07                           	PUSH	7
   617 00000740 53                              	PUSH	EBX
   618 00000741 FF 75 08                        	PUSH	DWORD [8+EBP]
   619 00000744 E8 [00000000]                   	CALL	_boxfill8
   620 00000749 8B 55 10                        	MOV	EDX,DWORD [16+EBP]
   621 0000074C 83 C4 38                        	ADD	ESP,56
   622 0000074F 4A                              	DEC	EDX
   623 00000750 89 55 E8                        	MOV	DWORD [-24+EBP],EDX
   624 00000753 52                              	PUSH	EDX
   625 00000754 6A 00                           	PUSH	0
   626 00000756 6A 00                           	PUSH	0
   627 00000758 6A 00                           	PUSH	0
   628 0000075A 6A 08                           	PUSH	8
   629 0000075C 53                              	PUSH	EBX
   630 0000075D FF 75 08                        	PUSH	DWORD [8+EBP]
   631 00000760 E8 [00000000]                   	CALL	_boxfill8
   632 00000765 8B 75 10                        	MOV	ESI,DWORD [16+EBP]
   633 00000768 83 EE 02                        	SUB	ESI,2
   634 0000076B 56                              	PUSH	ESI
   635 0000076C 6A 01                           	PUSH	1
   636 0000076E 6A 01                           	PUSH	1
   637 00000770 6A 01                           	PUSH	1
   638 00000772 6A 07                           	PUSH	7
   639 00000774 53                              	PUSH	EBX
   640 00000775 FF 75 08                        	PUSH	DWORD [8+EBP]
   641 00000778 E8 [00000000]                   	CALL	_boxfill8
   642 0000077D 83 C4 38                        	ADD	ESP,56
   643 00000780 56                              	PUSH	ESI
   644 00000781 57                              	PUSH	EDI
   645 00000782 6A 01                           	PUSH	1
   646 00000784 57                              	PUSH	EDI
   647 00000785 6A 0F                           	PUSH	15
   648 00000787 53                              	PUSH	EBX
   649 00000788 FF 75 08                        	PUSH	DWORD [8+EBP]
   650 0000078B E8 [00000000]                   	CALL	_boxfill8
   651 00000790 FF 75 E8                        	PUSH	DWORD [-24+EBP]
   652 00000793 FF 75 EC                        	PUSH	DWORD [-20+EBP]
   653 00000796 6A 00                           	PUSH	0
   654 00000798 FF 75 EC                        	PUSH	DWORD [-20+EBP]
   655 0000079B 6A 00                           	PUSH	0
   656 0000079D 53                              	PUSH	EBX
   657 0000079E FF 75 08                        	PUSH	DWORD [8+EBP]
   658 000007A1 E8 [00000000]                   	CALL	_boxfill8
   659 000007A6 8B 45 10                        	MOV	EAX,DWORD [16+EBP]
   660 000007A9 83 C4 38                        	ADD	ESP,56
   661 000007AC 83 E8 03                        	SUB	EAX,3
   662 000007AF 50                              	PUSH	EAX
   663 000007B0 8D 43 FD                        	LEA	EAX,DWORD [-3+EBX]
   664 000007B3 50                              	PUSH	EAX
   665 000007B4 6A 02                           	PUSH	2
   666 000007B6 6A 02                           	PUSH	2
   667 000007B8 6A 08                           	PUSH	8
   668 000007BA 53                              	PUSH	EBX
   669 000007BB FF 75 08                        	PUSH	DWORD [8+EBP]
   670 000007BE E8 [00000000]                   	CALL	_boxfill8
   671 000007C3 8D 43 FC                        	LEA	EAX,DWORD [-4+EBX]
   672 000007C6 6A 14                           	PUSH	20
   673 000007C8 50                              	PUSH	EAX
   674 000007C9 6A 03                           	PUSH	3
   675 000007CB 6A 03                           	PUSH	3
   676 000007CD 6A 0C                           	PUSH	12
   677 000007CF 53                              	PUSH	EBX
   678 000007D0 FF 75 08                        	PUSH	DWORD [8+EBP]
   679 000007D3 E8 [00000000]                   	CALL	_boxfill8
   680 000007D8 83 C4 38                        	ADD	ESP,56
   681 000007DB 56                              	PUSH	ESI
   682 000007DC 57                              	PUSH	EDI
   683 000007DD 56                              	PUSH	ESI
   684 000007DE 6A 01                           	PUSH	1
   685 000007E0 6A 0F                           	PUSH	15
   686 000007E2 53                              	PUSH	EBX
   687 000007E3 FF 75 08                        	PUSH	DWORD [8+EBP]
   688 000007E6 E8 [00000000]                   	CALL	_boxfill8
   689 000007EB FF 75 E8                        	PUSH	DWORD [-24+EBP]
   690 000007EE FF 75 EC                        	PUSH	DWORD [-20+EBP]
   691 000007F1 FF 75 E8                        	PUSH	DWORD [-24+EBP]
   692 000007F4 6A 00                           	PUSH	0
   693 000007F6 6A 00                           	PUSH	0
   694 000007F8 6B F3 05                        	IMUL	ESI,EBX,5
   695 000007FB 53                              	PUSH	EBX
   696 000007FC FF 75 08                        	PUSH	DWORD [8+EBP]
   697 000007FF E8 [00000000]                   	CALL	_boxfill8
   698 00000804 83 C4 38                        	ADD	ESP,56
   699 00000807 FF 75 14                        	PUSH	DWORD [20+EBP]
   700 0000080A 6A 04                           	PUSH	4
   701 0000080C 6A 18                           	PUSH	24
   702 0000080E 6A 07                           	PUSH	7
   703 00000810 53                              	PUSH	EBX
   704 00000811 FF 75 08                        	PUSH	DWORD [8+EBP]
   705 00000814 E8 [00000000]                   	CALL	_putfonts8_asc
   706 00000819 83 C4 18                        	ADD	ESP,24
   707 0000081C C7 45 F0 00000000               	MOV	DWORD [-16+EBP],0
   708 00000823 C7 45 E0 00000000               	MOV	DWORD [-32+EBP],0
   709 0000082A                                 L52:
   710 0000082A 8D 04 1E                        	LEA	EAX,DWORD [ESI+EBX*1]
   711 0000082D 8B 55 08                        	MOV	EDX,DWORD [8+EBP]
   712 00000830 31 FF                           	XOR	EDI,EDI
   713 00000832 8D 4C 02 EB                     	LEA	ECX,DWORD [-21+EDX+EAX*1]
   714 00000836                                 L51:
   715 00000836 8B 45 E0                        	MOV	EAX,DWORD [-32+EBP]
   716 00000839 8A 94 07 [0000006E]             	MOV	DL,BYTE [_closebtn.0+EDI+EAX*1]
   717 00000840 80 FA 40                        	CMP	DL,64
   718 00000843 74 33                           	JE	L57
   719 00000845 80 FA 24                        	CMP	DL,36
   720 00000848 74 2A                           	JE	L58
   721 0000084A 80 FA 51                        	CMP	DL,81
   722 0000084D B2 08                           	MOV	DL,8
   723 0000084F 0F 95 C0                        	SETNE	AL
   724 00000852 28 C2                           	SUB	DL,AL
   725 00000854                                 L46:
   726 00000854 47                              	INC	EDI
   727 00000855 88 11                           	MOV	BYTE [ECX],DL
   728 00000857 41                              	INC	ECX
   729 00000858 83 FF 0F                        	CMP	EDI,15
   730 0000085B 7E D9                           	JLE	L51
   731 0000085D FF 45 F0                        	INC	DWORD [-16+EBP]
   732 00000860 01 DE                           	ADD	ESI,EBX
   733 00000862 83 45 E0 10                     	ADD	DWORD [-32+EBP],16
   734 00000866 83 7D F0 0D                     	CMP	DWORD [-16+EBP],13
   735 0000086A 7E BE                           	JLE	L52
   736 0000086C 8D 65 F4                        	LEA	ESP,DWORD [-12+EBP]
   737 0000086F 5B                              	POP	EBX
   738 00000870 5E                              	POP	ESI
   739 00000871 5F                              	POP	EDI
   740 00000872 5D                              	POP	EBP
   741 00000873 C3                              	RET
   742 00000874                                 L58:
   743 00000874 B2 0F                           	MOV	DL,15
   744 00000876 EB DC                           	JMP	L46
   745 00000878                                 L57:
   746 00000878 31 D2                           	XOR	EDX,EDX
   747 0000087A EB D8                           	JMP	L46
