     1 00000000                                 [FORMAT "WCOFF"]
     2 00000000                                 [INSTRSET "i486p"]
     3 00000000                                 [OPTIMIZE 1]
     4 00000000                                 [OPTION 1]
     5 00000000                                 [BITS 32]
     6 00000000                                 	EXTERN	_init_gdtidt
     7 00000000                                 	EXTERN	_init_pic
     8 00000000                                 	EXTERN	_io_sti
     9 00000000                                 	EXTERN	_keyfifo
    10 00000000                                 	EXTERN	_fifo8_init
    11 00000000                                 	EXTERN	_mousefifo
    12 00000000                                 	EXTERN	_io_out8
    13 00000000                                 	EXTERN	_init_keyboard
    14 00000000                                 	EXTERN	_enable_mouse
    15 00000000                                 	EXTERN	_memtest
    16 00000000                                 	EXTERN	_memman_init
    17 00000000                                 	EXTERN	_memman_free
    18 00000000                                 	EXTERN	_init_palette
    19 00000000                                 	EXTERN	_shtctl_init
    20 00000000                                 	EXTERN	_sheet_alloc
    21 00000000                                 	EXTERN	_memman_alloc_4k
    22 00000000                                 	EXTERN	_sheet_setbuf
    23 00000000                                 	EXTERN	_init_screen
    24 00000000                                 	EXTERN	_init_mouse_cursor8
    25 00000000                                 	EXTERN	_sheet_slide
    26 00000000                                 	EXTERN	_sheet_updown
    27 00000000                                 	EXTERN	_sprintf
    28 00000000                                 	EXTERN	_putfonts8_asc
    29 00000000                                 	EXTERN	_memman_total
    30 00000000                                 	EXTERN	_sheet_refresh
    31 00000000                                 	EXTERN	_io_cli
    32 00000000                                 	EXTERN	_fifo8_status
    33 00000000                                 	EXTERN	_fifo8_get
    34 00000000                                 	EXTERN	_mouse_decode
    35 00000000                                 	EXTERN	_boxfill8
    36 00000000                                 	EXTERN	_io_stihlt
    37 00000000                                 [FILE "bootpack.c"]
    38                                          [SECTION .data]
    39 00000000                                 LC0:
    40 00000000 28 25 33 64 2C 20 25 33 64 29   	DB	"(%3d, %3d)",0x00
       0000000A 00 
    41 0000000B                                 LC1:
    42 0000000B 6D 65 6D 6F 72 79 20 25 64 4D   	DB	"memory %dMB free : %dKB",0x00
       00000015 42 20 66 72 65 65 20 3A 20 25 
       0000001F 64 4B 42 00 
    43 00000023                                 LC3:
    44 00000023 5B 6C 63 72 20 25 34 64 20 25   	DB	"[lcr %4d %4d]",0x00
       0000002D 34 64 5D 00 
    45 00000031                                 LC4:
    46 00000031 28 25 33 64 2C 25 33 64 29 00   	DB	"(%3d,%3d)",0x00
    47 0000003B                                 LC2:
    48 0000003B 25 30 32 78 00                  	DB	"%02x",0x00
    49                                          [SECTION .text]
    50 00000000                                 	GLOBAL	_HariMain
    51 00000000                                 _HariMain:
    52 00000000 55                              	PUSH	EBP
    53 00000001 89 E5                           	MOV	EBP,ESP
    54 00000003 57                              	PUSH	EDI
    55 00000004 56                              	PUSH	ESI
    56 00000005 53                              	PUSH	EBX
    57 00000006 81 EC 00000200                  	SUB	ESP,512
    58 0000000C 0F BF 15 00000FF6               	MOVSX	EDX,WORD [4086]
    59 00000013 0F BF 05 00000FF4               	MOVSX	EAX,WORD [4084]
    60 0000001A 89 95 FFFFFE0C                  	MOV	DWORD [-500+EBP],EDX
    61 00000020 89 85 FFFFFE10                  	MOV	DWORD [-496+EBP],EAX
    62 00000026 E8 [00000000]                   	CALL	_init_gdtidt
    63 0000002B E8 [00000000]                   	CALL	_init_pic
    64 00000030 E8 [00000000]                   	CALL	_io_sti
    65 00000035 8D 45 A4                        	LEA	EAX,DWORD [-92+EBP]
    66 00000038 50                              	PUSH	EAX
    67 00000039 6A 20                           	PUSH	32
    68 0000003B 68 [00000000]                   	PUSH	_keyfifo
    69 00000040 E8 [00000000]                   	CALL	_fifo8_init
    70 00000045 8D 85 FFFFFF24                  	LEA	EAX,DWORD [-220+EBP]
    71 0000004B 50                              	PUSH	EAX
    72 0000004C 68 00000080                     	PUSH	128
    73 00000051 68 [00000000]                   	PUSH	_mousefifo
    74 00000056 E8 [00000000]                   	CALL	_fifo8_init
    75 0000005B 68 000000F9                     	PUSH	249
    76 00000060 6A 21                           	PUSH	33
    77 00000062 E8 [00000000]                   	CALL	_io_out8
    78 00000067 83 C4 20                        	ADD	ESP,32
    79 0000006A 68 000000EF                     	PUSH	239
    80 0000006F 68 000000A1                     	PUSH	161
    81 00000074 E8 [00000000]                   	CALL	_io_out8
    82 00000079 E8 [00000000]                   	CALL	_init_keyboard
    83 0000007E 8D 85 FFFFFF14                  	LEA	EAX,DWORD [-236+EBP]
    84 00000084 50                              	PUSH	EAX
    85 00000085 E8 [00000000]                   	CALL	_enable_mouse
    86 0000008A 68 BFFFFFFF                     	PUSH	-1073741825
    87 0000008F 68 00400000                     	PUSH	4194304
    88 00000094 E8 [00000000]                   	CALL	_memtest
    89 00000099 68 003C0000                     	PUSH	3932160
    90 0000009E 89 85 FFFFFE08                  	MOV	DWORD [-504+EBP],EAX
    91 000000A4 E8 [00000000]                   	CALL	_memman_init
    92 000000A9 68 0009E000                     	PUSH	647168
    93 000000AE 68 00001000                     	PUSH	4096
    94 000000B3 68 003C0000                     	PUSH	3932160
    95 000000B8 E8 [00000000]                   	CALL	_memman_free
    96 000000BD 8B 85 FFFFFE08                  	MOV	EAX,DWORD [-504+EBP]
    97 000000C3 83 C4 24                        	ADD	ESP,36
    98 000000C6 2D 00400000                     	SUB	EAX,4194304
    99 000000CB 50                              	PUSH	EAX
   100 000000CC 68 00400000                     	PUSH	4194304
   101 000000D1 68 003C0000                     	PUSH	3932160
   102 000000D6 E8 [00000000]                   	CALL	_memman_free
   103 000000DB E8 [00000000]                   	CALL	_init_palette
   104 000000E0 0F BF 05 00000FF6               	MOVSX	EAX,WORD [4086]
   105 000000E7 50                              	PUSH	EAX
   106 000000E8 0F BF 05 00000FF4               	MOVSX	EAX,WORD [4084]
   107 000000EF 50                              	PUSH	EAX
   108 000000F0 FF 35 00000FF8                  	PUSH	DWORD [4088]
   109 000000F6 68 003C0000                     	PUSH	3932160
   110 000000FB E8 [00000000]                   	CALL	_shtctl_init
   111 00000100 89 C3                           	MOV	EBX,EAX
   112 00000102 50                              	PUSH	EAX
   113 00000103 E8 [00000000]                   	CALL	_sheet_alloc
   114 00000108 83 C4 20                        	ADD	ESP,32
   115 0000010B 53                              	PUSH	EBX
   116 0000010C 89 85 FFFFFE04                  	MOV	DWORD [-508+EBP],EAX
   117 00000112 E8 [00000000]                   	CALL	_sheet_alloc
   118 00000117 0F BF 1D 00000FF6               	MOVSX	EBX,WORD [4086]
   119 0000011E 89 85 FFFFFE00                  	MOV	DWORD [-512+EBP],EAX
   120 00000124 0F BF 05 00000FF4               	MOVSX	EAX,WORD [4084]
   121 0000012B 0F AF C3                        	IMUL	EAX,EBX
   122 0000012E 50                              	PUSH	EAX
   123 0000012F 8D 9D FFFFFE14                  	LEA	EBX,DWORD [-492+EBP]
   124 00000135 68 003C0000                     	PUSH	3932160
   125 0000013A E8 [00000000]                   	CALL	_memman_alloc_4k
   126 0000013F 6A FF                           	PUSH	-1
   127 00000141 89 85 FFFFFDFC                  	MOV	DWORD [-516+EBP],EAX
   128 00000147 0F BF 05 00000FF6               	MOVSX	EAX,WORD [4086]
   129 0000014E 50                              	PUSH	EAX
   130 0000014F 0F BF 05 00000FF4               	MOVSX	EAX,WORD [4084]
   131 00000156 50                              	PUSH	EAX
   132 00000157 FF B5 FFFFFDFC                  	PUSH	DWORD [-516+EBP]
   133 0000015D FF B5 FFFFFE04                  	PUSH	DWORD [-508+EBP]
   134 00000163 E8 [00000000]                   	CALL	_sheet_setbuf
   135 00000168 83 C4 20                        	ADD	ESP,32
   136 0000016B 6A 63                           	PUSH	99
   137 0000016D 6A 10                           	PUSH	16
   138 0000016F 6A 10                           	PUSH	16
   139 00000171 53                              	PUSH	EBX
   140 00000172 FF B5 FFFFFE00                  	PUSH	DWORD [-512+EBP]
   141 00000178 E8 [00000000]                   	CALL	_sheet_setbuf
   142 0000017D 0F BF 05 00000FF6               	MOVSX	EAX,WORD [4086]
   143 00000184 50                              	PUSH	EAX
   144 00000185 0F BF 05 00000FF4               	MOVSX	EAX,WORD [4084]
   145 0000018C 50                              	PUSH	EAX
   146 0000018D FF B5 FFFFFDFC                  	PUSH	DWORD [-516+EBP]
   147 00000193 E8 [00000000]                   	CALL	_init_screen
   148 00000198 83 C4 20                        	ADD	ESP,32
   149 0000019B 6A 63                           	PUSH	99
   150 0000019D 53                              	PUSH	EBX
   151 0000019E BB 00000002                     	MOV	EBX,2
   152 000001A3 E8 [00000000]                   	CALL	_init_mouse_cursor8
   153 000001A8 6A 00                           	PUSH	0
   154 000001AA 6A 00                           	PUSH	0
   155 000001AC FF B5 FFFFFE04                  	PUSH	DWORD [-508+EBP]
   156 000001B2 E8 [00000000]                   	CALL	_sheet_slide
   157 000001B7 0F BF 05 00000FF4               	MOVSX	EAX,WORD [4084]
   158 000001BE 8D 48 F0                        	LEA	ECX,DWORD [-16+EAX]
   159 000001C1 89 C8                           	MOV	EAX,ECX
   160 000001C3 99                              	CDQ
   161 000001C4 F7 FB                           	IDIV	EBX
   162 000001C6 89 C6                           	MOV	ESI,EAX
   163 000001C8 0F BF 05 00000FF6               	MOVSX	EAX,WORD [4086]
   164 000001CF 8D 48 D4                        	LEA	ECX,DWORD [-44+EAX]
   165 000001D2 89 C8                           	MOV	EAX,ECX
   166 000001D4 99                              	CDQ
   167 000001D5 F7 FB                           	IDIV	EBX
   168 000001D7 50                              	PUSH	EAX
   169 000001D8 89 C7                           	MOV	EDI,EAX
   170 000001DA 56                              	PUSH	ESI
   171 000001DB 8D 5D C4                        	LEA	EBX,DWORD [-60+EBP]
   172 000001DE FF B5 FFFFFE00                  	PUSH	DWORD [-512+EBP]
   173 000001E4 E8 [00000000]                   	CALL	_sheet_slide
   174 000001E9 83 C4 20                        	ADD	ESP,32
   175 000001EC 6A 00                           	PUSH	0
   176 000001EE FF B5 FFFFFE04                  	PUSH	DWORD [-508+EBP]
   177 000001F4 E8 [00000000]                   	CALL	_sheet_updown
   178 000001F9 6A 01                           	PUSH	1
   179 000001FB FF B5 FFFFFE00                  	PUSH	DWORD [-512+EBP]
   180 00000201 E8 [00000000]                   	CALL	_sheet_updown
   181 00000206 57                              	PUSH	EDI
   182 00000207 56                              	PUSH	ESI
   183 00000208 68 [00000000]                   	PUSH	LC0
   184 0000020D 53                              	PUSH	EBX
   185 0000020E E8 [00000000]                   	CALL	_sprintf
   186 00000213 83 C4 20                        	ADD	ESP,32
   187 00000216 53                              	PUSH	EBX
   188 00000217 6A 00                           	PUSH	0
   189 00000219 6A 00                           	PUSH	0
   190 0000021B 6A 07                           	PUSH	7
   191 0000021D 0F BF 05 00000FF4               	MOVSX	EAX,WORD [4084]
   192 00000224 50                              	PUSH	EAX
   193 00000225 FF B5 FFFFFDFC                  	PUSH	DWORD [-516+EBP]
   194 0000022B E8 [00000000]                   	CALL	_putfonts8_asc
   195 00000230 68 003C0000                     	PUSH	3932160
   196 00000235 E8 [00000000]                   	CALL	_memman_total
   197 0000023A C1 AD FFFFFE08 14               	SHR	DWORD [-504+EBP],20
   198 00000241 C1 E8 0A                        	SHR	EAX,10
   199 00000244 89 04 24                        	MOV	DWORD [ESP],EAX
   200 00000247 FF B5 FFFFFE08                  	PUSH	DWORD [-504+EBP]
   201 0000024D 68 [0000000B]                   	PUSH	LC1
   202 00000252 53                              	PUSH	EBX
   203 00000253 E8 [00000000]                   	CALL	_sprintf
   204 00000258 83 C4 28                        	ADD	ESP,40
   205 0000025B 53                              	PUSH	EBX
   206 0000025C 6A 20                           	PUSH	32
   207 0000025E 6A 00                           	PUSH	0
   208 00000260 6A 07                           	PUSH	7
   209 00000262 0F BF 05 00000FF4               	MOVSX	EAX,WORD [4084]
   210 00000269 50                              	PUSH	EAX
   211 0000026A                                 L18:
   212 0000026A FF B5 FFFFFDFC                  	PUSH	DWORD [-516+EBP]
   213 00000270 E8 [00000000]                   	CALL	_putfonts8_asc
   214 00000275 6A 30                           	PUSH	48
   215 00000277 FF B5 FFFFFE10                  	PUSH	DWORD [-496+EBP]
   216 0000027D 6A 00                           	PUSH	0
   217 0000027F 6A 00                           	PUSH	0
   218 00000281 FF B5 FFFFFE04                  	PUSH	DWORD [-508+EBP]
   219 00000287 E8 [00000000]                   	CALL	_sheet_refresh
   220 0000028C 83 C4 2C                        	ADD	ESP,44
   221 0000028F                                 L2:
   222 0000028F E8 [00000000]                   	CALL	_io_cli
   223 00000294 68 [00000000]                   	PUSH	_keyfifo
   224 00000299 E8 [00000000]                   	CALL	_fifo8_status
   225 0000029E 68 [00000000]                   	PUSH	_mousefifo
   226 000002A3 89 C3                           	MOV	EBX,EAX
   227 000002A5 E8 [00000000]                   	CALL	_fifo8_status
   228 000002AA 8D 04 18                        	LEA	EAX,DWORD [EAX+EBX*1]
   229 000002AD 5B                              	POP	EBX
   230 000002AE 5A                              	POP	EDX
   231 000002AF 85 C0                           	TEST	EAX,EAX
   232 000002B1 0F 84 000001E1                  	JE	L19
   233 000002B7 68 [00000000]                   	PUSH	_keyfifo
   234 000002BC E8 [00000000]                   	CALL	_fifo8_status
   235 000002C1 59                              	POP	ECX
   236 000002C2 85 C0                           	TEST	EAX,EAX
   237 000002C4 0F 85 0000017B                  	JNE	L20
   238 000002CA 68 [00000000]                   	PUSH	_mousefifo
   239 000002CF E8 [00000000]                   	CALL	_fifo8_status
   240 000002D4 5A                              	POP	EDX
   241 000002D5 85 C0                           	TEST	EAX,EAX
   242 000002D7 74 B6                           	JE	L2
   243 000002D9 68 [00000000]                   	PUSH	_mousefifo
   244 000002DE E8 [00000000]                   	CALL	_fifo8_get
   245 000002E3 88 C3                           	MOV	BL,AL
   246 000002E5 E8 [00000000]                   	CALL	_io_sti
   247 000002EA 0F B6 C3                        	MOVZX	EAX,BL
   248 000002ED 50                              	PUSH	EAX
   249 000002EE 8D 85 FFFFFF14                  	LEA	EAX,DWORD [-236+EBP]
   250 000002F4 50                              	PUSH	EAX
   251 000002F5 E8 [00000000]                   	CALL	_mouse_decode
   252 000002FA 83 C4 0C                        	ADD	ESP,12
   253 000002FD 85 C0                           	TEST	EAX,EAX
   254 000002FF 74 8E                           	JE	L2
   255 00000301 FF B5 FFFFFF1C                  	PUSH	DWORD [-228+EBP]
   256 00000307 FF B5 FFFFFF18                  	PUSH	DWORD [-232+EBP]
   257 0000030D 68 [00000023]                   	PUSH	LC3
   258 00000312 8D 5D C4                        	LEA	EBX,DWORD [-60+EBP]
   259 00000315 53                              	PUSH	EBX
   260 00000316 E8 [00000000]                   	CALL	_sprintf
   261 0000031B 83 C4 10                        	ADD	ESP,16
   262 0000031E 8B 85 FFFFFF20                  	MOV	EAX,DWORD [-224+EBP]
   263 00000324 A9 00000001                     	TEST	EAX,1
   264 00000329 74 04                           	JE	L11
   265 0000032B C6 45 C5 4C                     	MOV	BYTE [-59+EBP],76
   266 0000032F                                 L11:
   267 0000032F A9 00000002                     	TEST	EAX,2
   268 00000334 74 04                           	JE	L12
   269 00000336 C6 45 C7 52                     	MOV	BYTE [-57+EBP],82
   270 0000033A                                 L12:
   271 0000033A 83 E0 04                        	AND	EAX,4
   272 0000033D 74 04                           	JE	L13
   273 0000033F C6 45 C6 43                     	MOV	BYTE [-58+EBP],67
   274 00000343                                 L13:
   275 00000343 6A 1F                           	PUSH	31
   276 00000345 68 00000097                     	PUSH	151
   277 0000034A 6A 10                           	PUSH	16
   278 0000034C 6A 20                           	PUSH	32
   279 0000034E 6A 0E                           	PUSH	14
   280 00000350 FF B5 FFFFFE10                  	PUSH	DWORD [-496+EBP]
   281 00000356 FF B5 FFFFFDFC                  	PUSH	DWORD [-516+EBP]
   282 0000035C E8 [00000000]                   	CALL	_boxfill8
   283 00000361 53                              	PUSH	EBX
   284 00000362 6A 10                           	PUSH	16
   285 00000364 6A 20                           	PUSH	32
   286 00000366 6A 07                           	PUSH	7
   287 00000368 FF B5 FFFFFE10                  	PUSH	DWORD [-496+EBP]
   288 0000036E FF B5 FFFFFDFC                  	PUSH	DWORD [-516+EBP]
   289 00000374 E8 [00000000]                   	CALL	_putfonts8_asc
   290 00000379 83 C4 34                        	ADD	ESP,52
   291 0000037C 6A 20                           	PUSH	32
   292 0000037E 68 00000098                     	PUSH	152
   293 00000383 6A 10                           	PUSH	16
   294 00000385 6A 20                           	PUSH	32
   295 00000387 FF B5 FFFFFE04                  	PUSH	DWORD [-508+EBP]
   296 0000038D E8 [00000000]                   	CALL	_sheet_refresh
   297 00000392 83 C4 14                        	ADD	ESP,20
   298 00000395 03 BD FFFFFF1C                  	ADD	EDI,DWORD [-228+EBP]
   299 0000039B 03 B5 FFFFFF18                  	ADD	ESI,DWORD [-232+EBP]
   300 000003A1 0F 88 00000097                  	JS	L21
   301 000003A7                                 L14:
   302 000003A7 85 FF                           	TEST	EDI,EDI
   303 000003A9 0F 88 00000088                  	JS	L22
   304 000003AF                                 L15:
   305 000003AF 8B 85 FFFFFE10                  	MOV	EAX,DWORD [-496+EBP]
   306 000003B5 48                              	DEC	EAX
   307 000003B6 39 C6                           	CMP	ESI,EAX
   308 000003B8 7E 02                           	JLE	L16
   309 000003BA 89 C6                           	MOV	ESI,EAX
   310 000003BC                                 L16:
   311 000003BC 8B 85 FFFFFE0C                  	MOV	EAX,DWORD [-500+EBP]
   312 000003C2 48                              	DEC	EAX
   313 000003C3 39 C7                           	CMP	EDI,EAX
   314 000003C5 7E 02                           	JLE	L17
   315 000003C7 89 C7                           	MOV	EDI,EAX
   316 000003C9                                 L17:
   317 000003C9 57                              	PUSH	EDI
   318 000003CA 56                              	PUSH	ESI
   319 000003CB 68 [00000031]                   	PUSH	LC4
   320 000003D0 53                              	PUSH	EBX
   321 000003D1 E8 [00000000]                   	CALL	_sprintf
   322 000003D6 6A 0F                           	PUSH	15
   323 000003D8 6A 4F                           	PUSH	79
   324 000003DA 6A 00                           	PUSH	0
   325 000003DC 6A 00                           	PUSH	0
   326 000003DE 6A 0E                           	PUSH	14
   327 000003E0 FF B5 FFFFFE10                  	PUSH	DWORD [-496+EBP]
   328 000003E6 FF B5 FFFFFDFC                  	PUSH	DWORD [-516+EBP]
   329 000003EC E8 [00000000]                   	CALL	_boxfill8
   330 000003F1 83 C4 2C                        	ADD	ESP,44
   331 000003F4 53                              	PUSH	EBX
   332 000003F5 6A 00                           	PUSH	0
   333 000003F7 6A 00                           	PUSH	0
   334 000003F9 6A 07                           	PUSH	7
   335 000003FB FF B5 FFFFFE10                  	PUSH	DWORD [-496+EBP]
   336 00000401 FF B5 FFFFFDFC                  	PUSH	DWORD [-516+EBP]
   337 00000407 E8 [00000000]                   	CALL	_putfonts8_asc
   338 0000040C 6A 10                           	PUSH	16
   339 0000040E 6A 50                           	PUSH	80
   340 00000410 6A 00                           	PUSH	0
   341 00000412 6A 00                           	PUSH	0
   342 00000414 FF B5 FFFFFE04                  	PUSH	DWORD [-508+EBP]
   343 0000041A E8 [00000000]                   	CALL	_sheet_refresh
   344 0000041F 83 C4 2C                        	ADD	ESP,44
   345 00000422 57                              	PUSH	EDI
   346 00000423 56                              	PUSH	ESI
   347 00000424 FF B5 FFFFFE00                  	PUSH	DWORD [-512+EBP]
   348 0000042A E8 [00000000]                   	CALL	_sheet_slide
   349 0000042F 83 C4 0C                        	ADD	ESP,12
   350 00000432 E9 FFFFFE58                     	JMP	L2
   351 00000437                                 L22:
   352 00000437 31 FF                           	XOR	EDI,EDI
   353 00000439 E9 FFFFFF71                     	JMP	L15
   354 0000043E                                 L21:
   355 0000043E 31 F6                           	XOR	ESI,ESI
   356 00000440 E9 FFFFFF62                     	JMP	L14
   357 00000445                                 L20:
   358 00000445 68 [00000000]                   	PUSH	_keyfifo
   359 0000044A E8 [00000000]                   	CALL	_fifo8_get
   360 0000044F 88 C3                           	MOV	BL,AL
   361 00000451 E8 [00000000]                   	CALL	_io_sti
   362 00000456 0F B6 C3                        	MOVZX	EAX,BL
   363 00000459 50                              	PUSH	EAX
   364 0000045A 8D 5D C4                        	LEA	EBX,DWORD [-60+EBP]
   365 0000045D 68 [0000003B]                   	PUSH	LC2
   366 00000462 53                              	PUSH	EBX
   367 00000463 E8 [00000000]                   	CALL	_sprintf
   368 00000468 6A 1F                           	PUSH	31
   369 0000046A 6A 0F                           	PUSH	15
   370 0000046C 6A 10                           	PUSH	16
   371 0000046E 6A 00                           	PUSH	0
   372 00000470 6A 0E                           	PUSH	14
   373 00000472 FF B5 FFFFFE10                  	PUSH	DWORD [-496+EBP]
   374 00000478 FF B5 FFFFFDFC                  	PUSH	DWORD [-516+EBP]
   375 0000047E E8 [00000000]                   	CALL	_boxfill8
   376 00000483 83 C4 2C                        	ADD	ESP,44
   377 00000486 53                              	PUSH	EBX
   378 00000487 6A 10                           	PUSH	16
   379 00000489 6A 00                           	PUSH	0
   380 0000048B 6A 07                           	PUSH	7
   381 0000048D FF B5 FFFFFE10                  	PUSH	DWORD [-496+EBP]
   382 00000493 E9 FFFFFDD2                     	JMP	L18
   383 00000498                                 L19:
   384 00000498 E8 [00000000]                   	CALL	_io_stihlt
   385 0000049D E9 FFFFFDED                     	JMP	L2
