     1 00000000                                 [FORMAT "WCOFF"]
     2 00000000                                 [INSTRSET "i486p"]
     3 00000000                                 [OPTIMIZE 1]
     4 00000000                                 [OPTION 1]
     5 00000000                                 [BITS 32]
     6 00000000                                 	EXTERN	_boxfill8
     7 00000000                                 	EXTERN	_putfonts8_asc
     8 00000000                                 	EXTERN	_sheet_refresh
     9 00000000                                 [FILE "window.c"]
    10                                          [SECTION .text]
    11 00000000                                 	GLOBAL	_make_window8
    12 00000000                                 _make_window8:
    13 00000000 55                              	PUSH	EBP
    14 00000001 89 E5                           	MOV	EBP,ESP
    15 00000003 57                              	PUSH	EDI
    16 00000004 56                              	PUSH	ESI
    17 00000005 53                              	PUSH	EBX
    18 00000006 83 EC 18                        	SUB	ESP,24
    19 00000009 8B 45 10                        	MOV	EAX,DWORD [16+EBP]
    20 0000000C 8B 5D 0C                        	MOV	EBX,DWORD [12+EBP]
    21 0000000F 89 45 F0                        	MOV	DWORD [-16+EBP],EAX
    22 00000012 8B 75 08                        	MOV	ESI,DWORD [8+EBP]
    23 00000015 8B 45 14                        	MOV	EAX,DWORD [20+EBP]
    24 00000018 89 45 EC                        	MOV	DWORD [-20+EBP],EAX
    25 0000001B 0F BE 45 18                     	MOVSX	EAX,BYTE [24+EBP]
    26 0000001F 89 45 E8                        	MOV	DWORD [-24+EBP],EAX
    27 00000022 8D 43 FF                        	LEA	EAX,DWORD [-1+EBX]
    28 00000025 6A 00                           	PUSH	0
    29 00000027 89 45 E4                        	MOV	DWORD [-28+EBP],EAX
    30 0000002A 50                              	PUSH	EAX
    31 0000002B 6A 00                           	PUSH	0
    32 0000002D 6A 00                           	PUSH	0
    33 0000002F 6A 08                           	PUSH	8
    34 00000031 53                              	PUSH	EBX
    35 00000032 56                              	PUSH	ESI
    36 00000033 E8 [00000000]                   	CALL	_boxfill8
    37 00000038 8D 43 FE                        	LEA	EAX,DWORD [-2+EBX]
    38 0000003B 6A 01                           	PUSH	1
    39 0000003D 89 45 E0                        	MOV	DWORD [-32+EBP],EAX
    40 00000040 50                              	PUSH	EAX
    41 00000041 6A 01                           	PUSH	1
    42 00000043 6A 01                           	PUSH	1
    43 00000045 6A 07                           	PUSH	7
    44 00000047 53                              	PUSH	EBX
    45 00000048 56                              	PUSH	ESI
    46 00000049 E8 [00000000]                   	CALL	_boxfill8
    47 0000004E 8B 45 F0                        	MOV	EAX,DWORD [-16+EBP]
    48 00000051 83 C4 38                        	ADD	ESP,56
    49 00000054 48                              	DEC	EAX
    50 00000055 89 45 DC                        	MOV	DWORD [-36+EBP],EAX
    51 00000058 50                              	PUSH	EAX
    52 00000059 6A 00                           	PUSH	0
    53 0000005B 6A 00                           	PUSH	0
    54 0000005D 6A 00                           	PUSH	0
    55 0000005F 6A 08                           	PUSH	8
    56 00000061 53                              	PUSH	EBX
    57 00000062 56                              	PUSH	ESI
    58 00000063 E8 [00000000]                   	CALL	_boxfill8
    59 00000068 8B 7D F0                        	MOV	EDI,DWORD [-16+EBP]
    60 0000006B 83 EF 02                        	SUB	EDI,2
    61 0000006E 57                              	PUSH	EDI
    62 0000006F 6A 01                           	PUSH	1
    63 00000071 6A 01                           	PUSH	1
    64 00000073 6A 01                           	PUSH	1
    65 00000075 6A 07                           	PUSH	7
    66 00000077 53                              	PUSH	EBX
    67 00000078 56                              	PUSH	ESI
    68 00000079 E8 [00000000]                   	CALL	_boxfill8
    69 0000007E 83 C4 38                        	ADD	ESP,56
    70 00000081 57                              	PUSH	EDI
    71 00000082 FF 75 E0                        	PUSH	DWORD [-32+EBP]
    72 00000085 6A 01                           	PUSH	1
    73 00000087 FF 75 E0                        	PUSH	DWORD [-32+EBP]
    74 0000008A 6A 0F                           	PUSH	15
    75 0000008C 53                              	PUSH	EBX
    76 0000008D 56                              	PUSH	ESI
    77 0000008E E8 [00000000]                   	CALL	_boxfill8
    78 00000093 FF 75 DC                        	PUSH	DWORD [-36+EBP]
    79 00000096 FF 75 E4                        	PUSH	DWORD [-28+EBP]
    80 00000099 6A 00                           	PUSH	0
    81 0000009B FF 75 E4                        	PUSH	DWORD [-28+EBP]
    82 0000009E 6A 00                           	PUSH	0
    83 000000A0 53                              	PUSH	EBX
    84 000000A1 56                              	PUSH	ESI
    85 000000A2 E8 [00000000]                   	CALL	_boxfill8
    86 000000A7 8B 45 F0                        	MOV	EAX,DWORD [-16+EBP]
    87 000000AA 83 C4 38                        	ADD	ESP,56
    88 000000AD 83 E8 03                        	SUB	EAX,3
    89 000000B0 50                              	PUSH	EAX
    90 000000B1 8D 43 FD                        	LEA	EAX,DWORD [-3+EBX]
    91 000000B4 50                              	PUSH	EAX
    92 000000B5 6A 02                           	PUSH	2
    93 000000B7 6A 02                           	PUSH	2
    94 000000B9 6A 08                           	PUSH	8
    95 000000BB 53                              	PUSH	EBX
    96 000000BC 56                              	PUSH	ESI
    97 000000BD E8 [00000000]                   	CALL	_boxfill8
    98 000000C2 57                              	PUSH	EDI
    99 000000C3 FF 75 E0                        	PUSH	DWORD [-32+EBP]
   100 000000C6 57                              	PUSH	EDI
   101 000000C7 6A 01                           	PUSH	1
   102 000000C9 6A 0F                           	PUSH	15
   103 000000CB 53                              	PUSH	EBX
   104 000000CC 56                              	PUSH	ESI
   105 000000CD E8 [00000000]                   	CALL	_boxfill8
   106 000000D2 83 C4 38                        	ADD	ESP,56
   107 000000D5 FF 75 DC                        	PUSH	DWORD [-36+EBP]
   108 000000D8 FF 75 E4                        	PUSH	DWORD [-28+EBP]
   109 000000DB FF 75 DC                        	PUSH	DWORD [-36+EBP]
   110 000000DE 6A 00                           	PUSH	0
   111 000000E0 6A 00                           	PUSH	0
   112 000000E2 53                              	PUSH	EBX
   113 000000E3 56                              	PUSH	ESI
   114 000000E4 E8 [00000000]                   	CALL	_boxfill8
   115 000000E9 89 75 08                        	MOV	DWORD [8+EBP],ESI
   116 000000EC 8B 45 E8                        	MOV	EAX,DWORD [-24+EBP]
   117 000000EF 89 5D 0C                        	MOV	DWORD [12+EBP],EBX
   118 000000F2 89 45 14                        	MOV	DWORD [20+EBP],EAX
   119 000000F5 83 C4 1C                        	ADD	ESP,28
   120 000000F8 8B 45 EC                        	MOV	EAX,DWORD [-20+EBP]
   121 000000FB 89 45 10                        	MOV	DWORD [16+EBP],EAX
   122 000000FE 8D 65 F4                        	LEA	ESP,DWORD [-12+EBP]
   123 00000101 5B                              	POP	EBX
   124 00000102 5E                              	POP	ESI
   125 00000103 5F                              	POP	EDI
   126 00000104 5D                              	POP	EBP
   127 00000105 EB 00                           	JMP	_make_wtitle8
   128                                          [SECTION .data]
   129 00000000                                 _closebtn.0:
   130 00000000 4F 4F 4F 4F 4F 4F 4F 4F 4F 4F   	DB	"OOOOOOOOOOOOOOO@"
       0000000A 4F 4F 4F 4F 4F 40 
   131 00000010 4F 51 51 51 51 51 51 51 51 51   	DB	"OQQQQQQQQQQQQQ$@"
       0000001A 51 51 51 51 24 40 
   132 00000020 4F 51 51 51 51 51 51 51 51 51   	DB	"OQQQQQQQQQQQQQ$@"
       0000002A 51 51 51 51 24 40 
   133 00000030 4F 51 51 51 40 40 51 51 51 51   	DB	"OQQQ@@QQQQ@@QQ$@"
       0000003A 40 40 51 51 24 40 
   134 00000040 4F 51 51 51 51 40 40 51 51 40   	DB	"OQQQQ@@QQ@@QQQ$@"
       0000004A 40 51 51 51 24 40 
   135 00000050 4F 51 51 51 51 51 40 40 40 40   	DB	"OQQQQQ@@@@QQQQ$@"
       0000005A 51 51 51 51 24 40 
   136 00000060 4F 51 51 51 51 51 51 40 40 51   	DB	"OQQQQQQ@@QQQQQ$@"
       0000006A 51 51 51 51 24 40 
   137 00000070 4F 51 51 51 51 51 40 40 40 40   	DB	"OQQQQQ@@@@QQQQ$@"
       0000007A 51 51 51 51 24 40 
   138 00000080 4F 51 51 51 51 40 40 51 51 40   	DB	"OQQQQ@@QQ@@QQQ$@"
       0000008A 40 51 51 51 24 40 
   139 00000090 4F 51 51 51 40 40 51 51 51 51   	DB	"OQQQ@@QQQQ@@QQ$@"
       0000009A 40 40 51 51 24 40 
   140 000000A0 4F 51 51 51 51 51 51 51 51 51   	DB	"OQQQQQQQQQQQQQ$@"
       000000AA 51 51 51 51 24 40 
   141 000000B0 4F 51 51 51 51 51 51 51 51 51   	DB	"OQQQQQQQQQQQQQ$@"
       000000BA 51 51 51 51 24 40 
   142 000000C0 4F 24 24 24 24 24 24 24 24 24   	DB	"O$$$$$$$$$$$$$$@"
       000000CA 24 24 24 24 24 40 
   143 000000D0 40 40 40 40 40 40 40 40 40 40   	DB	"@@@@@@@@@@@@@@@@"
       000000DA 40 40 40 40 40 40 
   144                                          [SECTION .text]
   145 00000107                                 	GLOBAL	_make_wtitle8
   146 00000107                                 _make_wtitle8:
   147 00000107 55                              	PUSH	EBP
   148 00000108 89 E5                           	MOV	EBP,ESP
   149 0000010A 57                              	PUSH	EDI
   150 0000010B 56                              	PUSH	ESI
   151 0000010C 53                              	PUSH	EBX
   152 0000010D 50                              	PUSH	EAX
   153 0000010E 80 7D 14 00                     	CMP	BYTE [20+EBP],0
   154 00000112 0F 84 00000097                  	JE	L3
   155 00000118 B3 07                           	MOV	BL,7
   156 0000011A B2 0C                           	MOV	DL,12
   157 0000011C                                 L4:
   158 0000011C 8B 45 0C                        	MOV	EAX,DWORD [12+EBP]
   159 0000011F 6A 14                           	PUSH	20
   160 00000121 83 E8 04                        	SUB	EAX,4
   161 00000124 31 FF                           	XOR	EDI,EDI
   162 00000126 50                              	PUSH	EAX
   163 00000127 6A 03                           	PUSH	3
   164 00000129 6A 03                           	PUSH	3
   165 0000012B 0F B6 C2                        	MOVZX	EAX,DL
   166 0000012E 50                              	PUSH	EAX
   167 0000012F FF 75 0C                        	PUSH	DWORD [12+EBP]
   168 00000132 FF 75 08                        	PUSH	DWORD [8+EBP]
   169 00000135 E8 [00000000]                   	CALL	_boxfill8
   170 0000013A FF 75 10                        	PUSH	DWORD [16+EBP]
   171 0000013D 0F BE C3                        	MOVSX	EAX,BL
   172 00000140 50                              	PUSH	EAX
   173 00000141 6A 04                           	PUSH	4
   174 00000143 6A 18                           	PUSH	24
   175 00000145 FF 75 0C                        	PUSH	DWORD [12+EBP]
   176 00000148 FF 75 08                        	PUSH	DWORD [8+EBP]
   177 0000014B E8 [00000000]                   	CALL	_putfonts8_asc
   178 00000150 83 C4 34                        	ADD	ESP,52
   179 00000153 6B 5D 0C 05                     	IMUL	EBX,DWORD [12+EBP],5
   180 00000157 C7 45 F0 00000000               	MOV	DWORD [-16+EBP],0
   181 0000015E                                 L20:
   182 0000015E 8B 45 0C                        	MOV	EAX,DWORD [12+EBP]
   183 00000161 8B 55 08                        	MOV	EDX,DWORD [8+EBP]
   184 00000164 01 D8                           	ADD	EAX,EBX
   185 00000166 31 F6                           	XOR	ESI,ESI
   186 00000168 8D 4C 02 EB                     	LEA	ECX,DWORD [-21+EDX+EAX*1]
   187 0000016C                                 L19:
   188 0000016C 8A 94 3E [00000000]             	MOV	DL,BYTE [_closebtn.0+ESI+EDI*1]
   189 00000173 80 FA 40                        	CMP	DL,64
   190 00000176 74 33                           	JE	L25
   191 00000178 80 FA 24                        	CMP	DL,36
   192 0000017B 74 2A                           	JE	L26
   193 0000017D 80 FA 51                        	CMP	DL,81
   194 00000180 B2 08                           	MOV	DL,8
   195 00000182 0F 95 C0                        	SETNE	AL
   196 00000185 28 C2                           	SUB	DL,AL
   197 00000187                                 L14:
   198 00000187 46                              	INC	ESI
   199 00000188 88 11                           	MOV	BYTE [ECX],DL
   200 0000018A 41                              	INC	ECX
   201 0000018B 83 FE 0F                        	CMP	ESI,15
   202 0000018E 7E DC                           	JLE	L19
   203 00000190 FF 45 F0                        	INC	DWORD [-16+EBP]
   204 00000193 83 C7 10                        	ADD	EDI,16
   205 00000196 03 5D 0C                        	ADD	EBX,DWORD [12+EBP]
   206 00000199 83 7D F0 0D                     	CMP	DWORD [-16+EBP],13
   207 0000019D 7E BF                           	JLE	L20
   208 0000019F 8D 65 F4                        	LEA	ESP,DWORD [-12+EBP]
   209 000001A2 5B                              	POP	EBX
   210 000001A3 5E                              	POP	ESI
   211 000001A4 5F                              	POP	EDI
   212 000001A5 5D                              	POP	EBP
   213 000001A6 C3                              	RET
   214 000001A7                                 L26:
   215 000001A7 B2 0F                           	MOV	DL,15
   216 000001A9 EB DC                           	JMP	L14
   217 000001AB                                 L25:
   218 000001AB 31 D2                           	XOR	EDX,EDX
   219 000001AD EB D8                           	JMP	L14
   220 000001AF                                 L3:
   221 000001AF B3 08                           	MOV	BL,8
   222 000001B1 B2 0F                           	MOV	DL,15
   223 000001B3 E9 FFFFFF64                     	JMP	L4
   224 000001B8                                 	GLOBAL	_change_wtitle8
   225 000001B8                                 _change_wtitle8:
   226 000001B8 55                              	PUSH	EBP
   227 000001B9 89 E5                           	MOV	EBP,ESP
   228 000001BB 57                              	PUSH	EDI
   229 000001BC 56                              	PUSH	ESI
   230 000001BD 53                              	PUSH	EBX
   231 000001BE 83 EC 14                        	SUB	ESP,20
   232 000001C1 8B 45 08                        	MOV	EAX,DWORD [8+EBP]
   233 000001C4 80 7D 0C 00                     	CMP	BYTE [12+EBP],0
   234 000001C8 8B 10                           	MOV	EDX,DWORD [EAX]
   235 000001CA 8B 48 04                        	MOV	ECX,DWORD [4+EAX]
   236 000001CD 89 55 E4                        	MOV	DWORD [-28+EBP],EDX
   237 000001D0 0F 84 00000088                  	JE	L28
   238 000001D6 C6 45 EB 07                     	MOV	BYTE [-21+EBP],7
   239 000001DA C6 45 EA 0C                     	MOV	BYTE [-22+EBP],12
   240 000001DE C6 45 E9 08                     	MOV	BYTE [-23+EBP],8
   241 000001E2 C6 45 E8 0F                     	MOV	BYTE [-24+EBP],15
   242 000001E6                                 L29:
   243 000001E6 6B F9 03                        	IMUL	EDI,ECX,3
   244 000001E9 C7 45 EC 00000011               	MOV	DWORD [-20+EBP],17
   245 000001F0 89 7D E0                        	MOV	DWORD [-32+EBP],EDI
   246 000001F3                                 L42:
   247 000001F3 C7 45 F0 00000003               	MOV	DWORD [-16+EBP],3
   248 000001FA 8D 41 FC                        	LEA	EAX,DWORD [-4+ECX]
   249 000001FD 39 45 F0                        	CMP	DWORD [-16+EBP],EAX
   250 00000200 7F 29                           	JG	L46
   251 00000202 8B 45 E4                        	MOV	EAX,DWORD [-28+EBP]
   252 00000205 8B 55 E0                        	MOV	EDX,DWORD [-32+EBP]
   253 00000208 8D 74 38 03                     	LEA	ESI,DWORD [3+EAX+EDI*1]
   254 0000020C 8D 5C 10 03                     	LEA	EBX,DWORD [3+EAX+EDX*1]
   255 00000210                                 L41:
   256 00000210 8A 13                           	MOV	DL,BYTE [EBX]
   257 00000212 3A 55 E9                        	CMP	DL,BYTE [-23+EBP]
   258 00000215 74 3A                           	JE	L47
   259 00000217                                 L38:
   260 00000217 3A 55 E8                        	CMP	DL,BYTE [-24+EBP]
   261 0000021A 74 30                           	JE	L48
   262 0000021C                                 L39:
   263 0000021C 88 16                           	MOV	BYTE [ESI],DL
   264 0000021E 8D 41 FC                        	LEA	EAX,DWORD [-4+ECX]
   265 00000221 FF 45 F0                        	INC	DWORD [-16+EBP]
   266 00000224 46                              	INC	ESI
   267 00000225 43                              	INC	EBX
   268 00000226 39 45 F0                        	CMP	DWORD [-16+EBP],EAX
   269 00000229 7E E5                           	JLE	L41
   270 0000022B                                 L46:
   271 0000022B 01 CF                           	ADD	EDI,ECX
   272 0000022D 01 4D E0                        	ADD	DWORD [-32+EBP],ECX
   273 00000230 FF 4D EC                        	DEC	DWORD [-20+EBP]
   274 00000233 79 BE                           	JNS	L42
   275 00000235 6A 15                           	PUSH	21
   276 00000237 51                              	PUSH	ECX
   277 00000238 6A 03                           	PUSH	3
   278 0000023A 6A 03                           	PUSH	3
   279 0000023C FF 75 08                        	PUSH	DWORD [8+EBP]
   280 0000023F E8 [00000000]                   	CALL	_sheet_refresh
   281 00000244 8D 65 F4                        	LEA	ESP,DWORD [-12+EBP]
   282 00000247 5B                              	POP	EBX
   283 00000248 5E                              	POP	ESI
   284 00000249 5F                              	POP	EDI
   285 0000024A 5D                              	POP	EBP
   286 0000024B C3                              	RET
   287 0000024C                                 L48:
   288 0000024C 8A 55 EA                        	MOV	DL,BYTE [-22+EBP]
   289 0000024F EB CB                           	JMP	L39
   290 00000251                                 L47:
   291 00000251 8D 41 EA                        	LEA	EAX,DWORD [-22+ECX]
   292 00000254 39 45 F0                        	CMP	DWORD [-16+EBP],EAX
   293 00000257 7F BE                           	JG	L38
   294 00000259 8A 55 EB                        	MOV	DL,BYTE [-21+EBP]
   295 0000025C EB BE                           	JMP	L39
   296 0000025E                                 L28:
   297 0000025E C6 45 EB 08                     	MOV	BYTE [-21+EBP],8
   298 00000262 C6 45 EA 0F                     	MOV	BYTE [-22+EBP],15
   299 00000266 C6 45 E9 07                     	MOV	BYTE [-23+EBP],7
   300 0000026A C6 45 E8 0C                     	MOV	BYTE [-24+EBP],12
   301 0000026E E9 FFFFFF73                     	JMP	L29
   302 00000273                                 	GLOBAL	_putfonts8_asc_sht
   303 00000273                                 _putfonts8_asc_sht:
   304 00000273 55                              	PUSH	EBP
   305 00000274 89 E5                           	MOV	EBP,ESP
   306 00000276 57                              	PUSH	EDI
   307 00000277 56                              	PUSH	ESI
   308 00000278 53                              	PUSH	EBX
   309 00000279 83 EC 0C                        	SUB	ESP,12
   310 0000027C 8B 45 08                        	MOV	EAX,DWORD [8+EBP]
   311 0000027F 8B 7D 10                        	MOV	EDI,DWORD [16+EBP]
   312 00000282 89 45 F0                        	MOV	DWORD [-16+EBP],EAX
   313 00000285 8B 5D 14                        	MOV	EBX,DWORD [20+EBP]
   314 00000288 8B 45 0C                        	MOV	EAX,DWORD [12+EBP]
   315 0000028B 89 45 EC                        	MOV	DWORD [-20+EBP],EAX
   316 0000028E 8B 45 1C                        	MOV	EAX,DWORD [28+EBP]
   317 00000291 89 45 E8                        	MOV	DWORD [-24+EBP],EAX
   318 00000294 8D 47 0F                        	LEA	EAX,DWORD [15+EDI]
   319 00000297 50                              	PUSH	EAX
   320 00000298 8B 45 EC                        	MOV	EAX,DWORD [-20+EBP]
   321 0000029B 8B 75 20                        	MOV	ESI,DWORD [32+EBP]
   322 0000029E 0F BE DB                        	MOVSX	EBX,BL
   323 000002A1 8D 34 F0                        	LEA	ESI,DWORD [EAX+ESI*8]
   324 000002A4 8D 46 FF                        	LEA	EAX,DWORD [-1+ESI]
   325 000002A7 50                              	PUSH	EAX
   326 000002A8 57                              	PUSH	EDI
   327 000002A9 FF 75 EC                        	PUSH	DWORD [-20+EBP]
   328 000002AC 0F B6 45 18                     	MOVZX	EAX,BYTE [24+EBP]
   329 000002B0 50                              	PUSH	EAX
   330 000002B1 8B 45 F0                        	MOV	EAX,DWORD [-16+EBP]
   331 000002B4 FF 70 04                        	PUSH	DWORD [4+EAX]
   332 000002B7 FF 30                           	PUSH	DWORD [EAX]
   333 000002B9 E8 [00000000]                   	CALL	_boxfill8
   334 000002BE FF 75 E8                        	PUSH	DWORD [-24+EBP]
   335 000002C1 53                              	PUSH	EBX
   336 000002C2 57                              	PUSH	EDI
   337 000002C3 FF 75 EC                        	PUSH	DWORD [-20+EBP]
   338 000002C6 8B 45 F0                        	MOV	EAX,DWORD [-16+EBP]
   339 000002C9 FF 70 04                        	PUSH	DWORD [4+EAX]
   340 000002CC FF 30                           	PUSH	DWORD [EAX]
   341 000002CE E8 [00000000]                   	CALL	_putfonts8_asc
   342 000002D3 89 7D 10                        	MOV	DWORD [16+EBP],EDI
   343 000002D6 8D 47 10                        	LEA	EAX,DWORD [16+EDI]
   344 000002D9 89 75 14                        	MOV	DWORD [20+EBP],ESI
   345 000002DC 89 45 18                        	MOV	DWORD [24+EBP],EAX
   346 000002DF 83 C4 34                        	ADD	ESP,52
   347 000002E2 8B 45 EC                        	MOV	EAX,DWORD [-20+EBP]
   348 000002E5 89 45 0C                        	MOV	DWORD [12+EBP],EAX
   349 000002E8 8B 45 F0                        	MOV	EAX,DWORD [-16+EBP]
   350 000002EB 89 45 08                        	MOV	DWORD [8+EBP],EAX
   351 000002EE 8D 65 F4                        	LEA	ESP,DWORD [-12+EBP]
   352 000002F1 5B                              	POP	EBX
   353 000002F2 5E                              	POP	ESI
   354 000002F3 5F                              	POP	EDI
   355 000002F4 5D                              	POP	EBP
   356 000002F5 E9 [00000000]                   	JMP	_sheet_refresh
   357 000002FA                                 	GLOBAL	_make_textbox8
   358 000002FA                                 _make_textbox8:
   359 000002FA 55                              	PUSH	EBP
   360 000002FB 89 E5                           	MOV	EBP,ESP
   361 000002FD 57                              	PUSH	EDI
   362 000002FE 56                              	PUSH	ESI
   363 000002FF 53                              	PUSH	EBX
   364 00000300 83 EC 14                        	SUB	ESP,20
   365 00000303 8B 45 0C                        	MOV	EAX,DWORD [12+EBP]
   366 00000306 8B 75 10                        	MOV	ESI,DWORD [16+EBP]
   367 00000309 03 45 14                        	ADD	EAX,DWORD [20+EBP]
   368 0000030C 83 EE 03                        	SUB	ESI,3
   369 0000030F 56                              	PUSH	ESI
   370 00000310 89 45 F0                        	MOV	DWORD [-16+EBP],EAX
   371 00000313 8B 45 10                        	MOV	EAX,DWORD [16+EBP]
   372 00000316 03 45 18                        	ADD	EAX,DWORD [24+EBP]
   373 00000319 89 45 EC                        	MOV	DWORD [-20+EBP],EAX
   374 0000031C 8B 45 F0                        	MOV	EAX,DWORD [-16+EBP]
   375 0000031F 40                              	INC	EAX
   376 00000320 50                              	PUSH	EAX
   377 00000321 89 45 E8                        	MOV	DWORD [-24+EBP],EAX
   378 00000324 8B 45 0C                        	MOV	EAX,DWORD [12+EBP]
   379 00000327 56                              	PUSH	ESI
   380 00000328 83 E8 02                        	SUB	EAX,2
   381 0000032B 50                              	PUSH	EAX
   382 0000032C 89 45 E4                        	MOV	DWORD [-28+EBP],EAX
   383 0000032F 8B 45 08                        	MOV	EAX,DWORD [8+EBP]
   384 00000332 6A 0F                           	PUSH	15
   385 00000334 FF 70 04                        	PUSH	DWORD [4+EAX]
   386 00000337 FF 30                           	PUSH	DWORD [EAX]
   387 00000339 E8 [00000000]                   	CALL	_boxfill8
   388 0000033E 8B 7D 0C                        	MOV	EDI,DWORD [12+EBP]
   389 00000341 8B 45 EC                        	MOV	EAX,DWORD [-20+EBP]
   390 00000344 83 EF 03                        	SUB	EDI,3
   391 00000347 40                              	INC	EAX
   392 00000348 50                              	PUSH	EAX
   393 00000349 89 45 E0                        	MOV	DWORD [-32+EBP],EAX
   394 0000034C 57                              	PUSH	EDI
   395 0000034D 8B 45 08                        	MOV	EAX,DWORD [8+EBP]
   396 00000350 56                              	PUSH	ESI
   397 00000351 57                              	PUSH	EDI
   398 00000352 6A 0F                           	PUSH	15
   399 00000354 FF 70 04                        	PUSH	DWORD [4+EAX]
   400 00000357 FF 30                           	PUSH	DWORD [EAX]
   401 00000359 E8 [00000000]                   	CALL	_boxfill8
   402 0000035E 8B 45 08                        	MOV	EAX,DWORD [8+EBP]
   403 00000361 83 C4 38                        	ADD	ESP,56
   404 00000364 8B 5D EC                        	MOV	EBX,DWORD [-20+EBP]
   405 00000367 83 C3 02                        	ADD	EBX,2
   406 0000036A 53                              	PUSH	EBX
   407 0000036B FF 75 E8                        	PUSH	DWORD [-24+EBP]
   408 0000036E 53                              	PUSH	EBX
   409 0000036F 57                              	PUSH	EDI
   410 00000370 6A 07                           	PUSH	7
   411 00000372 FF 70 04                        	PUSH	DWORD [4+EAX]
   412 00000375 FF 30                           	PUSH	DWORD [EAX]
   413 00000377 E8 [00000000]                   	CALL	_boxfill8
   414 0000037C 8B 45 F0                        	MOV	EAX,DWORD [-16+EBP]
   415 0000037F 53                              	PUSH	EBX
   416 00000380 83 C0 02                        	ADD	EAX,2
   417 00000383 50                              	PUSH	EAX
   418 00000384 56                              	PUSH	ESI
   419 00000385 50                              	PUSH	EAX
   420 00000386 8B 45 08                        	MOV	EAX,DWORD [8+EBP]
   421 00000389 6A 07                           	PUSH	7
   422 0000038B FF 70 04                        	PUSH	DWORD [4+EAX]
   423 0000038E FF 30                           	PUSH	DWORD [EAX]
   424 00000390 E8 [00000000]                   	CALL	_boxfill8
   425 00000395 8B 45 08                        	MOV	EAX,DWORD [8+EBP]
   426 00000398 83 C4 38                        	ADD	ESP,56
   427 0000039B 8B 5D 10                        	MOV	EBX,DWORD [16+EBP]
   428 0000039E 83 EB 02                        	SUB	EBX,2
   429 000003A1 8B 7D 0C                        	MOV	EDI,DWORD [12+EBP]
   430 000003A4 53                              	PUSH	EBX
   431 000003A5 4F                              	DEC	EDI
   432 000003A6 FF 75 F0                        	PUSH	DWORD [-16+EBP]
   433 000003A9 53                              	PUSH	EBX
   434 000003AA 57                              	PUSH	EDI
   435 000003AB 6A 00                           	PUSH	0
   436 000003AD FF 70 04                        	PUSH	DWORD [4+EAX]
   437 000003B0 FF 30                           	PUSH	DWORD [EAX]
   438 000003B2 E8 [00000000]                   	CALL	_boxfill8
   439 000003B7 8B 45 08                        	MOV	EAX,DWORD [8+EBP]
   440 000003BA FF 75 EC                        	PUSH	DWORD [-20+EBP]
   441 000003BD FF 75 E4                        	PUSH	DWORD [-28+EBP]
   442 000003C0 53                              	PUSH	EBX
   443 000003C1 FF 75 E4                        	PUSH	DWORD [-28+EBP]
   444 000003C4 6A 00                           	PUSH	0
   445 000003C6 FF 70 04                        	PUSH	DWORD [4+EAX]
   446 000003C9 FF 30                           	PUSH	DWORD [EAX]
   447 000003CB E8 [00000000]                   	CALL	_boxfill8
   448 000003D0 8B 45 08                        	MOV	EAX,DWORD [8+EBP]
   449 000003D3 83 C4 38                        	ADD	ESP,56
   450 000003D6 FF 75 E0                        	PUSH	DWORD [-32+EBP]
   451 000003D9 FF 75 F0                        	PUSH	DWORD [-16+EBP]
   452 000003DC FF 75 E0                        	PUSH	DWORD [-32+EBP]
   453 000003DF FF 75 E4                        	PUSH	DWORD [-28+EBP]
   454 000003E2 6A 08                           	PUSH	8
   455 000003E4 FF 70 04                        	PUSH	DWORD [4+EAX]
   456 000003E7 FF 30                           	PUSH	DWORD [EAX]
   457 000003E9 E8 [00000000]                   	CALL	_boxfill8
   458 000003EE 8B 45 08                        	MOV	EAX,DWORD [8+EBP]
   459 000003F1 FF 75 E0                        	PUSH	DWORD [-32+EBP]
   460 000003F4 FF 75 E8                        	PUSH	DWORD [-24+EBP]
   461 000003F7 53                              	PUSH	EBX
   462 000003F8 FF 75 E8                        	PUSH	DWORD [-24+EBP]
   463 000003FB 6A 08                           	PUSH	8
   464 000003FD FF 70 04                        	PUSH	DWORD [4+EAX]
   465 00000400 FF 30                           	PUSH	DWORD [EAX]
   466 00000402 E8 [00000000]                   	CALL	_boxfill8
   467 00000407 8B 45 10                        	MOV	EAX,DWORD [16+EBP]
   468 0000040A 83 C4 38                        	ADD	ESP,56
   469 0000040D 48                              	DEC	EAX
   470 0000040E FF 75 EC                        	PUSH	DWORD [-20+EBP]
   471 00000411 FF 75 F0                        	PUSH	DWORD [-16+EBP]
   472 00000414 50                              	PUSH	EAX
   473 00000415 57                              	PUSH	EDI
   474 00000416 0F B6 45 1C                     	MOVZX	EAX,BYTE [28+EBP]
   475 0000041A 50                              	PUSH	EAX
   476 0000041B 8B 45 08                        	MOV	EAX,DWORD [8+EBP]
   477 0000041E FF 70 04                        	PUSH	DWORD [4+EAX]
   478 00000421 FF 30                           	PUSH	DWORD [EAX]
   479 00000423 E8 [00000000]                   	CALL	_boxfill8
   480 00000428 8D 65 F4                        	LEA	ESP,DWORD [-12+EBP]
   481 0000042B 5B                              	POP	EBX
   482 0000042C 5E                              	POP	ESI
   483 0000042D 5F                              	POP	EDI
   484 0000042E 5D                              	POP	EBP
   485 0000042F C3                              	RET
