     1 00000000                                 [FORMAT "WCOFF"]
     2 00000000                                 [INSTRSET "i486p"]
     3 00000000                                 [OPTIMIZE 1]
     4 00000000                                 [OPTION 1]
     5 00000000                                 [BITS 32]
     6 00000000                                 	EXTERN	_sprintf
     7 00000000                                 	EXTERN	_io_hlt
     8 00000000                                 	EXTERN	_font_A
     9 00000000                                 	EXTERN	_hankaku
    10 00000000                                 	EXTERN	_io_load_eflags
    11 00000000                                 	EXTERN	_io_cli
    12 00000000                                 	EXTERN	_io_out8
    13 00000000                                 	EXTERN	_io_store_eflags
    14 00000000                                 [FILE "bootpack.c"]
    15                                          [SECTION .data]
    16 00000000                                 _font_A:
    17 00000000 00                              	DB	0
    18 00000001 18                              	DB	24
    19 00000002 18                              	DB	24
    20 00000003 18                              	DB	24
    21 00000004 24                              	DB	36
    22 00000005 24                              	DB	36
    23 00000006 24                              	DB	36
    24 00000007 24                              	DB	36
    25 00000008 7E                              	DB	126
    26 00000009 42                              	DB	66
    27 0000000A 42                              	DB	66
    28 0000000B E7                              	DB	-25
    29 0000000C 00                              	DB	0
    30 0000000D 00                              	DB	0
    31 0000000E 00 00                           	RESB	2
    32 00000010                                 LC0:
    33 00000010 77 68 61 74 3F 00               	DB	"what?",0x00
    34 00000016                                 LC1:
    35 00000016 73 63 72 6E 78 20 3D 20 25 64   	DB	"scrnx = %d",0x00
       00000020 00 
    36                                          [SECTION .text]
    37 00000000                                 	GLOBAL	_HariMain
    38 00000000                                 _HariMain:
    39 00000000 55                              	PUSH	EBP
    40 00000001 89 E5                           	MOV	EBP,ESP
    41 00000003 57                              	PUSH	EDI
    42 00000004 56                              	PUSH	ESI
    43 00000005 53                              	PUSH	EBX
    44 00000006 8D 5D C4                        	LEA	EBX,DWORD [-60+EBP]
    45 00000009 83 EC 30                        	SUB	ESP,48
    46 0000000C E8 0000032C                     	CALL	_init_palette
    47 00000011 8B 3D 00000FF8                  	MOV	EDI,DWORD [4088]
    48 00000017 0F BF 05 00000FF6               	MOVSX	EAX,WORD [4086]
    49 0000001E 0F BF 35 00000FF4               	MOVSX	ESI,WORD [4084]
    50 00000025 50                              	PUSH	EAX
    51 00000026 56                              	PUSH	ESI
    52 00000027 57                              	PUSH	EDI
    53 00000028 E8 00000060                     	CALL	_init_screen
    54 0000002D 68 [00000010]                   	PUSH	LC0
    55 00000032 6A 14                           	PUSH	20
    56 00000034 6A 14                           	PUSH	20
    57 00000036 6A 09                           	PUSH	9
    58 00000038 56                              	PUSH	ESI
    59 00000039 57                              	PUSH	EDI
    60 0000003A E8 000001D8                     	CALL	_putfont_asc
    61 0000003F 83 C4 24                        	ADD	ESP,36
    62 00000042 68 [00000010]                   	PUSH	LC0
    63 00000047 6A 28                           	PUSH	40
    64 00000049 6A 28                           	PUSH	40
    65 0000004B 6A 09                           	PUSH	9
    66 0000004D 56                              	PUSH	ESI
    67 0000004E 57                              	PUSH	EDI
    68 0000004F E8 000001C3                     	CALL	_putfont_asc
    69 00000054 68 [00000010]                   	PUSH	LC0
    70 00000059 6A 3C                           	PUSH	60
    71 0000005B 6A 3C                           	PUSH	60
    72 0000005D 6A 09                           	PUSH	9
    73 0000005F 56                              	PUSH	ESI
    74 00000060 57                              	PUSH	EDI
    75 00000061 E8 000001B1                     	CALL	_putfont_asc
    76 00000066 83 C4 30                        	ADD	ESP,48
    77 00000069 56                              	PUSH	ESI
    78 0000006A 68 [00000016]                   	PUSH	LC1
    79 0000006F 53                              	PUSH	EBX
    80 00000070 E8 [00000000]                   	CALL	_sprintf
    81 00000075 53                              	PUSH	EBX
    82 00000076 6A 40                           	PUSH	64
    83 00000078 6A 10                           	PUSH	16
    84 0000007A 6A 06                           	PUSH	6
    85 0000007C 56                              	PUSH	ESI
    86 0000007D 57                              	PUSH	EDI
    87 0000007E E8 00000194                     	CALL	_putfont_asc
    88 00000083 83 C4 24                        	ADD	ESP,36
    89 00000086                                 L2:
    90 00000086 E8 [00000000]                   	CALL	_io_hlt
    91 0000008B EB F9                           	JMP	L2
    92 0000008D                                 	GLOBAL	_init_screen
    93 0000008D                                 _init_screen:
    94 0000008D 55                              	PUSH	EBP
    95 0000008E 89 E5                           	MOV	EBP,ESP
    96 00000090 57                              	PUSH	EDI
    97 00000091 56                              	PUSH	ESI
    98 00000092 53                              	PUSH	EBX
    99 00000093 50                              	PUSH	EAX
   100 00000094 50                              	PUSH	EAX
   101 00000095 8B 45 10                        	MOV	EAX,DWORD [16+EBP]
   102 00000098 83 E8 1D                        	SUB	EAX,29
   103 0000009B 50                              	PUSH	EAX
   104 0000009C 8B 45 0C                        	MOV	EAX,DWORD [12+EBP]
   105 0000009F 48                              	DEC	EAX
   106 000000A0 50                              	PUSH	EAX
   107 000000A1 6A 00                           	PUSH	0
   108 000000A3 6A 00                           	PUSH	0
   109 000000A5 6A 03                           	PUSH	3
   110 000000A7 FF 75 0C                        	PUSH	DWORD [12+EBP]
   111 000000AA FF 75 08                        	PUSH	DWORD [8+EBP]
   112 000000AD E8 0000023A                     	CALL	_boxfill8
   113 000000B2 8B 75 10                        	MOV	ESI,DWORD [16+EBP]
   114 000000B5 83 EE 18                        	SUB	ESI,24
   115 000000B8 56                              	PUSH	ESI
   116 000000B9 6A 3B                           	PUSH	59
   117 000000BB 56                              	PUSH	ESI
   118 000000BC 6A 03                           	PUSH	3
   119 000000BE 6A 07                           	PUSH	7
   120 000000C0 FF 75 0C                        	PUSH	DWORD [12+EBP]
   121 000000C3 FF 75 08                        	PUSH	DWORD [8+EBP]
   122 000000C6 E8 00000221                     	CALL	_boxfill8
   123 000000CB 8B 5D 10                        	MOV	EBX,DWORD [16+EBP]
   124 000000CE 83 C4 38                        	ADD	ESP,56
   125 000000D1 83 EB 04                        	SUB	EBX,4
   126 000000D4 53                              	PUSH	EBX
   127 000000D5 6A 02                           	PUSH	2
   128 000000D7 56                              	PUSH	ESI
   129 000000D8 6A 02                           	PUSH	2
   130 000000DA 6A 07                           	PUSH	7
   131 000000DC FF 75 0C                        	PUSH	DWORD [12+EBP]
   132 000000DF FF 75 08                        	PUSH	DWORD [8+EBP]
   133 000000E2 E8 00000205                     	CALL	_boxfill8
   134 000000E7 53                              	PUSH	EBX
   135 000000E8 6A 3B                           	PUSH	59
   136 000000EA 53                              	PUSH	EBX
   137 000000EB 6A 03                           	PUSH	3
   138 000000ED 6A 0F                           	PUSH	15
   139 000000EF FF 75 0C                        	PUSH	DWORD [12+EBP]
   140 000000F2 FF 75 08                        	PUSH	DWORD [8+EBP]
   141 000000F5 E8 000001F2                     	CALL	_boxfill8
   142 000000FA 8B 45 10                        	MOV	EAX,DWORD [16+EBP]
   143 000000FD 83 C4 38                        	ADD	ESP,56
   144 00000100 83 E8 05                        	SUB	EAX,5
   145 00000103 50                              	PUSH	EAX
   146 00000104 8B 45 10                        	MOV	EAX,DWORD [16+EBP]
   147 00000107 6A 3B                           	PUSH	59
   148 00000109 83 E8 17                        	SUB	EAX,23
   149 0000010C 50                              	PUSH	EAX
   150 0000010D 89 45 F0                        	MOV	DWORD [-16+EBP],EAX
   151 00000110 6A 3B                           	PUSH	59
   152 00000112 6A 0F                           	PUSH	15
   153 00000114 FF 75 0C                        	PUSH	DWORD [12+EBP]
   154 00000117 FF 75 08                        	PUSH	DWORD [8+EBP]
   155 0000011A E8 000001CD                     	CALL	_boxfill8
   156 0000011F 8B 7D 10                        	MOV	EDI,DWORD [16+EBP]
   157 00000122 83 EF 03                        	SUB	EDI,3
   158 00000125 57                              	PUSH	EDI
   159 00000126 6A 3B                           	PUSH	59
   160 00000128 57                              	PUSH	EDI
   161 00000129 6A 02                           	PUSH	2
   162 0000012B 6A 00                           	PUSH	0
   163 0000012D FF 75 0C                        	PUSH	DWORD [12+EBP]
   164 00000130 FF 75 08                        	PUSH	DWORD [8+EBP]
   165 00000133 E8 000001B4                     	CALL	_boxfill8
   166 00000138 83 C4 38                        	ADD	ESP,56
   167 0000013B 57                              	PUSH	EDI
   168 0000013C 6A 3C                           	PUSH	60
   169 0000013E 56                              	PUSH	ESI
   170 0000013F 6A 3C                           	PUSH	60
   171 00000141 6A 00                           	PUSH	0
   172 00000143 FF 75 0C                        	PUSH	DWORD [12+EBP]
   173 00000146 FF 75 08                        	PUSH	DWORD [8+EBP]
   174 00000149 E8 0000019E                     	CALL	_boxfill8
   175 0000014E 8B 5D 0C                        	MOV	EBX,DWORD [12+EBP]
   176 00000151 8B 45 0C                        	MOV	EAX,DWORD [12+EBP]
   177 00000154 56                              	PUSH	ESI
   178 00000155 83 E8 04                        	SUB	EAX,4
   179 00000158 83 EB 2F                        	SUB	EBX,47
   180 0000015B 50                              	PUSH	EAX
   181 0000015C 89 45 EC                        	MOV	DWORD [-20+EBP],EAX
   182 0000015F 56                              	PUSH	ESI
   183 00000160 53                              	PUSH	EBX
   184 00000161 6A 0F                           	PUSH	15
   185 00000163 FF 75 0C                        	PUSH	DWORD [12+EBP]
   186 00000166 FF 75 08                        	PUSH	DWORD [8+EBP]
   187 00000169 E8 0000017E                     	CALL	_boxfill8
   188 0000016E 83 C4 38                        	ADD	ESP,56
   189 00000171 57                              	PUSH	EDI
   190 00000172 53                              	PUSH	EBX
   191 00000173 FF 75 F0                        	PUSH	DWORD [-16+EBP]
   192 00000176 53                              	PUSH	EBX
   193 00000177 6A 0F                           	PUSH	15
   194 00000179 FF 75 0C                        	PUSH	DWORD [12+EBP]
   195 0000017C FF 75 08                        	PUSH	DWORD [8+EBP]
   196 0000017F E8 00000168                     	CALL	_boxfill8
   197 00000184 57                              	PUSH	EDI
   198 00000185 FF 75 EC                        	PUSH	DWORD [-20+EBP]
   199 00000188 57                              	PUSH	EDI
   200 00000189 53                              	PUSH	EBX
   201 0000018A 6A 07                           	PUSH	7
   202 0000018C FF 75 0C                        	PUSH	DWORD [12+EBP]
   203 0000018F FF 75 08                        	PUSH	DWORD [8+EBP]
   204 00000192 E8 00000155                     	CALL	_boxfill8
   205 00000197 8B 45 0C                        	MOV	EAX,DWORD [12+EBP]
   206 0000019A 83 C4 38                        	ADD	ESP,56
   207 0000019D 83 E8 03                        	SUB	EAX,3
   208 000001A0 57                              	PUSH	EDI
   209 000001A1 50                              	PUSH	EAX
   210 000001A2 56                              	PUSH	ESI
   211 000001A3 50                              	PUSH	EAX
   212 000001A4 6A 07                           	PUSH	7
   213 000001A6 FF 75 0C                        	PUSH	DWORD [12+EBP]
   214 000001A9 FF 75 08                        	PUSH	DWORD [8+EBP]
   215 000001AC E8 0000013B                     	CALL	_boxfill8
   216 000001B1 68 [00000000]                   	PUSH	_font_A
   217 000001B6 6A 02                           	PUSH	2
   218 000001B8 6A 02                           	PUSH	2
   219 000001BA 6A 06                           	PUSH	6
   220 000001BC FF 75 0C                        	PUSH	DWORD [12+EBP]
   221 000001BF FF 75 08                        	PUSH	DWORD [8+EBP]
   222 000001C2 E8 0000009F                     	CALL	_putfont8
   223 000001C7 83 C4 34                        	ADD	ESP,52
   224 000001CA 68 [00000000]                   	PUSH	_font_A
   225 000001CF 6A 0C                           	PUSH	12
   226 000001D1 6A 0C                           	PUSH	12
   227 000001D3 6A 06                           	PUSH	6
   228 000001D5 FF 75 0C                        	PUSH	DWORD [12+EBP]
   229 000001D8 FF 75 08                        	PUSH	DWORD [8+EBP]
   230 000001DB E8 00000086                     	CALL	_putfont8
   231 000001E0 68 [00000000]                   	PUSH	_font_A
   232 000001E5 6A 16                           	PUSH	22
   233 000001E7 6A 16                           	PUSH	22
   234 000001E9 6A 06                           	PUSH	6
   235 000001EB FF 75 0C                        	PUSH	DWORD [12+EBP]
   236 000001EE FF 75 08                        	PUSH	DWORD [8+EBP]
   237 000001F1 E8 00000070                     	CALL	_putfont8
   238 000001F6 83 C4 30                        	ADD	ESP,48
   239 000001F9 68 [00000000]                   	PUSH	_font_A
   240 000001FE 6A 20                           	PUSH	32
   241 00000200 6A 20                           	PUSH	32
   242 00000202 6A 06                           	PUSH	6
   243 00000204 FF 75 0C                        	PUSH	DWORD [12+EBP]
   244 00000207 FF 75 08                        	PUSH	DWORD [8+EBP]
   245 0000020A E8 00000057                     	CALL	_putfont8
   246 0000020F 8D 65 F4                        	LEA	ESP,DWORD [-12+EBP]
   247 00000212 5B                              	POP	EBX
   248 00000213 5E                              	POP	ESI
   249 00000214 5F                              	POP	EDI
   250 00000215 5D                              	POP	EBP
   251 00000216 C3                              	RET
   252 00000217                                 	GLOBAL	_putfont_asc
   253 00000217                                 _putfont_asc:
   254 00000217 55                              	PUSH	EBP
   255 00000218 89 E5                           	MOV	EBP,ESP
   256 0000021A 57                              	PUSH	EDI
   257 0000021B 56                              	PUSH	ESI
   258 0000021C 53                              	PUSH	EBX
   259 0000021D 52                              	PUSH	EDX
   260 0000021E 8B 5D 1C                        	MOV	EBX,DWORD [28+EBP]
   261 00000221 8A 45 10                        	MOV	AL,BYTE [16+EBP]
   262 00000224 88 45 F3                        	MOV	BYTE [-13+EBP],AL
   263 00000227 8B 75 14                        	MOV	ESI,DWORD [20+EBP]
   264 0000022A 8B 7D 18                        	MOV	EDI,DWORD [24+EBP]
   265 0000022D 80 3B 00                        	CMP	BYTE [EBX],0
   266 00000230 75 08                           	JNE	L11
   267 00000232                                 L13:
   268 00000232 8D 65 F4                        	LEA	ESP,DWORD [-12+EBP]
   269 00000235 5B                              	POP	EBX
   270 00000236 5E                              	POP	ESI
   271 00000237 5F                              	POP	EDI
   272 00000238 5D                              	POP	EBP
   273 00000239 C3                              	RET
   274 0000023A                                 L11:
   275 0000023A 0F B6 03                        	MOVZX	EAX,BYTE [EBX]
   276 0000023D C1 E0 04                        	SAL	EAX,4
   277 00000240 43                              	INC	EBX
   278 00000241 05 [00000000]                   	ADD	EAX,_hankaku
   279 00000246 50                              	PUSH	EAX
   280 00000247 57                              	PUSH	EDI
   281 00000248 56                              	PUSH	ESI
   282 00000249 83 C6 08                        	ADD	ESI,8
   283 0000024C 0F BE 45 F3                     	MOVSX	EAX,BYTE [-13+EBP]
   284 00000250 50                              	PUSH	EAX
   285 00000251 FF 75 0C                        	PUSH	DWORD [12+EBP]
   286 00000254 FF 75 08                        	PUSH	DWORD [8+EBP]
   287 00000257 E8 0000000A                     	CALL	_putfont8
   288 0000025C 83 C4 18                        	ADD	ESP,24
   289 0000025F 80 3B 00                        	CMP	BYTE [EBX],0
   290 00000262 75 D6                           	JNE	L11
   291 00000264 EB CC                           	JMP	L13
   292 00000266                                 	GLOBAL	_putfont8
   293 00000266                                 _putfont8:
   294 00000266 55                              	PUSH	EBP
   295 00000267 89 E5                           	MOV	EBP,ESP
   296 00000269 57                              	PUSH	EDI
   297 0000026A 56                              	PUSH	ESI
   298 0000026B 31 F6                           	XOR	ESI,ESI
   299 0000026D 53                              	PUSH	EBX
   300 0000026E 8B 7D 1C                        	MOV	EDI,DWORD [28+EBP]
   301 00000271 8A 5D 10                        	MOV	BL,BYTE [16+EBP]
   302 00000274                                 L27:
   303 00000274 8B 45 18                        	MOV	EAX,DWORD [24+EBP]
   304 00000277 8B 55 14                        	MOV	EDX,DWORD [20+EBP]
   305 0000027A 01 F0                           	ADD	EAX,ESI
   306 0000027C 0F AF 45 0C                     	IMUL	EAX,DWORD [12+EBP]
   307 00000280 03 45 08                        	ADD	EAX,DWORD [8+EBP]
   308 00000283 8D 0C 02                        	LEA	ECX,DWORD [EDX+EAX*1]
   309 00000286 8A 14 3E                        	MOV	DL,BYTE [ESI+EDI*1]
   310 00000289 84 D2                           	TEST	DL,DL
   311 0000028B 79 02                           	JNS	L19
   312 0000028D 88 19                           	MOV	BYTE [ECX],BL
   313 0000028F                                 L19:
   314 0000028F 88 D0                           	MOV	AL,DL
   315 00000291 83 E0 40                        	AND	EAX,64
   316 00000294 84 C0                           	TEST	AL,AL
   317 00000296 74 03                           	JE	L20
   318 00000298 88 59 01                        	MOV	BYTE [1+ECX],BL
   319 0000029B                                 L20:
   320 0000029B 88 D0                           	MOV	AL,DL
   321 0000029D 83 E0 20                        	AND	EAX,32
   322 000002A0 84 C0                           	TEST	AL,AL
   323 000002A2 74 03                           	JE	L21
   324 000002A4 88 59 02                        	MOV	BYTE [2+ECX],BL
   325 000002A7                                 L21:
   326 000002A7 88 D0                           	MOV	AL,DL
   327 000002A9 83 E0 10                        	AND	EAX,16
   328 000002AC 84 C0                           	TEST	AL,AL
   329 000002AE 74 03                           	JE	L22
   330 000002B0 88 59 03                        	MOV	BYTE [3+ECX],BL
   331 000002B3                                 L22:
   332 000002B3 88 D0                           	MOV	AL,DL
   333 000002B5 83 E0 08                        	AND	EAX,8
   334 000002B8 84 C0                           	TEST	AL,AL
   335 000002BA 74 03                           	JE	L23
   336 000002BC 88 59 04                        	MOV	BYTE [4+ECX],BL
   337 000002BF                                 L23:
   338 000002BF 88 D0                           	MOV	AL,DL
   339 000002C1 83 E0 04                        	AND	EAX,4
   340 000002C4 84 C0                           	TEST	AL,AL
   341 000002C6 74 03                           	JE	L24
   342 000002C8 88 59 05                        	MOV	BYTE [5+ECX],BL
   343 000002CB                                 L24:
   344 000002CB 88 D0                           	MOV	AL,DL
   345 000002CD 83 E0 02                        	AND	EAX,2
   346 000002D0 84 C0                           	TEST	AL,AL
   347 000002D2 74 03                           	JE	L25
   348 000002D4 88 59 06                        	MOV	BYTE [6+ECX],BL
   349 000002D7                                 L25:
   350 000002D7 83 E2 01                        	AND	EDX,1
   351 000002DA 84 D2                           	TEST	DL,DL
   352 000002DC 74 03                           	JE	L17
   353 000002DE 88 59 07                        	MOV	BYTE [7+ECX],BL
   354 000002E1                                 L17:
   355 000002E1 46                              	INC	ESI
   356 000002E2 83 FE 0F                        	CMP	ESI,15
   357 000002E5 7E 8D                           	JLE	L27
   358 000002E7 5B                              	POP	EBX
   359 000002E8 5E                              	POP	ESI
   360 000002E9 5F                              	POP	EDI
   361 000002EA 5D                              	POP	EBP
   362 000002EB C3                              	RET
   363 000002EC                                 	GLOBAL	_boxfill8
   364 000002EC                                 _boxfill8:
   365 000002EC 55                              	PUSH	EBP
   366 000002ED 89 E5                           	MOV	EBP,ESP
   367 000002EF 57                              	PUSH	EDI
   368 000002F0 56                              	PUSH	ESI
   369 000002F1 53                              	PUSH	EBX
   370 000002F2 56                              	PUSH	ESI
   371 000002F3 56                              	PUSH	ESI
   372 000002F4 8A 45 10                        	MOV	AL,BYTE [16+EBP]
   373 000002F7 8B 4D 18                        	MOV	ECX,DWORD [24+EBP]
   374 000002FA 8B 7D 1C                        	MOV	EDI,DWORD [28+EBP]
   375 000002FD 88 45 F3                        	MOV	BYTE [-13+EBP],AL
   376 00000300 3B 4D 20                        	CMP	ECX,DWORD [32+EBP]
   377 00000303 7F 31                           	JG	L42
   378 00000305 8B 5D 0C                        	MOV	EBX,DWORD [12+EBP]
   379 00000308 0F AF D9                        	IMUL	EBX,ECX
   380 0000030B                                 L40:
   381 0000030B 8B 55 14                        	MOV	EDX,DWORD [20+EBP]
   382 0000030E 39 FA                           	CMP	EDX,EDI
   383 00000310 7F 1B                           	JG	L44
   384 00000312 8B 75 08                        	MOV	ESI,DWORD [8+EBP]
   385 00000315 01 DE                           	ADD	ESI,EBX
   386 00000317 01 D6                           	ADD	ESI,EDX
   387 00000319 89 75 EC                        	MOV	DWORD [-20+EBP],ESI
   388 0000031C                                 L39:
   389 0000031C 8B 75 EC                        	MOV	ESI,DWORD [-20+EBP]
   390 0000031F 8A 45 F3                        	MOV	AL,BYTE [-13+EBP]
   391 00000322 42                              	INC	EDX
   392 00000323 88 06                           	MOV	BYTE [ESI],AL
   393 00000325 46                              	INC	ESI
   394 00000326 89 75 EC                        	MOV	DWORD [-20+EBP],ESI
   395 00000329 39 FA                           	CMP	EDX,EDI
   396 0000032B 7E EF                           	JLE	L39
   397 0000032D                                 L44:
   398 0000032D 41                              	INC	ECX
   399 0000032E 03 5D 0C                        	ADD	EBX,DWORD [12+EBP]
   400 00000331 3B 4D 20                        	CMP	ECX,DWORD [32+EBP]
   401 00000334 7E D5                           	JLE	L40
   402 00000336                                 L42:
   403 00000336 59                              	POP	ECX
   404 00000337 5B                              	POP	EBX
   405 00000338 5B                              	POP	EBX
   406 00000339 5E                              	POP	ESI
   407 0000033A 5F                              	POP	EDI
   408 0000033B 5D                              	POP	EBP
   409 0000033C C3                              	RET
   410                                          [SECTION .data]
   411 00000021                                 _table_rgb.0:
   412 00000021 00                              	DB	0
   413 00000022 00                              	DB	0
   414 00000023 00                              	DB	0
   415 00000024 FF                              	DB	-1
   416 00000025 00                              	DB	0
   417 00000026 00                              	DB	0
   418 00000027 00                              	DB	0
   419 00000028 FF                              	DB	-1
   420 00000029 00                              	DB	0
   421 0000002A FF                              	DB	-1
   422 0000002B FF                              	DB	-1
   423 0000002C 00                              	DB	0
   424 0000002D 00                              	DB	0
   425 0000002E 00                              	DB	0
   426 0000002F FF                              	DB	-1
   427 00000030 FF                              	DB	-1
   428 00000031 00                              	DB	0
   429 00000032 FF                              	DB	-1
   430 00000033 00                              	DB	0
   431 00000034 FF                              	DB	-1
   432 00000035 FF                              	DB	-1
   433 00000036 FF                              	DB	-1
   434 00000037 FF                              	DB	-1
   435 00000038 FF                              	DB	-1
   436 00000039 C6                              	DB	-58
   437 0000003A C6                              	DB	-58
   438 0000003B C6                              	DB	-58
   439 0000003C 84                              	DB	-124
   440 0000003D 00                              	DB	0
   441 0000003E 00                              	DB	0
   442 0000003F 00                              	DB	0
   443 00000040 84                              	DB	-124
   444 00000041 00                              	DB	0
   445 00000042 84                              	DB	-124
   446 00000043 84                              	DB	-124
   447 00000044 00                              	DB	0
   448 00000045 00                              	DB	0
   449 00000046 00                              	DB	0
   450 00000047 84                              	DB	-124
   451 00000048 84                              	DB	-124
   452 00000049 00                              	DB	0
   453 0000004A 84                              	DB	-124
   454 0000004B 00                              	DB	0
   455 0000004C 84                              	DB	-124
   456 0000004D 84                              	DB	-124
   457 0000004E 84                              	DB	-124
   458 0000004F 84                              	DB	-124
   459 00000050 84                              	DB	-124
   460                                          [SECTION .text]
   461 0000033D                                 	GLOBAL	_init_palette
   462 0000033D                                 _init_palette:
   463 0000033D 55                              	PUSH	EBP
   464 0000033E 89 E5                           	MOV	EBP,ESP
   465 00000340 68 [00000021]                   	PUSH	_table_rgb.0
   466 00000345 6A 0F                           	PUSH	15
   467 00000347 6A 00                           	PUSH	0
   468 00000349 E8 00000002                     	CALL	_set_palette
   469 0000034E C9                              	LEAVE
   470 0000034F C3                              	RET
   471 00000350                                 	GLOBAL	_set_palette
   472 00000350                                 _set_palette:
   473 00000350 55                              	PUSH	EBP
   474 00000351 89 E5                           	MOV	EBP,ESP
   475 00000353 57                              	PUSH	EDI
   476 00000354 56                              	PUSH	ESI
   477 00000355 53                              	PUSH	EBX
   478 00000356 51                              	PUSH	ECX
   479 00000357 8B 5D 08                        	MOV	EBX,DWORD [8+EBP]
   480 0000035A 8B 7D 0C                        	MOV	EDI,DWORD [12+EBP]
   481 0000035D 8B 75 10                        	MOV	ESI,DWORD [16+EBP]
   482 00000360 E8 [00000000]                   	CALL	_io_load_eflags
   483 00000365 89 45 F0                        	MOV	DWORD [-16+EBP],EAX
   484 00000368 E8 [00000000]                   	CALL	_io_cli
   485 0000036D 53                              	PUSH	EBX
   486 0000036E 68 000003C8                     	PUSH	968
   487 00000373 E8 [00000000]                   	CALL	_io_out8
   488 00000378 39 FB                           	CMP	EBX,EDI
   489 0000037A 58                              	POP	EAX
   490 0000037B 5A                              	POP	EDX
   491 0000037C 7E 12                           	JLE	L51
   492 0000037E                                 L53:
   493 0000037E 8B 45 F0                        	MOV	EAX,DWORD [-16+EBP]
   494 00000381 89 45 08                        	MOV	DWORD [8+EBP],EAX
   495 00000384 8D 65 F4                        	LEA	ESP,DWORD [-12+EBP]
   496 00000387 5B                              	POP	EBX
   497 00000388 5E                              	POP	ESI
   498 00000389 5F                              	POP	EDI
   499 0000038A 5D                              	POP	EBP
   500 0000038B E9 [00000000]                   	JMP	_io_store_eflags
   501 00000390                                 L51:
   502 00000390 8A 06                           	MOV	AL,BYTE [ESI]
   503 00000392 43                              	INC	EBX
   504 00000393 C0 E8 02                        	SHR	AL,2
   505 00000396 0F B6 C0                        	MOVZX	EAX,AL
   506 00000399 50                              	PUSH	EAX
   507 0000039A 68 000003C9                     	PUSH	969
   508 0000039F E8 [00000000]                   	CALL	_io_out8
   509 000003A4 8A 46 01                        	MOV	AL,BYTE [1+ESI]
   510 000003A7 C0 E8 02                        	SHR	AL,2
   511 000003AA 0F B6 C0                        	MOVZX	EAX,AL
   512 000003AD 50                              	PUSH	EAX
   513 000003AE 68 000003C9                     	PUSH	969
   514 000003B3 E8 [00000000]                   	CALL	_io_out8
   515 000003B8 8A 46 02                        	MOV	AL,BYTE [2+ESI]
   516 000003BB C0 E8 02                        	SHR	AL,2
   517 000003BE 83 C6 03                        	ADD	ESI,3
   518 000003C1 0F B6 C0                        	MOVZX	EAX,AL
   519 000003C4 50                              	PUSH	EAX
   520 000003C5 68 000003C9                     	PUSH	969
   521 000003CA E8 [00000000]                   	CALL	_io_out8
   522 000003CF 83 C4 18                        	ADD	ESP,24
   523 000003D2 39 FB                           	CMP	EBX,EDI
   524 000003D4 7E BA                           	JLE	L51
   525 000003D6 EB A6                           	JMP	L53
