     1 00000000                                 [FORMAT "WCOFF"]
     2 00000000                                 [INSTRSET "i486p"]
     3 00000000                                 [OPTIMIZE 1]
     4 00000000                                 [OPTION 1]
     5 00000000                                 [BITS 32]
     6 00000000                                 	EXTERN	_memman_alloc_4k
     7 00000000                                 	EXTERN	_memman_free_4k
     8 00000000                                 [FILE "sheet.c"]
     9                                          [SECTION .text]
    10 00000000                                 	GLOBAL	_shtctl_init
    11 00000000                                 _shtctl_init:
    12 00000000 55                              	PUSH	EBP
    13 00000001 89 E5                           	MOV	EBP,ESP
    14 00000003 57                              	PUSH	EDI
    15 00000004 56                              	PUSH	ESI
    16 00000005 53                              	PUSH	EBX
    17 00000006 8B 75 08                        	MOV	ESI,DWORD [8+EBP]
    18 00000009 68 00002C14                     	PUSH	11284
    19 0000000E 8B 7D 10                        	MOV	EDI,DWORD [16+EBP]
    20 00000011 56                              	PUSH	ESI
    21 00000012 E8 [00000000]                   	CALL	_memman_alloc_4k
    22 00000017 89 C3                           	MOV	EBX,EAX
    23 00000019 58                              	POP	EAX
    24 0000001A 5A                              	POP	EDX
    25 0000001B 85 DB                           	TEST	EBX,EBX
    26 0000001D 74 4A                           	JE	L3
    27 0000001F 8B 45 14                        	MOV	EAX,DWORD [20+EBP]
    28 00000022 0F AF C7                        	IMUL	EAX,EDI
    29 00000025 50                              	PUSH	EAX
    30 00000026 56                              	PUSH	ESI
    31 00000027 E8 [00000000]                   	CALL	_memman_alloc_4k
    32 0000002C 85 C0                           	TEST	EAX,EAX
    33 0000002E 89 43 04                        	MOV	DWORD [4+EBX],EAX
    34 00000031 5A                              	POP	EDX
    35 00000032 59                              	POP	ECX
    36 00000033 74 3E                           	JE	L11
    37 00000035 8B 45 0C                        	MOV	EAX,DWORD [12+EBP]
    38 00000038 89 7B 08                        	MOV	DWORD [8+EBX],EDI
    39 0000003B 89 03                           	MOV	DWORD [EBX],EAX
    40 0000003D 8D 93 000027D8                  	LEA	EDX,DWORD [10200+EBX]
    41 00000043 8B 45 14                        	MOV	EAX,DWORD [20+EBP]
    42 00000046 89 43 0C                        	MOV	DWORD [12+EBX],EAX
    43 00000049 89 D8                           	MOV	EAX,EBX
    44 0000004B C7 43 10 FFFFFFFF               	MOV	DWORD [16+EBX],-1
    45 00000052                                 L9:
    46 00000052 C7 80 00000430 00000000         	MOV	DWORD [1072+EAX],0
    47 0000005C 89 98 00000434                  	MOV	DWORD [1076+EAX],EBX
    48 00000062 83 C0 28                        	ADD	EAX,40
    49 00000065 39 D0                           	CMP	EAX,EDX
    50 00000067 7E E9                           	JLE	L9
    51 00000069                                 L3:
    52 00000069 8D 65 F4                        	LEA	ESP,DWORD [-12+EBP]
    53 0000006C 89 D8                           	MOV	EAX,EBX
    54 0000006E 5B                              	POP	EBX
    55 0000006F 5E                              	POP	ESI
    56 00000070 5F                              	POP	EDI
    57 00000071 5D                              	POP	EBP
    58 00000072 C3                              	RET
    59 00000073                                 L11:
    60 00000073 68 00002C14                     	PUSH	11284
    61 00000078 53                              	PUSH	EBX
    62 00000079 56                              	PUSH	ESI
    63 0000007A E8 [00000000]                   	CALL	_memman_free_4k
    64 0000007F 83 C4 0C                        	ADD	ESP,12
    65 00000082 EB E5                           	JMP	L3
    66 00000084                                 	GLOBAL	_sheet_alloc
    67 00000084                                 _sheet_alloc:
    68 00000084 55                              	PUSH	EBP
    69 00000085 31 D2                           	XOR	EDX,EDX
    70 00000087 89 E5                           	MOV	EBP,ESP
    71 00000089 8B 45 08                        	MOV	EAX,DWORD [8+EBP]
    72 0000008C 05 00000414                     	ADD	EAX,1044
    73 00000091                                 L18:
    74 00000091 83 78 1C 00                     	CMP	DWORD [28+EAX],0
    75 00000095 74 10                           	JE	L21
    76 00000097 42                              	INC	EDX
    77 00000098 83 C0 28                        	ADD	EAX,40
    78 0000009B 81 FA 000000FF                  	CMP	EDX,255
    79 000000A1 7E EE                           	JLE	L18
    80 000000A3 31 C0                           	XOR	EAX,EAX
    81 000000A5                                 L12:
    82 000000A5 5D                              	POP	EBP
    83 000000A6 C3                              	RET
    84 000000A7                                 L21:
    85 000000A7 C7 40 1C 00000001               	MOV	DWORD [28+EAX],1
    86 000000AE C7 40 18 FFFFFFFF               	MOV	DWORD [24+EAX],-1
    87 000000B5 C7 40 24 00000000               	MOV	DWORD [36+EAX],0
    88 000000BC EB E7                           	JMP	L12
    89 000000BE                                 	GLOBAL	_sheet_setbuf
    90 000000BE                                 _sheet_setbuf:
    91 000000BE 55                              	PUSH	EBP
    92 000000BF 89 E5                           	MOV	EBP,ESP
    93 000000C1 8B 55 08                        	MOV	EDX,DWORD [8+EBP]
    94 000000C4 8B 45 0C                        	MOV	EAX,DWORD [12+EBP]
    95 000000C7 89 02                           	MOV	DWORD [EDX],EAX
    96 000000C9 8B 45 10                        	MOV	EAX,DWORD [16+EBP]
    97 000000CC 89 42 04                        	MOV	DWORD [4+EDX],EAX
    98 000000CF 8B 45 14                        	MOV	EAX,DWORD [20+EBP]
    99 000000D2 89 42 08                        	MOV	DWORD [8+EDX],EAX
   100 000000D5 8B 45 18                        	MOV	EAX,DWORD [24+EBP]
   101 000000D8 89 42 14                        	MOV	DWORD [20+EDX],EAX
   102 000000DB 5D                              	POP	EBP
   103 000000DC C3                              	RET
   104 000000DD                                 	GLOBAL	_sheet_refreshmap
   105 000000DD                                 _sheet_refreshmap:
   106 000000DD 55                              	PUSH	EBP
   107 000000DE 89 E5                           	MOV	EBP,ESP
   108 000000E0 57                              	PUSH	EDI
   109 000000E1 56                              	PUSH	ESI
   110 000000E2 53                              	PUSH	EBX
   111 000000E3 83 EC 28                        	SUB	ESP,40
   112 000000E6 8B 45 08                        	MOV	EAX,DWORD [8+EBP]
   113 000000E9 83 7D 0C 00                     	CMP	DWORD [12+EBP],0
   114 000000ED 8B 40 04                        	MOV	EAX,DWORD [4+EAX]
   115 000000F0 89 45 D8                        	MOV	DWORD [-40+EBP],EAX
   116 000000F3 0F 88 00000135                  	JS	L54
   117 000000F9                                 L24:
   118 000000F9 83 7D 10 00                     	CMP	DWORD [16+EBP],0
   119 000000FD 0F 88 0000011F                  	JS	L55
   120 00000103                                 L25:
   121 00000103 8B 55 08                        	MOV	EDX,DWORD [8+EBP]
   122 00000106 8B 42 08                        	MOV	EAX,DWORD [8+EDX]
   123 00000109 39 45 14                        	CMP	DWORD [20+EBP],EAX
   124 0000010C 7E 03                           	JLE	L26
   125 0000010E 89 45 14                        	MOV	DWORD [20+EBP],EAX
   126 00000111                                 L26:
   127 00000111 8B 75 08                        	MOV	ESI,DWORD [8+EBP]
   128 00000114 8B 46 0C                        	MOV	EAX,DWORD [12+ESI]
   129 00000117 39 45 18                        	CMP	DWORD [24+EBP],EAX
   130 0000011A 7E 03                           	JLE	L27
   131 0000011C 89 45 18                        	MOV	DWORD [24+EBP],EAX
   132 0000011F                                 L27:
   133 0000011F 8B 45 08                        	MOV	EAX,DWORD [8+EBP]
   134 00000122 8B 7D 1C                        	MOV	EDI,DWORD [28+EBP]
   135 00000125 89 7D F0                        	MOV	DWORD [-16+EBP],EDI
   136 00000128 3B 78 10                        	CMP	EDI,DWORD [16+EAX]
   137 0000012B 0F 8F 000000D6                  	JG	L49
   138 00000131                                 L47:
   139 00000131 8B 75 08                        	MOV	ESI,DWORD [8+EBP]
   140 00000134 8B 55 F0                        	MOV	EDX,DWORD [-16+EBP]
   141 00000137 8B 5D 10                        	MOV	EBX,DWORD [16+EBP]
   142 0000013A 8B 4C 96 14                     	MOV	ECX,DWORD [20+ESI+EDX*4]
   143 0000013E 89 C8                           	MOV	EAX,ECX
   144 00000140 29 F0                           	SUB	EAX,ESI
   145 00000142 8B 39                           	MOV	EDI,DWORD [ECX]
   146 00000144 2D 00000414                     	SUB	EAX,1044
   147 00000149 8B 51 10                        	MOV	EDX,DWORD [16+ECX]
   148 0000014C C1 F8 03                        	SAR	EAX,3
   149 0000014F 89 7D E0                        	MOV	DWORD [-32+EBP],EDI
   150 00000152 69 C0 CCCCCCCD                  	IMUL	EAX,EAX,-858993459
   151 00000158 8B 7D 18                        	MOV	EDI,DWORD [24+EBP]
   152 0000015B 29 D3                           	SUB	EBX,EDX
   153 0000015D 29 D7                           	SUB	EDI,EDX
   154 0000015F 88 45 DF                        	MOV	BYTE [-33+EBP],AL
   155 00000162 8B 75 14                        	MOV	ESI,DWORD [20+EBP]
   156 00000165 8B 55 0C                        	MOV	EDX,DWORD [12+EBP]
   157 00000168 8B 41 0C                        	MOV	EAX,DWORD [12+ECX]
   158 0000016B 89 7D D4                        	MOV	DWORD [-44+EBP],EDI
   159 0000016E 29 C6                           	SUB	ESI,EAX
   160 00000170 29 C2                           	SUB	EDX,EAX
   161 00000172 89 75 CC                        	MOV	DWORD [-52+EBP],ESI
   162 00000175 89 55 E4                        	MOV	DWORD [-28+EBP],EDX
   163 00000178 0F 88 00000098                  	JS	L56
   164 0000017E                                 L32:
   165 0000017E 85 DB                           	TEST	EBX,EBX
   166 00000180 0F 88 00000089                  	JS	L57
   167 00000186                                 L33:
   168 00000186 8B 41 04                        	MOV	EAX,DWORD [4+ECX]
   169 00000189 39 45 CC                        	CMP	DWORD [-52+EBP],EAX
   170 0000018C 7E 03                           	JLE	L34
   171 0000018E 89 45 CC                        	MOV	DWORD [-52+EBP],EAX
   172 00000191                                 L34:
   173 00000191 8B 41 08                        	MOV	EAX,DWORD [8+ECX]
   174 00000194 39 45 D4                        	CMP	DWORD [-44+EBP],EAX
   175 00000197 7E 03                           	JLE	L35
   176 00000199 89 45 D4                        	MOV	DWORD [-44+EBP],EAX
   177 0000019C                                 L35:
   178 0000019C 3B 5D D4                        	CMP	EBX,DWORD [-44+EBP]
   179 0000019F 7D 54                           	JGE	L51
   180 000001A1                                 L46:
   181 000001A1 8B 71 10                        	MOV	ESI,DWORD [16+ECX]
   182 000001A4 8B 55 E4                        	MOV	EDX,DWORD [-28+EBP]
   183 000001A7 01 DE                           	ADD	ESI,EBX
   184 000001A9 3B 55 CC                        	CMP	EDX,DWORD [-52+EBP]
   185 000001AC 89 75 E8                        	MOV	DWORD [-24+EBP],ESI
   186 000001AF 7D 3E                           	JGE	L53
   187 000001B1                                 L45:
   188 000001B1 89 D8                           	MOV	EAX,EBX
   189 000001B3 8B 79 0C                        	MOV	EDI,DWORD [12+ECX]
   190 000001B6 0F AF 41 04                     	IMUL	EAX,DWORD [4+ECX]
   191 000001BA 01 D7                           	ADD	EDI,EDX
   192 000001BC 8B 75 E0                        	MOV	ESI,DWORD [-32+EBP]
   193 000001BF 01 D0                           	ADD	EAX,EDX
   194 000001C1 89 7D EC                        	MOV	DWORD [-20+EBP],EDI
   195 000001C4 0F B6 34 30                     	MOVZX	ESI,BYTE [EAX+ESI*1]
   196 000001C8 3B 71 14                        	CMP	ESI,DWORD [20+ECX]
   197 000001CB 74 1C                           	JE	L42
   198 000001CD 8B 7D 08                        	MOV	EDI,DWORD [8+EBP]
   199 000001D0 8B 45 E8                        	MOV	EAX,DWORD [-24+EBP]
   200 000001D3 8B 75 D8                        	MOV	ESI,DWORD [-40+EBP]
   201 000001D6 0F AF 47 08                     	IMUL	EAX,DWORD [8+EDI]
   202 000001DA 03 45 EC                        	ADD	EAX,DWORD [-20+EBP]
   203 000001DD 89 45 D0                        	MOV	DWORD [-48+EBP],EAX
   204 000001E0 8A 45 DF                        	MOV	AL,BYTE [-33+EBP]
   205 000001E3 8B 7D D0                        	MOV	EDI,DWORD [-48+EBP]
   206 000001E6 88 04 37                        	MOV	BYTE [EDI+ESI*1],AL
   207 000001E9                                 L42:
   208 000001E9 42                              	INC	EDX
   209 000001EA 3B 55 CC                        	CMP	EDX,DWORD [-52+EBP]
   210 000001ED 7C C2                           	JL	L45
   211 000001EF                                 L53:
   212 000001EF 43                              	INC	EBX
   213 000001F0 3B 5D D4                        	CMP	EBX,DWORD [-44+EBP]
   214 000001F3 7C AC                           	JL	L46
   215 000001F5                                 L51:
   216 000001F5 8B 55 08                        	MOV	EDX,DWORD [8+EBP]
   217 000001F8 FF 45 F0                        	INC	DWORD [-16+EBP]
   218 000001FB 8B 45 F0                        	MOV	EAX,DWORD [-16+EBP]
   219 000001FE 3B 42 10                        	CMP	EAX,DWORD [16+EDX]
   220 00000201 0F 8E FFFFFF2A                  	JLE	L47
   221 00000207                                 L49:
   222 00000207 83 C4 28                        	ADD	ESP,40
   223 0000020A 5B                              	POP	EBX
   224 0000020B 5E                              	POP	ESI
   225 0000020C 5F                              	POP	EDI
   226 0000020D 5D                              	POP	EBP
   227 0000020E C3                              	RET
   228 0000020F                                 L57:
   229 0000020F 31 DB                           	XOR	EBX,EBX
   230 00000211 E9 FFFFFF70                     	JMP	L33
   231 00000216                                 L56:
   232 00000216 C7 45 E4 00000000               	MOV	DWORD [-28+EBP],0
   233 0000021D E9 FFFFFF5C                     	JMP	L32
   234 00000222                                 L55:
   235 00000222 C7 45 10 00000000               	MOV	DWORD [16+EBP],0
   236 00000229 E9 FFFFFED5                     	JMP	L25
   237 0000022E                                 L54:
   238 0000022E C7 45 0C 00000000               	MOV	DWORD [12+EBP],0
   239 00000235 E9 FFFFFEBF                     	JMP	L24
   240 0000023A                                 	GLOBAL	_sheet_refreshsub
   241 0000023A                                 _sheet_refreshsub:
   242 0000023A 55                              	PUSH	EBP
   243 0000023B 89 E5                           	MOV	EBP,ESP
   244 0000023D 57                              	PUSH	EDI
   245 0000023E 56                              	PUSH	ESI
   246 0000023F 53                              	PUSH	EBX
   247 00000240 83 EC 2C                        	SUB	ESP,44
   248 00000243 8B 45 08                        	MOV	EAX,DWORD [8+EBP]
   249 00000246 8B 55 08                        	MOV	EDX,DWORD [8+EBP]
   250 00000249 83 7D 0C 00                     	CMP	DWORD [12+EBP],0
   251 0000024D 8B 00                           	MOV	EAX,DWORD [EAX]
   252 0000024F 8B 52 04                        	MOV	EDX,DWORD [4+EDX]
   253 00000252 89 45 DC                        	MOV	DWORD [-36+EBP],EAX
   254 00000255 89 55 D8                        	MOV	DWORD [-40+EBP],EDX
   255 00000258 0F 88 00000133                  	JS	L89
   256 0000025E                                 L59:
   257 0000025E 83 7D 10 00                     	CMP	DWORD [16+EBP],0
   258 00000262 0F 88 0000011D                  	JS	L90
   259 00000268                                 L60:
   260 00000268 8B 75 08                        	MOV	ESI,DWORD [8+EBP]
   261 0000026B 8B 46 08                        	MOV	EAX,DWORD [8+ESI]
   262 0000026E 39 45 14                        	CMP	DWORD [20+EBP],EAX
   263 00000271 7E 03                           	JLE	L61
   264 00000273 89 45 14                        	MOV	DWORD [20+EBP],EAX
   265 00000276                                 L61:
   266 00000276 8B 7D 08                        	MOV	EDI,DWORD [8+EBP]
   267 00000279 8B 47 0C                        	MOV	EAX,DWORD [12+EDI]
   268 0000027C 39 45 18                        	CMP	DWORD [24+EBP],EAX
   269 0000027F 7E 03                           	JLE	L62
   270 00000281 89 45 18                        	MOV	DWORD [24+EBP],EAX
   271 00000284                                 L62:
   272 00000284 8B 45 1C                        	MOV	EAX,DWORD [28+EBP]
   273 00000287 8B 55 20                        	MOV	EDX,DWORD [32+EBP]
   274 0000028A 89 45 F0                        	MOV	DWORD [-16+EBP],EAX
   275 0000028D 39 D0                           	CMP	EAX,EDX
   276 0000028F 0F 8F 000000BC                  	JG	L84
   277 00000295                                 L82:
   278 00000295 8B 7D 08                        	MOV	EDI,DWORD [8+EBP]
   279 00000298 8B 75 F0                        	MOV	ESI,DWORD [-16+EBP]
   280 0000029B 8B 4D 10                        	MOV	ECX,DWORD [16+EBP]
   281 0000029E 8B 5C B7 14                     	MOV	EBX,DWORD [20+EDI+ESI*4]
   282 000002A2 8B 75 14                        	MOV	ESI,DWORD [20+EBP]
   283 000002A5 8B 03                           	MOV	EAX,DWORD [EBX]
   284 000002A7 8B 53 10                        	MOV	EDX,DWORD [16+EBX]
   285 000002AA 89 45 E0                        	MOV	DWORD [-32+EBP],EAX
   286 000002AD 29 D1                           	SUB	ECX,EDX
   287 000002AF 89 D8                           	MOV	EAX,EBX
   288 000002B1 29 F8                           	SUB	EAX,EDI
   289 000002B3 8B 7D 18                        	MOV	EDI,DWORD [24+EBP]
   290 000002B6 2D 00000414                     	SUB	EAX,1044
   291 000002BB 29 D7                           	SUB	EDI,EDX
   292 000002BD C1 F8 03                        	SAR	EAX,3
   293 000002C0 8B 55 0C                        	MOV	EDX,DWORD [12+EBP]
   294 000002C3 69 C0 CCCCCCCD                  	IMUL	EAX,EAX,-858993459
   295 000002C9 88 45 D7                        	MOV	BYTE [-41+EBP],AL
   296 000002CC 89 7D C8                        	MOV	DWORD [-56+EBP],EDI
   297 000002CF 8B 43 0C                        	MOV	EAX,DWORD [12+EBX]
   298 000002D2 29 C6                           	SUB	ESI,EAX
   299 000002D4 29 C2                           	SUB	EDX,EAX
   300 000002D6 89 75 E4                        	MOV	DWORD [-28+EBP],ESI
   301 000002D9 89 55 E8                        	MOV	DWORD [-24+EBP],EDX
   302 000002DC 0F 88 00000097                  	JS	L91
   303 000002E2                                 L67:
   304 000002E2 85 C9                           	TEST	ECX,ECX
   305 000002E4 0F 88 00000088                  	JS	L92
   306 000002EA                                 L68:
   307 000002EA 8B 43 04                        	MOV	EAX,DWORD [4+EBX]
   308 000002ED 39 45 E4                        	CMP	DWORD [-28+EBP],EAX
   309 000002F0 7E 03                           	JLE	L69
   310 000002F2 89 45 E4                        	MOV	DWORD [-28+EBP],EAX
   311 000002F5                                 L69:
   312 000002F5 8B 43 08                        	MOV	EAX,DWORD [8+EBX]
   313 000002F8 39 45 C8                        	CMP	DWORD [-56+EBP],EAX
   314 000002FB 7E 03                           	JLE	L70
   315 000002FD 89 45 C8                        	MOV	DWORD [-56+EBP],EAX
   316 00000300                                 L70:
   317 00000300 89 CE                           	MOV	ESI,ECX
   318 00000302 3B 4D C8                        	CMP	ECX,DWORD [-56+EBP]
   319 00000305 7D 3B                           	JGE	L86
   320 00000307                                 L81:
   321 00000307 8B 7B 10                        	MOV	EDI,DWORD [16+EBX]
   322 0000030A 8B 4D E8                        	MOV	ECX,DWORD [-24+EBP]
   323 0000030D 01 F7                           	ADD	EDI,ESI
   324 0000030F 3B 4D E4                        	CMP	ECX,DWORD [-28+EBP]
   325 00000312 89 7D EC                        	MOV	DWORD [-20+EBP],EDI
   326 00000315 7D 25                           	JGE	L88
   327 00000317                                 L80:
   328 00000317 8B 55 08                        	MOV	EDX,DWORD [8+EBP]
   329 0000031A 8B 7D EC                        	MOV	EDI,DWORD [-20+EBP]
   330 0000031D 8B 43 0C                        	MOV	EAX,DWORD [12+EBX]
   331 00000320 0F AF 7A 08                     	IMUL	EDI,DWORD [8+EDX]
   332 00000324 01 C8                           	ADD	EAX,ECX
   333 00000326 8A 55 D7                        	MOV	DL,BYTE [-41+EBP]
   334 00000329 01 F8                           	ADD	EAX,EDI
   335 0000032B 8B 7D D8                        	MOV	EDI,DWORD [-40+EBP]
   336 0000032E 89 45 CC                        	MOV	DWORD [-52+EBP],EAX
   337 00000331 38 14 38                        	CMP	BYTE [EAX+EDI*1],DL
   338 00000334 74 23                           	JE	L93
   339 00000336                                 L77:
   340 00000336 41                              	INC	ECX
   341 00000337 3B 4D E4                        	CMP	ECX,DWORD [-28+EBP]
   342 0000033A 7C DB                           	JL	L80
   343 0000033C                                 L88:
   344 0000033C 46                              	INC	ESI
   345 0000033D 3B 75 C8                        	CMP	ESI,DWORD [-56+EBP]
   346 00000340 7C C5                           	JL	L81
   347 00000342                                 L86:
   348 00000342 8B 75 20                        	MOV	ESI,DWORD [32+EBP]
   349 00000345 FF 45 F0                        	INC	DWORD [-16+EBP]
   350 00000348 39 75 F0                        	CMP	DWORD [-16+EBP],ESI
   351 0000034B 0F 8E FFFFFF44                  	JLE	L82
   352 00000351                                 L84:
   353 00000351 83 C4 2C                        	ADD	ESP,44
   354 00000354 5B                              	POP	EBX
   355 00000355 5E                              	POP	ESI
   356 00000356 5F                              	POP	EDI
   357 00000357 5D                              	POP	EBP
   358 00000358 C3                              	RET
   359 00000359                                 L93:
   360 00000359 89 F0                           	MOV	EAX,ESI
   361 0000035B 8B 55 E0                        	MOV	EDX,DWORD [-32+EBP]
   362 0000035E 0F AF 43 04                     	IMUL	EAX,DWORD [4+EBX]
   363 00000362 01 C8                           	ADD	EAX,ECX
   364 00000364 8B 7D DC                        	MOV	EDI,DWORD [-36+EBP]
   365 00000367 8A 04 10                        	MOV	AL,BYTE [EAX+EDX*1]
   366 0000036A 8B 55 CC                        	MOV	EDX,DWORD [-52+EBP]
   367 0000036D 88 04 3A                        	MOV	BYTE [EDX+EDI*1],AL
   368 00000370 EB C4                           	JMP	L77
   369 00000372                                 L92:
   370 00000372 31 C9                           	XOR	ECX,ECX
   371 00000374 E9 FFFFFF71                     	JMP	L68
   372 00000379                                 L91:
   373 00000379 C7 45 E8 00000000               	MOV	DWORD [-24+EBP],0
   374 00000380 E9 FFFFFF5D                     	JMP	L67
   375 00000385                                 L90:
   376 00000385 C7 45 10 00000000               	MOV	DWORD [16+EBP],0
   377 0000038C E9 FFFFFED7                     	JMP	L60
   378 00000391                                 L89:
   379 00000391 C7 45 0C 00000000               	MOV	DWORD [12+EBP],0
   380 00000398 E9 FFFFFEC1                     	JMP	L59
   381 0000039D                                 	GLOBAL	_sheet_updown
   382 0000039D                                 _sheet_updown:
   383 0000039D 55                              	PUSH	EBP
   384 0000039E 89 E5                           	MOV	EBP,ESP
   385 000003A0 57                              	PUSH	EDI
   386 000003A1 56                              	PUSH	ESI
   387 000003A2 53                              	PUSH	EBX
   388 000003A3 51                              	PUSH	ECX
   389 000003A4 8B 7D 08                        	MOV	EDI,DWORD [8+EBP]
   390 000003A7 8B 5D 0C                        	MOV	EBX,DWORD [12+EBP]
   391 000003AA 8B 77 20                        	MOV	ESI,DWORD [32+EDI]
   392 000003AD 8B 47 18                        	MOV	EAX,DWORD [24+EDI]
   393 000003B0 89 45 F0                        	MOV	DWORD [-16+EBP],EAX
   394 000003B3 8B 46 10                        	MOV	EAX,DWORD [16+ESI]
   395 000003B6 40                              	INC	EAX
   396 000003B7 39 C3                           	CMP	EBX,EAX
   397 000003B9 7E 02                           	JLE	L95
   398 000003BB 89 C3                           	MOV	EBX,EAX
   399 000003BD                                 L95:
   400 000003BD 83 FB FF                        	CMP	EBX,-1
   401 000003C0 7D 03                           	JGE	L96
   402 000003C2 83 CB FF                        	OR	EBX,-1
   403 000003C5                                 L96:
   404 000003C5 89 5F 18                        	MOV	DWORD [24+EDI],EBX
   405 000003C8 39 5D F0                        	CMP	DWORD [-16+EBP],EBX
   406 000003CB 0F 8E 000000A8                  	JLE	L97
   407 000003D1 85 DB                           	TEST	EBX,EBX
   408 000003D3 78 5C                           	JS	L98
   409 000003D5 8B 4D F0                        	MOV	ECX,DWORD [-16+EBP]
   410 000003D8                                 L103:
   411 000003D8 8B 44 8E 10                     	MOV	EAX,DWORD [16+ESI+ECX*4]
   412 000003DC 89 44 8E 14                     	MOV	DWORD [20+ESI+ECX*4],EAX
   413 000003E0 89 48 18                        	MOV	DWORD [24+EAX],ECX
   414 000003E3 49                              	DEC	ECX
   415 000003E4 39 D9                           	CMP	ECX,EBX
   416 000003E6 7F F0                           	JG	L103
   417 000003E8 89 7C 9E 14                     	MOV	DWORD [20+ESI+EBX*4],EDI
   418 000003EC 43                              	INC	EBX
   419 000003ED 53                              	PUSH	EBX
   420 000003EE 8B 4F 10                        	MOV	ECX,DWORD [16+EDI]
   421 000003F1 89 C8                           	MOV	EAX,ECX
   422 000003F3 03 47 08                        	ADD	EAX,DWORD [8+EDI]
   423 000003F6 50                              	PUSH	EAX
   424 000003F7 8B 57 0C                        	MOV	EDX,DWORD [12+EDI]
   425 000003FA 89 D0                           	MOV	EAX,EDX
   426 000003FC 03 47 04                        	ADD	EAX,DWORD [4+EDI]
   427 000003FF 50                              	PUSH	EAX
   428 00000400 51                              	PUSH	ECX
   429 00000401 52                              	PUSH	EDX
   430 00000402 56                              	PUSH	ESI
   431 00000403 E8 FFFFFCD5                     	CALL	_sheet_refreshmap
   432 00000408 FF 75 F0                        	PUSH	DWORD [-16+EBP]
   433 0000040B                                 L133:
   434 0000040B 53                              	PUSH	EBX
   435 0000040C                                 L132:
   436 0000040C 8B 4F 10                        	MOV	ECX,DWORD [16+EDI]
   437 0000040F 89 C8                           	MOV	EAX,ECX
   438 00000411 03 47 08                        	ADD	EAX,DWORD [8+EDI]
   439 00000414 50                              	PUSH	EAX
   440 00000415 8B 57 0C                        	MOV	EDX,DWORD [12+EDI]
   441 00000418 89 D0                           	MOV	EAX,EDX
   442 0000041A 03 47 04                        	ADD	EAX,DWORD [4+EDI]
   443 0000041D 50                              	PUSH	EAX
   444 0000041E 51                              	PUSH	ECX
   445 0000041F 52                              	PUSH	EDX
   446 00000420 56                              	PUSH	ESI
   447 00000421 E8 FFFFFE14                     	CALL	_sheet_refreshsub
   448 00000426 83 C4 34                        	ADD	ESP,52
   449 00000429                                 L94:
   450 00000429 8D 65 F4                        	LEA	ESP,DWORD [-12+EBP]
   451 0000042C 5B                              	POP	EBX
   452 0000042D 5E                              	POP	ESI
   453 0000042E 5F                              	POP	EDI
   454 0000042F 5D                              	POP	EBP
   455 00000430 C3                              	RET
   456 00000431                                 L98:
   457 00000431 8B 46 10                        	MOV	EAX,DWORD [16+ESI]
   458 00000434 3B 45 F0                        	CMP	EAX,DWORD [-16+EBP]
   459 00000437 7E 18                           	JLE	L105
   460 00000439 8B 4D F0                        	MOV	ECX,DWORD [-16+EBP]
   461 0000043C 39 C1                           	CMP	ECX,EAX
   462 0000043E 7D 11                           	JGE	L105
   463 00000440                                 L110:
   464 00000440 8B 44 8E 18                     	MOV	EAX,DWORD [24+ESI+ECX*4]
   465 00000444 89 44 8E 14                     	MOV	DWORD [20+ESI+ECX*4],EAX
   466 00000448 89 48 18                        	MOV	DWORD [24+EAX],ECX
   467 0000044B 41                              	INC	ECX
   468 0000044C 3B 4E 10                        	CMP	ECX,DWORD [16+ESI]
   469 0000044F 7C EF                           	JL	L110
   470 00000451                                 L105:
   471 00000451 FF 4E 10                        	DEC	DWORD [16+ESI]
   472 00000454 6A 00                           	PUSH	0
   473 00000456 8B 4F 10                        	MOV	ECX,DWORD [16+EDI]
   474 00000459 89 C8                           	MOV	EAX,ECX
   475 0000045B 03 47 08                        	ADD	EAX,DWORD [8+EDI]
   476 0000045E 50                              	PUSH	EAX
   477 0000045F 8B 57 0C                        	MOV	EDX,DWORD [12+EDI]
   478 00000462 89 D0                           	MOV	EAX,EDX
   479 00000464 03 47 04                        	ADD	EAX,DWORD [4+EDI]
   480 00000467 50                              	PUSH	EAX
   481 00000468 51                              	PUSH	ECX
   482 00000469 52                              	PUSH	EDX
   483 0000046A 56                              	PUSH	ESI
   484 0000046B E8 FFFFFC6D                     	CALL	_sheet_refreshmap
   485 00000470 8B 45 F0                        	MOV	EAX,DWORD [-16+EBP]
   486 00000473 48                              	DEC	EAX
   487 00000474 50                              	PUSH	EAX
   488 00000475 6A 00                           	PUSH	0
   489 00000477 EB 93                           	JMP	L132
   490 00000479                                 L97:
   491 00000479 39 5D F0                        	CMP	DWORD [-16+EBP],EBX
   492 0000047C 7D AB                           	JGE	L94
   493 0000047E 83 7D F0 00                     	CMP	DWORD [-16+EBP],0
   494 00000482 78 3C                           	JS	L113
   495 00000484 8B 4D F0                        	MOV	ECX,DWORD [-16+EBP]
   496 00000487 39 D9                           	CMP	ECX,EBX
   497 00000489 7D 10                           	JGE	L129
   498 0000048B                                 L118:
   499 0000048B 8B 44 8E 18                     	MOV	EAX,DWORD [24+ESI+ECX*4]
   500 0000048F 89 44 8E 14                     	MOV	DWORD [20+ESI+ECX*4],EAX
   501 00000493 89 48 18                        	MOV	DWORD [24+EAX],ECX
   502 00000496 41                              	INC	ECX
   503 00000497 39 D9                           	CMP	ECX,EBX
   504 00000499 7C F0                           	JL	L118
   505 0000049B                                 L129:
   506 0000049B 89 7C 9E 14                     	MOV	DWORD [20+ESI+EBX*4],EDI
   507 0000049F                                 L119:
   508 0000049F 53                              	PUSH	EBX
   509 000004A0 8B 4F 10                        	MOV	ECX,DWORD [16+EDI]
   510 000004A3 89 C8                           	MOV	EAX,ECX
   511 000004A5 03 47 08                        	ADD	EAX,DWORD [8+EDI]
   512 000004A8 50                              	PUSH	EAX
   513 000004A9 8B 57 0C                        	MOV	EDX,DWORD [12+EDI]
   514 000004AC 89 D0                           	MOV	EAX,EDX
   515 000004AE 03 47 04                        	ADD	EAX,DWORD [4+EDI]
   516 000004B1 50                              	PUSH	EAX
   517 000004B2 51                              	PUSH	ECX
   518 000004B3 52                              	PUSH	EDX
   519 000004B4 56                              	PUSH	ESI
   520 000004B5 E8 FFFFFC23                     	CALL	_sheet_refreshmap
   521 000004BA 53                              	PUSH	EBX
   522 000004BB E9 FFFFFF4B                     	JMP	L133
   523 000004C0                                 L113:
   524 000004C0 8B 4E 10                        	MOV	ECX,DWORD [16+ESI]
   525 000004C3 39 D9                           	CMP	ECX,EBX
   526 000004C5 7C 13                           	JL	L131
   527 000004C7                                 L124:
   528 000004C7 8B 54 8E 14                     	MOV	EDX,DWORD [20+ESI+ECX*4]
   529 000004CB 8D 41 01                        	LEA	EAX,DWORD [1+ECX]
   530 000004CE 89 54 8E 18                     	MOV	DWORD [24+ESI+ECX*4],EDX
   531 000004D2 49                              	DEC	ECX
   532 000004D3 89 42 18                        	MOV	DWORD [24+EDX],EAX
   533 000004D6 39 D9                           	CMP	ECX,EBX
   534 000004D8 7D ED                           	JGE	L124
   535 000004DA                                 L131:
   536 000004DA 89 7C 9E 14                     	MOV	DWORD [20+ESI+EBX*4],EDI
   537 000004DE FF 46 10                        	INC	DWORD [16+ESI]
   538 000004E1 EB BC                           	JMP	L119
   539 000004E3                                 	GLOBAL	_sheet_refresh
   540 000004E3                                 _sheet_refresh:
   541 000004E3 55                              	PUSH	EBP
   542 000004E4 89 E5                           	MOV	EBP,ESP
   543 000004E6 53                              	PUSH	EBX
   544 000004E7 8B 5D 08                        	MOV	EBX,DWORD [8+EBP]
   545 000004EA 8B 43 18                        	MOV	EAX,DWORD [24+EBX]
   546 000004ED 85 C0                           	TEST	EAX,EAX
   547 000004EF 78 27                           	JS	L134
   548 000004F1 50                              	PUSH	EAX
   549 000004F2 50                              	PUSH	EAX
   550 000004F3 8B 4B 10                        	MOV	ECX,DWORD [16+EBX]
   551 000004F6 89 C8                           	MOV	EAX,ECX
   552 000004F8 03 4D 10                        	ADD	ECX,DWORD [16+EBP]
   553 000004FB 03 45 18                        	ADD	EAX,DWORD [24+EBP]
   554 000004FE 50                              	PUSH	EAX
   555 000004FF 8B 53 0C                        	MOV	EDX,DWORD [12+EBX]
   556 00000502 89 D0                           	MOV	EAX,EDX
   557 00000504 03 55 0C                        	ADD	EDX,DWORD [12+EBP]
   558 00000507 03 45 14                        	ADD	EAX,DWORD [20+EBP]
   559 0000050A 50                              	PUSH	EAX
   560 0000050B 51                              	PUSH	ECX
   561 0000050C 52                              	PUSH	EDX
   562 0000050D FF 73 20                        	PUSH	DWORD [32+EBX]
   563 00000510 E8 FFFFFD25                     	CALL	_sheet_refreshsub
   564 00000515 83 C4 1C                        	ADD	ESP,28
   565 00000518                                 L134:
   566 00000518 8B 5D FC                        	MOV	EBX,DWORD [-4+EBP]
   567 0000051B C9                              	LEAVE
   568 0000051C C3                              	RET
   569 0000051D                                 	GLOBAL	_sheet_slide
   570 0000051D                                 _sheet_slide:
   571 0000051D 55                              	PUSH	EBP
   572 0000051E 89 E5                           	MOV	EBP,ESP
   573 00000520 57                              	PUSH	EDI
   574 00000521 56                              	PUSH	ESI
   575 00000522 53                              	PUSH	EBX
   576 00000523 53                              	PUSH	EBX
   577 00000524 8B 5D 08                        	MOV	EBX,DWORD [8+EBP]
   578 00000527 8B 43 20                        	MOV	EAX,DWORD [32+EBX]
   579 0000052A 8B 7B 0C                        	MOV	EDI,DWORD [12+EBX]
   580 0000052D 89 45 F0                        	MOV	DWORD [-16+EBP],EAX
   581 00000530 8B 73 10                        	MOV	ESI,DWORD [16+EBX]
   582 00000533 8B 45 0C                        	MOV	EAX,DWORD [12+EBP]
   583 00000536 89 43 0C                        	MOV	DWORD [12+EBX],EAX
   584 00000539 8B 45 10                        	MOV	EAX,DWORD [16+EBP]
   585 0000053C 89 43 10                        	MOV	DWORD [16+EBX],EAX
   586 0000053F 83 7B 18 00                     	CMP	DWORD [24+EBX],0
   587 00000543 78 7C                           	JS	L136
   588 00000545 6A 00                           	PUSH	0
   589 00000547 89 F0                           	MOV	EAX,ESI
   590 00000549 03 43 08                        	ADD	EAX,DWORD [8+EBX]
   591 0000054C 50                              	PUSH	EAX
   592 0000054D 89 F8                           	MOV	EAX,EDI
   593 0000054F 03 43 04                        	ADD	EAX,DWORD [4+EBX]
   594 00000552 50                              	PUSH	EAX
   595 00000553 56                              	PUSH	ESI
   596 00000554 57                              	PUSH	EDI
   597 00000555 FF 75 F0                        	PUSH	DWORD [-16+EBP]
   598 00000558 E8 FFFFFB80                     	CALL	_sheet_refreshmap
   599 0000055D 8B 45 10                        	MOV	EAX,DWORD [16+EBP]
   600 00000560 FF 73 18                        	PUSH	DWORD [24+EBX]
   601 00000563 03 43 08                        	ADD	EAX,DWORD [8+EBX]
   602 00000566 50                              	PUSH	EAX
   603 00000567 8B 45 0C                        	MOV	EAX,DWORD [12+EBP]
   604 0000056A 03 43 04                        	ADD	EAX,DWORD [4+EBX]
   605 0000056D 50                              	PUSH	EAX
   606 0000056E FF 75 10                        	PUSH	DWORD [16+EBP]
   607 00000571 FF 75 0C                        	PUSH	DWORD [12+EBP]
   608 00000574 FF 75 F0                        	PUSH	DWORD [-16+EBP]
   609 00000577 E8 FFFFFB61                     	CALL	_sheet_refreshmap
   610 0000057C 8B 43 18                        	MOV	EAX,DWORD [24+EBX]
   611 0000057F 83 C4 30                        	ADD	ESP,48
   612 00000582 48                              	DEC	EAX
   613 00000583 50                              	PUSH	EAX
   614 00000584 89 F0                           	MOV	EAX,ESI
   615 00000586 6A 00                           	PUSH	0
   616 00000588 03 43 08                        	ADD	EAX,DWORD [8+EBX]
   617 0000058B 50                              	PUSH	EAX
   618 0000058C 89 F8                           	MOV	EAX,EDI
   619 0000058E 03 43 04                        	ADD	EAX,DWORD [4+EBX]
   620 00000591 50                              	PUSH	EAX
   621 00000592 56                              	PUSH	ESI
   622 00000593 57                              	PUSH	EDI
   623 00000594 FF 75 F0                        	PUSH	DWORD [-16+EBP]
   624 00000597 E8 FFFFFC9E                     	CALL	_sheet_refreshsub
   625 0000059C 8B 45 10                        	MOV	EAX,DWORD [16+EBP]
   626 0000059F FF 73 18                        	PUSH	DWORD [24+EBX]
   627 000005A2 FF 73 18                        	PUSH	DWORD [24+EBX]
   628 000005A5 03 43 08                        	ADD	EAX,DWORD [8+EBX]
   629 000005A8 50                              	PUSH	EAX
   630 000005A9 8B 45 0C                        	MOV	EAX,DWORD [12+EBP]
   631 000005AC 03 43 04                        	ADD	EAX,DWORD [4+EBX]
   632 000005AF 50                              	PUSH	EAX
   633 000005B0 FF 75 10                        	PUSH	DWORD [16+EBP]
   634 000005B3 FF 75 0C                        	PUSH	DWORD [12+EBP]
   635 000005B6 FF 75 F0                        	PUSH	DWORD [-16+EBP]
   636 000005B9 E8 FFFFFC7C                     	CALL	_sheet_refreshsub
   637 000005BE 83 C4 38                        	ADD	ESP,56
   638 000005C1                                 L136:
   639 000005C1 8D 65 F4                        	LEA	ESP,DWORD [-12+EBP]
   640 000005C4 5B                              	POP	EBX
   641 000005C5 5E                              	POP	ESI
   642 000005C6 5F                              	POP	EDI
   643 000005C7 5D                              	POP	EBP
   644 000005C8 C3                              	RET
   645 000005C9                                 	GLOBAL	_sheet_free
   646 000005C9                                 _sheet_free:
   647 000005C9 55                              	PUSH	EBP
   648 000005CA 89 E5                           	MOV	EBP,ESP
   649 000005CC 53                              	PUSH	EBX
   650 000005CD 8B 5D 08                        	MOV	EBX,DWORD [8+EBP]
   651 000005D0 83 7B 18 00                     	CMP	DWORD [24+EBX],0
   652 000005D4 78 0A                           	JS	L139
   653 000005D6 6A FF                           	PUSH	-1
   654 000005D8 53                              	PUSH	EBX
   655 000005D9 E8 FFFFFDBF                     	CALL	_sheet_updown
   656 000005DE 58                              	POP	EAX
   657 000005DF 5A                              	POP	EDX
   658 000005E0                                 L139:
   659 000005E0 C7 43 1C 00000000               	MOV	DWORD [28+EBX],0
   660 000005E7 8B 5D FC                        	MOV	EBX,DWORD [-4+EBP]
   661 000005EA C9                              	LEAVE
   662 000005EB C3                              	RET
