     1 00000000                                 [FORMAT "WCOFF"]
     2 00000000                                 [INSTRSET "i486p"]
     3 00000000                                 [OPTIMIZE 1]
     4 00000000                                 [OPTION 1]
     5 00000000                                 [BITS 32]
     6 00000000                                 	EXTERN	_io_in8
     7 00000000                                 	EXTERN	_io_out8
     8 00000000                                 	EXTERN	_fifo32_put
     9 00000000                                 [FILE "keyboard.c"]
    10                                          [SECTION .text]
    11 00000000                                 	GLOBAL	_wait_KBC_sendready
    12 00000000                                 _wait_KBC_sendready:
    13 00000000 55                              	PUSH	EBP
    14 00000001 89 E5                           	MOV	EBP,ESP
    15 00000003                                 L2:
    16 00000003 6A 64                           	PUSH	100
    17 00000005 E8 [00000000]                   	CALL	_io_in8
    18 0000000A 5A                              	POP	EDX
    19 0000000B 83 E0 02                        	AND	EAX,2
    20 0000000E 84 C0                           	TEST	AL,AL
    21 00000010 75 F1                           	JNE	L2
    22 00000012 C9                              	LEAVE
    23 00000013 C3                              	RET
    24 00000014                                 	GLOBAL	_init_keyboard
    25 00000014                                 _init_keyboard:
    26 00000014 55                              	PUSH	EBP
    27 00000015 89 E5                           	MOV	EBP,ESP
    28 00000017 8B 45 08                        	MOV	EAX,DWORD [8+EBP]
    29 0000001A A3 [00000000]                   	MOV	DWORD [_keyfifo],EAX
    30 0000001F 8B 45 0C                        	MOV	EAX,DWORD [12+EBP]
    31 00000022 A3 [00000004]                   	MOV	DWORD [_keydata0],EAX
    32 00000027 E8 FFFFFFD4                     	CALL	_wait_KBC_sendready
    33 0000002C 6A 60                           	PUSH	96
    34 0000002E 6A 64                           	PUSH	100
    35 00000030 E8 [00000000]                   	CALL	_io_out8
    36 00000035 E8 FFFFFFC6                     	CALL	_wait_KBC_sendready
    37 0000003A 59                              	POP	ECX
    38 0000003B 58                              	POP	EAX
    39 0000003C C7 45 0C 00000047               	MOV	DWORD [12+EBP],71
    40 00000043 C7 45 08 00000060               	MOV	DWORD [8+EBP],96
    41 0000004A C9                              	LEAVE
    42 0000004B E9 [00000000]                   	JMP	_io_out8
    43 00000050                                 	GLOBAL	_inthandler21
    44 00000050                                 _inthandler21:
    45 00000050 55                              	PUSH	EBP
    46 00000051 89 E5                           	MOV	EBP,ESP
    47 00000053 6A 61                           	PUSH	97
    48 00000055 6A 20                           	PUSH	32
    49 00000057 E8 [00000000]                   	CALL	_io_out8
    50 0000005C 6A 60                           	PUSH	96
    51 0000005E E8 [00000000]                   	CALL	_io_in8
    52 00000063 0F B6 C0                        	MOVZX	EAX,AL
    53 00000066 03 05 [00000004]                	ADD	EAX,DWORD [_keydata0]
    54 0000006C 50                              	PUSH	EAX
    55 0000006D FF 35 [00000000]                	PUSH	DWORD [_keyfifo]
    56 00000073 E8 [00000000]                   	CALL	_fifo32_put
    57 00000078 C9                              	LEAVE
    58 00000079 C3                              	RET
    59 0000007A                                 	GLOBAL	_keyfifo
    60                                          [SECTION .data]
    61 00000000                                 	ALIGNB	4
    62 00000000                                 _keyfifo:
    63 00000000 00 00 00 00                     	RESB	4
    64 00000004                                 	GLOBAL	_keydata0
    65                                          [SECTION .data]
    66 00000004                                 	ALIGNB	4
    67 00000004                                 _keydata0:
    68 00000004 00 00 00 00                     	RESB	4
