     1 00000000                                 [FORMAT "WCOFF"]
     2 00000000                                 [INSTRSET "i486p"]
     3 00000000                                 [OPTIMIZE 1]
     4 00000000                                 [OPTION 1]
     5 00000000                                 [BITS 32]
     6 00000000                                 	EXTERN	_io_hlt
     7 00000000                                 	EXTERN	_io_load_eflags
     8 00000000                                 	EXTERN	_io_cli
     9 00000000                                 	EXTERN	_io_out8
    10 00000000                                 	EXTERN	_io_store_eflags
    11 00000000                                 [FILE "bootpack.c"]
    12                                          [SECTION .text]
    13 00000000                                 	GLOBAL	_HariMain
    14 00000000                                 _HariMain:
    15 00000000 55                              	PUSH	EBP
    16 00000001 89 E5                           	MOV	EBP,ESP
    17 00000003 E8 0000027B                     	CALL	_init_palette
    18 00000008 6A 78                           	PUSH	120
    19 0000000A 6A 78                           	PUSH	120
    20 0000000C 6A 14                           	PUSH	20
    21 0000000E 6A 14                           	PUSH	20
    22 00000010 6A 07                           	PUSH	7
    23 00000012 68 00000140                     	PUSH	320
    24 00000017 68 000A0000                     	PUSH	655360
    25 0000001C E8 00000211                     	CALL	_boxfill8
    26 00000021 68 0000008C                     	PUSH	140
    27 00000026 68 0000008C                     	PUSH	140
    28 0000002B 6A 28                           	PUSH	40
    29 0000002D 6A 28                           	PUSH	40
    30 0000002F 6A 01                           	PUSH	1
    31 00000031 68 00000140                     	PUSH	320
    32 00000036 68 000A0000                     	PUSH	655360
    33 0000003B E8 000001F2                     	CALL	_boxfill8
    34 00000040 83 C4 38                        	ADD	ESP,56
    35 00000043 68 000000A0                     	PUSH	160
    36 00000048 68 000000A0                     	PUSH	160
    37 0000004D 6A 3C                           	PUSH	60
    38 0000004F 6A 3C                           	PUSH	60
    39 00000051 6A 0F                           	PUSH	15
    40 00000053 68 00000140                     	PUSH	320
    41 00000058 68 000A0000                     	PUSH	655360
    42 0000005D E8 000001D0                     	CALL	_boxfill8
    43 00000062 68 000000AC                     	PUSH	172
    44 00000067 68 0000013F                     	PUSH	319
    45 0000006C 68 000000AC                     	PUSH	172
    46 00000071 6A 00                           	PUSH	0
    47 00000073 6A 08                           	PUSH	8
    48 00000075 68 00000140                     	PUSH	320
    49 0000007A 68 000A0000                     	PUSH	655360
    50 0000007F E8 000001AE                     	CALL	_boxfill8
    51 00000084 83 C4 38                        	ADD	ESP,56
    52 00000087 68 000000AD                     	PUSH	173
    53 0000008C 68 0000013F                     	PUSH	319
    54 00000091 68 000000AD                     	PUSH	173
    55 00000096 6A 00                           	PUSH	0
    56 00000098 6A 07                           	PUSH	7
    57 0000009A 68 00000140                     	PUSH	320
    58 0000009F 68 000A0000                     	PUSH	655360
    59 000000A4 E8 00000189                     	CALL	_boxfill8
    60 000000A9 68 000000C7                     	PUSH	199
    61 000000AE 68 0000013F                     	PUSH	319
    62 000000B3 68 000000AE                     	PUSH	174
    63 000000B8 6A 00                           	PUSH	0
    64 000000BA 6A 08                           	PUSH	8
    65 000000BC 68 00000140                     	PUSH	320
    66 000000C1 68 000A0000                     	PUSH	655360
    67 000000C6 E8 00000167                     	CALL	_boxfill8
    68 000000CB 83 C4 38                        	ADD	ESP,56
    69 000000CE 68 000000B0                     	PUSH	176
    70 000000D3 6A 3B                           	PUSH	59
    71 000000D5 68 000000B0                     	PUSH	176
    72 000000DA 6A 03                           	PUSH	3
    73 000000DC 6A 07                           	PUSH	7
    74 000000DE 68 00000140                     	PUSH	320
    75 000000E3 68 000A0000                     	PUSH	655360
    76 000000E8 E8 00000145                     	CALL	_boxfill8
    77 000000ED 68 000000C4                     	PUSH	196
    78 000000F2 6A 02                           	PUSH	2
    79 000000F4 68 000000B0                     	PUSH	176
    80 000000F9 6A 02                           	PUSH	2
    81 000000FB 6A 07                           	PUSH	7
    82 000000FD 68 00000140                     	PUSH	320
    83 00000102 68 000A0000                     	PUSH	655360
    84 00000107 E8 00000126                     	CALL	_boxfill8
    85 0000010C 83 C4 38                        	ADD	ESP,56
    86 0000010F 68 000000C4                     	PUSH	196
    87 00000114 6A 3B                           	PUSH	59
    88 00000116 68 000000C4                     	PUSH	196
    89 0000011B 6A 03                           	PUSH	3
    90 0000011D 6A 0F                           	PUSH	15
    91 0000011F 68 00000140                     	PUSH	320
    92 00000124 68 000A0000                     	PUSH	655360
    93 00000129 E8 00000104                     	CALL	_boxfill8
    94 0000012E 68 000000C3                     	PUSH	195
    95 00000133 6A 3B                           	PUSH	59
    96 00000135 68 000000B1                     	PUSH	177
    97 0000013A 6A 3B                           	PUSH	59
    98 0000013C 6A 0F                           	PUSH	15
    99 0000013E 68 00000140                     	PUSH	320
   100 00000143 68 000A0000                     	PUSH	655360
   101 00000148 E8 000000E5                     	CALL	_boxfill8
   102 0000014D 83 C4 38                        	ADD	ESP,56
   103 00000150 68 000000C5                     	PUSH	197
   104 00000155 6A 3B                           	PUSH	59
   105 00000157 68 000000C5                     	PUSH	197
   106 0000015C 6A 02                           	PUSH	2
   107 0000015E 6A 00                           	PUSH	0
   108 00000160 68 00000140                     	PUSH	320
   109 00000165 68 000A0000                     	PUSH	655360
   110 0000016A E8 000000C3                     	CALL	_boxfill8
   111 0000016F 68 000000C5                     	PUSH	197
   112 00000174 6A 3C                           	PUSH	60
   113 00000176 68 000000B0                     	PUSH	176
   114 0000017B 6A 3C                           	PUSH	60
   115 0000017D 6A 00                           	PUSH	0
   116 0000017F 68 00000140                     	PUSH	320
   117 00000184 68 000A0000                     	PUSH	655360
   118 00000189 E8 000000A4                     	CALL	_boxfill8
   119 0000018E 83 C4 38                        	ADD	ESP,56
   120 00000191 68 000000B0                     	PUSH	176
   121 00000196 68 0000013C                     	PUSH	316
   122 0000019B 68 000000B0                     	PUSH	176
   123 000001A0 68 00000111                     	PUSH	273
   124 000001A5 6A 0F                           	PUSH	15
   125 000001A7 68 00000140                     	PUSH	320
   126 000001AC 68 000A0000                     	PUSH	655360
   127 000001B1 E8 0000007C                     	CALL	_boxfill8
   128 000001B6 68 000000C5                     	PUSH	197
   129 000001BB 68 00000111                     	PUSH	273
   130 000001C0 68 000000B1                     	PUSH	177
   131 000001C5 68 00000111                     	PUSH	273
   132 000001CA 6A 0F                           	PUSH	15
   133 000001CC 68 00000140                     	PUSH	320
   134 000001D1 68 000A0000                     	PUSH	655360
   135 000001D6 E8 00000057                     	CALL	_boxfill8
   136 000001DB 83 C4 38                        	ADD	ESP,56
   137 000001DE 68 000000C5                     	PUSH	197
   138 000001E3 68 0000013C                     	PUSH	316
   139 000001E8 68 000000C5                     	PUSH	197
   140 000001ED 68 00000111                     	PUSH	273
   141 000001F2 6A 07                           	PUSH	7
   142 000001F4 68 00000140                     	PUSH	320
   143 000001F9 68 000A0000                     	PUSH	655360
   144 000001FE E8 0000002F                     	CALL	_boxfill8
   145 00000203 68 000000C5                     	PUSH	197
   146 00000208 68 0000013D                     	PUSH	317
   147 0000020D 68 000000B0                     	PUSH	176
   148 00000212 68 0000013D                     	PUSH	317
   149 00000217 6A 07                           	PUSH	7
   150 00000219 68 00000140                     	PUSH	320
   151 0000021E 68 000A0000                     	PUSH	655360
   152 00000223 E8 0000000A                     	CALL	_boxfill8
   153 00000228 83 C4 38                        	ADD	ESP,56
   154 0000022B                                 L2:
   155 0000022B E8 [00000000]                   	CALL	_io_hlt
   156 00000230 EB F9                           	JMP	L2
   157 00000232                                 	GLOBAL	_boxfill8
   158 00000232                                 _boxfill8:
   159 00000232 55                              	PUSH	EBP
   160 00000233 89 E5                           	MOV	EBP,ESP
   161 00000235 57                              	PUSH	EDI
   162 00000236 56                              	PUSH	ESI
   163 00000237 53                              	PUSH	EBX
   164 00000238 51                              	PUSH	ECX
   165 00000239 51                              	PUSH	ECX
   166 0000023A 8A 45 10                        	MOV	AL,BYTE [16+EBP]
   167 0000023D 8B 4D 18                        	MOV	ECX,DWORD [24+EBP]
   168 00000240 8B 7D 1C                        	MOV	EDI,DWORD [28+EBP]
   169 00000243 88 45 F3                        	MOV	BYTE [-13+EBP],AL
   170 00000246 3B 4D 20                        	CMP	ECX,DWORD [32+EBP]
   171 00000249 7F 31                           	JG	L17
   172 0000024B 8B 5D 0C                        	MOV	EBX,DWORD [12+EBP]
   173 0000024E 0F AF D9                        	IMUL	EBX,ECX
   174 00000251                                 L15:
   175 00000251 8B 55 14                        	MOV	EDX,DWORD [20+EBP]
   176 00000254 39 FA                           	CMP	EDX,EDI
   177 00000256 7F 1B                           	JG	L19
   178 00000258 8B 75 08                        	MOV	ESI,DWORD [8+EBP]
   179 0000025B 01 DE                           	ADD	ESI,EBX
   180 0000025D 01 D6                           	ADD	ESI,EDX
   181 0000025F 89 75 EC                        	MOV	DWORD [-20+EBP],ESI
   182 00000262                                 L14:
   183 00000262 8B 75 EC                        	MOV	ESI,DWORD [-20+EBP]
   184 00000265 8A 45 F3                        	MOV	AL,BYTE [-13+EBP]
   185 00000268 42                              	INC	EDX
   186 00000269 88 06                           	MOV	BYTE [ESI],AL
   187 0000026B 46                              	INC	ESI
   188 0000026C 89 75 EC                        	MOV	DWORD [-20+EBP],ESI
   189 0000026F 39 FA                           	CMP	EDX,EDI
   190 00000271 7E EF                           	JLE	L14
   191 00000273                                 L19:
   192 00000273 41                              	INC	ECX
   193 00000274 03 5D 0C                        	ADD	EBX,DWORD [12+EBP]
   194 00000277 3B 4D 20                        	CMP	ECX,DWORD [32+EBP]
   195 0000027A 7E D5                           	JLE	L15
   196 0000027C                                 L17:
   197 0000027C 58                              	POP	EAX
   198 0000027D 5A                              	POP	EDX
   199 0000027E 5B                              	POP	EBX
   200 0000027F 5E                              	POP	ESI
   201 00000280 5F                              	POP	EDI
   202 00000281 5D                              	POP	EBP
   203 00000282 C3                              	RET
   204                                          [SECTION .data]
   205 00000000                                 _table_rgb.0:
   206 00000000 00                              	DB	0
   207 00000001 00                              	DB	0
   208 00000002 00                              	DB	0
   209 00000003 FF                              	DB	-1
   210 00000004 00                              	DB	0
   211 00000005 00                              	DB	0
   212 00000006 00                              	DB	0
   213 00000007 FF                              	DB	-1
   214 00000008 00                              	DB	0
   215 00000009 FF                              	DB	-1
   216 0000000A FF                              	DB	-1
   217 0000000B 00                              	DB	0
   218 0000000C 00                              	DB	0
   219 0000000D 00                              	DB	0
   220 0000000E FF                              	DB	-1
   221 0000000F FF                              	DB	-1
   222 00000010 00                              	DB	0
   223 00000011 FF                              	DB	-1
   224 00000012 00                              	DB	0
   225 00000013 FF                              	DB	-1
   226 00000014 FF                              	DB	-1
   227 00000015 FF                              	DB	-1
   228 00000016 FF                              	DB	-1
   229 00000017 FF                              	DB	-1
   230 00000018 C6                              	DB	-58
   231 00000019 C6                              	DB	-58
   232 0000001A C6                              	DB	-58
   233 0000001B 84                              	DB	-124
   234 0000001C 00                              	DB	0
   235 0000001D 00                              	DB	0
   236 0000001E 00                              	DB	0
   237 0000001F 84                              	DB	-124
   238 00000020 00                              	DB	0
   239 00000021 84                              	DB	-124
   240 00000022 84                              	DB	-124
   241 00000023 00                              	DB	0
   242 00000024 00                              	DB	0
   243 00000025 00                              	DB	0
   244 00000026 84                              	DB	-124
   245 00000027 84                              	DB	-124
   246 00000028 00                              	DB	0
   247 00000029 84                              	DB	-124
   248 0000002A 00                              	DB	0
   249 0000002B 84                              	DB	-124
   250 0000002C 84                              	DB	-124
   251 0000002D 84                              	DB	-124
   252 0000002E 84                              	DB	-124
   253 0000002F 84                              	DB	-124
   254                                          [SECTION .text]
   255 00000283                                 	GLOBAL	_init_palette
   256 00000283                                 _init_palette:
   257 00000283 55                              	PUSH	EBP
   258 00000284 89 E5                           	MOV	EBP,ESP
   259 00000286 68 [00000000]                   	PUSH	_table_rgb.0
   260 0000028B 6A 0F                           	PUSH	15
   261 0000028D 6A 00                           	PUSH	0
   262 0000028F E8 00000002                     	CALL	_set_palette
   263 00000294 C9                              	LEAVE
   264 00000295 C3                              	RET
   265 00000296                                 	GLOBAL	_set_palette
   266 00000296                                 _set_palette:
   267 00000296 55                              	PUSH	EBP
   268 00000297 89 E5                           	MOV	EBP,ESP
   269 00000299 57                              	PUSH	EDI
   270 0000029A 56                              	PUSH	ESI
   271 0000029B 53                              	PUSH	EBX
   272 0000029C 51                              	PUSH	ECX
   273 0000029D 8B 5D 08                        	MOV	EBX,DWORD [8+EBP]
   274 000002A0 8B 7D 0C                        	MOV	EDI,DWORD [12+EBP]
   275 000002A3 8B 75 10                        	MOV	ESI,DWORD [16+EBP]
   276 000002A6 E8 [00000000]                   	CALL	_io_load_eflags
   277 000002AB 89 45 F0                        	MOV	DWORD [-16+EBP],EAX
   278 000002AE E8 [00000000]                   	CALL	_io_cli
   279 000002B3 53                              	PUSH	EBX
   280 000002B4 68 000003C8                     	PUSH	968
   281 000002B9 E8 [00000000]                   	CALL	_io_out8
   282 000002BE 39 FB                           	CMP	EBX,EDI
   283 000002C0 58                              	POP	EAX
   284 000002C1 5A                              	POP	EDX
   285 000002C2 7E 12                           	JLE	L26
   286 000002C4                                 L28:
   287 000002C4 8B 45 F0                        	MOV	EAX,DWORD [-16+EBP]
   288 000002C7 89 45 08                        	MOV	DWORD [8+EBP],EAX
   289 000002CA 8D 65 F4                        	LEA	ESP,DWORD [-12+EBP]
   290 000002CD 5B                              	POP	EBX
   291 000002CE 5E                              	POP	ESI
   292 000002CF 5F                              	POP	EDI
   293 000002D0 5D                              	POP	EBP
   294 000002D1 E9 [00000000]                   	JMP	_io_store_eflags
   295 000002D6                                 L26:
   296 000002D6 8A 06                           	MOV	AL,BYTE [ESI]
   297 000002D8 43                              	INC	EBX
   298 000002D9 C0 E8 02                        	SHR	AL,2
   299 000002DC 0F B6 C0                        	MOVZX	EAX,AL
   300 000002DF 50                              	PUSH	EAX
   301 000002E0 68 000003C9                     	PUSH	969
   302 000002E5 E8 [00000000]                   	CALL	_io_out8
   303 000002EA 8A 46 01                        	MOV	AL,BYTE [1+ESI]
   304 000002ED C0 E8 02                        	SHR	AL,2
   305 000002F0 0F B6 C0                        	MOVZX	EAX,AL
   306 000002F3 50                              	PUSH	EAX
   307 000002F4 68 000003C9                     	PUSH	969
   308 000002F9 E8 [00000000]                   	CALL	_io_out8
   309 000002FE 8A 46 02                        	MOV	AL,BYTE [2+ESI]
   310 00000301 C0 E8 02                        	SHR	AL,2
   311 00000304 83 C6 03                        	ADD	ESI,3
   312 00000307 0F B6 C0                        	MOVZX	EAX,AL
   313 0000030A 50                              	PUSH	EAX
   314 0000030B 68 000003C9                     	PUSH	969
   315 00000310 E8 [00000000]                   	CALL	_io_out8
   316 00000315 83 C4 18                        	ADD	ESP,24
   317 00000318 39 FB                           	CMP	EBX,EDI
   318 0000031A 7E BA                           	JLE	L26
   319 0000031C EB A6                           	JMP	L28
